[2024-06-16 00:07:00.444] [info]  [Electron] Logger initialized for assetserver at C:\Users\Asus\.lunarclient\logs\launcher\assetserver.log (Prefix: AssetServer)
[2024-06-16 00:07:43.757] [info]  [AssetServer] No reconnect JWT available, going to Authenticator...
[2024-06-16 00:07:43.760] [info]  [AssetServer] Registered 17 push handlers
[2024-06-16 00:07:46.929] [info]  [AssetServer] Connection opened!
[2024-06-19 17:59:47.853] [info]  [Electron] Logger initialized for assetserver at C:\Users\Asus\.lunarclient\logs\launcher\assetserver.log (Prefix: AssetServer)
[2024-06-19 17:59:56.050] [info]  [AssetServer] No reconnect JWT available, going to Authenticator...
[2024-06-19 17:59:56.054] [info]  [AssetServer] Registered 17 push handlers
[2024-06-19 17:59:59.350] [info]  [AssetServer] Connection opened!
[2024-06-19 19:47:00.965] [info]  [AssetServer] Connection disconnected! Code: 1006 - 
[2024-06-19 19:47:00.966] [info]  [AssetServer] Scheduling reconnect task...
[2024-06-19 19:47:30.970] [info]  [AssetServer] Attempting to reconnect...
[2024-06-19 19:47:30.971] [info]  [AssetServer] No reconnect JWT available, going to Authenticator...
[2024-06-19 19:47:32.148] [info]  [AssetServer] Reconnected to AssetServer!
[2024-06-19 19:47:33.297] [info]  [AssetServer] Connection opened!
[2024-06-19 22:03:45.328] [info]  [AssetServer] Connection disconnected! Code: 1006 - 
[2024-06-19 22:03:45.330] [info]  [AssetServer] Scheduling reconnect task...
[2024-06-20 07:23:17.142] [info]  [AssetServer] Attempting to reconnect...
[2024-06-20 07:23:17.150] [info]  [AssetServer] No reconnect JWT available, going to Authenticator...
[2024-06-20 07:23:17.163] [error] [AssetServer] An unexpected error occured while authenticating with Lunar Client.
[2024-06-20 07:23:34.008] [info]  [AssetServer] Found an existing connection... killing before starting a new one!
[2024-06-20 07:23:34.009] [info]  [AssetServer] No reconnect JWT available, going to Authenticator...
[2024-06-20 07:23:34.011] [info]  [AssetServer] Registered 17 push handlers
[2024-06-20 07:23:37.160] [info]  [AssetServer] Connection opened!
[2024-06-20 07:28:58.882] [info]  [AssetServer] Connection disconnected! Code: 1006 - 
[2024-06-20 07:28:58.883] [info]  [AssetServer] Scheduling reconnect task...
[2024-06-20 07:29:19.618] [info]  [AssetServer] Found an existing connection... killing before starting a new one!
[2024-06-20 07:29:19.619] [info]  [AssetServer] No reconnect JWT available, going to Authenticator...
[2024-06-20 07:29:19.620] [info]  [AssetServer] Registered 17 push handlers
[2024-06-20 07:29:22.862] [info]  [AssetServer] Connection opened!
[2024-06-20 07:32:44.541] [info]  [AssetServer] Connection disconnected! Code: 1006 - 
[2024-06-20 07:32:44.542] [info]  [AssetServer] Scheduling reconnect task...
[2024-06-20 07:32:59.877] [info]  [AssetServer] Found an existing connection... killing before starting a new one!
[2024-06-20 07:32:59.878] [info]  [AssetServer] No reconnect JWT available, going to Authenticator...
[2024-06-20 07:32:59.879] [info]  [AssetServer] Registered 17 push handlers
[2024-06-20 07:33:03.019] [info]  [AssetServer] Connection opened!
[2024-06-20 07:36:16.011] [info]  [AssetServer] Found an existing connection... killing before starting a new one!
[2024-06-20 07:36:16.013] [info]  [AssetServer] No reconnect JWT available, going to Authenticator...
[2024-06-20 07:36:16.014] [info]  [AssetServer] Registered 17 push handlers
[2024-06-20 07:36:16.567] [info]  [AssetServer] Connection disconnected! Code: 1000 - 
[2024-06-20 07:36:16.569] [info]  [AssetServer] Resetting stores...
[2024-06-20 07:36:16.570] [info]  [AssetServer] Reconnects are being prevented, skipping...
[2024-06-20 07:36:21.361] [info]  [AssetServer] Connection opened!
[2024-06-20 07:36:55.486] [info]  [AssetServer] Found an existing connection... killing before starting a new one!
[2024-06-20 07:36:55.487] [info]  [AssetServer] No reconnect JWT available, going to Authenticator...
[2024-06-20 07:36:55.487] [info]  [AssetServer] Registered 17 push handlers
[2024-06-20 07:36:55.791] [info]  [AssetServer] Connection disconnected! Code: 1000 - 
[2024-06-20 07:36:55.792] [info]  [AssetServer] Resetting stores...
[2024-06-20 07:36:55.793] [info]  [AssetServer] Reconnects are being prevented, skipping...
[2024-06-20 07:36:58.736] [info]  [AssetServer] Connection opened!
[2024-06-20 19:19:01.896] [info]  [Electron] Logger initialized for assetserver at C:\Users\Asus\.lunarclient\logs\launcher\assetserver.log (Prefix: AssetServer)
[2024-06-20 19:19:08.051] [info]  [AssetServer] No reconnect JWT available, going to Authenticator...
[2024-06-20 19:19:08.053] [info]  [AssetServer] Registered 17 push handlers
[2024-06-20 19:19:11.226] [info]  [AssetServer] Connection opened!
[2024-06-20 21:41:07.463] [info]  [AssetServer] Connection disconnected! Code: 1006 - 
[2024-06-20 21:41:07.465] [info]  [AssetServer] Scheduling reconnect task...
[2024-06-20 21:41:37.472] [info]  [AssetServer] Attempting to reconnect...
[2024-06-20 21:41:37.472] [info]  [AssetServer] No reconnect JWT available, going to Authenticator...
[2024-06-20 21:41:39.420] [info]  [AssetServer] Reconnected to AssetServer!
[2024-06-20 21:41:40.592] [info]  [AssetServer] Connection opened!
[2024-06-20 23:26:41.516] [info]  [AssetServer] Connection disconnected! Code: 1000 - Reason: Server rebooting
[2024-06-20 23:26:41.517] [info]  [AssetServer] Resetting stores...
[2024-06-20 23:26:41.518] [info]  [AssetServer] Scheduling reconnect task...
[2024-06-20 23:27:11.523] [info]  [AssetServer] Attempting to reconnect...
[2024-06-20 23:27:11.524] [info]  [AssetServer] Using reconnect JWT provided in rich close
[2024-06-20 23:27:11.527] [info]  [AssetServer] Reconnected to AssetServer!
[2024-06-20 23:27:12.678] [info]  [AssetServer] Connection opened!
[2024-06-21 17:35:08.283] [info]  [Electron] Logger initialized for assetserver at C:\Users\Asus\.lunarclient\logs\launcher\assetserver.log (Prefix: AssetServer)
[2024-06-21 17:35:11.375] [info]  [AssetServer] No reconnect JWT available, going to Authenticator...
[2024-06-21 17:35:11.378] [info]  [AssetServer] Registered 17 push handlers
[2024-06-21 17:35:14.480] [info]  [AssetServer] Connection opened!
[2024-06-21 17:52:34.642] [info]  [AssetServer] Connection disconnected! Code: 1006 - 
[2024-06-21 17:52:34.643] [info]  [AssetServer] Scheduling reconnect task...
[2024-06-21 17:53:04.658] [info]  [AssetServer] Attempting to reconnect...
[2024-06-21 17:53:04.659] [info]  [AssetServer] No reconnect JWT available, going to Authenticator...
[2024-06-21 17:53:04.663] [error] [AssetServer] An unexpected error occured while authenticating with Lunar Client.
[2024-06-21 17:53:34.670] [info]  [AssetServer] Attempting to reconnect...
[2024-06-21 17:53:34.671] [info]  [AssetServer] No reconnect JWT available, going to Authenticator...
[2024-06-21 17:53:34.673] [error] [AssetServer] An unexpected error occured while authenticating with Lunar Client.
[2024-06-21 17:53:57.421] [info]  [AssetServer] Found an existing connection... killing before starting a new one!
[2024-06-21 17:53:57.422] [info]  [AssetServer] No reconnect JWT available, going to Authenticator...
[2024-06-21 17:53:57.423] [info]  [AssetServer] Registered 17 push handlers
[2024-06-21 17:54:01.585] [info]  [AssetServer] Connection opened!
[2024-06-21 17:54:32.839] [info]  [AssetServer] Connection disconnected! Code: 1006 - 
[2024-06-21 17:54:32.840] [info]  [AssetServer] Scheduling reconnect task...
[2024-06-21 17:55:02.854] [info]  [AssetServer] Attempting to reconnect...
[2024-06-21 17:55:02.855] [info]  [AssetServer] No reconnect JWT available, going to Authenticator...
[2024-06-21 17:55:04.824] [info]  [AssetServer] Reconnected to AssetServer!
[2024-06-21 17:55:06.484] [info]  [AssetServer] Connection opened!
[2024-06-21 17:55:08.810] [info]  [AssetServer] Found an existing connection... killing before starting a new one!
[2024-06-21 17:55:08.811] [info]  [AssetServer] No reconnect JWT available, going to Authenticator...
[2024-06-21 17:55:08.812] [info]  [AssetServer] Registered 17 push handlers
[2024-06-21 17:55:09.110] [info]  [AssetServer] Connection disconnected! Code: 1000 - 
[2024-06-21 17:55:09.110] [info]  [AssetServer] Resetting stores...
[2024-06-21 17:55:09.111] [info]  [AssetServer] Reconnects are being prevented, skipping...
[2024-06-21 17:55:12.958] [error] [AssetServer] Error has occurred: Error: read ECONNRESET
[2024-06-21 17:55:12.959] [info]  [AssetServer] Connection disconnected! Code: 1006 - 
[2024-06-21 17:55:12.960] [info]  [AssetServer] Scheduling reconnect task...
[2024-06-21 17:55:42.968] [info]  [AssetServer] Attempting to reconnect...
[2024-06-21 17:55:42.969] [info]  [AssetServer] No reconnect JWT available, going to Authenticator...
[2024-06-21 17:55:42.971] [error] [AssetServer] An unexpected error occured while authenticating with Lunar Client.
[2024-06-21 17:56:12.981] [info]  [AssetServer] Attempting to reconnect...
[2024-06-21 17:56:12.982] [info]  [AssetServer] No reconnect JWT available, going to Authenticator...
[2024-06-21 17:56:12.984] [error] [AssetServer] An unexpected error occured while authenticating with Lunar Client.
[2024-06-21 17:56:17.179] [info]  [AssetServer] Found an existing connection... killing before starting a new one!
[2024-06-21 17:56:17.180] [info]  [AssetServer] No reconnect JWT available, going to Authenticator...
[2024-06-21 17:56:17.181] [info]  [AssetServer] Registered 17 push handlers
[2024-06-21 17:56:19.764] [info]  [AssetServer] Connection opened!
[2024-06-21 17:59:29.051] [info]  [AssetServer] Connection disconnected! Code: 1006 - 
[2024-06-21 17:59:29.052] [info]  [AssetServer] Scheduling reconnect task...
[2024-06-21 17:59:37.179] [info]  [AssetServer] Found an existing connection... killing before starting a new one!
[2024-06-21 17:59:37.179] [info]  [AssetServer] No reconnect JWT available, going to Authenticator...
[2024-06-21 17:59:37.180] [info]  [AssetServer] Registered 17 push handlers
[2024-06-21 17:59:40.135] [info]  [AssetServer] Connection opened!
[2024-06-21 22:28:00.688] [info]  [Electron] Logger initialized for assetserver at C:\Users\Asus\.lunarclient\logs\launcher\assetserver.log (Prefix: AssetServer)
[2024-06-21 22:28:02.830] [info]  [AssetServer] No reconnect JWT available, going to Authenticator...
[2024-06-21 22:28:02.834] [info]  [AssetServer] Registered 17 push handlers
[2024-06-21 22:28:06.961] [info]  [AssetServer] Connection opened!
[2024-06-22 15:06:42.890] [info]  [Electron] Logger initialized for assetserver at C:\Users\Asus\.lunarclient\logs\launcher\assetserver.log (Prefix: AssetServer)
[2024-06-22 15:06:44.923] [info]  [AssetServer] No reconnect JWT available, going to Authenticator...
[2024-06-22 15:06:44.926] [info]  [AssetServer] Registered 17 push handlers
[2024-06-22 15:06:48.020] [info]  [AssetServer] Connection opened!
[2024-06-22 17:40:32.756] [info]  [AssetServer] Found an existing connection... killing before starting a new one!
[2024-06-22 17:40:32.757] [info]  [AssetServer] No reconnect JWT available, going to Authenticator...
[2024-06-22 17:40:32.759] [info]  [AssetServer] Registered 17 push handlers
[2024-06-22 17:40:35.091] [info]  [AssetServer] Connection opened!
[2024-06-22 17:40:44.243] [info]  [AssetServer] Connection disconnected! Code: 1006 - 
[2024-06-22 17:40:44.243] [info]  [AssetServer] Reconnects are being prevented, skipping...
[2024-06-22 18:04:43.132] [info]  [AssetServer] Connection disconnected! Code: 1006 - 
[2024-06-22 18:04:43.133] [info]  [AssetServer] Scheduling reconnect task...
[2024-06-22 18:04:45.599] [info]  [AssetServer] Found an existing connection... killing before starting a new one!
[2024-06-22 18:04:45.600] [info]  [AssetServer] No reconnect JWT available, going to Authenticator...
[2024-06-22 18:04:45.601] [info]  [AssetServer] Registered 17 push handlers
[2024-06-22 18:04:47.877] [info]  [AssetServer] Connection opened!
[2024-06-22 21:47:27.390] [info]  [Electron] Logger initialized for assetserver at C:\Users\Asus\.lunarclient\logs\launcher\assetserver.log (Prefix: AssetServer)
[2024-06-22 21:47:30.288] [info]  [AssetServer] No reconnect JWT available, going to Authenticator...
[2024-06-22 21:47:30.291] [info]  [AssetServer] Registered 17 push handlers
[2024-06-22 21:47:33.543] [info]  [AssetServer] Connection opened!
[2024-06-22 22:43:58.629] [info]  [AssetServer] Found an existing connection... killing before starting a new one!
[2024-06-22 22:43:58.630] [info]  [AssetServer] No reconnect JWT available, going to Authenticator...
[2024-06-22 22:43:58.632] [info]  [AssetServer] Registered 17 push handlers
[2024-06-22 22:44:01.827] [info]  [AssetServer] Connection opened!
[2024-06-22 22:44:23.462] [info]  [AssetServer] Connection disconnected! Code: 1006 - 
[2024-06-22 22:44:23.463] [info]  [AssetServer] Reconnects are being prevented, skipping...
[2024-06-22 22:55:43.641] [info]  [AssetServer] Found an existing connection... killing before starting a new one!
[2024-06-22 22:55:43.642] [info]  [AssetServer] No reconnect JWT available, going to Authenticator...
[2024-06-22 22:55:43.643] [info]  [AssetServer] Registered 17 push handlers
[2024-06-22 22:55:46.014] [info]  [AssetServer] Connection opened!
[2024-06-22 22:55:57.914] [info]  [AssetServer] Connection disconnected! Code: 1006 - 
[2024-06-22 22:55:57.915] [info]  [AssetServer] Reconnects are being prevented, skipping...
