[2024-05-04 16:03:29.423] [info]  [Electron] Logger initialized for auth at C:\Users\Asus\.lunarclient\logs\launcher\auth.log (Prefix: Auth)
[2024-05-04 16:03:29.840] [info]  [Auth] Token has expired, using refresh token to aquire a new one...
[2024-05-04 16:03:31.181] [error] [Auth] Failed to refresh account
[2024-05-04 16:03:31.182] [error] Error: Unable to get MS refresh Token
[2024-05-04 16:04:26.300] [info]  [Auth] Getting device token
[2024-05-04 16:04:27.146] [info]  [Auth] Getting MSA OAuth URL for popup
[2024-05-04 16:04:27.443] [info]  [Auth] Getting device token
[2024-05-04 16:04:28.277] [info]  [Auth] Getting MSA OAuth URL for popup
[2024-05-04 16:04:29.299] [error] [Auth] Unable to retrieve redirected URL from MSA popup
[2024-05-04 16:04:30.916] [error] [Auth] Unable to retrieve redirected URL from MSA popup
[2024-05-04 16:04:31.650] [info]  [Auth] Getting device token
[2024-05-04 16:04:32.521] [info]  [Auth] Getting MSA OAuth URL for popup
[2024-05-04 16:04:33.239] [info]  [Auth] Getting device token
[2024-05-04 16:04:33.407] [info]  [Auth] Getting device token
[2024-05-04 16:04:33.964] [info]  [Auth] Getting MSA OAuth URL for popup
[2024-05-04 16:04:34.233] [info]  [Auth] Getting MSA OAuth URL for popup
[2024-05-04 16:04:34.993] [error] [Auth] Unable to retrieve redirected URL from MSA popup
[2024-05-04 16:04:35.326] [error] [Auth] Unable to retrieve redirected URL from MSA popup
[2024-05-04 16:04:48.412] [error] [Auth] Unable to retrieve redirected URL from MSA popup
[2024-05-04 16:04:49.395] [info]  [Auth] Getting device token
[2024-05-04 16:04:50.245] [info]  [Auth] Getting MSA OAuth URL for popup
[2024-05-04 16:05:15.582] [info]  [Auth] Getting MS Access/Refresh token
[2024-05-04 16:05:16.130] [info]  [Auth] Performing SISU Authorize
[2024-05-04 16:05:17.882] [error] [Auth] SISU Auth failed with error: signup
[2024-05-04 16:24:44.769] [info]  [Auth] Getting device token
[2024-05-04 16:24:45.658] [info]  [Auth] Getting MSA OAuth URL for popup
[2024-05-04 16:25:11.039] [error] [Auth] Unable to retrieve redirected URL from MSA popup
[2024-05-10 09:20:51.045] [info]  [Electron] Logger initialized for auth at C:\Users\Asus\.lunarclient\logs\launcher\auth.log (Prefix: Auth)
[2024-05-10 09:20:51.417] [info]  [Auth] No accounts found in accounts.json
[2024-05-10 12:54:31.811] [info]  [Electron] Logger initialized for auth at C:\Users\Asus\.lunarclient\logs\launcher\auth.log (Prefix: Auth)
[2024-05-10 12:54:32.204] [info]  [Auth] No accounts found in accounts.json
[2024-05-11 12:14:36.231] [info]  [Electron] Logger initialized for auth at C:\Users\Asus\.lunarclient\logs\launcher\auth.log (Prefix: Auth)
[2024-05-11 12:14:36.544] [info]  [Auth] No accounts found in accounts.json
[2024-05-11 15:20:36.036] [info]  [Electron] Logger initialized for auth at C:\Users\Asus\.lunarclient\logs\launcher\auth.log (Prefix: Auth)
[2024-05-11 15:20:36.233] [info]  [Auth] No accounts found in accounts.json
[2024-05-11 19:31:54.039] [info]  [Electron] Logger initialized for auth at C:\Users\Asus\.lunarclient\logs\launcher\auth.log (Prefix: Auth)
[2024-05-11 19:31:54.393] [info]  [Auth] No accounts found in accounts.json
[2024-05-12 12:37:13.238] [info]  [Electron] Logger initialized for auth at C:\Users\Asus\.lunarclient\logs\launcher\auth.log (Prefix: Auth)
[2024-05-12 12:37:13.425] [info]  [Auth] No accounts found in accounts.json
[2024-05-12 15:21:56.031] [info]  [Electron] Logger initialized for auth at C:\Users\Asus\.lunarclient\logs\launcher\auth.log (Prefix: Auth)
[2024-05-12 15:21:56.189] [info]  [Auth] No accounts found in accounts.json
[2024-05-12 21:12:40.725] [info]  [Electron] Logger initialized for auth at C:\Users\Asus\.lunarclient\logs\launcher\auth.log (Prefix: Auth)
[2024-05-12 21:12:41.056] [info]  [Auth] No accounts found in accounts.json
[2024-05-13 13:51:58.403] [info]  [Electron] Logger initialized for auth at C:\Users\Asus\.lunarclient\logs\launcher\auth.log (Prefix: Auth)
[2024-05-13 13:51:58.498] [info]  [Auth] No accounts found in accounts.json
[2024-05-13 20:19:59.878] [info]  [Electron] Logger initialized for auth at C:\Users\Asus\.lunarclient\logs\launcher\auth.log (Prefix: Auth)
[2024-05-13 20:20:00.019] [info]  [Auth] No accounts found in accounts.json
[2024-05-13 20:57:55.301] [info]  [Electron] Logger initialized for auth at C:\Users\Asus\.lunarclient\logs\launcher\auth.log (Prefix: Auth)
[2024-05-13 20:57:55.413] [info]  [Auth] No accounts found in accounts.json
[2024-05-13 23:40:52.407] [info]  [Electron] Logger initialized for auth at C:\Users\Asus\.lunarclient\logs\launcher\auth.log (Prefix: Auth)
[2024-05-13 23:40:52.739] [info]  [Auth] No accounts found in accounts.json
[2024-05-14 12:33:00.149] [info]  [Electron] Logger initialized for auth at C:\Users\Asus\.lunarclient\logs\launcher\auth.log (Prefix: Auth)
[2024-05-14 12:33:00.269] [info]  [Auth] No accounts found in accounts.json
[2024-05-14 14:22:56.212] [info]  [Electron] Logger initialized for auth at C:\Users\Asus\.lunarclient\logs\launcher\auth.log (Prefix: Auth)
[2024-05-14 14:22:56.344] [info]  [Auth] No accounts found in accounts.json
[2024-05-14 20:52:16.582] [info]  [Electron] Logger initialized for auth at C:\Users\Asus\.lunarclient\logs\launcher\auth.log (Prefix: Auth)
[2024-05-14 20:52:16.989] [info]  [Auth] No accounts found in accounts.json
[2024-05-15 10:18:50.035] [info]  [Electron] Logger initialized for auth at C:\Users\Asus\.lunarclient\logs\launcher\auth.log (Prefix: Auth)
[2024-05-15 10:18:50.141] [info]  [Auth] No accounts found in accounts.json
[2024-05-15 12:34:25.791] [info]  [Electron] Logger initialized for auth at C:\Users\Asus\.lunarclient\logs\launcher\auth.log (Prefix: Auth)
[2024-05-15 12:34:25.890] [info]  [Auth] No accounts found in accounts.json
[2024-06-16 00:07:00.445] [info]  [Electron] Logger initialized for auth at C:\Users\Asus\.lunarclient\logs\launcher\auth.log (Prefix: Auth)
[2024-06-16 00:07:00.799] [info]  [Auth] No accounts found in accounts.json
[2024-06-16 00:07:07.670] [info]  [Auth] Getting device token
[2024-06-16 00:07:08.469] [info]  [Auth] Getting MSA OAuth URL for popup
[2024-06-16 00:07:09.721] [info]  [Auth] Getting device token
[2024-06-16 00:07:10.615] [info]  [Auth] Getting MSA OAuth URL for popup
[2024-06-16 00:07:11.549] [error] [Auth] Unable to retrieve redirected URL from MSA popup
[2024-06-16 00:07:37.933] [info]  [Auth] Getting MS Access/Refresh token
[2024-06-16 00:07:38.624] [info]  [Auth] Performing SISU Authorize
[2024-06-16 00:07:40.150] [info]  [Auth] Getting XSTS Token...
[2024-06-16 00:07:41.221] [info]  [Auth] Getting Minecraft Token
[2024-06-16 00:07:42.360] [info]  [Auth] Getting Minecraft player profile...
[2024-06-16 00:07:43.753] [info]  [Auth] Checking for game ownership...
[2024-06-19 17:59:47.854] [info]  [Electron] Logger initialized for auth at C:\Users\Asus\.lunarclient\logs\launcher\auth.log (Prefix: Auth)
[2024-06-19 17:59:49.188] [info]  [Auth] Token has expired, using refresh token to aquire a new one...
[2024-06-19 17:59:54.610] [info]  [Auth] Account is valid, starting Lunar authentication flow...
[2024-06-19 17:59:56.055] [info]  [Auth] Accounts file had 'accounts' key, putting in store...
[2024-06-19 21:03:49.916] [info]  [Auth] Account is valid, starting Lunar authentication flow...
[2024-06-19 22:03:47.908] [warn]  [Auth] Error: Unable to get minecraft profile
[2024-06-20 07:23:32.312] [info]  [Auth] Account is valid, starting Lunar authentication flow...
[2024-06-20 07:23:34.012] [info]  [Auth] Accounts file had 'accounts' key, putting in store...
[2024-06-20 07:29:17.791] [info]  [Auth] Account is valid, starting Lunar authentication flow...
[2024-06-20 07:29:19.620] [info]  [Auth] Accounts file had 'accounts' key, putting in store...
[2024-06-20 07:32:58.049] [info]  [Auth] Account is valid, starting Lunar authentication flow...
[2024-06-20 07:32:59.879] [info]  [Auth] Accounts file had 'accounts' key, putting in store...
[2024-06-20 07:36:13.290] [info]  [Auth] Account is valid, starting Lunar authentication flow...
[2024-06-20 07:36:16.015] [info]  [Auth] Accounts file had 'accounts' key, putting in store...
[2024-06-20 07:36:53.393] [info]  [Auth] Account is valid, starting Lunar authentication flow...
[2024-06-20 07:36:55.488] [info]  [Auth] Accounts file had 'accounts' key, putting in store...
[2024-06-20 19:19:01.897] [info]  [Electron] Logger initialized for auth at C:\Users\Asus\.lunarclient\logs\launcher\auth.log (Prefix: Auth)
[2024-06-20 19:19:02.249] [info]  [Auth] Token has expired, using refresh token to aquire a new one...
[2024-06-20 19:19:06.742] [info]  [Auth] Account is valid, starting Lunar authentication flow...
[2024-06-20 19:19:08.054] [info]  [Auth] Accounts file had 'accounts' key, putting in store...
[2024-06-21 17:35:08.285] [info]  [Electron] Logger initialized for auth at C:\Users\Asus\.lunarclient\logs\launcher\auth.log (Prefix: Auth)
[2024-06-21 17:35:09.620] [info]  [Auth] Account is valid, starting Lunar authentication flow...
[2024-06-21 17:35:11.379] [info]  [Auth] Accounts file had 'accounts' key, putting in store...
[2024-06-21 17:52:31.215] [info]  [Auth] Account is valid, starting Lunar authentication flow...
[2024-06-21 17:52:39.729] [error] [Auth] Encountered error while getting user entitlements: undefined
[2024-06-21 17:52:39.730] [warn]  [Auth] Error: Unable to get user entitlements
[2024-06-21 17:53:55.549] [info]  [Auth] Account is valid, starting Lunar authentication flow...
[2024-06-21 17:53:57.424] [info]  [Auth] Accounts file had 'accounts' key, putting in store...
[2024-06-21 17:55:05.679] [info]  [Auth] Account is valid, starting Lunar authentication flow...
[2024-06-21 17:55:08.812] [info]  [Auth] Accounts file had 'accounts' key, putting in store...
[2024-06-21 17:56:15.530] [info]  [Auth] Account is valid, starting Lunar authentication flow...
[2024-06-21 17:56:17.182] [info]  [Auth] Accounts file had 'accounts' key, putting in store...
[2024-06-21 17:59:35.776] [info]  [Auth] Account is valid, starting Lunar authentication flow...
[2024-06-21 17:59:37.181] [info]  [Auth] Accounts file had 'accounts' key, putting in store...
[2024-06-21 22:28:00.690] [info]  [Electron] Logger initialized for auth at C:\Users\Asus\.lunarclient\logs\launcher\auth.log (Prefix: Auth)
[2024-06-21 22:28:01.036] [info]  [Auth] Account is valid, starting Lunar authentication flow...
[2024-06-21 22:28:02.835] [info]  [Auth] Accounts file had 'accounts' key, putting in store...
[2024-06-22 15:06:42.896] [info]  [Electron] Logger initialized for auth at C:\Users\Asus\.lunarclient\logs\launcher\auth.log (Prefix: Auth)
[2024-06-22 15:06:43.403] [info]  [Auth] Account is valid, starting Lunar authentication flow...
[2024-06-22 15:06:44.927] [info]  [Auth] Accounts file had 'accounts' key, putting in store...
[2024-06-22 17:40:30.405] [info]  [Auth] Account is valid, starting Lunar authentication flow...
[2024-06-22 17:40:32.760] [info]  [Auth] Accounts file had 'accounts' key, putting in store...
[2024-06-22 18:04:43.448] [info]  [Auth] Account is valid, starting Lunar authentication flow...
[2024-06-22 18:04:45.601] [info]  [Auth] Accounts file had 'accounts' key, putting in store...
[2024-06-22 21:47:27.395] [info]  [Electron] Logger initialized for auth at C:\Users\Asus\.lunarclient\logs\launcher\auth.log (Prefix: Auth)
[2024-06-22 21:47:27.766] [info]  [Auth] Account is valid, starting Lunar authentication flow...
[2024-06-22 21:47:30.292] [info]  [Auth] Accounts file had 'accounts' key, putting in store...
[2024-06-22 22:43:57.207] [info]  [Auth] Account is valid, starting Lunar authentication flow...
[2024-06-22 22:43:58.633] [info]  [Auth] Accounts file had 'accounts' key, putting in store...
[2024-06-22 22:55:42.016] [info]  [Auth] Account is valid, starting Lunar authentication flow...
[2024-06-22 22:55:43.644] [info]  [Auth] Accounts file had 'accounts' key, putting in store...
