[2024-06-20 22:13:11.938] [error] NOTE: Picked up JDK_JAVA_OPTIONS: -XX:+DisableAttachMechanism
[2024-06-20 22:13:11.941] [error] Picked up JAVA_TOOL_OPTIONS: -XX:+DisableAttachMechanism
[2024-06-20 22:13:11.942] [error] Picked up _JAVA_OPTIONS: -XX:+DisableAttachMechanism
[2024-06-20 22:13:12.152] [info]  [22:13:12] [Genesis/main/INFO
[2024-06-20 22:13:12.153] [info]  ] Found external file: Fabric-API-v1_20_1-0.90.7.jar
[2024-06-20 22:13:12.156] [info]  [22:13:12] [Genesis/main/INFO] 
[2024-06-20 22:13:12.156] [info]  Found external file: FerriteCore-v1_20_1-6.0.0.jar
[2024-06-20 22:13:12.157] [info]  [22:13:12] [Genesis/main/INFO] Found external file: Lithium-v1_20_1-0.11.2.jar
[2024-06-20 22:13:12.158] [info]  [22:13:12] [Genesis/main/INFO] Found external file: Noxesium-v1_20_1-1.0.3.jar
[2024-06-20 22:13:12.158] [info]  [22:13:12] [Genesis/main/INFO] Found external file: Noxesium_API-v1_20_1-1.0.3.jar
[2024-06-20 22:13:12.158] [info]  [22:13:12] [Genesis/main/INFO
[2024-06-20 22:13:12.158] [info]  ] Found external file: ReplayMod-v1_20_1-2.6.14.jar
[2024-06-20 22:13:12.159] [info]  [22:13:12] [Genesis/main/INFO] Found external file: Sodium-v1_20_1-0.5.8.jar
[2024-06-20 22:13:12.159] [info]  [22:13:12] [Genesis/main/INFO] Found external file: Indium-v1_20_1-1.0.30.jar
[2024-06-20 22:13:12.159] [info]  [22:13:12] [Genesis/main/INFO] Found external file: Iris-v1_20_1-1.6.17.jar
[2024-06-20 22:13:12.159] [info]  [22:13:12] [Genesis/main/INFO] Found external file: hypixel-quickplay-data.json
[2024-06-20 22:13:12.160] [info]  [22:13:12] [Genesis/main/INFO] Found external file: hypixel-bedwars-data.json
[2024-06-20 22:13:12.160] [info]  [22:13:12] [Genesis/main/INFO] 
[2024-06-20 22:13:12.160] [info]  Found external file: hypixel-skyblock-dungeon-rooms.json
[2024-06-20 22:13:12.210] [info]  [22:13:12] [Genesis/main/INFO] Found classpath URL: common-0.1.0-SNAPSHOT-all.jar with SHA-1 hash d55f1b0ac13c8a0e4adc1d3072d23059c44d26b8
[2024-06-20 22:13:12.211] [info]  [22:13:12] [Genesis/main/INFO] Found classpath URL: lunar-fabric-mixins-0.1.0-SNAPSHOT-all.jar with SHA-1 hash 500ac97175fa953c59c311a3387b0d6c72cf5dba
[2024-06-20 22:13:12.211] [info]  
[2024-06-20 22:13:12.223] [info]  [22:13:12] [Genesis/main/INFO] Found classpath URL: genesis-0.1.0-SNAPSHOT-all.jar with SHA-1 hash 444937f4ede76553b24bff14153b5d9e35687eb2
[2024-06-20 22:13:12.224] [info]  [22:13:12] [
[2024-06-20 22:13:12.224] [info]  Genesis/main/INFO] Found classpath URL: lunar-lang.jar with SHA-1 hash 32a7e666acdc5ff9de8ce454b9390b6bd2bc9177
[2024-06-20 22:13:12.225] [info]  [22:13:12] [Genesis/
[2024-06-20 22:13:12.225] [info]  main/INFO] Found classpath URL: lunar-emote.jar with SHA-1 hash b04f3ee8f5e43fa3b162981b50bb72fe1acabb33
[2024-06-20 22:13:12.260] [info]  [22:13:12] [Genesis/main/INFO] Found classpath URL: lunar.jar with SHA-1 hash 7ae8b4c716d4afeeca6354f3a4b2bb4f5302869a
[2024-06-20 22:13:12.272] [info]  [22:13:12] [Genesis/main/INFO] Found classpath URL: modern-0.1.0-SNAPSHOT-all.jar with SHA-1 hash 1b16b6bc92071b52ebc358659a8f371324df0a45
[2024-06-20 22:13:12.273] [info]  [22:13:12] [Genesis/main/INFO] 
[2024-06-20 22:13:12.273] [info]  Found classpath URL: lunar-ferrite-mixins-0.1.0-SNAPSHOT-all.jar with SHA-1 hash 557af8afbc5a3a2dd1082d6c1d89d0924d9148a7
[2024-06-20 22:13:12.274] [info]  [22:13:12] [Genesis/main/INFO] Found classpath URL: lunar-lithium-mixins-0.1.0-SNAPSHOT-all.jar with SHA-1 hash 6bddb75b7b546461fe3906061ed6b69c96459fc2
[2024-06-20 22:13:12.274] [info]  [22:13:12] [
[2024-06-20 22:13:12.274] [info]  Genesis/main/INFO] Found classpath URL: lunar-noxesium-mixins-0.1.0-SNAPSHOT-all.jar with SHA-1 hash 9ef6225eb7368f6fa9728dd8d086f284b70e6e95
[2024-06-20 22:13:12.275] [info]  [22:13:12] [
[2024-06-20 22:13:12.275] [info]  Genesis/main/INFO] Found classpath URL: lunar-replaymod-fabric-mixins-0.1.0-SNAPSHOT-all.jar with SHA-1 hash d597c36d0c2ff4f04ca99579bbfe849ed80f8dbd
[2024-06-20 22:13:12.277] [info]  [22:13:12
[2024-06-20 22:13:12.278] [info]  ] [Genesis/main/INFO] Found classpath URL: lunar-sodium-mixins-0.1.0-SNAPSHOT-all.jar with SHA-1 hash e5611315574ee949cf2389d5c899eca8eef9c8a3
[2024-06-20 22:13:12.982] [info]  [22:13:12] [Genesis/
[2024-06-20 22:13:12.983] [info]  main/INFO] Adding pre-launch library to game classpath: .\.ichor\ichormodule-libs\net_fabricmc_fabric_loader_0_15_11-lunar-0.1.0.jar
[2024-06-20 22:13:13.060] [info]  [22:13:13] [Genesis/GameBootstrap/main/INFO] Launching Minecraft 1.20.1 v1_20_1 (parsed from 1.20.1)
[2024-06-20 22:13:13.915] [info]  [22:13:13] [Ichor+Fabric/main/INFO] Using custom local mod path: C:\Users\Asus\.lunarclient\profiles\35533a66-fbe4-4c9e-b96c-b47d7554e254\versions\0.0.4\mods
[2024-06-20 22:13:14.247] [error] An error occurred while launching Lunar Client.
[2024-06-20 22:13:14.248] [error] com.moonsworth.lunar.ichor.util.FatalIchorError: [Bootstrap#Game] Failed to bootstrap fabric-loader
[2024-06-20 22:13:14.248] [error] 	at com.moonsworth.RHOCIORRHROCOHOOCRHHRRHCI.IHCRIIIICOROROOCCIHHHHCRI.RHOCIORRHROCOHOOCRHHRRHCI(Unknown Source)
[2024-06-20 22:13:14.248] [error] 	at com.moonsworth.RHOCIORRHROCOHOOCRHHRRHCI.COCICHIRHCIIORIIHRCOOROHH.HHRIIHHROCICOCHRCICRIOHRH(Unknown Source)
[2024-06-20 22:13:14.249] [error] 	at com.moonsworth.lunar.ichor.IRCIHCHCCHHOCORRHRCCORROC.IOCOHCCRCOHRICRRHOOICHIHO(Unknown Source)
[2024-06-20 22:13:14.249] [error] 	at java.base/java.util.ArrayList.forEach(Unknown Source)
[2024-06-20 22:13:14.249] [error] 	at com.moonsworth.lunar.ichor.IRCIHCHCCHHOCORRHRCCORROC.<init>(Unknown Source)
[2024-06-20 22:13:14.249] [error] 	at com.moonsworth.lunar.genesis.ClientGameBootstrap.apply(Unknown Source)
[2024-06-20 22:13:14.249] [error] 	at java.base/jdk.internal.reflect.DirectMethodHandleAccessor.invoke(Unknown Source)
[2024-06-20 22:13:14.250] [error] 	at java.base/java.lang.reflect.Method.invoke(Unknown Source)
[2024-06-20 22:13:14.250] [error] 	at com.moonsworth.lunar.genesis.IOCOHCCRCOHRICRRHOOICHIHO.RHOCIORRHROCOHOOCRHHRRHCI(Unknown Source)
[2024-06-20 22:13:14.250] [error] 	at com.moonsworth.lunar.genesis.Genesis.run(Unknown Source)
[2024-06-20 22:13:14.250] [error] 	at com.moonsworth.lunar.genesis.Genesis.main(Unknown Source)
[2024-06-20 22:13:14.250] [error] Caused by: net.fabricmc.loader.impl.discovery.ModResolutionException: Some of your mods are incompatible with the game or each other!
[2024-06-20 22:13:14.251] [error] A potential solution has been determined, this may resolve your problem:
[2024-06-20 22:13:14.251] [error] 	 - Install darkkore, version 0.3.0-1.19 or later.
[2024-06-20 22:13:14.251] [error] 	 - Replace mod 'Noxesium' (noxesium) 1.0.3+9b339b0 with any version that is compatible with:
[2024-06-20 22:13:14.251] [error] 		 - sodium 0.4.10+build.27
[2024-06-20 22:13:14.251] [error] More details:
[2024-06-20 22:13:14.252] [error] 	 - Mod 'KronHUD' (kronhud) 1.20.1-2.2.6 requires version 0.3.0-1.19 or later of darkkore, which is missing!
[2024-06-20 22:13:14.252] [error] 	 - Mod 'Noxesium' (noxesium) 1.0.3+9b339b0 is incompatible with any version before 0.5.1 of mod 'Sodium' (sodium), but a matching version is present: 0.4.10+build.27!
[2024-06-20 22:13:14.252] [error] 	at net.fabricmc.loader.impl.discovery.ModResolver.findCompatibleSet(ModResolver.java:148)
[2024-06-20 22:13:14.252] [error] 	at net.fabricmc.loader.impl.discovery.ModResolver.resolve(ModResolver.java:45)
[2024-06-20 22:13:14.252] [error] 	at com.moonsworth.RHOCIORRHROCOHOOCRHHRRHCI.CCOCCHORCHCOCCROCHOIOICOI.IHHIIOHOIHRHRIHICIICOCIOI(Unknown Source)
[2024-06-20 22:13:14.253] [error] 	at com.moonsworth.RHOCIORRHROCOHOOCRHHRRHCI.CCOCCHORCHCOCCROCHOIOICOI.RHOCIORRHROCOHOOCRHHRRHCI(Unknown Source)
[2024-06-20 22:13:14.253] [error] 	at com.moonsworth.RHOCIORRHROCOHOOCRHHRRHCI.IHCRIIIICOROROOCCIHHHHCRI.RHOCIORRHROCOHOOCRHHRRHCI(Unknown Source)
[2024-06-20 22:13:14.253] [error] 	... 10 more
[2024-06-20 22:13:14.253] [error] Skipping Sentry report due to filter regex.
[2024-06-20 22:13:14.254] [info]  [22:13:14] [WARN] [FabricLoader/Resolution]: Mod resolution failed
[2024-06-20 22:13:14.254] [info]  [22:13:14] [INFO] [FabricLoader/Resolution]: Immediate reason: [HARD_DEP_NO_CANDIDATE kronhud 1.20.1-2.2.6 {depends darkkore @ [>=0.3.0-1.19]}, ROOT_FORCELOAD_SINGLE kronhud 1.20.1-2.2.6]
[2024-06-20 22:13:14.254] [info]  [22:13:14] [INFO] [FabricLoader/Resolution]: Reason: [HARD_DEP kronhud 1.20.1-2.2.6 {depends darkkore @ [>=0.3.0-1.19]}, NEG_HARD_DEP noxesium 1.0.3+9b339b0 {breaks sodium @ [<0.5.1]}]
[2024-06-20 22:13:14.254] [info]  [22:13:14] [INFO] [FabricLoader/Resolution]: Fix: add [add:darkkore 0.3.0-1.19 ([[0.3.0-1.19,?)])], remove [], replace [[noxesium 1.0.3+9b339b0] -> add:noxesium 1 ([(-?,?)])]
