[2024-06-20 22:08:09.603] [error] NOTE: Picked up JDK_JAVA_OPTIONS: -XX:+DisableAttachMechanism
[2024-06-20 22:08:09.608] [error] Picked up JAVA_TOOL_OPTIONS: -XX:+DisableAttachMechanism
[2024-06-20 22:08:09.608] [error] Picked up _JAVA_OPTIONS: -XX:+DisableAttachMechanism
[2024-06-20 22:08:09.819] [info]  [22:08:09] [Genesis/main/
[2024-06-20 22:08:09.819] [info]  INFO] Found external file: Fabric-API-v1_20_1-0.90.7.jar
[2024-06-20 22:08:09.823] [info]  [22:08:09] [Genesis/main/INFO
[2024-06-20 22:08:09.823] [info]  ] Found external file: FerriteCore-v1_20_1-6.0.0.jar
[2024-06-20 22:08:09.824] [info]  [22:08:09] [Genesis/main/INFO] Found external file: Lithium-v1_20_1-0.11.2.jar
[2024-06-20 22:08:09.824] [info]  [22:08:09] [Genesis/main/INFO] Found external file: Noxesium-v1_20_1-1.0.3.jar
[2024-06-20 22:08:09.824] [info]  [22:08:09] [Genesis/main/INFO] Found external file: Noxesium_API-v1_20_1-1.0.3.jar
[2024-06-20 22:08:09.825] [info]  [22:08:09] [Genesis/main/INFO] Found external file: ReplayMod-v1_20_1-2.6.14.jar
[2024-06-20 22:08:09.825] [info]  [22:08:09] [Genesis/main/INFO] Found external file: Sodium-v1_20_1-0.5.8.jar
[2024-06-20 22:08:09.825] [info]  [
[2024-06-20 22:08:09.825] [info]  22:08:09] [Genesis/main/INFO] Found external file: Indium-v1_20_1-1.0.30.jar
[2024-06-20 22:08:09.826] [info]  [22:08:09] [Genesis/main/INFO] Found external file: Iris-v1_20_1-1.6.17.jar
[2024-06-20 22:08:09.826] [info]  [22:08:09] [Genesis/main/INFO] Found external file: hypixel-quickplay-data.json
[2024-06-20 22:08:09.826] [info]  [22:08:09] [Genesis/main/INFO] Found external file: hypixel-bedwars-data.json
[2024-06-20 22:08:09.826] [info]  [22:08:09] [Genesis/main/INFO] Found external file: hypixel-skyblock-dungeon-rooms.json
[2024-06-20 22:08:09.878] [info]  [22:08:09] [Genesis/main/INFO] Found classpath URL: common-0.1.0-SNAPSHOT-all.jar with SHA-1 hash d55f1b0ac13c8a0e4adc1d3072d23059c44d26b8
[2024-06-20 22:08:09.879] [info]  [22:08:09] [Genesis/
[2024-06-20 22:08:09.880] [info]  main/INFO] Found classpath URL: lunar-fabric-mixins-0.1.0-SNAPSHOT-all.jar with SHA-1 hash 500ac97175fa953c59c311a3387b0d6c72cf5dba
[2024-06-20 22:08:09.891] [info]  [22:08:09] [Genesis/main/INFO] Found classpath URL: genesis-0.1.0-SNAPSHOT-all.jar with SHA-1 hash 444937f4ede76553b24bff14153b5d9e35687eb2
[2024-06-20 22:08:09.892] [info]  
[2024-06-20 22:08:09.892] [info]  [22:08:09
[2024-06-20 22:08:09.893] [info]  ] [Genesis/main/INFO] Found classpath URL: lunar-lang.jar with SHA-1 hash 32a7e666acdc5ff9de8ce454b9390b6bd2bc9177
[2024-06-20 22:08:09.893] [info]  [22:08:09] [Genesis/main
[2024-06-20 22:08:09.894] [info]  /INFO] Found classpath URL: lunar-emote.jar with SHA-1 hash b04f3ee8f5e43fa3b162981b50bb72fe1acabb33
[2024-06-20 22:08:09.929] [info]  [22:08:09] [Genesis/main/INFO] Found classpath URL: lunar.jar with SHA-1 hash 7ae8b4c716d4afeeca6354f3a4b2bb4f5302869a
[2024-06-20 22:08:09.941] [info]  [22:08:09] [Genesis/main/INFO] Found classpath URL: modern-0.1.0-SNAPSHOT-all.jar with SHA-1 hash 1b16b6bc92071b52ebc358659a8f371324df0a45
[2024-06-20 22:08:09.942] [info]  [22:08:09] [Genesis/main/INFO] Found classpath URL: lunar-ferrite-mixins-0.1.0-SNAPSHOT-all.jar with SHA-1 hash 557af8afbc5a3a2dd1082d6c1d89d0924d9148a7
[2024-06-20 22:08:09.943] [info]  [22:08:09] [
[2024-06-20 22:08:09.943] [info]  Genesis/main/INFO] Found classpath URL: lunar-lithium-mixins-0.1.0-SNAPSHOT-all.jar with SHA-1 hash 6bddb75b7b546461fe3906061ed6b69c96459fc2
[2024-06-20 22:08:09.943] [info]  [22:08:09] [
[2024-06-20 22:08:09.944] [info]  Genesis/main/INFO] Found classpath URL: lunar-noxesium-mixins-0.1.0-SNAPSHOT-all.jar with SHA-1 hash 9ef6225eb7368f6fa9728dd8d086f284b70e6e95
[2024-06-20 22:08:09.944] [info]  [22:08:09] [
[2024-06-20 22:08:09.945] [info]  Genesis/main/INFO] Found classpath URL: lunar-replaymod-fabric-mixins-0.1.0-SNAPSHOT-all.jar with SHA-1 hash d597c36d0c2ff4f04ca99579bbfe849ed80f8dbd
[2024-06-20 22:08:09.947] [info]  [22:08:09
[2024-06-20 22:08:09.947] [info]  ] [Genesis/main/INFO] Found classpath URL: lunar-sodium-mixins-0.1.0-SNAPSHOT-all.jar with SHA-1 hash e5611315574ee949cf2389d5c899eca8eef9c8a3
[2024-06-20 22:08:10.669] [info]  [22:08:10] [Genesis/main/INFO] 
[2024-06-20 22:08:10.669] [info]  Adding pre-launch library to game classpath: .\.ichor\ichormodule-libs\net_fabricmc_fabric_loader_0_15_11-lunar-0.1.0.jar
[2024-06-20 22:08:10.760] [info]  [22:08:10] [Genesis/GameBootstrap/main/INFO] Launching Minecraft 1.20.1 v1_20_1 (parsed from 1.20.1)
[2024-06-20 22:08:11.702] [info]  [22:08:11] [Ichor+Fabric/main/INFO] Using custom local mod path: C:\Users\Asus\.lunarclient\profiles\35533a66-fbe4-4c9e-b96c-b47d7554e254\versions\0.0.4\mods
[2024-06-20 22:08:16.469] [info]  LUNARCLIENT_STATUS_PREINIT
[2024-06-20 22:08:16.470] [info]  [22:08:16] [Genesis/GameBootstrap/main/INFO] Starting game!
[2024-06-20 22:08:17.025] [info]  [22:08:17] [IchorPipeline/main/INFO] Built mapping set for com.moonsworth.lunar.ichor.CRCIRCHCIOCCIHRCHCHOHICRI.RHOCIORRHROCOHOOCRHHRRHCI.IHCRIIIICOROROOCCIHHHHCRI.RHCRCHHICCCIIHIIIHIIRROOO 355ms on thread main
[2024-06-20 22:08:17.377] [info]  [22:08:17] [IchorPipeline/main/INFO] Loading Mixin runtime for META_MIXIN
[2024-06-20 22:08:17.618] [info]  [22:08:17] [Ichor/mixin(META_MIXIN)/INFO] SpongePowered MIXIN Subsystem Version=0.8.5 Source=Unknown Service=Ichor Env=CLIENT
[2024-06-20 22:08:18.281] [info]  [22:08:18] [IchorPipeline/main/INFO] Loading Mixin runtime for MIXIN
[2024-06-20 22:08:18.913] [info]  [22:08:18] [Ichor/mixin(MIXIN)/INFO] SpongePowered MIXIN Subsystem Version=0.8.5 Source=Unknown Service=Ichor Env=CLIENT
[2024-06-20 22:08:19.500] [info]  [22:08:19] [IchorPipeline/main/INFO] Done loading Mixin runtimes in 2111ms
[2024-06-20 22:08:19.500] [info]  [22:08:19] [IchorPipeline/main/INFO] Setting up mixins for META_MIXIN
[2024-06-20 22:08:19.642] [info]  [22:08:19] [IchorPipeline/main/INFO] Setting up mixins for MIXIN
[2024-06-20 22:08:19.644] [info]  [22:08:19] [Ichor/main/INFO] Mixin config mixins.modern.json doesn't exist in IchorClassLoader(MIXIN)
[2024-06-20 22:08:19.645] [info]  [22:08:19] [Ichor/main/INFO] Mixin config mixins.modern_lunar.json doesn't exist in IchorClassLoader(MIXIN)
[2024-06-20 22:08:20.011] [info]  [22:08:20] [IchorPipeline/main/INFO] Done registering Mixins in 523ms
[2024-06-20 22:08:20.011] [info]  [22:08:20] [IchorPipeline/main/INFO] Going to default mixins stage for META_MIXIN
[2024-06-20 22:08:20.945] [info]  [22:08:20] [Ichor/mixin(META_MIXIN)/WARN] Catching java.lang.ClassNotFoundException: IchorClassLoader(META_MIXIN) couldn't find class bytes for net/coderbot/iris/compat/sodium/mixin/options/MixinSodiumOptionsGUI (checked [net.coderbot.iris.compat.sodium.mixin.options.MixinSodiumOptionsGUI]).
[2024-06-20 22:08:20.946] [info]  java.lang.ClassNotFoundException: IchorClassLoader(META_MIXIN) couldn't find class bytes for net/coderbot/iris/compat/sodium/mixin/options/MixinSodiumOptionsGUI (checked [net.coderbot.iris.compat.sodium.mixin.options.MixinSodiumOptionsGUI]).
[2024-06-20 22:08:20.947] [info]  	at com.moonsworth.lunar.ichor.IOCOHCCRCOHRICRRHOOICHIHO.CHICRROIHCCHIOHOIIIOCCCOR(Unknown Source)
[2024-06-20 22:08:20.947] [info]  	at IchorClassLoader(META_MIXIN)//com.moonsworth.lunar.ichor.COCICHIRHCIIORIIHRCOOROHH.IOCOHCCRCOHRICRRHOOICHIHO.IOCOHCCRCOHRICRRHOOICHIHO.getClassNode(Unknown Source)
[2024-06-20 22:08:20.947] [info]  	at IchorClassLoader(META_MIXIN)//com.moonsworth.lunar.ichor.COCICHIRHCIIORIIHRCOOROHH.IOCOHCCRCOHRICRRHOOICHIHO.IOCOHCCRCOHRICRRHOOICHIHO.getClassNode(Unknown Source)
[2024-06-20 22:08:20.948] [info]  	at IchorClassLoader(META_MIXIN)//org.spongepowered.asm.mixin.transformer.ClassInfo.forName(Unknown Source)
[2024-06-20 22:08:20.948] [info]  	at IchorClassLoader(META_MIXIN)//org.spongepowered.asm.mixin.transformer.MixinInfo.getTargetClass(Unknown Source)
[2024-06-20 22:08:20.948] [info]  	at IchorClassLoader(META_MIXIN)//org.spongepowered.asm.mixin.transformer.MixinInfo.readTargetClasses(Unknown Source)
[2024-06-20 22:08:20.948] [info]  	at IchorClassLoader(META_MIXIN)//org.spongepowered.asm.mixin.transformer.MixinInfo.parseTargets(Unknown Source)
[2024-06-20 22:08:20.949] [info]  	at IchorClassLoader(META_MIXIN)//org.spongepowered.asm.mixin.transformer.MixinConfig.prepareMixins(Unknown Source)
[2024-06-20 22:08:20.949] [info]  	at IchorClassLoader(META_MIXIN)//org.spongepowered.asm.mixin.transformer.MixinConfig.prepare(Unknown Source)
[2024-06-20 22:08:20.949] [info]  	at IchorClassLoader(META_MIXIN)//org.spongepowered.asm.mixin.transformer.MixinProcessor.prepareConfigs(Unknown Source)
[2024-06-20 22:08:20.950] [info]  	at IchorClassLoader(META_MIXIN)//org.spongepowered.asm.mixin.transformer.MixinProcessor.select(Unknown Source)
[2024-06-20 22:08:20.950] [info]  	at IchorClassLoader(META_MIXIN)//org.spongepowered.asm.mixin.transformer.MixinProcessor.checkSelect(Unknown Source)
[2024-06-20 22:08:20.950] [info]  	at java.base/jdk.internal.reflect.DirectMethodHandleAccessor.invoke(Unknown Source)
[2024-06-20 22:08:20.950] [info]  	at java.base/java.lang.reflect.Method.invoke(Unknown Source)
[2024-06-20 22:08:20.951] [info]  	at IchorClassLoader(META_MIXIN)//org.spongepowered.asm.mixin.transformer.MixinProxyImpl.gotoDefaultPhase(Unknown Source)
[2024-06-20 22:08:20.951] [info]  	at com.moonsworth.lunar.ichor.IHCRIIIICOROROOCCIHHHHCRI.RCOIIRRHOORIOROOROICRHHOR(Unknown Source)
[2024-06-20 22:08:20.951] [info]  	at com.moonsworth.lunar.ichor.IHCRIIIICOROROOCCIHHHHCRI.RHOCIORRHROCOHOOCRHHRRHCI(Unknown Source)
[2024-06-20 22:08:20.952] [info]  	at com.moonsworth.lunar.ichor.IHCRIIIICOROROOCCIHHHHCRI.RHOCIORRHROCOHOOCRHHRRHCI(Unknown Source)
[2024-06-20 22:08:20.952] [info]  	at com.moonsworth.lunar.ichor.IHCRIIIICOROROOCCIHHHHCRI.RHOCIORRHROCOHOOCRHHRRHCI(Unknown Source)
[2024-06-20 22:08:20.952] [info]  	at com.moonsworth.lunar.ichor.IRCIHCHCCHHOCORRHRCCORROC.RHOCIORRHROCOHOOCRHHRRHCI(Unknown Source)
[2024-06-20 22:08:20.953] [info]  	at com.moonsworth.lunar.genesis.CRCIRCHCIOCCIHRCHCHOHICRI.findClass(Unknown Source)
[2024-06-20 22:08:20.953] [info]  	at com.moonsworth.lunar.genesis.CRCIRCHCIOCCIHRCHCHOHICRI.loadClass(Unknown Source)
[2024-06-20 22:08:20.953] [info]  	at java.base/java.lang.ClassLoader.loadClass(Unknown Source)
[2024-06-20 22:08:20.953] [info]  	at java.base/java.lang.Class.forName0(Native Method)
[2024-06-20 22:08:20.953] [info]  	at java.base/java.lang.Class.forName(Unknown Source)
[2024-06-20 22:08:20.954] [info]  	at java.base/java.lang.Class.forName(Unknown Source)
[2024-06-20 22:08:20.954] [info]  	at com.moonsworth.lunar.genesis.ClientGameBootstrap.apply(Unknown Source)
[2024-06-20 22:08:20.954] [info]  	at java.base/jdk.internal.reflect.DirectMethodHandleAccessor.invoke(Unknown Source)
[2024-06-20 22:08:20.955] [info]  	at java.base/java.lang.reflect.Method.invoke(Unknown Source)
[2024-06-20 22:08:20.955] [info]  	at com.moonsworth.lunar.genesis.IOCOHCCRCOHRICRRHOOICHIHO.RHOCIORRHROCOHOOCRHHRRHCI(Unknown Source)
[2024-06-20 22:08:20.955] [info]  	at com.moonsworth.lunar.genesis.Genesis.run(Unknown Source)
[2024-06-20 22:08:20.955] [info]  	at com.moonsworth.lunar.genesis.Genesis.main(Unknown Source)
[2024-06-20 22:08:20.956] [info]  [22:08:20] [Ichor/mixin(META_MIXIN)/WARN] Error loading class: net/coderbot/iris/compat/sodium/mixin/options/MixinSodiumOptionsGUI (java.lang.ClassNotFoundException: IchorClassLoader(META_MIXIN) couldn't find class bytes for net/coderbot/iris/compat/sodium/mixin/options/MixinSodiumOptionsGUI (checked [net.coderbot.iris.compat.sodium.mixin.options.MixinSodiumOptionsGUI]).)
[2024-06-20 22:08:20.956] [info]  [22:08:20] [Ichor/mixin(META_MIXIN)/WARN] @Mixin target net.coderbot.iris.compat.sodium.mixin.options.MixinSodiumOptionsGUI was not found mixins.meta.ichor.sodium.v1_20_1.json:RHOCIORRHROCOHOOCRHHRRHCI from mod (unknown)
[2024-06-20 22:08:20.974] [info]  [22:08:20] [IchorPipeline/main/INFO] Going to default mixins stage for MIXIN
[2024-06-20 22:08:20.992] [info]  [22:08:20] [Ichor/MixinExtras|Service(META_MIXIN)/INFO] Initializing MixinExtras via com.llamalad7.mixinextras.service.MixinExtrasServiceImpl(version=0.3.5).
[2024-06-20 22:08:22.492] [info]  [22:08:22] [main/INFO]: Loaded configuration file for Lithium: 115 options available, 1 override(s) found
[2024-06-20 22:08:22.523] [info]  [22:08:22] [main/WARN]: [Satin] Iris is present, custom block renders will not work
[2024-06-20 22:08:22.535] [info]  [22:08:22] [main/INFO]: Loaded configuration file for Sodium: 42 options available, 3 override(s) found
[2024-06-20 22:08:22.614] [info]  [22:08:22] [main/INFO]: Loaded configuration file for Sodium Extra: 34 options available, 0 override(s) found
[2024-06-20 22:08:28.829] [info]  [22:08:28] [Ichor/mixin(MIXIN)/WARN] Catching java.lang.ClassNotFoundException: IchorClassLoader(MIXIN) couldn't find class bytes for net/optifine/render/ChunkVisibility (checked [net.optifine.render.ChunkVisibility]).
[2024-06-20 22:08:28.830] [info]  [22:08:28] [Ichor/mixin(MIXIN)/WARN] Error loading class: net/optifine/render/ChunkVisibility (java.lang.ClassNotFoundException: IchorClassLoader(MIXIN) couldn't find class bytes for net/optifine/render/ChunkVisibility (checked [net.optifine.render.ChunkVisibility]).)
[2024-06-20 22:08:28.830] [info]  [22:08:28] [Ichor/mixin(MIXIN)/WARN] Catching java.lang.ClassNotFoundException: IchorClassLoader(MIXIN) couldn't find class bytes for shadersmod/client/ShadersRender (checked [shadersmod.client.ShadersRender]).
[2024-06-20 22:08:28.831] [info]  [22:08:28] [Ichor/mixin(MIXIN)/WARN] Error loading class: shadersmod/client/ShadersRender (java.lang.ClassNotFoundException: IchorClassLoader(MIXIN) couldn't find class bytes for shadersmod/client/ShadersRender (checked [shadersmod.client.ShadersRender]).)
[2024-06-20 22:08:28.831] [info]  [22:08:28] [Ichor/mixin(MIXIN)/WARN] Catching java.lang.ClassNotFoundException: IchorClassLoader(MIXIN) couldn't find class bytes for net/optifine/shaders/ShadersRender (checked [net.optifine.shaders.ShadersRender]).
[2024-06-20 22:08:28.831] [info]  [22:08:28] [Ichor/mixin(MIXIN)/WARN] Error loading class: net/optifine/shaders/ShadersRender (java.lang.ClassNotFoundException: IchorClassLoader(MIXIN) couldn't find class bytes for net/optifine/shaders/ShadersRender (checked [net.optifine.shaders.ShadersRender]).)
[2024-06-20 22:08:28.943] [info]  [22:08:28] [Ichor/mixin(MIXIN)/WARN] Catching java.lang.ClassNotFoundException: IchorClassLoader(MIXIN) couldn't find class bytes for net/coderbot/iris/uniforms/CommonUniforms (checked [net.coderbot.iris.uniforms.CommonUniforms]).
[2024-06-20 22:08:28.943] [info]  [22:08:28] [Ichor/mixin(MIXIN)/WARN] Error loading class: net/coderbot/iris/uniforms/CommonUniforms (java.lang.ClassNotFoundException: IchorClassLoader(MIXIN) couldn't find class bytes for net/coderbot/iris/uniforms/CommonUniforms (checked [net.coderbot.iris.uniforms.CommonUniforms]).)
[2024-06-20 22:08:28.944] [info]  [22:08:28] [Ichor/mixin(MIXIN)/WARN] Catching java.lang.ClassNotFoundException: IchorClassLoader(MIXIN) couldn't find class bytes for net/coderbot/iris/Iris (checked [net.coderbot.iris.Iris]).
[2024-06-20 22:08:28.944] [info]  [22:08:28] [Ichor/mixin(MIXIN)/WARN] Error loading class: net/coderbot/iris/Iris (java.lang.ClassNotFoundException: IchorClassLoader(MIXIN) couldn't find class bytes for net/coderbot/iris/Iris (checked [net.coderbot.iris.Iris]).)
[2024-06-20 22:08:28.987] [info]  [22:08:28] [Ichor/mixin(MIXIN)/WARN] Catching java.lang.ClassNotFoundException: IchorClassLoader(MIXIN) couldn't find class bytes for net/coderbot/iris/pipeline/HandRenderer (checked [net.coderbot.iris.pipeline.HandRenderer]).
[2024-06-20 22:08:28.988] [info]  [22:08:28] [Ichor/mixin(MIXIN)/WARN] Error loading class: net/coderbot/iris/pipeline/HandRenderer (java.lang.ClassNotFoundException: IchorClassLoader(MIXIN) couldn't find class bytes for net/coderbot/iris/pipeline/HandRenderer (checked [net.coderbot.iris.pipeline.HandRenderer]).)
[2024-06-20 22:08:31.372] [info]  [22:08:31] [main/WARN]: Force-disabling mixin 'alloc.blockstate.StateMixin' as rule 'mixin.alloc.blockstate' (added by mods [ferritecore]) disables it and children
[2024-06-20 22:08:31.935] [info]  [22:08:31] [Ichor/mixin(MIXIN)/WARN] Catching java.lang.ClassNotFoundException: IchorClassLoader(MIXIN) couldn't find class bytes for dev/tr7zw/skinlayers/Config (checked [dev.tr7zw.skinlayers.Config]).
[2024-06-20 22:08:31.936] [info]  [22:08:31] [Ichor/mixin(MIXIN)/WARN] Error loading class: dev/tr7zw/skinlayers/Config (java.lang.ClassNotFoundException: IchorClassLoader(MIXIN) couldn't find class bytes for dev/tr7zw/skinlayers/Config (checked [dev.tr7zw.skinlayers.Config]).)
[2024-06-20 22:08:31.976] [info]  [22:08:31] [main/WARN]: Force-disabling mixin 'features.render.entity.CuboidMixin' as rule 'mixin.features.render.entity' (added by mods [iris]) disables it and children
[2024-06-20 22:08:31.977] [info]  [22:08:31] [main/WARN]: Force-disabling mixin 'features.render.entity.ModelPartMixin' as rule 'mixin.features.render.entity' (added by mods [iris]) disables it and children
[2024-06-20 22:08:31.978] [info]  [22:08:31] [main/WARN]: Force-disabling mixin 'features.render.entity.cull.EntityRendererMixin' as rule 'mixin.features.render.entity' (added by mods [iris]) disables it and children
[2024-06-20 22:08:31.980] [info]  [22:08:31] [main/WARN]: Force-disabling mixin 'features.render.entity.shadows.EntityRenderDispatcherMixin' as rule 'mixin.features.render.entity' (added by mods [iris]) disables it and children
[2024-06-20 22:08:31.981] [info]  [22:08:31] [main/WARN]: Force-disabling mixin 'features.render.gui.font.GlyphRendererMixin' as rule 'mixin.features.render.gui.font' (added by mods [iris]) disables it and children
[2024-06-20 22:08:31.998] [info]  [22:08:31] [main/WARN]: Force-disabling mixin 'features.render.world.sky.BackgroundRendererMixin' as rule 'mixin.features.render.world.sky' (added by mods [iris]) disables it and children
[2024-06-20 22:08:32.000] [info]  [22:08:32] [main/WARN]: Force-disabling mixin 'features.render.world.sky.ClientWorldMixin' as rule 'mixin.features.render.world.sky' (added by mods [iris]) disables it and children
[2024-06-20 22:08:32.000] [info]  [22:08:32] [main/WARN]: Force-disabling mixin 'features.render.world.sky.WorldRendererMixin' as rule 'mixin.features.render.world.sky' (added by mods [iris]) disables it and children
[2024-06-20 22:08:32.167] [info]  [22:08:32] [Ichor/mixin(MIXIN)/WARN] Catching java.lang.ClassNotFoundException: IchorClassLoader(MIXIN) couldn't find class bytes for net/coderbot/batchedentityrendering/impl/FullyBufferedMultiBufferSource (checked [net.coderbot.batchedentityrendering.impl.FullyBufferedMultiBufferSource]).
[2024-06-20 22:08:32.167] [info]  [22:08:32] [Ichor/mixin(MIXIN)/WARN] Error loading class: net/coderbot/batchedentityrendering/impl/FullyBufferedMultiBufferSource (java.lang.ClassNotFoundException: IchorClassLoader(MIXIN) couldn't find class bytes for net/coderbot/batchedentityrendering/impl/FullyBufferedMultiBufferSource (checked [net.coderbot.batchedentityrendering.impl.FullyBufferedMultiBufferSource]).)
[2024-06-20 22:08:32.168] [info]  [22:08:32] [Ichor/mixin(MIXIN)/WARN] @Mixin target net.coderbot.batchedentityrendering.impl.FullyBufferedMultiBufferSource was not found mixins.ichor.sodium.v1_20_1.json:CRCIRCHCIOCCIHRCHCHOHICRI from mod (unknown)
[2024-06-20 22:08:32.168] [info]  [22:08:32] [Ichor/mixin(MIXIN)/WARN] Catching java.lang.ClassNotFoundException: IchorClassLoader(MIXIN) couldn't find class bytes for net/coderbot/batchedentityrendering/impl/FullyBufferedMultiBufferSource$UnflushableWrapper (checked [net.coderbot.batchedentityrendering.impl.FullyBufferedMultiBufferSource$UnflushableWrapper]).
[2024-06-20 22:08:32.168] [info]  [22:08:32] [Ichor/mixin(MIXIN)/WARN] Error loading class: net/coderbot/batchedentityrendering/impl/FullyBufferedMultiBufferSource$UnflushableWrapper (java.lang.ClassNotFoundException: IchorClassLoader(MIXIN) couldn't find class bytes for net/coderbot/batchedentityrendering/impl/FullyBufferedMultiBufferSource$UnflushableWrapper (checked [net.coderbot.batchedentityrendering.impl.FullyBufferedMultiBufferSource$UnflushableWrapper]).)
[2024-06-20 22:08:32.169] [info]  [22:08:32] [Ichor/mixin(MIXIN)/WARN] @Mixin target net.coderbot.batchedentityrendering.impl.FullyBufferedMultiBufferSource$UnflushableWrapper was not found mixins.ichor.sodium.v1_20_1.json:CRCIRCHCIOCCIHRCHCHOHICRI from mod (unknown)
[2024-06-20 22:08:32.169] [info]  [22:08:32] [Ichor/mixin(MIXIN)/WARN] Catching java.lang.ClassNotFoundException: IchorClassLoader(MIXIN) couldn't find class bytes for net/coderbot/iris/config/IrisConfig (checked [net.coderbot.iris.config.IrisConfig]).
[2024-06-20 22:08:32.169] [info]  [22:08:32] [Ichor/mixin(MIXIN)/WARN] Error loading class: net/coderbot/iris/config/IrisConfig (java.lang.ClassNotFoundException: IchorClassLoader(MIXIN) couldn't find class bytes for net/coderbot/iris/config/IrisConfig (checked [net.coderbot.iris.config.IrisConfig]).)
[2024-06-20 22:08:32.169] [info]  [22:08:32] [Ichor/mixin(MIXIN)/WARN] @Mixin target net.coderbot.iris.config.IrisConfig was not found mixins.ichor.sodium.v1_20_1.json:IHCRIIIICOROROOCCIHHHHCRI from mod (unknown)
[2024-06-20 22:08:32.169] [info]  [22:08:32] [Ichor/mixin(MIXIN)/WARN] Catching java.lang.ClassNotFoundException: IchorClassLoader(MIXIN) couldn't find class bytes for net/coderbot/iris/Iris (checked [net.coderbot.iris.Iris]).
[2024-06-20 22:08:32.170] [info]  [22:08:32] [Ichor/mixin(MIXIN)/WARN] Error loading class: net/coderbot/iris/Iris (java.lang.ClassNotFoundException: IchorClassLoader(MIXIN) couldn't find class bytes for net/coderbot/iris/Iris (checked [net.coderbot.iris.Iris]).)
[2024-06-20 22:08:32.170] [info]  [22:08:32] [Ichor/mixin(MIXIN)/WARN] @Mixin target net.coderbot.iris.Iris was not found mixins.ichor.sodium.v1_20_1.json:COCICHIRHCIIORIIHRCOOROHH from mod (unknown)
[2024-06-20 22:08:32.473] [info]  [22:08:32] [IchorPipeline/main/INFO] Mixin runtimes prepared in 12461ms
[2024-06-20 22:08:32.473] [info]  [22:08:32] [IchorPipeline/main/INFO] Initialized Mixin in 15096ms
[2024-06-20 22:08:32.477] [info]  [22:08:32] [Ichor/MixinExtras|Service(MIXIN)/INFO] Initializing MixinExtras via com.llamalad7.mixinextras.service.MixinExtrasServiceImpl(version=0.3.5).
[2024-06-20 22:08:33.256] [info]  [Bridge] Setting Bridge Implementation to com.moonsworth.lunar.IIIICORICOICIRRHCHIIHROIC.IOCOHCCRCOHRICRRHOOICHIHO
[2024-06-20 22:08:34.796] [info]  [Bridge] Found textures dir: C:\Users\Asus\.lunarclient\textures
[2024-06-20 22:08:34.821] [info]  Completely ignored arguments: [--workingDirectory, ., --webosrDir, C:\Users\Asus\.lunarclient\offline\multiver\natives, --classpathDir, ., --ichorExternalFiles, Fabric-API-v1_20_1-0.90.7.jar,FerriteCore-v1_20_1-6.0.0.jar,Lithium-v1_20_1-0.11.2.jar,Noxesium-v1_20_1-1.0.3.jar,Noxesium_API-v1_20_1-1.0.3.jar,ReplayMod-v1_20_1-2.6.14.jar,Sodium-v1_20_1-0.5.8.jar,Indium-v1_20_1-1.0.30.jar,Iris-v1_20_1-1.6.17.jar,hypixel-quickplay-data.json,hypixel-bedwars-data.json,hypixel-skyblock-dungeon-rooms.json, --ichorClassPath, common-0.1.0-SNAPSHOT-all.jar,lunar-fabric-mixins-0.1.0-SNAPSHOT-all.jar,genesis-0.1.0-SNAPSHOT-all.jar,lunar-lang.jar,lunar-emote.jar,lunar.jar,modern-0.1.0-SNAPSHOT-all.jar,lunar-ferrite-mixins-0.1.0-SNAPSHOT-all.jar,lunar-lithium-mixins-0.1.0-SNAPSHOT-all.jar,lunar-noxesium-mixins-0.1.0-SNAPSHOT-all.jar,lunar-replaymod-fabric-mixins-0.1.0-SNAPSHOT-all.jar,lunar-sodium-mixins-0.1.0-SNAPSHOT-all.jar, --uiDir, C:\Users\Asus\.lunarclient\ui]
[2024-06-20 22:08:40.222] [info]  [22:08:40] [Datafixer Bootstrap/INFO]: 188 Datafixer optimizations took 115 milliseconds
[2024-06-20 22:08:40.929] [info]  [22:08:40] [Ichor/mixin(MIXIN)/WARN] Method overwrite conflict for getConnection in fabric-networking-api-v1.mixins.json:accessor.ServerPlayNetworkHandlerAccessor from mod (unknown), previously written by carpet.mixins.ServerGamePacketListenerImpl_coreMixin. Skipping method.
[2024-06-20 22:08:42.952] [info]  [22:08:42] [Ichor/mixin(MIXIN)/WARN] @Redirect conflict. Skipping mixins.modern_lunar_combined.json:HHRIIHHROCICOCHRCICRIOHRH.IOCOHCCRCOHRICRRHOOICHIHO.IOCOHCCRCOHRICRRHOOICHIHO.IOCOHCCRCOHRICRRHOOICHIHO.RHOCIORRHROCOHOOCRHHRRHCI from mod (unknown)->@Redirect::lunar$fireTooltipEvent(Lnet/minecraft/client/gui/GuiGraphics;Lnet/minecraft/client/gui/Font;Ljava/util/List;Ljava/util/Optional;II)V with priority 200, already redirected by shulkerboxtooltip-fabric.mixins.json:client.fabric.HandledScreenMixin from mod (unknown)->@Redirect::lockTooltipPosition(Lnet/minecraft/client/gui/GuiGraphics;Lnet/minecraft/client/gui/Font;Ljava/util/List;Ljava/util/Optional;II)V with priority 1000
[2024-06-20 22:08:42.952] [info]  [22:08:42] [IchorPipeline/
[2024-06-20 22:08:42.952] [info]  Render thread/INFO] Restoring net.minecraft.client.gui.screens.inventory.AbstractContainerScreen to backup before Mixin application
[2024-06-20 22:08:42.953] [info]  [22:08:42] [Render thread/INFO]: [STDERR]: org.spongepowered.asm.mixin.transformer.throwables.MixinTransformerError: An unexpected critical error was encountered
[2024-06-20 22:08:42.953] [info]  [22:08:42] [Render thread/INFO]: [STDERR]: 	at IchorClassLoader(MIXIN)//org.spongepowered.asm.mixin.transformer.MixinProcessor.applyMixins(Unknown Source)
[2024-06-20 22:08:42.954] [info]  [22:08:42] [Render thread/INFO]: [STDERR]: 	at IchorClassLoader(MIXIN)//org.spongepowered.asm.mixin.transformer.MixinTransformer.transformClass(Unknown Source)
[2024-06-20 22:08:42.954] [info]  [22:08:42] [Render thread/INFO]: [STDERR]: 	at IchorClassLoader(MIXIN)//org.spongepowered.asm.mixin.transformer.MixinProxyImpl.transformClassNode(Unknown Source)
[2024-06-20 22:08:42.954] [info]  [22:08:42] [Render thread/INFO]: [STDERR]: 	at com.moonsworth.lunar.ichor.IHCRIIIICOROROOCCIHHHHCRI.RHOCIORRHROCOHOOCRHHRRHCI(Unknown Source)
[2024-06-20 22:08:42.954] [info]  [22:08:42] [Render thread/INFO]: [STDERR]: 	at com.moonsworth.lunar.ichor.IHCRIIIICOROROOCCIHHHHCRI.RHOCIORRHROCOHOOCRHHRRHCI(Unknown Source)
[2024-06-20 22:08:42.955] [info]  [22:08:42] [Render thread/INFO]: [STDERR]: 	at com.moonsworth.lunar.ichor.IRCIHCHCCHHOCORRHRCCORROC.RHOCIORRHROCOHOOCRHHRRHCI(Unknown Source)
[2024-06-20 22:08:42.955] [info]  [22:08:42] [Render thread/INFO]: [STDERR]: 	at com.moonsworth.lunar.genesis.CRCIRCHCIOCCIHRCHCHOHICRI.findClass(Unknown Source)
[2024-06-20 22:08:42.955] [info]  [22:08:42] [Render thread/INFO]: [STDERR]: 	at com.moonsworth.lunar.genesis.CRCIRCHCIOCCIHRCHCHOHICRI.loadClass(Unknown Source)
[2024-06-20 22:08:42.955] [info]  [22:08:42] [Render thread/INFO]: [STDERR]: 	at java.base/java.lang.ClassLoader.loadClass(Unknown Source)
[2024-06-20 22:08:42.955] [info]  [22:08:42] [Render thread/INFO]: [STDERR]: 	at java.base/java.lang.ClassLoader.defineClass1(Native Method)
[2024-06-20 22:08:42.956] [info]  [22:08:42] [Render thread/INFO]: [STDERR]: 	at java.base/java.lang.ClassLoader.defineClass(Unknown Source)
[2024-06-20 22:08:42.956] [info]  [22:08:42] [Render thread/INFO]: [STDERR]: 	at java.base/java.lang.ClassLoader.defineClass(Unknown Source)
[2024-06-20 22:08:42.956] [info]  [22:08:42] [Render thread/INFO]: [STDERR]: 	at com.moonsworth.lunar.genesis.CRCIRCHCIOCCIHRCHCHOHICRI.findClass(Unknown Source)
[2024-06-20 22:08:42.956] [info]  [22:08:42] [Render thread/INFO]: [STDERR]: 	at com.moonsworth.lunar.genesis.CRCIRCHCIOCCIHRCHCHOHICRI.loadClass(Unknown Source)
[2024-06-20 22:08:42.957] [info]  [22:08:42] [Render thread/INFO]: [STDERR]: 	at java.base/java.lang.ClassLoader.loadClass(Unknown Source)
[2024-06-20 22:08:42.957] [info]  [22:08:42] [Render thread/INFO]: [STDERR]: 	at java.base/java.lang.ClassLoader.defineClass1(Native Method)
[2024-06-20 22:08:42.957] [info]  [22:08:42] [Render thread/INFO]: [STDERR]: 	at java.base/java.lang.ClassLoader.defineClass(Unknown Source)
[2024-06-20 22:08:42.957] [info]  [22:08:42] [Render thread/INFO]: [STDERR]: 	at java.base/java.lang.ClassLoader.defineClass(Unknown Source)
[2024-06-20 22:08:42.958] [info]  [22:08:42] [Render thread/INFO]: [STDERR]: 	at com.moonsworth.lunar.genesis.CRCIRCHCIOCCIHRCHCHOHICRI.findClass(Unknown Source)
[2024-06-20 22:08:42.958] [info]  [22:08:42] [Render thread/INFO]: [STDERR]: 	at com.moonsworth.lunar.genesis.CRCIRCHCIOCCIHRCHCHOHICRI.loadClass(Unknown Source)
[2024-06-20 22:08:42.958] [info]  [22:08:42] [Render thread/INFO]: [STDERR]: 	at java.base/java.lang.ClassLoader.loadClass(Unknown Source)
[2024-06-20 22:08:42.958] [info]  [22:08:42] [Render thread/INFO]: [STDERR]: 	at Genesis//net.minecraft.client.main.Main.redirect$zbd000$impl$main$minecraft(SourceFile:656)
[2024-06-20 22:08:42.958] [info]  [22:08:42] [Render thread/INFO]: [STDERR]: 	at Genesis//net.minecraft.client.main.Main.main(SourceFile:211)
[2024-06-20 22:08:42.959] [info]  [22:08:42] [Render thread/INFO]: [STDERR]: 	at java.base/jdk.internal.reflect.DirectMethodHandleAccessor.invoke(Unknown Source)
[2024-06-20 22:08:42.959] [info]  [22:08:42] [Render thread/INFO]: [STDERR]: 	at java.base/java.lang.reflect.Method.invoke(Unknown Source)
[2024-06-20 22:08:42.959] [info]  [22:08:42] [Render thread/INFO]: [STDERR]: 	at com.moonsworth.lunar.genesis.ClientGameBootstrap.apply(Unknown Source)
[2024-06-20 22:08:42.959] [info]  [22:08:42] [Render thread/INFO]: [STDERR]: 	at java.base/jdk.internal.reflect.DirectMethodHandleAccessor.invoke(Unknown Source)
[2024-06-20 22:08:42.960] [info]  [22:08:42] [Render thread/INFO]: [STDERR]: 	at java.base/java.lang.reflect.Method.invoke(Unknown Source)
[2024-06-20 22:08:42.960] [info]  [22:08:42] [Render thread/INFO]: [STDERR]: 	at com.moonsworth.lunar.genesis.IOCOHCCRCOHRICRRHOOICHIHO.RHOCIORRHROCOHOOCRHHRRHCI(Unknown Source)
[2024-06-20 22:08:42.960] [info]  [22:08:42] [Render thread/INFO]: [STDERR]: 	at com.moonsworth.lunar.genesis.Genesis.run(Unknown Source)
[2024-06-20 22:08:42.960] [info]  [22:08:42] [Render thread/INFO]: [STDERR]: 	at com.moonsworth.lunar.genesis.Genesis.main(Unknown Source)
[2024-06-20 22:08:42.960] [info]  [22:08:42] [Render thread/INFO]: [STDERR]: Caused by: org.spongepowered.asm.mixin.injection.throwables.InjectionError: Critical injection failure: Redirector lunar$fireTooltipEvent(Lnet/minecraft/client/gui/GuiGraphics;Lnet/minecraft/client/gui/Font;Ljava/util/List;Ljava/util/Optional;II)V in mixins.modern_lunar_combined.json:HHRIIHHROCICOCHRCICRIOHRH.IOCOHCCRCOHRICRRHOOICHIHO.IOCOHCCRCOHRICRRHOOICHIHO.IOCOHCCRCOHRICRRHOOICHIHO.RHOCIORRHROCOHOOCRHHRRHCI from mod (unknown) failed injection check, (0/1) succeeded. Scanned 1 target(s). No refMap loaded.
[2024-06-20 22:08:42.961] [info]  [22:08:42] [Render thread/INFO]: [STDERR]: 	at IchorClassLoader(MIXIN)//org.spongepowered.asm.mixin.injection.struct.InjectionInfo.postInject(Unknown Source)
[2024-06-20 22:08:42.961] [info]  [22:08:42] [Render thread/INFO]: [STDERR]: 	at IchorClassLoader(MIXIN)//org.spongepowered.asm.mixin.transformer.MixinTargetContext.applyInjections(Unknown Source)
[2024-06-20 22:08:42.961] [info]  [22:08:42] [Render thread/INFO]: [STDERR]: 	at IchorClassLoader(MIXIN)//org.spongepowered.asm.mixin.transformer.MixinApplicatorStandard.applyInjections(Unknown Source)
[2024-06-20 22:08:42.961] [info]  [22:08:42] [Render thread/INFO]: [STDERR]: 	at IchorClassLoader(MIXIN)//org.spongepowered.asm.mixin.transformer.MixinApplicatorStandard.applyMixin(Unknown Source)
[2024-06-20 22:08:42.962] [info]  [22:08:42] [Render thread/INFO]: [STDERR]: 	at IchorClassLoader(MIXIN)//org.spongepowered.asm.mixin.transformer.MixinApplicatorStandard.apply(Unknown Source)
[2024-06-20 22:08:42.962] [info]  [22:08:42] [Render thread/INFO]: [STDERR]: 	at IchorClassLoader(MIXIN)//org.spongepowered.asm.mixin.transformer.TargetClassContext.apply(Unknown Source)
[2024-06-20 22:08:42.963] [info]  [22:08:42] [Render thread/INFO]: [STDERR]: 	at IchorClassLoader(MIXIN)//org.spongepowered.asm.mixin.transformer.TargetClassContext.applyMixins(Unknown Source)
[2024-06-20 22:08:42.963] [info]  [22:08:42] [Render thread/INFO]: [STDERR]: 	at IchorClassLoader(MIXIN)//org.spongepowered.asm.mixin.transformer.MixinProcessor.applyMixins(Unknown Source)
[2024-06-20 22:08:42.963] [info]  [22:08:42] [Render thread/INFO]: [STDERR]: 	... 30 more
[2024-06-20 22:08:43.897] [info]  [22:08:43] [Ichor/mixin(MIXIN)/WARN] @Redirect conflict. Skipping mixins.modern_lunar_combined.json:HHRIIHHROCICOCHRCICRIOHRH.IOCOHCCRCOHRICRRHOOICHIHO.IOCOHCCRCOHRICRRHOOICHIHO.IOCOHCCRCOHRICRRHOOICHIHO.RHOCIORRHROCOHOOCRHHRRHCI from mod (unknown)->@Redirect::lunar$fireTooltipEvent(Lnet/minecraft/client/gui/GuiGraphics;Lnet/minecraft/client/gui/Font;Ljava/util/List;Ljava/util/Optional;II)V with priority 200, already redirected by shulkerboxtooltip-fabric.mixins.json:client.fabric.HandledScreenMixin from mod (unknown)->@Redirect::lockTooltipPosition(Lnet/minecraft/client/gui/GuiGraphics;Lnet/minecraft/client/gui/Font;Ljava/util/List;Ljava/util/Optional;II)V with priority 1000
[2024-06-20 22:08:43.898] [info]  [22:08:43] [IchorPipeline/Render thread/INFO] Restoring net.minecraft.client.gui.screens.inventory.AbstractContainerScreen to backup before Mixin application
[2024-06-20 22:08:43.898] [info]  [22:08:43] [Render thread/INFO]: [STDERR]: org.spongepowered.asm.mixin.transformer.throwables.MixinTransformerError: An unexpected critical error was encountered
[2024-06-20 22:08:43.899] [info]  [22:08:43] [Render thread/INFO]: [STDERR]: 	at IchorClassLoader(MIXIN)//org.spongepowered.asm.mixin.transformer.MixinProcessor.applyMixins(Unknown Source)
[2024-06-20 22:08:43.899] [info]  [22:08:43] [Render thread/INFO]: [STDERR]: 	at IchorClassLoader(MIXIN)//org.spongepowered.asm.mixin.transformer.MixinTransformer.transformClass(Unknown Source)
[2024-06-20 22:08:43.899] [info]  [22:08:43] [Render thread/INFO]: [STDERR]: 	at IchorClassLoader(MIXIN)//org.spongepowered.asm.mixin.transformer.MixinProxyImpl.transformClassNode(Unknown Source)
[2024-06-20 22:08:43.899] [info]  [22:08:43] [Render thread/INFO]: [STDERR]: 	at com.moonsworth.lunar.ichor.IHCRIIIICOROROOCCIHHHHCRI.RHOCIORRHROCOHOOCRHHRRHCI(Unknown Source)
[2024-06-20 22:08:43.900] [info]  [22:08:43] [Render thread/INFO]: [STDERR]: 	at com.moonsworth.lunar.ichor.IHCRIIIICOROROOCCIHHHHCRI.RHOCIORRHROCOHOOCRHHRRHCI(Unknown Source)
[2024-06-20 22:08:43.900] [info]  [22:08:43] [Render thread/INFO]: [STDERR]: 	at com.moonsworth.lunar.ichor.IRCIHCHCCHHOCORRHRCCORROC.RHOCIORRHROCOHOOCRHHRRHCI(Unknown Source)
[2024-06-20 22:08:43.900] [info]  [22:08:43] [Render thread/INFO]: [STDERR]: 	at com.moonsworth.lunar.genesis.CRCIRCHCIOCCIHRCHCHOHICRI.findClass(Unknown Source)
[2024-06-20 22:08:43.900] [info]  [22:08:43] [Render thread/INFO]: [STDERR]: 	at com.moonsworth.lunar.genesis.CRCIRCHCIOCCIHRCHCHOHICRI.loadClass(Unknown Source)
[2024-06-20 22:08:43.901] [info]  [22:08:43] [Render thread/INFO]: [STDERR]: 	at java.base/java.lang.ClassLoader.loadClass(Unknown Source)
[2024-06-20 22:08:43.901] [info]  [22:08:43] [Render thread/INFO]: [STDERR]: 	at java.base/java.lang.ClassLoader.defineClass1(Native Method)
[2024-06-20 22:08:43.901] [info]  [22:08:43] [Render thread/INFO]: [STDERR]: 	at java.base/java.lang.ClassLoader.defineClass(Unknown Source)
[2024-06-20 22:08:43.901] [info]  [22:08:43] [Render thread/INFO]: [STDERR]: 	at java.base/java.lang.ClassLoader.defineClass(Unknown Source)
[2024-06-20 22:08:43.902] [info]  [22:08:43] [Render thread/INFO]: [STDERR]: 	at com.moonsworth.lunar.genesis.CRCIRCHCIOCCIHRCHCHOHICRI.findClass(Unknown Source)
[2024-06-20 22:08:43.902] [info]  [22:08:43] [Render thread/INFO]: [STDERR]: 	at com.moonsworth.lunar.genesis.CRCIRCHCIOCCIHRCHCHOHICRI.loadClass(Unknown Source)
[2024-06-20 22:08:43.902] [info]  [22:08:43] [Render thread/INFO]: [STDERR]: 	at java.base/java.lang.ClassLoader.loadClass(Unknown Source)
[2024-06-20 22:08:43.902] [info]  [22:08:43] [Render thread/INFO]: [STDERR]: 	at java.base/java.lang.ClassLoader.defineClass1(Native Method)
[2024-06-20 22:08:43.902] [info]  [22:08:43] [Render thread/INFO]: [STDERR]: 	at java.base/java.lang.ClassLoader.defineClass(Unknown Source)
[2024-06-20 22:08:43.903] [info]  [22:08:43] [Render thread/INFO]: [STDERR]: 	at java.base/java.lang.ClassLoader.defineClass(Unknown Source)
[2024-06-20 22:08:43.903] [info]  [22:08:43] [Render thread/INFO]: [STDERR]: 	at com.moonsworth.lunar.genesis.CRCIRCHCIOCCIHRCHCHOHICRI.findClass(Unknown Source)
[2024-06-20 22:08:43.903] [info]  [22:08:43] [Render thread/INFO]: [STDERR]: 	at com.moonsworth.lunar.genesis.CRCIRCHCIOCCIHRCHCHOHICRI.loadClass(Unknown Source)
[2024-06-20 22:08:43.903] [info]  [22:08:43] [Render thread/INFO]: [STDERR]: 	at java.base/java.lang.ClassLoader.loadClass(Unknown Source)
[2024-06-20 22:08:43.904] [info]  [22:08:43] [Render thread/INFO]: [STDERR]: 	at Genesis//net.minecraft.client.main.Main.main(SourceFile:220)
[2024-06-20 22:08:43.904] [info]  [22:08:43] [Render thread/INFO]: [STDERR]: 	at java.base/jdk.internal.reflect.DirectMethodHandleAccessor.invoke(Unknown Source)
[2024-06-20 22:08:43.904] [info]  [22:08:43] [Render thread/INFO]: [STDERR]: 	at java.base/java.lang.reflect.Method.invoke(Unknown Source)
[2024-06-20 22:08:43.904] [info]  [22:08:43] [Render thread/INFO]: [STDERR]: 	at com.moonsworth.lunar.genesis.ClientGameBootstrap.apply(Unknown Source)
[2024-06-20 22:08:43.905] [info]  [22:08:43] [Render thread/INFO]: [STDERR]: 	at java.base/jdk.internal.reflect.DirectMethodHandleAccessor.invoke(Unknown Source)
[2024-06-20 22:08:43.905] [info]  [22:08:43] [Render thread/INFO]: [STDERR]: 	at java.base/java.lang.reflect.Method.invoke(Unknown Source)
[2024-06-20 22:08:43.905] [info]  [22:08:43] [Render thread/INFO]: [STDERR]: 	at com.moonsworth.lunar.genesis.IOCOHCCRCOHRICRRHOOICHIHO.RHOCIORRHROCOHOOCRHHRRHCI(Unknown Source)
[2024-06-20 22:08:43.905] [info]  [22:08:43] [Render thread/INFO]: [STDERR]: 	at com.moonsworth.lunar.genesis.Genesis.run(Unknown Source)
[2024-06-20 22:08:43.905] [info]  [22:08:43] [Render thread/INFO]: [STDERR]: 	at com.moonsworth.lunar.genesis.Genesis.main(Unknown Source)
[2024-06-20 22:08:43.906] [info]  [22:08:43] [Render thread/INFO]: [STDERR]: Caused by: org.spongepowered.asm.mixin.injection.throwables.InjectionError: Critical injection failure: Redirector lunar$fireTooltipEvent(Lnet/minecraft/client/gui/GuiGraphics;Lnet/minecraft/client/gui/Font;Ljava/util/List;Ljava/util/Optional;II)V in mixins.modern_lunar_combined.json:HHRIIHHROCICOCHRCICRIOHRH.IOCOHCCRCOHRICRRHOOICHIHO.IOCOHCCRCOHRICRRHOOICHIHO.IOCOHCCRCOHRICRRHOOICHIHO.RHOCIORRHROCOHOOCRHHRRHCI from mod (unknown) failed injection check, (0/1) succeeded. Scanned 1 target(s). No refMap loaded.
[2024-06-20 22:08:43.906] [info]  [22:08:43] [Render thread/INFO]: [STDERR]: 	at IchorClassLoader(MIXIN)//org.spongepowered.asm.mixin.injection.struct.InjectionInfo.postInject(Unknown Source)
[2024-06-20 22:08:43.906] [info]  [22:08:43] [Render thread/INFO]: [STDERR]: 	at IchorClassLoader(MIXIN)//org.spongepowered.asm.mixin.transformer.MixinTargetContext.applyInjections(Unknown Source)
[2024-06-20 22:08:43.906] [info]  [22:08:43] [Render thread/INFO]: [STDERR]: 	at IchorClassLoader(MIXIN)//org.spongepowered.asm.mixin.transformer.MixinApplicatorStandard.applyInjections(Unknown Source)
[2024-06-20 22:08:43.907] [info]  [22:08:43] [Render thread/INFO]: [STDERR]: 	at IchorClassLoader(MIXIN)//org.spongepowered.asm.mixin.transformer.MixinApplicatorStandard.applyMixin(Unknown Source)
[2024-06-20 22:08:43.907] [info]  [22:08:43] [Render thread/INFO]: [STDERR]: 	at IchorClassLoader(MIXIN)//org.spongepowered.asm.mixin.transformer.MixinApplicatorStandard.apply(Unknown Source)
[2024-06-20 22:08:43.907] [info]  [22:08:43] [Render thread/INFO]: [STDERR]: 	at IchorClassLoader(MIXIN)//org.spongepowered.asm.mixin.transformer.TargetClassContext.apply(Unknown Source)
[2024-06-20 22:08:43.907] [info]  [22:08:43] [Render thread/INFO]: [STDERR]: 	at IchorClassLoader(MIXIN)//org.spongepowered.asm.mixin.transformer.TargetClassContext.applyMixins(Unknown Source)
[2024-06-20 22:08:43.907] [info]  [22:08:43] [Render thread/INFO]: [STDERR]: 	at IchorClassLoader(MIXIN)//org.spongepowered.asm.mixin.transformer.MixinProcessor.applyMixins(Unknown Source)
[2024-06-20 22:08:43.908] [info]  [22:08:43] [Render thread/INFO]: [STDERR]: 	... 29 more
[2024-06-20 22:08:43.908] [info]  [22:08:43] [Render thread/INFO]: [STDERR]: An error occurred while launching Lunar Client.
[2024-06-20 22:08:43.908] [info]  [22:08:43] [Render thread/INFO]: [STDERR]: java.lang.IllegalStateException: Failed to boot Minecraft
[2024-06-20 22:08:43.909] [info]  [22:08:43] [Render thread/INFO]: [STDERR]: 	at com.moonsworth.lunar.genesis.ClientGameBootstrap.apply(Unknown Source)
[2024-06-20 22:08:43.909] [info]  [22:08:43] [Render thread/INFO]: [STDERR]: 	at java.base/jdk.internal.reflect.DirectMethodHandleAccessor.invoke(Unknown Source)
[2024-06-20 22:08:43.909] [info]  [22:08:43] [Render thread/INFO]: [STDERR]: 	at java.base/java.lang.reflect.Method.invoke(Unknown Source)
[2024-06-20 22:08:43.909] [info]  [22:08:43] [Render thread/INFO]: [STDERR]: 	at com.moonsworth.lunar.genesis.IOCOHCCRCOHRICRRHOOICHIHO.RHOCIORRHROCOHOOCRHHRRHCI(Unknown Source)
[2024-06-20 22:08:43.910] [info]  [22:08:43] [Render thread/INFO]: [STDERR]: 	at com.moonsworth.lunar.genesis.Genesis.run(Unknown Source)
[2024-06-20 22:08:43.910] [info]  [22:08:43] [Render thread/INFO]: [STDERR]: 	at com.moonsworth.lunar.genesis.Genesis.main(Unknown Source)
[2024-06-20 22:08:43.910] [info]  [22:08:43] [Render thread/INFO]: [STDERR]: Caused by: java.lang.reflect.InvocationTargetException
[2024-06-20 22:08:43.910] [info]  [22:08:43] [Render thread/INFO]: [STDERR]: 	at java.base/jdk.internal.reflect.DirectMethodHandleAccessor.invoke(Unknown Source)
[2024-06-20 22:08:43.910] [info]  [22:08:43] [Render thread/INFO]: [STDERR]: 	at java.base/java.lang.reflect.Method.invoke(Unknown Source)
[2024-06-20 22:08:43.911] [info]  [22:08:43] [Render thread/INFO]: [STDERR]: 	at com.moonsworth.lunar.genesis.ClientGameBootstrap.apply(Unknown Source)
[2024-06-20 22:08:43.911] [info]  [22:08:43] [Render thread/INFO]: [STDERR]: 	... 5 more
[2024-06-20 22:08:43.911] [info]  [22:08:43] [Render thread/INFO]: [STDERR]: Caused by: com.moonsworth.lunar.ichor.util.FatalIchorError: [Genesis] Failed to apply MIXIN to net.minecraft.client.gui.screens.inventory.AbstractContainerScreen
[2024-06-20 22:08:43.911] [info]  [22:08:43] [Render thread/INFO]: [STDERR]: 	at com.moonsworth.lunar.ichor.IHCRIIIICOROROOCCIHHHHCRI.RHOCIORRHROCOHOOCRHHRRHCI(Unknown Source)
[2024-06-20 22:08:43.911] [info]  [22:08:43] [Render thread/INFO]: [STDERR]: 	at com.moonsworth.lunar.ichor.IHCRIIIICOROROOCCIHHHHCRI.RHOCIORRHROCOHOOCRHHRRHCI(Unknown Source)
[2024-06-20 22:08:43.912] [info]  [22:08:43] [Render thread/INFO]: [STDERR]: 	at com.moonsworth.lunar.ichor.IRCIHCHCCHHOCORRHRCCORROC.RHOCIORRHROCOHOOCRHHRRHCI(Unknown Source)
[2024-06-20 22:08:43.912] [info]  [22:08:43] [Render thread/INFO]: [STDERR]: 	at com.moonsworth.lunar.genesis.CRCIRCHCIOCCIHRCHCHOHICRI.findClass(Unknown Source)
[2024-06-20 22:08:43.912] [info]  [22:08:43] [Render thread/INFO]: [STDERR]: 	at com.moonsworth.lunar.genesis.CRCIRCHCIOCCIHRCHCHOHICRI.loadClass(Unknown Source)
[2024-06-20 22:08:43.912] [info]  [22:08:43] [Render thread/INFO]: [STDERR]: 	at java.base/java.lang.ClassLoader.loadClass(Unknown Source)
[2024-06-20 22:08:43.912] [info]  [22:08:43] [Render thread/INFO]: [STDERR]: 	at java.base/java.lang.ClassLoader.defineClass1(Native Method)
[2024-06-20 22:08:43.913] [info]  [22:08:43] [Render thread/INFO]: [STDERR]: 	at java.base/java.lang.ClassLoader.defineClass(Unknown Source)
[2024-06-20 22:08:43.913] [info]  [22:08:43] [Render thread/INFO]: [STDERR]: 	at java.base/java.lang.ClassLoader.defineClass(Unknown Source)
[2024-06-20 22:08:43.913] [info]  [22:08:43] [Render thread/INFO]: [STDERR]: 	at com.moonsworth.lunar.genesis.CRCIRCHCIOCCIHRCHCHOHICRI.findClass(Unknown Source)
[2024-06-20 22:08:43.913] [info]  [22:08:43] [Render thread/INFO]: [STDERR]: 	at com.moonsworth.lunar.genesis.CRCIRCHCIOCCIHRCHCHOHICRI.loadClass(Unknown Source)
[2024-06-20 22:08:43.913] [info]  [22:08:43] [Render thread/INFO]: [STDERR]: 	at java.base/java.lang.ClassLoader.loadClass(Unknown Source)
[2024-06-20 22:08:43.914] [info]  [22:08:43] [Render thread/INFO]: [STDERR]: 	at java.base/java.lang.ClassLoader.defineClass1(Native Method)
[2024-06-20 22:08:43.914] [info]  [22:08:43] [Render thread/INFO]: [STDERR]: 	at java.base/java.lang.ClassLoader.defineClass(Unknown Source)
[2024-06-20 22:08:43.914] [info]  [22:08:43] [Render thread/INFO]: [STDERR]: 	at java.base/java.lang.ClassLoader.defineClass(Unknown Source)
[2024-06-20 22:08:43.914] [info]  [22:08:43] [Render thread/INFO]: [STDERR]: 	at com.moonsworth.lunar.genesis.CRCIRCHCIOCCIHRCHCHOHICRI.findClass(Unknown Source)
[2024-06-20 22:08:43.915] [info]  [22:08:43] [Render thread/INFO]: [STDERR]: 	at com.moonsworth.lunar.genesis.CRCIRCHCIOCCIHRCHCHOHICRI.loadClass(Unknown Source)
[2024-06-20 22:08:43.915] [info]  [22:08:43] [Render thread/INFO]: [STDERR]: 	at java.base/java.lang.ClassLoader.loadClass(Unknown Source)
[2024-06-20 22:08:43.915] [info]  [22:08:43] [Render thread/INFO]: [STDERR]: 	at Genesis//net.minecraft.client.main.Main.main(SourceFile:220)
[2024-06-20 22:08:43.916] [info]  [22:08:43] [Render thread/INFO]: [STDERR]: 	... 8 more
[2024-06-20 22:08:43.916] [info]  [22:08:43] [Render thread/INFO]: [STDERR]: Caused by: com.moonsworth.lunar.ichor.COCICHIRHCIIORIIHRCOOROHH.RHOCIORRHROCOHOOCRHHRRHCI: Failed to apply Mixins to net.minecraft.client.gui.screens.inventory.AbstractContainerScreen.
[2024-06-20 22:08:43.916] [info]  [22:08:43] [Render thread/INFO]: [STDERR]: 	at IchorClassLoader(MIXIN)//org.spongepowered.asm.mixin.transformer.MixinProxyImpl.transformClassNode(Unknown Source)
[2024-06-20 22:08:43.916] [info]  [22:08:43] [Render thread/INFO]: [STDERR]: 	at com.moonsworth.lunar.ichor.IHCRIIIICOROROOCCIHHHHCRI.RHOCIORRHROCOHOOCRHHRRHCI(Unknown Source)
[2024-06-20 22:08:43.916] [info]  [22:08:43] [Render thread/INFO]: [STDERR]: 	... 26 more
[2024-06-20 22:08:43.917] [info]  [22:08:43] [Render thread/INFO]: [STDERR]: Caused by: org.spongepowered.asm.mixin.transformer.throwables.MixinTransformerError: An unexpected critical error was encountered
[2024-06-20 22:08:43.917] [info]  [22:08:43] [Render thread/INFO]: [STDERR]: 	at IchorClassLoader(MIXIN)//org.spongepowered.asm.mixin.transformer.MixinProcessor.applyMixins(Unknown Source)
[2024-06-20 22:08:43.917] [info]  [22:08:43] [Render thread/INFO]: [STDERR]: 	at IchorClassLoader(MIXIN)//org.spongepowered.asm.mixin.transformer.MixinTransformer.transformClass(Unknown Source)
[2024-06-20 22:08:43.917] [info]  [22:08:43] [Render thread/INFO]: [STDERR]: 	at IchorClassLoader(MIXIN)//org.spongepowered.asm.mixin.transformer.MixinProxyImpl.transformClassNode(Unknown Source)
[2024-06-20 22:08:43.917] [info]  [22:08:43] [Render thread/INFO]: [STDERR]: 	... 27 more
[2024-06-20 22:08:43.918] [info]  [22:08:43] [Render thread/INFO]: [STDERR]: Caused by: org.spongepowered.asm.mixin.injection.throwables.InjectionError: Critical injection failure: Redirector lunar$fireTooltipEvent(Lnet/minecraft/client/gui/GuiGraphics;Lnet/minecraft/client/gui/Font;Ljava/util/List;Ljava/util/Optional;II)V in mixins.modern_lunar_combined.json:HHRIIHHROCICOCHRCICRIOHRH.IOCOHCCRCOHRICRRHOOICHIHO.IOCOHCCRCOHRICRRHOOICHIHO.IOCOHCCRCOHRICRRHOOICHIHO.RHOCIORRHROCOHOOCRHHRRHCI from mod (unknown) failed injection check, (0/1) succeeded. Scanned 1 target(s). No refMap loaded.
[2024-06-20 22:08:43.918] [info]  [22:08:43] [Render thread/INFO]: [STDERR]: 	at IchorClassLoader(MIXIN)//org.spongepowered.asm.mixin.injection.struct.InjectionInfo.postInject(Unknown Source)
[2024-06-20 22:08:43.918] [info]  [22:08:43] [Render thread/INFO]: [STDERR]: 	at IchorClassLoader(MIXIN)//org.spongepowered.asm.mixin.transformer.MixinTargetContext.applyInjections(Unknown Source)
[2024-06-20 22:08:43.918] [info]  [22:08:43] [Render thread/INFO]: [STDERR]: 	at IchorClassLoader(MIXIN)//org.spongepowered.asm.mixin.transformer.MixinApplicatorStandard.applyInjections(Unknown Source)
[2024-06-20 22:08:43.918] [info]  [22:08:43] [Render thread/INFO]: [STDERR]: 	at IchorClassLoader(MIXIN)//org.spongepowered.asm.mixin.transformer.MixinApplicatorStandard.applyMixin(Unknown Source)
[2024-06-20 22:08:43.919] [info]  [22:08:43] [Render thread/INFO]: [STDERR]: 	at IchorClassLoader(MIXIN)//org.spongepowered.asm.mixin.transformer.MixinApplicatorStandard.apply(Unknown Source)
[2024-06-20 22:08:43.919] [info]  [22:08:43] [Render thread/INFO]: [STDERR]: 	at IchorClassLoader(MIXIN)//org.spongepowered.asm.mixin.transformer.TargetClassContext.apply(Unknown Source)
[2024-06-20 22:08:43.919] [info]  [22:08:43] [Render thread/INFO]: [STDERR]: 	at IchorClassLoader(MIXIN)//org.spongepowered.asm.mixin.transformer.TargetClassContext.applyMixins(Unknown Source)
[2024-06-20 22:08:43.920] [info]  [22:08:43] [Render thread/INFO]: [STDERR]: 	at IchorClassLoader(MIXIN)//org.spongepowered.asm.mixin.transformer.MixinProcessor.applyMixins(Unknown Source)
[2024-06-20 22:08:43.920] [info]  [22:08:43] [Render thread/INFO]: [STDERR]: 	... 29 more
[2024-06-20 22:08:43.920] [info]  [22:08:43] [Render thread/INFO]: [STDERR]: Sending Sentry with this report...
[2024-06-20 22:08:43.920] [info]  [22:08:43] [Render thread/INFO]: [STDERR]: Sending event to Sentry: 23a46c3bf78947b4886f57f9d1b464ea (java.lang.IllegalStateException: Failed to boot Minecraft)
[2024-06-20 22:08:43.920] [error] 
[2024-06-20 22:08:43.921] [error] Exception: java.lang.NoClassDefFoundError thrown from the UncaughtExceptionHandler in thread "Client Shutdown Thread"
[2024-06-20 22:08:43.921] [info]  [22:08:11] [WARN] [FabricLoader/Resolution]: Warnings were found!
[2024-06-20 22:08:43.921] [info]   - Mod 'Sodium Extra' (sodium-extra) 0.5.4+mc1.20.1-build.115 recommends version 1.4.2 or later of reeses-sodium-options, which is missing!
[2024-06-20 22:08:43.922] [info]  	 - You should install version 1.4.2 or later of reeses-sodium-options for the optimal experience.
