[2024-06-19 18:06:23.520] [error] NOTE: Picked up JDK_JAVA_OPTIONS: -XX:+DisableAttachMechanism
[2024-06-19 18:06:23.525] [error] Picked up JAVA_TOOL_OPTIONS: -XX:+DisableAttachMechanism
[2024-06-19 18:06:23.526] [error] Picked up _JAVA_OPTIONS: -XX:+DisableAttachMechanism
[2024-06-19 18:06:23.740] [info]  [18:06:23] [Genesis
[2024-06-19 18:06:23.740] [info]  /main/INFO] Found external file: Fabric-API-v1_20_1-0.90.7.jar
[2024-06-19 18:06:23.744] [info]  [18:06:23] [Genesis/main/INFO] 
[2024-06-19 18:06:23.744] [info]  Found external file: FerriteCore-v1_20_1-6.0.0.jar
[2024-06-19 18:06:23.745] [info]  [18:06:23] [Genesis/main/INFO] Found external file: Lithium-v1_20_1-0.11.2.jar
[2024-06-19 18:06:23.745] [info]  [18:06:23] [Genesis/main/INFO] Found external file: Noxesium-v1_20_1-1.0.3.jar
[2024-06-19 18:06:23.746] [info]  [18:06:23] [Genesis/main/INFO] Found external file: Noxesium_API-v1_20_1-1.0.3.jar
[2024-06-19 18:06:23.746] [info]  [18:06:23] [Genesis/main/INFO] Found external file: ReplayMod-v1_20_1-2.6.14.jar
[2024-06-19 18:06:23.746] [info]  [18:06:23] [Genesis/main/INFO] Found external file: Sodium-v1_20_1-0.5.8.jar
[2024-06-19 18:06:23.746] [info]  [18:06:23] [Genesis/main/INFO] Found external file: Indium-v1_20_1-1.0.30.jar
[2024-06-19 18:06:23.747] [info]  [18:06:23] [Genesis/main/INFO] Found external file: Iris-v1_20_1-1.6.17.jar
[2024-06-19 18:06:23.747] [info]  [18:06:23] [Genesis/main/INFO] Found external file: hypixel-quickplay-data.json
[2024-06-19 18:06:23.747] [info]  [18:06:23] [Genesis/main/INFO] Found external file: hypixel-bedwars-data.json
[2024-06-19 18:06:23.748] [info]  [18:06:23] [Genesis/main/INFO] Found external file: hypixel-skyblock-dungeon-rooms.json
[2024-06-19 18:06:23.796] [info]  [18:06:23] [Genesis/main/INFO] Found classpath URL: common-0.1.0-SNAPSHOT-all.jar with SHA-1 hash d55f1b0ac13c8a0e4adc1d3072d23059c44d26b8
[2024-06-19 18:06:23.798] [info]  [18:06:23] [Genesis/main/INFO] 
[2024-06-19 18:06:23.798] [info]  Found classpath URL: lunar-fabric-mixins-0.1.0-SNAPSHOT-all.jar with SHA-1 hash 500ac97175fa953c59c311a3387b0d6c72cf5dba
[2024-06-19 18:06:23.809] [info]  [18:06:23] [Genesis/main/INFO] Found classpath URL: genesis-0.1.0-SNAPSHOT-all.jar with SHA-1 hash 444937f4ede76553b24bff14153b5d9e35687eb2
[2024-06-19 18:06:23.810] [info]  [18:06:23] [Genesis
[2024-06-19 18:06:23.811] [info]  /main/INFO] Found classpath URL: lunar-lang.jar with SHA-1 hash 32a7e666acdc5ff9de8ce454b9390b6bd2bc9177
[2024-06-19 18:06:23.811] [info]  [18:06:23] [Genesis/
[2024-06-19 18:06:23.812] [info]  main/INFO] Found classpath URL: lunar-emote.jar with SHA-1 hash b04f3ee8f5e43fa3b162981b50bb72fe1acabb33
[2024-06-19 18:06:23.845] [info]  [18:06:23] [Genesis/main/INFO] Found classpath URL: lunar.jar with SHA-1 hash 7ae8b4c716d4afeeca6354f3a4b2bb4f5302869a
[2024-06-19 18:06:23.857] [info]  [18:06:23] [Genesis/main/INFO
[2024-06-19 18:06:23.858] [info]  ] Found classpath URL: modern-0.1.0-SNAPSHOT-all.jar with SHA-1 hash 1b16b6bc92071b52ebc358659a8f371324df0a45
[2024-06-19 18:06:23.858] [info]  [18:06:23] [Genesis/main/INFO] Found classpath URL: lunar-ferrite-mixins-0.1.0-SNAPSHOT-all.jar with SHA-1 hash 557af8afbc5a3a2dd1082d6c1d89d0924d9148a7
[2024-06-19 18:06:23.859] [info]  [18:06:23] [Genesis/
[2024-06-19 18:06:23.859] [info]  main/INFO] Found classpath URL: lunar-lithium-mixins-0.1.0-SNAPSHOT-all.jar with SHA-1 hash 6bddb75b7b546461fe3906061ed6b69c96459fc2
[2024-06-19 18:06:23.860] [info]  [18:06:23] [Genesis/
[2024-06-19 18:06:23.860] [info]  main/INFO] Found classpath URL: lunar-noxesium-mixins-0.1.0-SNAPSHOT-all.jar with SHA-1 hash 9ef6225eb7368f6fa9728dd8d086f284b70e6e95
[2024-06-19 18:06:23.861] [info]  [18:06:23] [
[2024-06-19 18:06:23.861] [info]  Genesis/main/INFO] Found classpath URL: lunar-replaymod-fabric-mixins-0.1.0-SNAPSHOT-all.jar with SHA-1 hash d597c36d0c2ff4f04ca99579bbfe849ed80f8dbd
[2024-06-19 18:06:23.863] [info]  [18:06:23
[2024-06-19 18:06:23.863] [info]  ] [Genesis/main/INFO] Found classpath URL: lunar-sodium-mixins-0.1.0-SNAPSHOT-all.jar with SHA-1 hash e5611315574ee949cf2389d5c899eca8eef9c8a3
[2024-06-19 18:06:24.562] [info]  [18:06:24] [Genesis/main/INFO] Adding pre-launch library to game classpath: .\.ichor\ichormodule-libs\net_fabricmc_fabric_loader_0_15_11-lunar-0.1.0.jar
[2024-06-19 18:06:24.641] [info]  [18:06:24] [Genesis/GameBootstrap/main/INFO] Launching Minecraft 1.20.1 v1_20_1 (parsed from 1.20.1)
[2024-06-19 18:06:25.789] [info]  [18:06:25] [Ichor+Fabric/main/INFO] Using custom local mod path: C:\Users\Asus\.lunarclient\profiles\1357f16e-9418-48f0-952e-22e2d749b4cd\versions\0.0.4\mods
[2024-06-19 18:06:26.134] [error] An error occurred while launching Lunar Client.
[2024-06-19 18:06:26.135] [error] com.moonsworth.lunar.ichor.util.FatalIchorError: [Bootstrap#Game] Failed to bootstrap fabric-loader
[2024-06-19 18:06:26.135] [error] 	at com.moonsworth.RHOCIORRHROCOHOOCRHHRRHCI.IHCRIIIICOROROOCCIHHHHCRI.RHOCIORRHROCOHOOCRHHRRHCI(Unknown Source)
[2024-06-19 18:06:26.135] [error] 	at com.moonsworth.RHOCIORRHROCOHOOCRHHRRHCI.COCICHIRHCIIORIIHRCOOROHH.HHRIIHHROCICOCHRCICRIOHRH(Unknown Source)
[2024-06-19 18:06:26.136] [error] 	at com.moonsworth.lunar.ichor.IRCIHCHCCHHOCORRHRCCORROC.IOCOHCCRCOHRICRRHOOICHIHO(Unknown Source)
[2024-06-19 18:06:26.136] [error] 	at java.base/java.util.ArrayList.forEach(Unknown Source)
[2024-06-19 18:06:26.136] [error] 	at com.moonsworth.lunar.ichor.IRCIHCHCCHHOCORRHRCCORROC.<init>(Unknown Source)
[2024-06-19 18:06:26.136] [error] 	at com.moonsworth.lunar.genesis.ClientGameBootstrap.apply(Unknown Source)
[2024-06-19 18:06:26.137] [error] 	at java.base/jdk.internal.reflect.DirectMethodHandleAccessor.invoke(Unknown Source)
[2024-06-19 18:06:26.137] [error] 	at java.base/java.lang.reflect.Method.invoke(Unknown Source)
[2024-06-19 18:06:26.137] [error] 	at com.moonsworth.lunar.genesis.IOCOHCCRCOHRICRRHOOICHIHO.RHOCIORRHROCOHOOCRHHRRHCI(Unknown Source)
[2024-06-19 18:06:26.137] [error] 	at com.moonsworth.lunar.genesis.Genesis.run(Unknown Source)
[2024-06-19 18:06:26.138] [error] 	at com.moonsworth.lunar.genesis.Genesis.main(Unknown Source)
[2024-06-19 18:06:26.138] [error] Caused by: net.fabricmc.loader.impl.discovery.ModResolutionException: Some of your mods are incompatible with the game or each other!
[2024-06-19 18:06:26.138] [error] A potential solution has been determined, this may resolve your problem:
[2024-06-19 18:06:26.138] [error] 	 - Replace mod 'Sodium' (sodium) 0.5.1 with version 0.5.1 that is compatible with:
[2024-06-19 18:06:26.138] [error] 		 - iris 1.6.4
[2024-06-19 18:06:26.139] [error] 		 - reeses-sodium-options 1.6.3+mc1.20.1-build.92
[2024-06-19 18:06:26.139] [error] 		 - sodium-extra 0.4.20+mc1.20-build.103
[2024-06-19 18:06:26.139] [error] More details:
[2024-06-19 18:06:26.139] [error] 	 - Mod 'Sodium' (sodium) 0.5.1 is incompatible with any version before 1.6.5 of mod 'Iris' (iris), but a matching version is present: 1.6.4!
[2024-06-19 18:06:26.139] [error] 	 - Mod 'Sodium' (sodium) 0.5.1 is incompatible with any version before 1.6.4 of mod 'Reese's Sodium Options' (reeses-sodium-options), but a matching version is present: 1.6.3+mc1.20.1-build.92!
[2024-06-19 18:06:26.140] [error] 	 - Mod 'Sodium' (sodium) 0.5.1 is incompatible with any version before 0.5.0 of mod 'Sodium Extra' (sodium-extra), but a matching version is present: 0.4.20+mc1.20-build.103!
[2024-06-19 18:06:26.140] [error] 	at net.fabricmc.loader.impl.discovery.ModResolver.findCompatibleSet(ModResolver.java:148)
[2024-06-19 18:06:26.140] [error] 	at net.fabricmc.loader.impl.discovery.ModResolver.resolve(ModResolver.java:45)
[2024-06-19 18:06:26.140] [error] 	at com.moonsworth.RHOCIORRHROCOHOOCRHHRRHCI.CCOCCHORCHCOCCROCHOIOICOI.IHHIIOHOIHRHRIHICIICOCIOI(Unknown Source)
[2024-06-19 18:06:26.140] [error] 	at com.moonsworth.RHOCIORRHROCOHOOCRHHRRHCI.CCOCCHORCHCOCCROCHOIOICOI.RHOCIORRHROCOHOOCRHHRRHCI(Unknown Source)
[2024-06-19 18:06:26.141] [error] 	at com.moonsworth.RHOCIORRHROCOHOOCRHHRRHCI.IHCRIIIICOROROOCCIHHHHCRI.RHOCIORRHROCOHOOCRHHRRHCI(Unknown Source)
[2024-06-19 18:06:26.141] [error] 	... 10 more
[2024-06-19 18:06:26.141] [error] Skipping Sentry report due to filter regex.
[2024-06-19 18:06:26.141] [info]  [18:06:26] [WARN] [FabricLoader/Resolution]: Mod resolution failed
[2024-06-19 18:06:26.142] [info]  [18:06:26] [INFO] [FabricLoader/Resolution]: Immediate reason: [HARD_DEP indium 1.0.24+mc1.20.1 {depends sodium @ [0.5.1]}, HARD_DEP_NO_CANDIDATE indium 1.0.21+mc1.20.1 {depends sodium @ [0.4.10]}, NEG_HARD_DEP sodium 0.5.1 {breaks iris @ [<1.6.5]}, ROOT_FORCELOAD indium, ROOT_FORCELOAD_SINGLE iris 1.6.4]
[2024-06-19 18:06:26.142] [info]  [18:06:26] [INFO] [FabricLoader/Resolution]: Reason: [NEG_HARD_DEP sodium 0.5.1 {breaks iris @ [<1.6.5]}, NEG_HARD_DEP sodium 0.5.1 {breaks reeses-sodium-options @ [<1.6.4]}, NEG_HARD_DEP sodium 0.5.1 {breaks sodium-extra @ [<0.5.0]}]
[2024-06-19 18:06:26.142] [info]  [18:06:26] [INFO] [FabricLoader/Resolution]: Fix: add [], remove [], replace [[sodium 0.5.1] -> add:sodium 0.5.1 ([[0.5.1,0.5.1]])]
