[2024-06-22 15:39:26.927] [error] NOTE: Picked up JDK_JAVA_OPTIONS: -XX:+DisableAttachMechanism
[2024-06-22 15:39:26.930] [error] Picked up JAVA_TOOL_OPTIONS: -XX:+DisableAttachMechanism
[2024-06-22 15:39:26.931] [error] Picked up _JAVA_OPTIONS: -XX:+DisableAttachMechanism
[2024-06-22 15:39:27.141] [info]  [15:39:27] [Genesis/
[2024-06-22 15:39:27.141] [info]  main/INFO] Found external file: Fabric-API-v1_20_1-0.90.7.jar
[2024-06-22 15:39:27.144] [info]  [15:39:27] [Genesis/main/INFO] 
[2024-06-22 15:39:27.145] [info]  Found external file: FerriteCore-v1_20_1-6.0.0.jar
[2024-06-22 15:39:27.146] [info]  [15:39:27] [Genesis/main/INFO] Found external file: Lithium-v1_20_1-0.11.2.jar
[2024-06-22 15:39:27.146] [info]  [15:39:27] [Genesis/main/INFO] Found external file: Noxesium-v1_20_1-1.0.3.jar
[2024-06-22 15:39:27.147] [info]  [15:39:27] [Genesis/main/INFO] Found external file: Noxesium_API-v1_20_1-1.0.3.jar
[2024-06-22 15:39:27.147] [info]  [15:39:27] [Genesis/main/INFO] Found external file: ReplayMod-v1_20_1-2.6.14.jar
[2024-06-22 15:39:27.147] [info]  [15:39:27] [Genesis/main/INFO] Found external file: Sodium-v1_20_1-0.5.8.jar
[2024-06-22 15:39:27.148] [info]  [15:39:27] [Genesis/main/INFO] Found external file: Indium-v1_20_1-1.0.30.jar
[2024-06-22 15:39:27.148] [info]  [15:39:27] [Genesis/main/INFO] Found external file: Iris-v1_20_1-1.6.17.jar
[2024-06-22 15:39:27.148] [info]  [15:39:27] [Genesis/main/INFO] Found external file: hypixel-quickplay-data.json
[2024-06-22 15:39:27.148] [info]  [15:39:27] [Genesis/main/INFO] 
[2024-06-22 15:39:27.149] [info]  Found external file: hypixel-bedwars-data.json
[2024-06-22 15:39:27.149] [info]  [15:39:27] [Genesis/main/INFO] Found external file: hypixel-skyblock-dungeon-rooms.json
[2024-06-22 15:39:27.196] [info]  [15:39:27] [Genesis/main/INFO] 
[2024-06-22 15:39:27.197] [info]  Found classpath URL: common-0.1.0-SNAPSHOT-all.jar with SHA-1 hash d55f1b0ac13c8a0e4adc1d3072d23059c44d26b8
[2024-06-22 15:39:27.197] [info]  [15:39:27] [Genesis
[2024-06-22 15:39:27.198] [info]  /main/INFO] Found classpath URL: lunar-fabric-mixins-0.1.0-SNAPSHOT-all.jar with SHA-1 hash 500ac97175fa953c59c311a3387b0d6c72cf5dba
[2024-06-22 15:39:27.209] [info]  [15:39:27] [Genesis/main/INFO] Found classpath URL: genesis-0.1.0-SNAPSHOT-all.jar with SHA-1 hash 444937f4ede76553b24bff14153b5d9e35687eb2
[2024-06-22 15:39:27.210] [info]  [15:39:27] [
[2024-06-22 15:39:27.211] [info]  Genesis/main/INFO] Found classpath URL: lunar-lang.jar with SHA-1 hash 32a7e666acdc5ff9de8ce454b9390b6bd2bc9177
[2024-06-22 15:39:27.211] [info]  [15:39:27] [Genesis/
[2024-06-22 15:39:27.211] [info]  main/INFO] Found classpath URL: lunar-emote.jar with SHA-1 hash b04f3ee8f5e43fa3b162981b50bb72fe1acabb33
[2024-06-22 15:39:27.245] [info]  [15:39:27] [Genesis/main/INFO] Found classpath URL: lunar.jar with SHA-1 hash 7ae8b4c716d4afeeca6354f3a4b2bb4f5302869a
[2024-06-22 15:39:27.257] [info]  [15:39:27] [Genesis/main/INFO] Found classpath URL: modern-0.1.0-SNAPSHOT-all.jar with SHA-1 hash 1b16b6bc92071b52ebc358659a8f371324df0a45
[2024-06-22 15:39:27.258] [info]  [15:39:27] [Genesis/main/INFO] 
[2024-06-22 15:39:27.258] [info]  Found classpath URL: lunar-ferrite-mixins-0.1.0-SNAPSHOT-all.jar with SHA-1 hash 557af8afbc5a3a2dd1082d6c1d89d0924d9148a7
[2024-06-22 15:39:27.259] [info]  [15:39:27] [Genesis/main/INFO] Found classpath URL: lunar-lithium-mixins-0.1.0-SNAPSHOT-all.jar with SHA-1 hash 6bddb75b7b546461fe3906061ed6b69c96459fc2
[2024-06-22 15:39:27.259] [info]  [15:39:27] [Genesis/main/INFO] Found classpath URL: lunar-noxesium-mixins-0.1.0-SNAPSHOT-all.jar with SHA-1 hash 9ef6225eb7368f6fa9728dd8d086f284b70e6e95
[2024-06-22 15:39:27.260] [info]  [15:39:27] [Genesis/
[2024-06-22 15:39:27.260] [info]  main/INFO] Found classpath URL: lunar-replaymod-fabric-mixins-0.1.0-SNAPSHOT-all.jar with SHA-1 hash d597c36d0c2ff4f04ca99579bbfe849ed80f8dbd
[2024-06-22 15:39:27.262] [info]  [15:39:27
[2024-06-22 15:39:27.262] [info]  ] [Genesis/main/INFO] Found classpath URL: lunar-sodium-mixins-0.1.0-SNAPSHOT-all.jar with SHA-1 hash e5611315574ee949cf2389d5c899eca8eef9c8a3
[2024-06-22 15:39:27.934] [info]  [15:39:27] [Genesis/main/INFO] Adding pre-launch library to game classpath: .\.ichor\ichormodule-libs\net_fabricmc_fabric_loader_0_15_11-lunar-0.1.0.jar
[2024-06-22 15:39:28.013] [info]  [15:39:28] [Genesis/GameBootstrap/main/INFO] Launching Minecraft 1.20.1 v1_20_1 (parsed from 1.20.1)
[2024-06-22 15:39:28.835] [info]  [15:39:28] [Ichor+Fabric/main/INFO] Using custom local mod path: C:\Users\Asus\.lunarclient\profiles\35533a66-fbe4-4c9e-b96c-b47d7554e254\versions\0.0.4\mods
[2024-06-22 15:39:29.956] [info]  LUNARCLIENT_STATUS_PREINIT
[2024-06-22 15:39:29.956] [info]  [15:39:29
[2024-06-22 15:39:29.957] [info]  ] [Genesis/GameBootstrap/main/INFO] Starting game!
[2024-06-22 15:39:30.392] [info]  [15:39:30] [IchorPipeline/main/INFO] Built mapping set for com.moonsworth.lunar.ichor.CRCIRCHCIOCCIHRCHCHOHICRI.RHOCIORRHROCOHOOCRHHRRHCI.IHCRIIIICOROROOCCIHHHHCRI.RHCRCHHICCCIIHIIIHIIRROOO 320ms on thread main
[2024-06-22 15:39:30.687] [info]  [15:39:30] [IchorPipeline/main/INFO] Loading Mixin runtime for META_MIXIN
[2024-06-22 15:39:30.893] [info]  [15:39:30] [Ichor/mixin(META_MIXIN)/INFO] SpongePowered MIXIN Subsystem Version=0.8.5 Source=Unknown Service=Ichor Env=CLIENT
[2024-06-22 15:39:31.380] [info]  [15:39:31] [IchorPipeline/main/INFO] Built mapping set for com.moonsworth.RHOCIORRHROCOHOOCRHHRRHCI.RHOCIORRHROCOHOOCRHHRRHCI.HHRIIHHROCICOCHRCICRIOHRH.RHOCIORRHROCOHOOCRHHRRHCI 211ms on thread main
[2024-06-22 15:39:31.751] [info]  [15:39:31] [IchorPipeline/main/INFO] Loading Mixin runtime for MIXIN
[2024-06-22 15:39:32.144] [info]  [15:39:32] [Ichor/mixin(MIXIN)/INFO] SpongePowered MIXIN Subsystem Version=0.8.5 Source=Unknown Service=Ichor Env=CLIENT
[2024-06-22 15:39:32.619] [info]  [15:39:32] [IchorPipeline/main/INFO] Done loading Mixin runtimes in 1935ms
[2024-06-22 15:39:32.620] [info]  [15:39:32] [IchorPipeline/main/INFO] Setting up mixins for META_MIXIN
[2024-06-22 15:39:32.719] [info]  [15:39:32] [IchorPipeline/main
[2024-06-22 15:39:32.720] [info]  /INFO] Setting up mixins for MIXIN
[2024-06-22 15:39:32.721] [info]  [15:39:32] [Ichor/
[2024-06-22 15:39:32.721] [info]  main/INFO] Mixin config mixins.modern.json doesn't exist in IchorClassLoader(MIXIN)
[2024-06-22 15:39:32.722] [info]  [15:39:32] [Ichor/main/INFO] Mixin config mixins.modern_lunar.json doesn't exist in IchorClassLoader(MIXIN)
[2024-06-22 15:39:33.001] [info]  [15:39:33] [IchorPipeline/main/INFO] Done registering Mixins in 380ms
[2024-06-22 15:39:33.001] [info]  [15:39:33] [IchorPipeline/main/INFO] Going to default mixins stage for META_MIXIN
[2024-06-22 15:39:33.731] [info]  [15:39:33] [IchorPipeline/main/INFO] Going to default mixins stage for MIXIN
[2024-06-22 15:39:33.746] [info]  [15:39:33] [Ichor/MixinExtras|Service(META_MIXIN)/INFO] Initializing MixinExtras via com.llamalad7.mixinextras.service.MixinExtrasServiceImpl(version=0.3.5).
[2024-06-22 15:39:35.044] [info]  [15:39:35] [main/INFO]: Loaded configuration file for Lithium: 115 options available, 1 override(s) found
[2024-06-22 15:39:35.064] [info]  [15:39:35] [main/INFO]: Loaded configuration file for Sodium: 41 options available, 3 override(s) found
[2024-06-22 15:39:35.118] [info]  [15:39:35] [main/INFO]: Loaded configuration file for Sodium Extra: 32 options available, 0 override(s) found
[2024-06-22 15:39:40.255] [info]  [15:39:40] [Ichor/mixin(MIXIN)/WARN] Catching java.lang.ClassNotFoundException: IchorClassLoader(MIXIN) couldn't find class bytes for net/optifine/render/ChunkVisibility (checked [net.optifine.render.ChunkVisibility]).
[2024-06-22 15:39:40.256] [info]  [15:39:40] [Ichor/mixin(MIXIN)/WARN] Error loading class: net/optifine/render/ChunkVisibility (java.lang.ClassNotFoundException: IchorClassLoader(MIXIN) couldn't find class bytes for net/optifine/render/ChunkVisibility (checked [net.optifine.render.ChunkVisibility]).)
[2024-06-22 15:39:40.256] [info]  [15:39:40] [Ichor/mixin(MIXIN)/WARN] Catching java.lang.ClassNotFoundException: IchorClassLoader(MIXIN) couldn't find class bytes for shadersmod/client/ShadersRender (checked [shadersmod.client.ShadersRender]).
[2024-06-22 15:39:40.257] [info]  [15:39:40] [Ichor/mixin(MIXIN)/WARN] Error loading class: shadersmod/client/ShadersRender (java.lang.ClassNotFoundException: IchorClassLoader(MIXIN) couldn't find class bytes for shadersmod/client/ShadersRender (checked [shadersmod.client.ShadersRender]).)
[2024-06-22 15:39:40.257] [info]  [15:39:40] [Ichor/mixin(MIXIN)/WARN] Catching java.lang.ClassNotFoundException: IchorClassLoader(MIXIN) couldn't find class bytes for net/optifine/shaders/ShadersRender (checked [net.optifine.shaders.ShadersRender]).
[2024-06-22 15:39:40.257] [info]  [15:39:40] [Ichor/mixin(MIXIN)/WARN] Error loading class: net/optifine/shaders/ShadersRender (java.lang.ClassNotFoundException: IchorClassLoader(MIXIN) couldn't find class bytes for net/optifine/shaders/ShadersRender (checked [net.optifine.shaders.ShadersRender]).)
[2024-06-22 15:39:41.961] [info]  [15:39:41] [main/WARN]: Force-disabling mixin 'alloc.blockstate.StateMixin' as rule 'mixin.alloc.blockstate' (added by mods [ferritecore]) disables it and children
[2024-06-22 15:39:42.384] [info]  [15:39:42] [main/WARN]: Force-disabling mixin 'features.render.entity.CuboidMixin' as rule 'mixin.features.render.entity' (added by mods [iris]) disables it and children
[2024-06-22 15:39:42.385] [info]  [15:39:42] [main/WARN]: Force-disabling mixin 'features.render.entity.ModelPartMixin' as rule 'mixin.features.render.entity' (added by mods [iris]) disables it and children
[2024-06-22 15:39:42.386] [info]  [15:39:42] [main/WARN]: Force-disabling mixin 'features.render.entity.cull.EntityRendererMixin' as rule 'mixin.features.render.entity' (added by mods [iris]) disables it and children
[2024-06-22 15:39:42.388] [info]  [15:39:42] [main/WARN]: Force-disabling mixin 'features.render.entity.shadows.EntityRenderDispatcherMixin' as rule 'mixin.features.render.entity' (added by mods [iris]) disables it and children
[2024-06-22 15:39:42.389] [info]  [15:39:42] [main/WARN]: Force-disabling mixin 'features.render.gui.font.GlyphRendererMixin' as rule 'mixin.features.render.gui.font' (added by mods [iris]) disables it and children
[2024-06-22 15:39:42.407] [info]  [15:39:42] [main/WARN]: Force-disabling mixin 'features.render.world.sky.BackgroundRendererMixin' as rule 'mixin.features.render.world.sky' (added by mods [iris]) disables it and children
[2024-06-22 15:39:42.408] [info]  [15:39:42] [main/WARN]: Force-disabling mixin 'features.render.world.sky.ClientWorldMixin' as rule 'mixin.features.render.world.sky' (added by mods [iris]) disables it and children
[2024-06-22 15:39:42.408] [info]  [15:39:42] [main/WARN]: Force-disabling mixin 'features.render.world.sky.WorldRendererMixin' as rule 'mixin.features.render.world.sky' (added by mods [iris]) disables it and children
[2024-06-22 15:39:42.582] [info]  [15:39:42] [Ichor/mixin(MIXIN)/WARN] Catching java.lang.ClassNotFoundException: IchorClassLoader(MIXIN) couldn't find class bytes for me/jellysquid/mods/sodium/client/compatibility/workarounds/nvidia/NvidiaWorkarounds (checked [me.jellysquid.mods.sodium.client.compatibility.workarounds.nvidia.NvidiaWorkarounds]).
[2024-06-22 15:39:42.582] [info]  [15:39:42] [Ichor/mixin(MIXIN)/WARN] Error loading class: me/jellysquid/mods/sodium/client/compatibility/workarounds/nvidia/NvidiaWorkarounds (java.lang.ClassNotFoundException: IchorClassLoader(MIXIN) couldn't find class bytes for me/jellysquid/mods/sodium/client/compatibility/workarounds/nvidia/NvidiaWorkarounds (checked [me.jellysquid.mods.sodium.client.compatibility.workarounds.nvidia.NvidiaWorkarounds]).)
[2024-06-22 15:39:42.582] [info]  [15:39:42] [Ichor/mixin(MIXIN)/WARN] @Mixin target me.jellysquid.mods.sodium.client.compatibility.workarounds.nvidia.NvidiaWorkarounds was not found mixins.ichor.sodium.v1_20_1.json:IIIICORICOICIRRHCHIIHROIC from mod (unknown)
[2024-06-22 15:39:42.823] [info]  [15:39:42] [IchorPipeline/main/INFO] Mixin runtimes prepared in 9822ms
[2024-06-22 15:39:42.824] [info]  [15:39:42] [IchorPipeline/main/INFO] Initialized Mixin in 12138ms
[2024-06-22 15:39:42.827] [info]  [15:39:42] [Ichor/MixinExtras|Service(MIXIN)/INFO] Initializing MixinExtras via com.llamalad7.mixinextras.service.MixinExtrasServiceImpl(version=0.3.5).
[2024-06-22 15:39:43.557] [info]  [Bridge] Setting Bridge Implementation to com.moonsworth.lunar.IIIICORICOICIRRHCHIIHROIC.IOCOHCCRCOHRICRRHOOICHIHO
[2024-06-22 15:39:44.957] [info]  [Bridge] Found textures dir: C:\Users\Asus\.lunarclient\textures
[2024-06-22 15:39:44.980] [info]  Completely ignored arguments: [--workingDirectory, ., --webosrDir, C:\Users\Asus\.lunarclient\offline\multiver\natives, --classpathDir, ., --ichorExternalFiles, Fabric-API-v1_20_1-0.90.7.jar,FerriteCore-v1_20_1-6.0.0.jar,Lithium-v1_20_1-0.11.2.jar,Noxesium-v1_20_1-1.0.3.jar,Noxesium_API-v1_20_1-1.0.3.jar,ReplayMod-v1_20_1-2.6.14.jar,Sodium-v1_20_1-0.5.8.jar,Indium-v1_20_1-1.0.30.jar,Iris-v1_20_1-1.6.17.jar,hypixel-quickplay-data.json,hypixel-bedwars-data.json,hypixel-skyblock-dungeon-rooms.json, --ichorClassPath, common-0.1.0-SNAPSHOT-all.jar,lunar-fabric-mixins-0.1.0-SNAPSHOT-all.jar,genesis-0.1.0-SNAPSHOT-all.jar,lunar-lang.jar,lunar-emote.jar,lunar.jar,modern-0.1.0-SNAPSHOT-all.jar,lunar-ferrite-mixins-0.1.0-SNAPSHOT-all.jar,lunar-lithium-mixins-0.1.0-SNAPSHOT-all.jar,lunar-noxesium-mixins-0.1.0-SNAPSHOT-all.jar,lunar-replaymod-fabric-mixins-0.1.0-SNAPSHOT-all.jar,lunar-sodium-mixins-0.1.0-SNAPSHOT-all.jar, --uiDir, C:\Users\Asus\.lunarclient\ui]
[2024-06-22 15:39:50.811] [info]  [15:39:50] [Datafixer Bootstrap/INFO]: 188 Datafixer optimizations took 110 milliseconds
[2024-06-22 15:39:53.711] [info]  [15:39:53] [Render thread/INFO]: Environment: authHost='https://authserver.mojang.com', accountsHost='https://api.mojang.com', sessionHost='https://sessionserver.mojang.com', servicesHost='https://api.minecraftservices.com', name='PROD'
[2024-06-22 15:39:54.287] [info]  [15:39:54] [Render thread/ERROR]: Failed to verify authentication
[2024-06-22 15:39:54.287] [info]  com.mojang.authlib.exceptions.InvalidCredentialsException: Status: 401
[2024-06-22 15:39:54.288] [info]  	at Genesis/com.mojang.authlib.exceptions.MinecraftClientHttpException.toAuthenticationException(MinecraftClientHttpException.java:56) ~[?:?]
[2024-06-22 15:39:54.288] [info]  	at Genesis/com.mojang.authlib.yggdrasil.YggdrasilUserApiService.fetchProperties(YggdrasilUserApiService.java:156) ~[?:?]
[2024-06-22 15:39:54.288] [info]  	at Genesis/com.mojang.authlib.yggdrasil.YggdrasilUserApiService.<init>(YggdrasilUserApiService.java:55) ~[?:?]
[2024-06-22 15:39:54.288] [info]  	at Genesis/com.mojang.authlib.yggdrasil.YggdrasilAuthenticationService.createUserApiService(YggdrasilAuthenticationService.java:124) ~[?:?]
[2024-06-22 15:39:54.288] [info]  	at Genesis/net.minecraft.client.Minecraft.createUserApiService(SourceFile:733) [?:?]
[2024-06-22 15:39:54.289] [info]  	at Genesis/net.minecraft.client.Minecraft.<init>(SourceFile:442) [?:?]
[2024-06-22 15:39:54.289] [info]  	at Genesis/net.minecraft.client.main.Main.redirect$zbd000$impl$main$minecraft(SourceFile:656) [?:?]
[2024-06-22 15:39:54.289] [info]  	at Genesis/net.minecraft.client.main.Main.main(SourceFile:211) [?:?]
[2024-06-22 15:39:54.289] [info]  	at java.base/jdk.internal.reflect.DirectMethodHandleAccessor.invoke(Unknown Source) ~[?:?]
[2024-06-22 15:39:54.289] [info]  	at java.base/java.lang.reflect.Method.invoke(Unknown Source) ~[?:?]
[2024-06-22 15:39:54.290] [info]  	at com.moonsworth.lunar.genesis.ClientGameBootstrap.apply(Unknown Source) [genesis-0.1.0-SNAPSHOT-all.jar:?]
[2024-06-22 15:39:54.290] [info]  	at java.base/jdk.internal.reflect.DirectMethodHandleAccessor.invoke(Unknown Source) ~[?:?]
[2024-06-22 15:39:54.290] [info]  	at java.base/java.lang.reflect.Method.invoke(Unknown Source) ~[?:?]
[2024-06-22 15:39:54.290] [info]  	at com.moonsworth.lunar.genesis.IOCOHCCRCOHRICRRHOOICHIHO.RHOCIORRHROCOHOOCRHHRRHCI(Unknown Source) [genesis-0.1.0-SNAPSHOT-all.jar:?]
[2024-06-22 15:39:54.290] [info]  	at com.moonsworth.lunar.genesis.Genesis.run(Unknown Source) [genesis-0.1.0-SNAPSHOT-all.jar:?]
[2024-06-22 15:39:54.291] [info]  	at com.moonsworth.lunar.genesis.Genesis.main(Unknown Source) [genesis-0.1.0-SNAPSHOT-all.jar:?]
[2024-06-22 15:39:54.291] [info]  Caused by: com.mojang.authlib.exceptions.MinecraftClientHttpException: Status: 401
[2024-06-22 15:39:54.291] [info]  	at Genesis/com.mojang.authlib.minecraft.client.MinecraftClient.readInputStream(MinecraftClient.java:85) ~[?:?]
[2024-06-22 15:39:54.291] [info]  	at Genesis/com.mojang.authlib.minecraft.client.MinecraftClient.get(MinecraftClient.java:48) ~[?:?]
[2024-06-22 15:39:54.291] [info]  	at Genesis/com.mojang.authlib.yggdrasil.YggdrasilUserApiService.fetchProperties(YggdrasilUserApiService.java:129) ~[?:?]
[2024-06-22 15:39:54.292] [info]  	... 14 more
[2024-06-22 15:39:54.292] [info]  [15:39:54] [Render thread/INFO]: Setting user: Player596
[2024-06-22 15:39:54.334] [info]  [15:39:54] [IchorPipeline/Render thread/INFO] 
[2024-06-22 15:39:54.335] [info]  Launching main ModInitializer
[2024-06-22 15:39:54.335] [info]  [15:39:54] [IchorPipeline/Render thread/INFO] Launching Entrypoint(main) in Genesis
[2024-06-22 15:39:54.336] [info]  [15:39:54] [Ichor/Render thread/INFO] Found Entrypoint(main) net.fabricmc.fabric.impl.recipe.ingredient.CustomIngredientInit
[2024-06-22 15:39:54.351] [info]  [15:39:54] [Ichor/Render thread/INFO] Found Entrypoint(main) net.fabricmc.fabric.impl.recipe.ingredient.CustomIngredientSync
[2024-06-22 15:39:54.408] [info]  [15:39:54] [Ichor/Render thread/INFO] Found Entrypoint(main) net.fabricmc.fabric.impl.lookup.ApiLookupImpl
[2024-06-22 15:39:54.418] [info]  [15:39:54] [Ichor/Render thread/INFO] Found Entrypoint(main) net.fabricmc.fabric.impl.registry.sync.FabricRegistryInit
[2024-06-22 15:39:54.424] [info]  [15:39:54] [Ichor/Render thread/INFO] Found Entrypoint(main) me.jellysquid.mods.lithium.common.LithiumMod
[2024-06-22 15:39:54.441] [info]  [15:39:54] [Ichor/Render thread/INFO] Found Entrypoint(main) net.fabricmc.fabric.impl.command.v1.LegacyHandler
[2024-06-22 15:39:54.451] [info]  [15:39:54] [Ichor/Render thread/INFO] Found Entrypoint(main) net.fabricmc.fabric.impl.event.lifecycle.LifecycleEventsImpl
[2024-06-22 15:39:54.457] [info]  [15:39:54] [Ichor/Render thread/INFO] Found Entrypoint(main) net.fabricmc.fabric.impl.networking.v0.OldNetworkingHooks
[2024-06-22 15:39:54.461] [info]  [15:39:54] [Ichor/Render thread/INFO] Found Entrypoint(main) net.fabricmc.fabric.impl.networking.NetworkingImpl::init()
[2024-06-22 15:39:54.462] [info]  [15:39:54] [Ichor/Render thread/INFO] Found Entrypoint(main) net.fabricmc.fabric.impl.event.interaction.InteractionEventsRouter
[2024-06-22 15:39:54.467] [info]  [15:39:54] [Ichor/Render thread/INFO] Found Entrypoint(main) net.fabricmc.fabric.impl.loot.table.LootTablesV1Init
[2024-06-22 15:39:54.498] [info]  [15:39:54] [Ichor/Render thread/INFO] Found Entrypoint(main) net.fabricmc.fabric.impl.event.lifecycle.v0.LegacyEventInvokers
[2024-06-22 15:39:54.503] [info]  [15:39:54] [IchorPipeline/Render thread/INFO] Entrypoint(main) had 11 invokes.
[2024-06-22 15:39:54.504] [info]  [15:39:54] [IchorPipeline/Render thread/INFO] Launching client ClientModInitializer
[2024-06-22 15:39:54.504] [info]  [15:39:54] [IchorPipeline/Render thread/INFO] Launching Entrypoint(client) in Genesis
[2024-06-22 15:39:54.504] [info]  [15:39:54] [Ichor/Render thread/INFO] Found Entrypoint(client) dev.isxander.zoomify.Zoomify
[2024-06-22 15:39:55.017] [info]  [15:39:55] [IchorPipeline/Render thread/INFO] Entrypoint(client) failed to load dev.isxander.zoomify.Zoomify in Genesis
[2024-06-22 15:39:55.018] [info]  [15:39:55] [Render thread/INFO]: [STDERR]: java.lang.IllegalStateException: Failed to launch entrypoint dev.isxander.zoomify.Zoomify
[2024-06-22 15:39:55.018] [info]  [15:39:55] [Render thread/INFO]: [STDERR]: 	at com.moonsworth.lunar.ichor.IOCOHCCRCOHRICRRHOOICHIHO.IOCOHCCRCOHRICRRHOOICHIHO.RHOCIORRHROCOHOOCRHHRRHCI(Unknown Source)
[2024-06-22 15:39:55.019] [info]  [15:39:55] [Render thread/INFO]: [STDERR]: 	at com.moonsworth.lunar.ichor.IRCIHCHCCHHOCORRHRCCORROC.RHOCIORRHROCOHOOCRHHRRHCI(Unknown Source)
[2024-06-22 15:39:55.019] [info]  [15:39:55] [Render thread/INFO]: [STDERR]: 	at Genesis//net.minecraft.client.Minecraft.mdb5dd72$lambda$ichor$fabric$clientInitializer$0$9(SourceFile:7699)
[2024-06-22 15:39:55.019] [info]  [15:39:55] [Render thread/INFO]: [STDERR]: 	at java.base/java.util.Optional.ifPresentOrElse(Unknown Source)
[2024-06-22 15:39:55.019] [info]  [15:39:55] [Render thread/INFO]: [STDERR]: 	at Genesis//net.minecraft.client.Minecraft.handler$zpk000$ichor$fabric$clientInitializer(SourceFile:7697)
[2024-06-22 15:39:55.020] [info]  [15:39:55] [Render thread/INFO]: [STDERR]: 	at Genesis//net.minecraft.client.Minecraft.<init>(SourceFile:458)
[2024-06-22 15:39:55.020] [info]  [15:39:55] [Render thread/INFO]: [STDERR]: 	at Genesis//net.minecraft.client.main.Main.redirect$zbd000$impl$main$minecraft(SourceFile:656)
[2024-06-22 15:39:55.020] [info]  [15:39:55] [Render thread/INFO]: [STDERR]: 	at Genesis//net.minecraft.client.main.Main.main(SourceFile:211)
[2024-06-22 15:39:55.020] [info]  [15:39:55] [Render thread/INFO]: [STDERR]: 	at java.base/jdk.internal.reflect.DirectMethodHandleAccessor.invoke(Unknown Source)
[2024-06-22 15:39:55.020] [info]  [15:39:55] [Render thread/INFO]: [STDERR]: 	at java.base/java.lang.reflect.Method.invoke(Unknown Source)
[2024-06-22 15:39:55.021] [info]  [15:39:55] [Render thread/INFO]: [STDERR]: 	at com.moonsworth.lunar.genesis.ClientGameBootstrap.apply(Unknown Source)
[2024-06-22 15:39:55.021] [info]  [15:39:55] [Render thread/INFO]: [STDERR]: 	at java.base/jdk.internal.reflect.DirectMethodHandleAccessor.invoke(Unknown Source)
[2024-06-22 15:39:55.021] [info]  [15:39:55] [Render thread/INFO]: [STDERR]: 	at java.base/java.lang.reflect.Method.invoke(Unknown Source)
[2024-06-22 15:39:55.021] [info]  [15:39:55] [Render thread/INFO]: [STDERR]: 	at com.moonsworth.lunar.genesis.IOCOHCCRCOHRICRRHOOICHIHO.RHOCIORRHROCOHOOCRHHRRHCI(Unknown Source)
[2024-06-22 15:39:55.021] [info]  [15:39:55] [Render thread/INFO]: [STDERR]: 	at com.moonsworth.lunar.genesis.Genesis.run(Unknown Source)
[2024-06-22 15:39:55.022] [info]  [15:39:55] [Render thread/INFO]: [STDERR]: 	at com.moonsworth.lunar.genesis.Genesis.main(Unknown Source)
[2024-06-22 15:39:55.022] [info]  [15:39:55] [Render thread/INFO]: [STDERR]: Caused by: java.lang.IllegalStateException: Failed to instantiate external Entrypoint(client): dev.isxander.zoomify.Zoomify
[2024-06-22 15:39:55.022] [info]  [15:39:55] [Render thread/INFO]: [STDERR]: 	at com.moonsworth.lunar.ichor.IOCOHCCRCOHRICRRHOOICHIHO.IOCOHCCRCOHRICRRHOOICHIHO.RHOCIORRHROCOHOOCRHHRRHCI(Unknown Source)
[2024-06-22 15:39:55.022] [info]  [15:39:55] [Render thread/INFO]: [STDERR]: 	at java.base/java.util.HashMap.computeIfAbsent(Unknown Source)
[2024-06-22 15:39:55.023] [info]  [15:39:55] [Render thread/INFO]: [STDERR]: 	at com.moonsworth.lunar.ichor.IOCOHCCRCOHRICRRHOOICHIHO.IOCOHCCRCOHRICRRHOOICHIHO.RHOCIORRHROCOHOOCRHHRRHCI(Unknown Source)
[2024-06-22 15:39:55.023] [info]  [15:39:55] [Render thread/INFO]: [STDERR]: 	... 15 more
[2024-06-22 15:39:55.023] [info]  [15:39:55] [Render thread/INFO]: [STDERR]: Caused by: java.lang.NoSuchMethodException: dev.isxander.zoomify.Zoomify.<init>()
[2024-06-22 15:39:55.023] [info]  [15:39:55] [Render thread/INFO]: [STDERR]: 	at java.base/java.lang.Class.getConstructor0(Unknown Source)
[2024-06-22 15:39:55.024] [info]  [15:39:55] [Render thread/INFO]: [STDERR]: 	at java.base/java.lang.Class.getConstructor(Unknown Source)
[2024-06-22 15:39:55.024] [info]  [15:39:55] [Render thread/INFO]: [STDERR]: 	at com.moonsworth.lunar.ichor.IOCOHCCRCOHRICRRHOOICHIHO.IOCOHCCRCOHRICRRHOOICHIHO.RHOCIORRHROCOHOOCRHHRRHCI(Unknown Source)
[2024-06-22 15:39:55.024] [info]  [15:39:55] [Render thread/INFO]: [STDERR]: 	... 17 more
[2024-06-22 15:39:55.024] [info]  [15:39:55] [Ichor/Render thread/INFO] Found Entrypoint(client) net.fabricmc.fabric.impl.client.indigo.Indigo
[2024-06-22 15:39:55.037] [info]  [15:39:55] [Render thread/INFO]: [Indigo] Different rendering plugin detected; not applying Indigo.
[2024-06-22 15:39:55.038] [info]  [15:39:55] [Ichor/Render thread/INFO] Found Entrypoint(client) com.noxcrew.noxesium.NoxesiumMod
[2024-06-22 15:39:55.213] [info]  [15:39:55] [Ichor/Render thread/INFO] Found Entrypoint(client) com.replaymod.core.ReplayModBackend
[2024-06-22 15:39:55.528] [info]  [15:39:55] [Render thread/INFO]: [STDOUT]: ReplayModBackendMixin_v1_19.onInitializeClient: initializing ReplayMod
[2024-06-22 15:39:55.596] [info]  [15:39:55] [Ichor/Render thread/INFO] Found Entrypoint(client) net.fabricmc.fabric.impl.client.container.ScreenProviderRegistryImpl::init()
[2024-06-22 15:39:55.603] [info]  [15:39:55] [Ichor/Render thread/INFO] Found Entrypoint(client) net.fabricmc.fabric.impl.client.event.lifecycle.ClientLifecycleEventsImpl
[2024-06-22 15:39:55.606] [info]  [15:39:55] [Ichor/Render thread/INFO] Found Entrypoint(client) dev.tr7zw.entityculling.EntityCullingMod
[2024-06-22 15:39:55.624] [info]  [15:39:55] [Ichor/Render thread/INFO] Found Entrypoint(client) link.infra.indium.Indium
[2024-06-22 15:39:55.881] [info]  [15:39:55] [Ichor/Render thread/INFO] Found Entrypoint(client) net.fabricmc.fabric.impl.screenhandler.client.ClientNetworking
[2024-06-22 15:39:55.890] [info]  [15:39:55] [Ichor/Render thread/INFO] Found Entrypoint(client) net.fabricmc.fabric.impl.recipe.ingredient.client.CustomIngredientSyncClient
[2024-06-22 15:39:55.901] [info]  [15:39:55] [Ichor/Render thread/INFO] Found Entrypoint(client) xaero.minimap.XaeroMinimap
[2024-06-22 15:39:55.976] [info]  [15:39:55] [Render thread/INFO]: Loading Xaero's Minimap - Stage 1/2
[2024-06-22 15:39:56.175] [info]  [15:39:56] [Ichor/Render thread/INFO] Found Entrypoint(client) me.jellysquid.mods.sodium.client.SodiumClientMod
[2024-06-22 15:39:56.188] [info]  [15:39:56] [Ichor/Render thread/INFO] Found Entrypoint(client) net.fabricmc.fabric.impl.client.registry.sync.FabricRegistryClientInit
[2024-06-22 15:39:56.191] [info]  [15:39:56] [Ichor/Render thread/INFO] Found Entrypoint(client) me.shedaniel.autoconfig.example.ExampleInits::exampleCommonInit()
[2024-06-22 15:39:56.217] [info]  [15:39:56] [Ichor/Render thread/INFO] Found Entrypoint(client) net.fabricmc.fabric.impl.client.networking.v0.OldClientNetworkingHooks
[2024-06-22 15:39:56.218] [info]  [15:39:56] [Ichor/Render thread/INFO] Found Entrypoint(client) net.fabricmc.fabric.impl.networking.client.ClientNetworkingImpl::clientInit()
[2024-06-22 15:39:56.245] [info]  [15:39:56] [Ichor/Render thread/INFO] Found Entrypoint(client) squeek.appleskin.AppleSkin
[2024-06-22 15:39:56.323] [info]  [15:39:56] [Ichor/Render thread/INFO] Found Entrypoint(client) me.flashyreese.mods.sodiumextra.client.SodiumExtraClientMod
[2024-06-22 15:39:56.349] [info]  [15:39:56] [Ichor/Render thread/INFO] Found Entrypoint(client) net.fabricmc.fabric.impl.event.interaction.InteractionEventsRouterClient
[2024-06-22 15:39:56.351] [info]  [15:39:56] [Ichor/Render thread/INFO] Found Entrypoint(client) dynamic_fps.impl.DynamicFPSMod
[2024-06-22 15:39:56.394] [info]  [15:39:56] [Ichor/Render thread/INFO] Found Entrypoint(client) dynamic_fps.impl.compat.FREX
[2024-06-22 15:39:56.396] [info]  [15:39:56] [IchorPipeline/Render thread/INFO] Entrypoint(client) failed to load dynamic_fps.impl.compat.FREX in Genesis
[2024-06-22 15:39:56.396] [info]  [15:39:56] [Render thread/INFO]: [STDERR]: java.lang.IllegalStateException: Failed to launch entrypoint dynamic_fps.impl.compat.FREX
[2024-06-22 15:39:56.396] [info]  [15:39:56] [Render thread/INFO]: [STDERR]: 	at com.moonsworth.lunar.ichor.IOCOHCCRCOHRICRRHOOICHIHO.IOCOHCCRCOHRICRRHOOICHIHO.RHOCIORRHROCOHOOCRHHRRHCI(Unknown Source)
[2024-06-22 15:39:56.396] [info]  [15:39:56] [Render thread/INFO]: [STDERR]: 	at com.moonsworth.lunar.ichor.IRCIHCHCCHHOCORRHRCCORROC.RHOCIORRHROCOHOOCRHHRRHCI(Unknown Source)
[2024-06-22 15:39:56.397] [info]  [15:39:56] [Render thread/INFO]: [STDERR]: 	at Genesis//net.minecraft.client.Minecraft.mdb5dd72$lambda$ichor$fabric$clientInitializer$0$9(SourceFile:7699)
[2024-06-22 15:39:56.397] [info]  [15:39:56] [Render thread/INFO]: [STDERR]: 	at java.base/java.util.Optional.ifPresentOrElse(Unknown Source)
[2024-06-22 15:39:56.397] [info]  [15:39:56] [Render thread/INFO]: [STDERR]: 	at Genesis//net.minecraft.client.Minecraft.handler$zpk000$ichor$fabric$clientInitializer(SourceFile:7697)
[2024-06-22 15:39:56.398] [info]  [15:39:56] [Render thread/INFO]: [STDERR]: 	at Genesis//net.minecraft.client.Minecraft.<init>(SourceFile:458)
[2024-06-22 15:39:56.398] [info]  [15:39:56] [Render thread/INFO]: [STDERR]: 	at Genesis//net.minecraft.client.main.Main.redirect$zbd000$impl$main$minecraft(SourceFile:656)
[2024-06-22 15:39:56.398] [info]  [15:39:56] [Render thread/INFO]: [STDERR]: 	at Genesis//net.minecraft.client.main.Main.main(SourceFile:211)
[2024-06-22 15:39:56.398] [info]  [15:39:56] [Render thread/INFO]: [STDERR]: 	at java.base/jdk.internal.reflect.DirectMethodHandleAccessor.invoke(Unknown Source)
[2024-06-22 15:39:56.398] [info]  [15:39:56] [Render thread/INFO]: [STDERR]: 	at java.base/java.lang.reflect.Method.invoke(Unknown Source)
[2024-06-22 15:39:56.399] [info]  [15:39:56] [Render thread/INFO]: [STDERR]: 	at com.moonsworth.lunar.genesis.ClientGameBootstrap.apply(Unknown Source)
[2024-06-22 15:39:56.399] [info]  [15:39:56] [Render thread/INFO]: [STDERR]: 	at java.base/jdk.internal.reflect.DirectMethodHandleAccessor.invoke(Unknown Source)
[2024-06-22 15:39:56.399] [info]  [15:39:56] [Render thread/INFO]: [STDERR]: 	at java.base/java.lang.reflect.Method.invoke(Unknown Source)
[2024-06-22 15:39:56.400] [info]  [15:39:56] [Render thread/INFO]: [STDERR]: 	at com.moonsworth.lunar.genesis.IOCOHCCRCOHRICRRHOOICHIHO.RHOCIORRHROCOHOOCRHHRRHCI(Unknown Source)
[2024-06-22 15:39:56.400] [info]  [15:39:56] [Render thread/INFO]: [STDERR]: 	at com.moonsworth.lunar.genesis.Genesis.run(Unknown Source)
[2024-06-22 15:39:56.400] [info]  [15:39:56] [Render thread/INFO]: [STDERR]: 	at com.moonsworth.lunar.genesis.Genesis.main(Unknown Source)
[2024-06-22 15:39:56.400] [info]  [15:39:56] [Render thread/INFO]: [STDERR]: Caused by: java.lang.ClassCastException: class com.sun.proxy.jdk.proxy6.$Proxy53 cannot be cast to class dynamic_fps.impl.compat.FREX$ListenerConsumer (com.sun.proxy.jdk.proxy6.$Proxy53 is in module jdk.proxy6 of loader 'Genesis' @2caf6813; dynamic_fps.impl.compat.FREX$ListenerConsumer is in unnamed module of loader 'Genesis' @2caf6813)
[2024-06-22 15:39:56.400] [info]  [15:39:56] [Render thread/INFO]: [STDERR]: 	at java.base/java.util.ArrayList.forEach(Unknown Source)
[2024-06-22 15:39:56.401] [info]  [15:39:56] [Render thread/INFO]: [STDERR]: 	at Genesis//dynamic_fps.impl.compat.FREX.onInitializeClient(FREX.java:55)
[2024-06-22 15:39:56.401] [info]  [15:39:56] [Render thread/INFO]: [STDERR]: 	at com.moonsworth.lunar.ichor.IOCOHCCRCOHRICRRHOOICHIHO.IOCOHCCRCOHRICRRHOOICHIHO.RHOCIORRHROCOHOOCRHHRRHCI(Unknown Source)
[2024-06-22 15:39:56.401] [info]  [15:39:56] [Render thread/INFO]: [STDERR]: 	... 15 more
[2024-06-22 15:39:56.401] [info]  [15:39:56] [Ichor/Render thread/INFO] Found Entrypoint(client) com.terraformersmc.modmenu.ModMenu
[2024-06-22 15:39:56.431] [info]  [15:39:56] [IchorPipeline/Render thread/INFO] Entrypoint(client) failed to load com.terraformersmc.modmenu.ModMenu in Genesis
[2024-06-22 15:39:56.432] [info]  [15:39:56] [Render thread/INFO]: [STDERR]: java.lang.IllegalStateException: Failed to launch entrypoint com.terraformersmc.modmenu.ModMenu
[2024-06-22 15:39:56.432] [info]  [15:39:56] [Render thread/INFO]: [STDERR]: 	at com.moonsworth.lunar.ichor.IOCOHCCRCOHRICRRHOOICHIHO.IOCOHCCRCOHRICRRHOOICHIHO.RHOCIORRHROCOHOOCRHHRRHCI(Unknown Source)
[2024-06-22 15:39:56.432] [info]  [15:39:56] [Render thread/INFO]: [STDERR]: 	at com.moonsworth.lunar.ichor.IRCIHCHCCHHOCORRHRCCORROC.RHOCIORRHROCOHOOCRHHRRHCI(Unknown Source)
[2024-06-22 15:39:56.433] [info]  [15:39:56] [Render thread/INFO]: [STDERR]: 	at Genesis//net.minecraft.client.Minecraft.mdb5dd72$lambda$ichor$fabric$clientInitializer$0$9(SourceFile:7699)
[2024-06-22 15:39:56.433] [info]  [15:39:56] [Render thread/INFO]: [STDERR]: 	at java.base/java.util.Optional.ifPresentOrElse(Unknown Source)
[2024-06-22 15:39:56.433] [info]  [15:39:56] [Render thread/INFO]: [STDERR]: 	at Genesis//net.minecraft.client.Minecraft.handler$zpk000$ichor$fabric$clientInitializer(SourceFile:7697)
[2024-06-22 15:39:56.433] [info]  [15:39:56] [Render thread/INFO]: [STDERR]: 	at Genesis//net.minecraft.client.Minecraft.<init>(SourceFile:458)
[2024-06-22 15:39:56.434] [info]  [15:39:56] [Render thread/INFO]: [STDERR]: 	at Genesis//net.minecraft.client.main.Main.redirect$zbd000$impl$main$minecraft(SourceFile:656)
[2024-06-22 15:39:56.434] [info]  [15:39:56] [Render thread/INFO]: [STDERR]: 	at Genesis//net.minecraft.client.main.Main.main(SourceFile:211)
[2024-06-22 15:39:56.434] [info]  [15:39:56] [Render thread/INFO]: [STDERR]: 	at java.base/jdk.internal.reflect.DirectMethodHandleAccessor.invoke(Unknown Source)
[2024-06-22 15:39:56.434] [info]  [15:39:56] [Render thread/INFO]: [STDERR]: 	at java.base/java.lang.reflect.Method.invoke(Unknown Source)
[2024-06-22 15:39:56.435] [info]  [15:39:56] [Render thread/INFO]: [STDERR]: 	at com.moonsworth.lunar.genesis.ClientGameBootstrap.apply(Unknown Source)
[2024-06-22 15:39:56.435] [info]  [15:39:56] [Render thread/INFO]: [STDERR]: 	at java.base/jdk.internal.reflect.DirectMethodHandleAccessor.invoke(Unknown Source)
[2024-06-22 15:39:56.435] [info]  [15:39:56] [Render thread/INFO]: [STDERR]: 	at java.base/java.lang.reflect.Method.invoke(Unknown Source)
[2024-06-22 15:39:56.435] [info]  [15:39:56] [Render thread/INFO]: [STDERR]: 	at com.moonsworth.lunar.genesis.IOCOHCCRCOHRICRRHOOICHIHO.RHOCIORRHROCOHOOCRHHRRHCI(Unknown Source)
[2024-06-22 15:39:56.435] [info]  [15:39:56] [Render thread/INFO]: [STDERR]: 	at com.moonsworth.lunar.genesis.Genesis.run(Unknown Source)
[2024-06-22 15:39:56.436] [info]  [15:39:56] [Render thread/INFO]: [STDERR]: 	at com.moonsworth.lunar.genesis.Genesis.main(Unknown Source)
[2024-06-22 15:39:56.436] [info]  [15:39:56] [Render thread/INFO]: [STDERR]: Caused by: com.moonsworth.lunar.ichor.IOCOHCCRCOHRICRRHOOICHIHO.RHOCIORRHROCOHOOCRHHRRHCI.IOCOHCCRCOHRICRRHOOICHIHO: java.lang.IllegalAccessException: class com.moonsworth.lunar.ichor.IOCOHCCRCOHRICRRHOOICHIHO.RHOCIORRHROCOHOOCRHHRRHCI.RHOCIORRHROCOHOOCRHHRRHCI cannot access a member of class dev.isxander.zoomify.integrations.ModMenuIntegration with modifiers "private"
[2024-06-22 15:39:56.436] [info]  [15:39:56] [Render thread/INFO]: [STDERR]: 	at com.moonsworth.lunar.ichor.IOCOHCCRCOHRICRRHOOICHIHO.RHOCIORRHROCOHOOCRHHRRHCI.RHOCIORRHROCOHOOCRHHRRHCI.IHCRIIIICOROROOCCIHHHHCRI(Unknown Source)
[2024-06-22 15:39:56.436] [info]  [15:39:56] [Render thread/INFO]: [STDERR]: 	at com.moonsworth.lunar.ichor.IOCOHCCRCOHRICRRHOOICHIHO.RHOCIORRHROCOHOOCRHHRRHCI.RHOCIORRHROCOHOOCRHHRRHCI.RHOCIORRHROCOHOOCRHHRRHCI(Unknown Source)
[2024-06-22 15:39:56.436] [info]  [15:39:56] [Render thread/INFO]: [STDERR]: 	at com.moonsworth.RHOCIORRHROCOHOOCRHHRRHCI.RCOIIRRHOORIOROOROICRHHOR.lambda$getEntrypointContainers$2(Unknown Source)
[2024-06-22 15:39:56.437] [info]  [15:39:56] [Render thread/INFO]: [STDERR]: 	at java.base/java.util.HashMap.computeIfAbsent(Unknown Source)
[2024-06-22 15:39:56.437] [info]  [15:39:56] [Render thread/INFO]: [STDERR]: 	at com.moonsworth.RHOCIORRHROCOHOOCRHHRRHCI.RCOIIRRHOORIOROOROICRHHOR.lambda$getEntrypointContainers$3(Unknown Source)
[2024-06-22 15:39:56.437] [info]  [15:39:56] [Render thread/INFO]: [STDERR]: 	at java.base/java.util.HashMap$KeySet.forEach(Unknown Source)
[2024-06-22 15:39:56.437] [info]  [15:39:56] [Render thread/INFO]: [STDERR]: 	at com.moonsworth.RHOCIORRHROCOHOOCRHHRRHCI.RCOIIRRHOORIOROOROICRHHOR.getEntrypointContainers(Unknown Source)
[2024-06-22 15:39:56.437] [info]  [15:39:56] [Render thread/INFO]: [STDERR]: 	at Genesis//com.terraformersmc.modmenu.ModMenu.onInitializeClient(ModMenu.java:70)
[2024-06-22 15:39:56.438] [info]  [15:39:56] [Render thread/INFO]: [STDERR]: 	at com.moonsworth.lunar.ichor.IOCOHCCRCOHRICRRHOOICHIHO.IOCOHCCRCOHRICRRHOOICHIHO.RHOCIORRHROCOHOOCRHHRRHCI(Unknown Source)
[2024-06-22 15:39:56.438] [info]  [15:39:56] [Render thread/INFO]: [STDERR]: 	... 15 more
[2024-06-22 15:39:56.438] [info]  [15:39:56] [Render thread/INFO]: [STDERR]: Caused by: java.lang.IllegalAccessException: class com.moonsworth.lunar.ichor.IOCOHCCRCOHRICRRHOOICHIHO.RHOCIORRHROCOHOOCRHHRRHCI.RHOCIORRHROCOHOOCRHHRRHCI cannot access a member of class dev.isxander.zoomify.integrations.ModMenuIntegration with modifiers "private"
[2024-06-22 15:39:56.438] [info]  [15:39:56] [Render thread/INFO]: [STDERR]: 	at java.base/jdk.internal.reflect.Reflection.newIllegalAccessException(Unknown Source)
[2024-06-22 15:39:56.438] [info]  [15:39:56] [Render thread/INFO]: [STDERR]: 	at java.base/java.lang.reflect.AccessibleObject.checkAccess(Unknown Source)
[2024-06-22 15:39:56.439] [info]  [15:39:56] [Render thread/INFO]: [STDERR]: 	at java.base/java.lang.reflect.Constructor.newInstanceWithCaller(Unknown Source)
[2024-06-22 15:39:56.439] [info]  [15:39:56] [Render thread/INFO]: [STDERR]: 	at java.base/java.lang.reflect.Constructor.newInstance(Unknown Source)
[2024-06-22 15:39:56.439] [info]  [15:39:56] [Render thread/INFO]: [STDERR]: 	at com.moonsworth.lunar.ichor.IOCOHCCRCOHRICRRHOOICHIHO.RHOCIORRHROCOHOOCRHHRRHCI.RHOCIORRHROCOHOOCRHHRRHCI.IHCRIIIICOROROOCCIHHHHCRI(Unknown Source)
[2024-06-22 15:39:56.439] [info]  [15:39:56] [Render thread/INFO]: [STDERR]: 	... 23 more
[2024-06-22 15:39:56.440] [info]  [15:39:56] [Ichor/Render thread/INFO] Found Entrypoint(client) net.fabricmc.fabric.impl.client.rendering.v0.RenderingCallbackInvoker
[2024-06-22 15:39:56.440] [info]  [15:39:56] [Ichor/Render thread/INFO] Found Entrypoint(client) net.fabricmc.fabric.impl.event.lifecycle.v0.client.LegacyClientEventInvokers
[2024-06-22 15:39:56.440] [info]  [15:39:56] [IchorPipeline/Render thread/INFO] Entrypoint(client) had 18 invokes.
[2024-06-22 15:39:56.493] [info]  [15:39:56] [Ichor/mixin(MIXIN)/WARN] Method overwrite conflict for bridge$isFancyGraphics in mixins.modern_bridge_combined.json:HHRIIHHROCICOCHRCICRIOHRH.CCIIHHRHCCHRRHROOHIOCHOCC.CRCIRCHCIOCCIHRCHCHOHICRI from mod (unknown), previously written by com.moonsworth.lunar.IIIICORICOICIRRHCHIIHROIC.CRCIRCHCIOCCIHRCHCHOHICRI.HHRIIHHROCICOCHRCICRIOHRH.CCIIHHRHCCHRRHROOHIOCHOCC.IOCOHCCRCOHRICRRHOOICHIHO. Skipping method.
[2024-06-22 15:39:56.494] [info]  [15:39:56] [Ichor/mixin(MIXIN)/WARN] Method overwrite conflict for bridge$setFrameRateLimit in mixins.modern_bridge_combined.json:HHRIIHHROCICOCHRCICRIOHRH.CCIIHHRHCCHRRHROOHIOCHOCC.CRCIRCHCIOCCIHRCHCHOHICRI from mod (unknown), previously written by com.moonsworth.lunar.IIIICORICOICIRRHCHIIHROIC.CRCIRCHCIOCCIHRCHCHOHICRI.HHRIIHHROCICOCHRCICRIOHRH.CCIIHHRHCCHRRHROOHIOCHOCC.IOCOHCCRCOHRICRRHOOICHIHO. Skipping method.
[2024-06-22 15:39:56.678] [info]  [15:39:56] [Render thread/INFO]: [LC] Loaded File: Options
[2024-06-22 15:39:56.955] [info]  [15:39:56] [Render thread/INFO]: Backend library: LWJGL version 3.3.3-snapshot
[2024-06-22 15:39:57.388] [info]  [15:39:57] [Render thread/INFO]: OpenGL Vendor: ATI Technologies Inc.
[2024-06-22 15:39:57.388] [info]  [15:39:57] [Render thread/INFO]: OpenGL Renderer: AMD Radeon(TM) Graphics
[2024-06-22 15:39:57.389] [info]  [15:39:57] [Render thread/INFO]: OpenGL Version: 3.2.0 Core Profile Context 22.40.84.06.231130
[2024-06-22 15:39:57.389] [info]  [15:39:57] [Render thread/INFO]: [STDOUT]: LUNARCLIENT_STATUS_INIT
[2024-06-22 15:39:57.607] [info]  [15:39:57] [Render thread/INFO]: Debug functionality is disabled.
[2024-06-22 15:39:57.620] [info]  [15:39:57] [Render thread/INFO]: ARB_direct_state_access detected, enabling DSA.
[2024-06-22 15:39:57.636] [info]  [15:39:57] [Render thread/INFO]: Shaders are disabled because no valid shaderpack is selected
[2024-06-22 15:39:57.637] [info]  [15:39:57] [Render thread/INFO]: Shaders are disabled
[2024-06-22 15:39:57.718] [info]  [15:39:57] [Render thread/WARN]: Missing metadata in pack file/Cleanestpvppack.zip
[2024-06-22 15:39:57.719] [info]  [15:39:57] [Render thread/WARN]: Missing metadata in pack file/Cold.zip
[2024-06-22 15:39:57.722] [info]  [15:39:57] [Render thread/WARN]: Missing metadata in pack file/§bSharpness 25k.zip
[2024-06-22 15:39:57.723] [info]  [15:39:57] [Render thread/WARN]: Missing metadata in pack file/§c§ GlitchCPVP pack.zip
[2024-06-22 15:39:58.428] [info]  [15:39:58] [Render thread/INFO]: Hardware information:
[2024-06-22 15:39:58.429] [info]  [15:39:58] [Render thread/INFO]: CPU: 16x AMD Ryzen 7 6800HS with Radeon Graphics 
[2024-06-22 15:39:58.429] [info]  [15:39:58] [Render thread/INFO]: GPU: AMD Radeon(TM) Graphics (Supports OpenGL 3.2.0 Core Profile Context 22.40.84.06.231130)
[2024-06-22 15:39:58.430] [info]  [15:39:58] [Render thread/INFO]: OS: Windows 11 (10.0)
[2024-06-22 15:39:59.214] [info]  [15:39:59] [Render thread/INFO]: Reloading ResourceManager: lunar, vanilla, fabric (fabric-keybindings-v0, fabric-transfer-api-v1, fabric-dimensions-v1, fabric-game-rule-api-v1, fabric-api-base, fabric-model-loading-api-v1, iris, fabric-blockrenderlayer-v1, zoomify, fabric-networking-v0, fabric-api-lookup-api-v1, fabric-screen-handler-api-v1, modmenu, fabric-block-api-v1, sodium-extra, caffeineconfig, fabric-api, fabric-crash-report-info-v1, fabric-events-interaction-v0, fabric-convention-tags-v1, fabric-recipe-api-v1, fabric-language-kotlin, fabric-key-binding-api-v1, replaymod, fabric-resource-loader-v0, fabric-block-view-api-v2, fabric-commands-v0, fabric-registry-sync-v0, cloth-config, dynamic_fps, fabric-networking-api-v1, fabric-models-v0, fabric-renderer-api-v1, fabric-mining-level-api-v1, fabric-containers-v0, lithium, fabric-object-builder-api-v1, fabric-resource-conditions-api-v1, fabric-sound-api-v1, fabric-rendering-data-attachment-v1, fabric-rendering-fluids-v1, fabric-lifecycle-events-v1, sodium, fabric-renderer-registries-v1, fabric-loot-tables-v1, fabric-particles-v1, fabric-data-generation-api-v1, noxesium, fabric-command-api-v2, fabric-command-api-v1, fabric-screen-api-v1, fabric-renderer-indigo, fabric-item-api-v1, fabric-item-group-api-v1, fabric-entity-events-v1, xaerominimap, fabric-rendering-v0, fabric-rendering-v1, entityculling, fabric-content-registries-v0, indium, fabric-biome-api-v1, fabric-client-tags-api-v1, appleskin, fabric-loot-api-v2, fabric-message-api-v1, yet_another_config_lib_v3, fabric-transitive-access-wideners-v1, fabric-events-lifecycle-v0), file/FMDO.zip, replaymod_lang
[2024-06-22 15:39:59.587] [info]  [15:39:59] [Worker-Main-3/INFO]: Found unifont_all_no_pua-15.0.06.hex, loading
[2024-06-22 15:39:59.876] [info]  [15:39:59] [Render thread/INFO]: [STDOUT]: [Bridge] Setting Minecraft Client instance to net.minecraft.client.Minecraft
[2024-06-22 15:40:00.569] [info]  [15:40:00] [Ichor/Render thread/INFO] Creating MultiBridgeModern instance: CRCIRCHCIOCCIHRCHCHOHICRI
[2024-06-22 15:40:00.783] [info]  [15:40:00] [Render thread/INFO]: [LC] Starting Lunar client...
[2024-06-22 15:40:01.201] [info]  [15:40:01] [Render thread/INFO]: [LC] Loading RCOIIRRHOORIOROOROICRHHOR...
[2024-06-22 15:40:01.205] [info]  [15:40:01] [Render thread/INFO]: [LC] Loading CIOCCOCHORHIOCCRHOROCHORC...
[2024-06-22 15:40:01.560] [info]  [15:40:01] [Render thread/INFO]: [LC] Loading IOCOHCCRCOHRICRRHOOICHIHO...
[2024-06-22 15:40:01.568] [info]  [15:40:01] [Render thread/INFO]: [LC] Loading HCCRHOOCOROIOOIIRIIIRCHOC...
[2024-06-22 15:40:01.576] [info]  [15:40:01] [Render thread/INFO]: [LC Lang] Couldn't get a valid language so we're setting it to ENGLISH.
[2024-06-22 15:40:01.577] [info]  [15:40:01] [Render thread/INFO]: [LC Lang] Language set as ENGLISH (en_US).
[2024-06-22 15:40:01.577] [info]  [15:40:01] [Render thread/INFO]: [LC Lang] Language file found: lang/lunar/en_US.
[2024-06-22 15:40:01.579] [info]  [15:40:01] [Render thread/INFO]: [LC Lang] Language file found: lang/lunar/en_US.
[2024-06-22 15:40:01.605] [info]  [15:40:01] [Render thread/INFO]: [LC] Loading ORIIIRHHROIRHOCOOOIOORIOC...
[2024-06-22 15:40:01.681] [info]  [15:40:01] [Render thread/INFO]: [LC] Loading ROCROOOIIOIRHIIRRCRRHRICO...
[2024-06-22 15:40:03.069] [info]  [15:40:03] [Render thread/INFO]: [LC] Loading OCIOHHHRIHOIHCRHICIIRCIIR...
[2024-06-22 15:40:03.077] [info]  [15:40:03] [Render thread/INFO]: [LC] Loading RHCRCHHICCCIIHIIIHIIRROOO...
[2024-06-22 15:40:03.092] [info]  [15:40:03] [Render thread/INFO]: [LC] Loading CRCIRCHCIOCCIHRCHCHOHICRI...
[2024-06-22 15:40:03.103] [info]  [15:40:03] [Render thread/INFO]: [LC] Loading HHRIIHHROCICOCHRCICRIOHRH...
[2024-06-22 15:40:03.121] [info]  [15:40:03] [Render thread/INFO]: [LC] Loading IHCRIIIICOROROOCCIHHHHCRI...
[2024-06-22 15:40:03.139] [info]  [15:40:03] [Render thread/INFO]: [LC] Loading IOCOHCCRCOHRICRRHOOICHIHO...
[2024-06-22 15:40:03.155] [info]  [15:40:03] [Render thread/INFO]: [LC] Loading ICHIRCHRHOCCOHHORCHICRHOI...
[2024-06-22 15:40:03.158] [info]  [15:40:03] [Render thread/INFO]: [LC] Loading CCOCCHORCHCOCCROCHOIOICOI...
[2024-06-22 15:40:03.169] [info]  [15:40:03] [Render thread/INFO]: [LC] Loading CCIIHHRHCCHRRHROOHIOCHOCC...
[2024-06-22 15:40:03.173] [info]  [15:40:03] [Render thread/INFO]: [LC] Loading OHHHOIOOOOIOCHRICROCCHCIH...
[2024-06-22 15:40:03.173] [info]  [15:40:03] [Render thread/INFO]: [LC] Loading IIOOIICCICOCHCIIHOHRCHICO...
[2024-06-22 15:40:03.194] [info]  [15:40:03] [Render thread/INFO]: [LC] Loading IIIICORICOICIRRHCHIIHROIC...
[2024-06-22 15:40:03.233] [info]  [15:40:03] [Render thread/WARN]: [LC] Couldn't find dev cosmetics file: cosmetics/dev_cosmetics.json
[2024-06-22 15:40:03.459] [info]  [15:40:03] [Render thread/INFO]: [LC] Loading OCRCIRRIRCHCHIORHOHICRRIC...
[2024-06-22 15:40:03.467] [info]  [15:40:03] [Render thread/INFO]: [LC] Loading CORORICIOIOHIICRIHIRIORCC...
[2024-06-22 15:40:03.490] [info]  [15:40:03] [Render thread/INFO]: [LC] Loading IRHIIORRHIIOOIICRHCOCOIRO...
[2024-06-22 15:40:03.493] [info]  [15:40:03] [Render thread/INFO]: [LC] Loading CRCIRCHCIOCCIHRCHCHOHICRI...
[2024-06-22 15:40:03.495] [info]  [15:40:03] [Render thread/INFO]: [LC] Loading IOCOHCCRCOHRICRRHOOICHIHO...
[2024-06-22 15:40:03.506] [info]  [15:40:03] [Render thread/INFO]: Environment: authHost='https://authserver.mojang.com', accountsHost='https://api.mojang.com', sessionHost='https://sessionserver.mojang.com', servicesHost='https://api.minecraftservices.com', name='PROD'
[2024-06-22 15:40:03.875] [info]  [15:40:03] [Render thread/INFO]: [LC] Finished making managers.
[2024-06-22 15:40:03.876] [info]  [15:40:03] [Render thread/INFO]: [LC] Setting up listeners...
[2024-06-22 15:40:03.953] [info]  [15:40:03] [Render thread/INFO]: [LC] Setting up fixes...
[2024-06-22 15:40:04.119] [info]  [15:40:04] [WebSocketConnectReadThread-110/INFO]: [LC IPC] Connection established
[2024-06-22 15:40:04.908] [info]  [15:40:04] [Render thread/ERROR]: [LC ThirdParty] Couldn't load third party mods
[2024-06-22 15:40:04.908] [info]  [15:40:04] [Render thread/INFO]: [LC Lang] Language set as ENGLISH (en_US).
[2024-06-22 15:40:04.909] [info]  [15:40:04] [Render thread/INFO]: [LC Lang] Language file found: lang/lunar/en_US.
[2024-06-22 15:40:04.911] [info]  [15:40:04] [Render thread/INFO]: [LC Lang] Language file found: lang/lunar/en_US.
[2024-06-22 15:40:04.934] [info]  [15:40:04] [Render thread/INFO]: [LC Ichor] Disabling NEU because there is no valid link.
[2024-06-22 15:40:04.935] [info]  [15:40:04] [Render thread/INFO]: [LC Ichor] Disabling SBA because there is no valid link.
[2024-06-22 15:40:04.936] [info]  [15:40:04] [Render thread/INFO]: [LC] Lunar.start
[2024-06-22 15:40:04.941] [info]  [15:40:04] [Render thread/INFO]: [LC Accounts] Attempting to load account [04f44ced712a4c3a9fdd0c02a755b9db]
[2024-06-22 15:40:04.970] [info]  [15:40:04] [Render thread/INFO]: [LC Accounts] Loaded content for [MengHong001] Token IAT
[2024-06-22 15:40:04.970] [info]  [15:40:04] [Render thread/INFO]: [LC Accounts] Setting currentAccount to what was on disk: MengHong001
[2024-06-22 15:40:04.971] [info]  [15:40:04] [Render thread/INFO]: [LC Accounts] Setting account 'MengHong001' as the current session.
[2024-06-22 15:40:04.971] [info]  [15:40:04] [Render thread/INFO]: [LC] Setting user: MengHong001
[2024-06-22 15:40:04.978] [info]  [15:40:04] [Thread-9/INFO]: [LC Assets] Establishing connection
[2024-06-22 15:40:04.979] [info]  [15:40:04] [Thread-9/INFO]: [LC Assets] Connecting to Authenticator to obtain JWT, no previous connection.
[2024-06-22 15:40:05.006] [info]  [15:40:05] [Thread-9/INFO]: [LC Authentication] Instantiate
[2024-06-22 15:40:05.240] [info]  [15:40:05] [WebSocketConnectReadThread-114/INFO]: Environment: authHost='https://authserver.mojang.com', accountsHost='https://api.mojang.com', sessionHost='https://sessionserver.mojang.com', servicesHost='https://api.minecraftservices.com', name='PROD'
[2024-06-22 15:40:06.178] [info]  [15:40:06] [WebSocketConnectReadThread-114/INFO]: [LC Assets] Instantiate
[2024-06-22 15:40:06.202] [info]  [15:40:06] [WebSocketConnectReadThread-114/INFO]: [LC Auth] Connection closed (1000, "Issued.")
[2024-06-22 15:40:06.523] [info]  [15:40:06] [Render thread/INFO]: [LC Accounts] Removed all accounts [0 count]
[2024-06-22 15:40:06.526] [info]  [15:40:06] [Render thread/INFO]: [LC Accounts] Starting Refreshing MengHong001 with 84733474ms till expired (Valid: true).
[2024-06-22 15:40:06.527] [info]  [15:40:06] [Render thread/INFO]: [LC Accounts] Refreshing MengHong001 (Valid: true).
[2024-06-22 15:40:07.258] [info]  [15:40:07] [Render thread/INFO]: [LC Lang] Language set as ENGLISH (en_US).
[2024-06-22 15:40:07.259] [info]  [15:40:07] [Render thread/INFO]: [LC Lang] Language file found: lang/lunar/en_US.
[2024-06-22 15:40:07.261] [info]  [15:40:07] [Render thread/INFO]: [LC Lang] Language file found: lang/lunar/en_US.
[2024-06-22 15:40:07.381] [info]  [15:40:07] [Render thread/INFO]: [LC Cosmetics] Ignored cosmetic sync() due to response not received yet
[2024-06-22 15:40:07.382] [info]  [15:40:07] [Render thread/INFO]: [LC Cosmetics] Ignored cosmetic sync() due to response not received yet
[2024-06-22 15:40:07.382] [info]  [15:40:07] [Render thread/INFO]: [LC Cosmetics] Ignored cosmetic sync() due to response not received yet
[2024-06-22 15:40:07.382] [info]  [15:40:07] [Render thread/INFO]: [LC Cosmetics] Ignored cosmetic sync() due to response not received yet
[2024-06-22 15:40:07.382] [info]  [15:40:07] [Render thread/INFO]: [LC Cosmetics] Ignored cosmetic sync() due to response not received yet
[2024-06-22 15:40:07.383] [info]  [15:40:07] [Render thread/INFO]: [LC] Debugging has been disabled for ALL type(s).
[2024-06-22 15:40:07.469] [info]  [15:40:07] [WebSocketConnectReadThread-119/INFO]: [LC Assets] Connection established as MengHong001
[2024-06-22 15:40:07.489] [info]  [15:40:07] [Render thread/ERROR]: [LC Cosmetics] Could not load the model at lunar:cosmetics/models/bodywear/katanasheathed/katanasheathed.obj for cosmetic katanasheathed since it does not exist
[2024-06-22 15:40:08.599] [info]  [15:40:08] [Render thread/WARN]: [LC] Couldn't find geckolib cosmetic file: lunar:cosmetics/models/gek/wings/bat_wings/bat_wings.gek.json
[2024-06-22 15:40:08.766] [info]  [15:40:08] [Render thread/WARN]: [LC] Couldn't find geckolib cosmetic file: lunar:space_backpack
[2024-06-22 15:40:08.767] [info]  [15:40:08] [Render thread/INFO]: [LC] Loaded geckolib cosmetics.
[2024-06-22 15:40:08.768] [info]  [15:40:08] [Render thread/INFO]: [LC] Loading cosmetic compatibility json
[2024-06-22 15:40:08.842] [info]  [15:40:08] [Render thread/INFO]: [LC] Compiled cosmetic compatability presets
[2024-06-22 15:40:08.858] [info]  [15:40:08] [Render thread/INFO]: [LC] Launching
[2024-06-22 15:40:08.860] [info]  [15:40:08] [Render thread/INFO]: [LC] Finished Lunar initialization.
[2024-06-22 15:40:08.861] [info]  [15:40:08] [Render thread/INFO]: [LC] LUNARCLIENT_STATUS_STARTED
[2024-06-22 15:40:09.175] [info]  [15:40:09] [Render thread/INFO]: Loading Xaero's Minimap - Stage 2/2
[2024-06-22 15:40:10.014] [info]  [15:40:10] [ForkJoinPool.commonPool-worker-2/INFO]: [LC Accounts] Finished refreshing MengHong001 (Valid: true).
[2024-06-22 15:40:10.015] [info]  [15:40:10] [ForkJoinPool.commonPool-worker-2/INFO]: [LC Accounts] Finished refreshing the current account. 0 accounts left.
[2024-06-22 15:40:10.015] [info]  [15:40:10] [ForkJoinPool.commonPool-worker-2/INFO]: [LC Accounts] Logging into account MengHong001 
[2024-06-22 15:40:10.015] [info]  [15:40:10] [ForkJoinPool.commonPool-worker-2/INFO]: [LC Accounts] Setting account 'MengHong001' as the current session.
[2024-06-22 15:40:10.015] [info]  [15:40:10] [ForkJoinPool.commonPool-worker-2/INFO]: [LC] Setting user: MengHong001
[2024-06-22 15:40:10.511] [info]  [15:40:10] [Render thread/ERROR]: suppressed exception
[2024-06-22 15:40:10.511] [info]  java.net.SocketTimeoutException: Read timed out
[2024-06-22 15:40:10.512] [info]  	at java.base/jdk.internal.reflect.DirectConstructorHandleAccessor.newInstance(Unknown Source) ~[?:?]
[2024-06-22 15:40:10.512] [info]  	at java.base/java.lang.reflect.Constructor.newInstanceWithCaller(Unknown Source) ~[?:?]
[2024-06-22 15:40:10.512] [info]  	at java.base/java.lang.reflect.Constructor.newInstance(Unknown Source) ~[?:?]
[2024-06-22 15:40:10.512] [info]  	at java.base/sun.net.www.protocol.http.HttpURLConnection$10.run(Unknown Source) ~[?:?]
[2024-06-22 15:40:10.512] [info]  	at java.base/sun.net.www.protocol.http.HttpURLConnection$10.run(Unknown Source) ~[?:?]
[2024-06-22 15:40:10.513] [info]  	at java.base/java.security.AccessController.doPrivileged(Unknown Source) ~[?:?]
[2024-06-22 15:40:10.513] [info]  	at java.base/sun.net.www.protocol.http.HttpURLConnection.getChainedException(Unknown Source) ~[?:?]
[2024-06-22 15:40:10.513] [info]  	at java.base/sun.net.www.protocol.http.HttpURLConnection.getInputStream0(Unknown Source) ~[?:?]
[2024-06-22 15:40:10.513] [info]  	at java.base/sun.net.www.protocol.http.HttpURLConnection.getInputStream(Unknown Source) ~[?:?]
[2024-06-22 15:40:10.513] [info]  	at Genesis/xaero.common.patreon.Patreon.checkPatreon(Patreon.java:80) [?:?]
[2024-06-22 15:40:10.514] [info]  	at Genesis/xaero.minimap.XaeroMinimap.tryLoadLater(XaeroMinimap.java:271) [?:?]
[2024-06-22 15:40:10.514] [info]  	at Genesis/net.minecraft.client.Minecraft.handler$dbl002$onTickStart(SourceFile:16188) [?:?]
[2024-06-22 15:40:10.514] [info]  	at Genesis/net.minecraft.client.Minecraft.tick(SourceFile) [?:?]
[2024-06-22 15:40:10.514] [info]  	at Genesis/net.minecraft.client.Minecraft.runTick(SourceFile:1181) [?:?]
[2024-06-22 15:40:10.514] [info]  	at Genesis/net.minecraft.client.Minecraft.run(SourceFile:802) [?:?]
[2024-06-22 15:40:10.514] [info]  	at Genesis/net.minecraft.client.main.Main.main(SourceFile:250) [?:?]
[2024-06-22 15:40:10.515] [info]  	at java.base/jdk.internal.reflect.DirectMethodHandleAccessor.invoke(Unknown Source) ~[?:?]
[2024-06-22 15:40:10.515] [info]  	at java.base/java.lang.reflect.Method.invoke(Unknown Source) ~[?:?]
[2024-06-22 15:40:10.515] [info]  	at com.moonsworth.lunar.genesis.ClientGameBootstrap.apply(Unknown Source) [genesis-0.1.0-SNAPSHOT-all.jar:?]
[2024-06-22 15:40:10.515] [info]  	at java.base/jdk.internal.reflect.DirectMethodHandleAccessor.invoke(Unknown Source) ~[?:?]
[2024-06-22 15:40:10.515] [info]  	at java.base/java.lang.reflect.Method.invoke(Unknown Source) ~[?:?]
[2024-06-22 15:40:10.516] [info]  	at com.moonsworth.lunar.genesis.IOCOHCCRCOHRICRRHOOICHIHO.RHOCIORRHROCOHOOCRHHRRHCI(Unknown Source) [genesis-0.1.0-SNAPSHOT-all.jar:?]
[2024-06-22 15:40:10.516] [info]  	at com.moonsworth.lunar.genesis.Genesis.run(Unknown Source) [genesis-0.1.0-SNAPSHOT-all.jar:?]
[2024-06-22 15:40:10.516] [info]  	at com.moonsworth.lunar.genesis.Genesis.main(Unknown Source) [genesis-0.1.0-SNAPSHOT-all.jar:?]
[2024-06-22 15:40:10.516] [info]  Caused by: java.net.SocketTimeoutException: Read timed out
[2024-06-22 15:40:10.516] [info]  	at java.base/sun.nio.ch.NioSocketImpl.timedRead(Unknown Source) ~[?:?]
[2024-06-22 15:40:10.517] [info]  	at java.base/sun.nio.ch.NioSocketImpl.implRead(Unknown Source) ~[?:?]
[2024-06-22 15:40:10.517] [info]  	at java.base/sun.nio.ch.NioSocketImpl.read(Unknown Source) ~[?:?]
[2024-06-22 15:40:10.517] [info]  	at java.base/sun.nio.ch.NioSocketImpl$1.read(Unknown Source) ~[?:?]
[2024-06-22 15:40:10.517] [info]  	at java.base/java.net.Socket$SocketInputStream.read(Unknown Source) ~[?:?]
[2024-06-22 15:40:10.517] [info]  	at java.base/java.io.BufferedInputStream.fill(Unknown Source) ~[?:?]
[2024-06-22 15:40:10.517] [info]  	at java.base/java.io.BufferedInputStream.read1(Unknown Source) ~[?:?]
[2024-06-22 15:40:10.518] [info]  	at java.base/java.io.BufferedInputStream.implRead(Unknown Source) ~[?:?]
[2024-06-22 15:40:10.518] [info]  	at java.base/java.io.BufferedInputStream.read(Unknown Source) ~[?:?]
[2024-06-22 15:40:10.518] [info]  	at java.base/sun.net.www.http.HttpClient.parseHTTPHeader(Unknown Source) ~[?:?]
[2024-06-22 15:40:10.518] [info]  	at java.base/sun.net.www.http.HttpClient.parseHTTP(Unknown Source) ~[?:?]
[2024-06-22 15:40:10.519] [info]  	at java.base/sun.net.www.protocol.http.HttpURLConnection.getInputStream0(Unknown Source) ~[?:?]
[2024-06-22 15:40:10.519] [info]  	at java.base/sun.net.www.protocol.http.HttpURLConnection.getInputStream(Unknown Source) ~[?:?]
[2024-06-22 15:40:10.519] [info]  	at java.base/sun.net.www.protocol.http.HttpURLConnection.getHeaderField(Unknown Source) ~[?:?]
[2024-06-22 15:40:10.519] [info]  	at java.base/java.net.URLConnection.getHeaderFieldLong(Unknown Source) ~[?:?]
[2024-06-22 15:40:10.519] [info]  	at java.base/java.net.URLConnection.getContentLengthLong(Unknown Source) ~[?:?]
[2024-06-22 15:40:10.519] [info]  	at Genesis/xaero.common.patreon.Patreon.checkPatreon(Patreon.java:78) ~[?:?]
[2024-06-22 15:40:10.520] [info]  	... 14 more
[2024-06-22 15:40:11.784] [info]  [15:40:11] [Render thread/ERROR]: suppressed exception
[2024-06-22 15:40:11.784] [info]  java.net.SocketTimeoutException: Read timed out
[2024-06-22 15:40:11.785] [info]  	at java.base/jdk.internal.reflect.DirectConstructorHandleAccessor.newInstance(Unknown Source) ~[?:?]
[2024-06-22 15:40:11.785] [info]  	at java.base/java.lang.reflect.Constructor.newInstanceWithCaller(Unknown Source) ~[?:?]
[2024-06-22 15:40:11.785] [info]  	at java.base/java.lang.reflect.Constructor.newInstance(Unknown Source) ~[?:?]
[2024-06-22 15:40:11.785] [info]  	at java.base/sun.net.www.protocol.http.HttpURLConnection$10.run(Unknown Source) ~[?:?]
[2024-06-22 15:40:11.785] [info]  	at java.base/sun.net.www.protocol.http.HttpURLConnection$10.run(Unknown Source) ~[?:?]
[2024-06-22 15:40:11.786] [info]  	at java.base/java.security.AccessController.doPrivileged(Unknown Source) ~[?:?]
[2024-06-22 15:40:11.786] [info]  	at java.base/sun.net.www.protocol.http.HttpURLConnection.getChainedException(Unknown Source) ~[?:?]
[2024-06-22 15:40:11.786] [info]  	at java.base/sun.net.www.protocol.http.HttpURLConnection.getInputStream0(Unknown Source) ~[?:?]
[2024-06-22 15:40:11.786] [info]  	at java.base/sun.net.www.protocol.http.HttpURLConnection.getInputStream(Unknown Source) ~[?:?]
[2024-06-22 15:40:11.786] [info]  	at Genesis/xaero.common.misc.Internet.checkModVersion(Internet.java:55) [?:?]
[2024-06-22 15:40:11.787] [info]  	at Genesis/xaero.minimap.XaeroMinimap.tryLoadLater(XaeroMinimap.java:272) [?:?]
[2024-06-22 15:40:11.787] [info]  	at Genesis/net.minecraft.client.Minecraft.handler$dbl002$onTickStart(SourceFile:16188) [?:?]
[2024-06-22 15:40:11.787] [info]  	at Genesis/net.minecraft.client.Minecraft.tick(SourceFile) [?:?]
[2024-06-22 15:40:11.787] [info]  	at Genesis/net.minecraft.client.Minecraft.runTick(SourceFile:1181) [?:?]
[2024-06-22 15:40:11.787] [info]  	at Genesis/net.minecraft.client.Minecraft.run(SourceFile:802) [?:?]
[2024-06-22 15:40:11.788] [info]  	at Genesis/net.minecraft.client.main.Main.main(SourceFile:250) [?:?]
[2024-06-22 15:40:11.788] [info]  	at java.base/jdk.internal.reflect.DirectMethodHandleAccessor.invoke(Unknown Source) ~[?:?]
[2024-06-22 15:40:11.788] [info]  	at java.base/java.lang.reflect.Method.invoke(Unknown Source) ~[?:?]
[2024-06-22 15:40:11.788] [info]  	at com.moonsworth.lunar.genesis.ClientGameBootstrap.apply(Unknown Source) [genesis-0.1.0-SNAPSHOT-all.jar:?]
[2024-06-22 15:40:11.788] [info]  	at java.base/jdk.internal.reflect.DirectMethodHandleAccessor.invoke(Unknown Source) ~[?:?]
[2024-06-22 15:40:11.789] [info]  	at java.base/java.lang.reflect.Method.invoke(Unknown Source) ~[?:?]
[2024-06-22 15:40:11.789] [info]  	at com.moonsworth.lunar.genesis.IOCOHCCRCOHRICRRHOOICHIHO.RHOCIORRHROCOHOOCRHHRRHCI(Unknown Source) [genesis-0.1.0-SNAPSHOT-all.jar:?]
[2024-06-22 15:40:11.789] [info]  	at com.moonsworth.lunar.genesis.Genesis.run(Unknown Source) [genesis-0.1.0-SNAPSHOT-all.jar:?]
[2024-06-22 15:40:11.789] [info]  	at com.moonsworth.lunar.genesis.Genesis.main(Unknown Source) [genesis-0.1.0-SNAPSHOT-all.jar:?]
[2024-06-22 15:40:11.789] [info]  Caused by: java.net.SocketTimeoutException: Read timed out
[2024-06-22 15:40:11.790] [info]  	at java.base/sun.nio.ch.NioSocketImpl.timedRead(Unknown Source) ~[?:?]
[2024-06-22 15:40:11.790] [info]  	at java.base/sun.nio.ch.NioSocketImpl.implRead(Unknown Source) ~[?:?]
[2024-06-22 15:40:11.790] [info]  	at java.base/sun.nio.ch.NioSocketImpl.read(Unknown Source) ~[?:?]
[2024-06-22 15:40:11.790] [info]  	at java.base/sun.nio.ch.NioSocketImpl$1.read(Unknown Source) ~[?:?]
[2024-06-22 15:40:11.790] [info]  	at java.base/java.net.Socket$SocketInputStream.read(Unknown Source) ~[?:?]
[2024-06-22 15:40:11.791] [info]  	at java.base/java.io.BufferedInputStream.fill(Unknown Source) ~[?:?]
[2024-06-22 15:40:11.791] [info]  	at java.base/java.io.BufferedInputStream.read1(Unknown Source) ~[?:?]
[2024-06-22 15:40:11.791] [info]  	at java.base/java.io.BufferedInputStream.implRead(Unknown Source) ~[?:?]
[2024-06-22 15:40:11.791] [info]  	at java.base/java.io.BufferedInputStream.read(Unknown Source) ~[?:?]
[2024-06-22 15:40:11.791] [info]  	at java.base/sun.net.www.http.HttpClient.parseHTTPHeader(Unknown Source) ~[?:?]
[2024-06-22 15:40:11.791] [info]  	at java.base/sun.net.www.http.HttpClient.parseHTTP(Unknown Source) ~[?:?]
[2024-06-22 15:40:11.792] [info]  	at java.base/sun.net.www.protocol.http.HttpURLConnection.getInputStream0(Unknown Source) ~[?:?]
[2024-06-22 15:40:11.792] [info]  	at java.base/sun.net.www.protocol.http.HttpURLConnection.getInputStream(Unknown Source) ~[?:?]
[2024-06-22 15:40:11.792] [info]  	at java.base/sun.net.www.protocol.http.HttpURLConnection.getHeaderField(Unknown Source) ~[?:?]
[2024-06-22 15:40:11.792] [info]  	at java.base/java.net.URLConnection.getHeaderFieldLong(Unknown Source) ~[?:?]
[2024-06-22 15:40:11.792] [info]  	at java.base/java.net.URLConnection.getContentLengthLong(Unknown Source) ~[?:?]
[2024-06-22 15:40:11.793] [info]  	at Genesis/xaero.common.misc.Internet.checkModVersion(Internet.java:53) ~[?:?]
[2024-06-22 15:40:11.793] [info]  	... 14 more
[2024-06-22 15:40:11.793] [info]  [15:40:11] [Render thread/INFO]: Registered player tracker system: minimap_synced
[2024-06-22 15:40:11.794] [info]  [15:40:11] [Render thread/INFO]: No Optifine!
[2024-06-22 15:40:11.794] [info]  [15:40:11] [Render thread/INFO]: Xaero's Minimap: No Vivecraft!
[2024-06-22 15:40:11.794] [info]  [15:40:11] [Render thread/INFO]: Xaero's Minimap: Iris found!
[2024-06-22 15:40:12.404] [info]  [15:40:12] [Render thread/WARN]: Missing sound for event: minecraft:item.goat_horn.play
[2024-06-22 15:40:12.405] [info]  [15:40:12] [Render thread/WARN]: Missing sound for event: minecraft:entity.goat.screaming.horn_break
[2024-06-22 15:40:12.747] [info]  [15:40:12] [Render thread/INFO]: OpenAL initialized on device OpenAL Soft on Speakers (Realtek(R) Audio)
[2024-06-22 15:40:12.748] [info]  [15:40:12] [Render thread/INFO]: Sound engine started
[2024-06-22 15:40:12.859] [info]  [15:40:12] [Render thread/INFO]: Created: 1024x512x4 minecraft:textures/atlas/blocks.png-atlas
[2024-06-22 15:40:12.875] [info]  [15:40:12] [Render thread/INFO]: Created: 256x256x4 minecraft:textures/atlas/signs.png-atlas
[2024-06-22 15:40:12.876] [info]  [15:40:12] [Render thread/INFO]: Created: 512x512x4 minecraft:textures/atlas/banner_patterns.png-atlas
[2024-06-22 15:40:12.877] [info]  [15:40:12] [Render thread/INFO]: Created: 512x512x4 minecraft:textures/atlas/shield_patterns.png-atlas
[2024-06-22 15:40:12.879] [info]  [15:40:12] [Render thread/INFO]: Created: 1024x1024x4 minecraft:textures/atlas/armor_trims.png-atlas
[2024-06-22 15:40:12.890] [info]  [15:40:12] [Render thread/INFO]: Created: 128x64x4 minecraft:textures/atlas/decorated_pot.png-atlas
[2024-06-22 15:40:12.891] [info]  [15:40:12] [Render thread/INFO]: Created: 256x256x4 minecraft:textures/atlas/chest.png-atlas
[2024-06-22 15:40:12.891] [info]  [15:40:12] [Render thread/INFO]: Created: 512x256x4 minecraft:textures/atlas/shulker_boxes.png-atlas
[2024-06-22 15:40:12.891] [info]  [15:40:12] [Render thread/INFO]: Created: 512x256x4 minecraft:textures/atlas/beds.png-atlas
[2024-06-22 15:40:13.385] [info]  [15:40:13] [Render thread/WARN]: Shader rendertype_entity_translucent_emissive could not find sampler named Sampler2 in the specified shader program.
[2024-06-22 15:40:13.466] [info]  [15:40:13] [Render thread/INFO]: Created: 256x256x0 minecraft:textures/atlas/particles.png-atlas
[2024-06-22 15:40:13.467] [info]  [15:40:13] [Render thread/INFO]: Created: 256x256x0 minecraft:textures/atlas/paintings.png-atlas
[2024-06-22 15:40:13.467] [info]  [15:40:13] [Render thread/INFO]: Created: 256x128x0 minecraft:textures/atlas/mob_effects.png-atlas
[2024-06-22 15:40:13.487] [info]  [15:40:13] [Render thread/INFO]: Successfully reloaded the minimap shaders!
[2024-06-22 15:40:13.487] [info]  [15:40:13] [Render thread/INFO]: Zoomify detected first launch!
[2024-06-22 15:40:18.960] [info]  [15:40:18] [Render thread/INFO]: Connecting to dobii.lol, 25565
[2024-06-22 15:40:20.716] [error] Jun 22, 2024 3:40:20 PM com.replaymod.replaystudio.lib.viaversion.protocols.protocol1_13to1_12_2.blockconnections.ConnectionData init
[2024-06-22 15:40:20.717] [error] INFO: Loading block connection mappings ...
[2024-06-22 15:40:20.858] [error] Jun 22, 2024 3:40:20 PM com.replaymod.replaystudio.lib.viaversion.protocols.protocol1_13to1_12_2.storage.BlockConnectionStorage <clinit>
[2024-06-22 15:40:20.859] [error] INFO: Using FastUtil Long2ObjectOpenHashMap for block connections
[2024-06-22 15:40:21.565] [info]  [15:40:21] [Render thread/INFO]: New minimap session initialized!
[2024-06-22 15:40:21.668] [info]  [15:40:21] [Render thread/INFO]: Reloading pipeline on dimension change: null => NamespacedId{namespace='minecraft', name='overworld'}
[2024-06-22 15:40:21.670] [info]  [15:40:21] [Render thread/INFO]: Creating pipeline for dimension NamespacedId{namespace='minecraft', name='overworld'}
[2024-06-22 15:40:21.826] [info]  [15:40:21] [Render thread/INFO]: Started 10 worker threads
[2024-06-22 15:40:21.975] [info]  [15:40:21] [Render thread/INFO]: Stopping worker threads
[2024-06-22 15:40:21.994] [info]  [15:40:21] [Render thread/INFO]: Started 10 worker threads
[2024-06-22 15:40:22.031] [info]  [15:40:22] [Render thread/INFO]: [System] [CHAT] \n \n \n \n \n \n \n \n \n \n \n \n \n \n \n \n \n \n \n \n \n \n \n \n \n \n \n \n \n \n 
[2024-06-22 15:40:22.295] [info]  [15:40:22] [Render thread/INFO]: Stopping worker threads
[2024-06-22 15:40:22.298] [info]  [15:40:22] [Render thread/INFO]: Started 10 worker threads
[2024-06-22 15:40:22.429] [info]  [15:40:22] [Render thread/INFO]: [System] [CHAT] MengHong001 joined the game
[2024-06-22 15:40:22.480] [info]  [15:40:22] [Render thread/INFO]: Loaded 14 advancements
[2024-06-22 15:40:22.511] [info]  [15:40:22] [Render thread/INFO]: [System] [CHAT] Use the command /login <password>.
[2024-06-22 15:40:22.562] [info]  [15:40:22] [Render thread/INFO]: [System] [CHAT] BroYaa_ joined the game
[2024-06-22 15:40:22.577] [info]  [15:40:22] [Render thread/WARN]: Unknown custom packed identifier: worldedit:cui
[2024-06-22 15:40:22.797] [info]  [15:40:22] [Render thread/INFO]: Reloading entity icon resources...
[2024-06-22 15:40:22.848] [info]  [15:40:22] [Render thread/INFO]: Done!
[2024-06-22 15:40:27.564] [info]  [15:40:27] [Render thread/INFO]: [System] [CHAT] BroYaa_ left the game
[2024-06-22 15:40:39.517] [info]  [15:40:39] [CullThread/INFO]: [STDOUT]: Shutting down culling task!
[2024-06-22 15:40:39.547] [info]  [15:40:39] [WebSocketConnectReadThread-110/INFO]: [LC IPC] Connection closed (1000, "")
[2024-06-22 15:40:39.548] [info]  [15:40:39] [Render thread/INFO]: Stopping!
[2024-06-22 15:40:39.554] [info]  [15:40:39] [Render thread/WARN]: [LC] Assets
[2024-06-22 15:40:39.557] [info]  [15:40:39] [Render thread/WARN]: [LC] Assets
[2024-06-22 15:40:39.558] [info]  [15:40:39] [Render thread/INFO]: Minimap session finalized.
[2024-06-22 15:40:39.561] [info]  [15:40:39] [Render thread/INFO]: Stopping worker threads
[2024-06-22 15:40:39.570] [info]  [15:40:39] [Thread-27/ERROR]: Saving replay file:
[2024-06-22 15:40:39.570] [info]  java.nio.file.FileAlreadyExistsException: C:\Users\Asus\AppData\Roaming\.minecraft\replay_recordings\recording\2024_06_22_15_40_19.mcpr.no_recover
[2024-06-22 15:40:39.570] [info]  	at java.base/sun.nio.fs.WindowsException.translateToIOException(Unknown Source) ~[?:?]
[2024-06-22 15:40:39.571] [info]  	at java.base/sun.nio.fs.WindowsException.rethrowAsIOException(Unknown Source) ~[?:?]
[2024-06-22 15:40:39.571] [info]  	at java.base/sun.nio.fs.WindowsException.rethrowAsIOException(Unknown Source) ~[?:?]
[2024-06-22 15:40:39.571] [info]  	at java.base/sun.nio.fs.WindowsFileSystemProvider.newByteChannel(Unknown Source) ~[?:?]
[2024-06-22 15:40:39.571] [info]  	at java.base/java.nio.file.Files.newByteChannel(Unknown Source) ~[?:?]
[2024-06-22 15:40:39.572] [info]  	at java.base/java.nio.file.Files.createFile(Unknown Source) ~[?:?]
[2024-06-22 15:40:39.572] [info]  	at Genesis/com.replaymod.recording.packet.PacketListener.lambda$channelInactive$6(PacketListener.java:306) ~[?:?]
[2024-06-22 15:40:39.572] [info]  	at java.base/java.lang.Thread.run(Unknown Source) [?:?]
[2024-06-22 15:40:39.639] [info]  [15:39:29] [WARN] [FabricLoader/Resolution]: Warnings were found!
[2024-06-22 15:40:39.639] [info]   - Mod 'Sodium Extra' (sodium-extra) 0.5.1+mc1.20.1-build.112 recommends version 1.4.2 or later of reeses-sodium-options, which is missing!
[2024-06-22 15:40:39.640] [info]  	 - You should install version 1.4.2 or later of reeses-sodium-options for the optimal experience.
