[2024-06-22 15:18:53.732] [error] NOTE: Picked up JDK_JAVA_OPTIONS: -XX:+DisableAttachMechanism
[2024-06-22 15:18:53.736] [error] Picked up JAVA_TOOL_OPTIONS: -XX:+DisableAttachMechanism
[2024-06-22 15:18:53.736] [error] Picked up _JAVA_OPTIONS: -XX:+DisableAttachMechanism
[2024-06-22 15:18:53.941] [info]  [15:18:53
[2024-06-22 15:18:53.942] [info]  ] [Genesis/main/INFO] Found external file: Fabric-API-v1_20_1-0.90.7.jar
[2024-06-22 15:18:53.945] [info]  [15:18:53
[2024-06-22 15:18:53.945] [info]  ] [Genesis/main/INFO] Found external file: FerriteCore-v1_20_1-6.0.0.jar
[2024-06-22 15:18:53.946] [info]  [15:18:53
[2024-06-22 15:18:53.946] [info]  ] [Genesis/main/INFO] Found external file: Lithium-v1_20_1-0.11.2.jar
[2024-06-22 15:18:53.946] [info]  [15:18:53] [Genesis/main/INFO] Found external file: Noxesium-v1_20_1-1.0.3.jar
[2024-06-22 15:18:53.947] [info]  [15:18:53] [Genesis/main/INFO] Found external file: Noxesium_API-v1_20_1-1.0.3.jar
[2024-06-22 15:18:53.947] [info]  [15:18:53] [Genesis/main/INFO] Found external file: ReplayMod-v1_20_1-2.6.14.jar
[2024-06-22 15:18:53.948] [info]  [15:18:53] [Genesis/main/INFO] Found external file: Sodium-v1_20_1-0.5.8.jar
[2024-06-22 15:18:53.948] [info]  [15:18:53] [Genesis/main/INFO] Found external file: Indium-v1_20_1-1.0.30.jar
[2024-06-22 15:18:53.948] [info]  [15:18:53] [Genesis/main/INFO] Found external file: Iris-v1_20_1-1.6.17.jar
[2024-06-22 15:18:53.948] [info]  [15:18:53] [Genesis/main/INFO] Found external file: hypixel-quickplay-data.json
[2024-06-22 15:18:53.949] [info]  [15:18:53] [Genesis/main
[2024-06-22 15:18:53.949] [info]  /INFO] Found external file: hypixel-bedwars-data.json
[2024-06-22 15:18:53.949] [info]  [15:18:53] [Genesis/main/INFO] Found external file: hypixel-skyblock-dungeon-rooms.json
[2024-06-22 15:18:53.996] [info]  [15:18:53] [Genesis/main/INFO
[2024-06-22 15:18:53.996] [info]  ] Found classpath URL: common-0.1.0-SNAPSHOT-all.jar with SHA-1 hash d55f1b0ac13c8a0e4adc1d3072d23059c44d26b8
[2024-06-22 15:18:53.997] [info]  [15:18:53] [Genesis/
[2024-06-22 15:18:53.997] [info]  main/INFO] Found classpath URL: lunar-fabric-mixins-0.1.0-SNAPSHOT-all.jar with SHA-1 hash 500ac97175fa953c59c311a3387b0d6c72cf5dba
[2024-06-22 15:18:54.009] [info]  [15:18:54] [Genesis/main/INFO] Found classpath URL: genesis-0.1.0-SNAPSHOT-all.jar with SHA-1 hash 444937f4ede76553b24bff14153b5d9e35687eb2
[2024-06-22 15:18:54.010] [info]  [15:18:54
[2024-06-22 15:18:54.010] [info]  ] [Genesis/main/INFO] Found classpath URL: lunar-lang.jar with SHA-1 hash 32a7e666acdc5ff9de8ce454b9390b6bd2bc9177
[2024-06-22 15:18:54.010] [info]  [15:18:54] [Genesis/
[2024-06-22 15:18:54.011] [info]  main/INFO] Found classpath URL: lunar-emote.jar with SHA-1 hash b04f3ee8f5e43fa3b162981b50bb72fe1acabb33
[2024-06-22 15:18:54.044] [info]  [15:18:54] [Genesis/main/INFO] Found classpath URL: lunar.jar with SHA-1 hash 7ae8b4c716d4afeeca6354f3a4b2bb4f5302869a
[2024-06-22 15:18:54.056] [info]  [15:18:54] [Genesis/main/INFO
[2024-06-22 15:18:54.058] [info]  ] Found classpath URL: modern-0.1.0-SNAPSHOT-all.jar with SHA-1 hash 1b16b6bc92071b52ebc358659a8f371324df0a45
[2024-06-22 15:18:54.058] [info]  [15:18:54] [Genesis/main/INFO] Found classpath URL: lunar-ferrite-mixins-0.1.0-SNAPSHOT-all.jar with SHA-1 hash 557af8afbc5a3a2dd1082d6c1d89d0924d9148a7
[2024-06-22 15:18:54.058] [info]  [15:18:54] [Genesis/main/INFO] Found classpath URL: lunar-lithium-mixins-0.1.0-SNAPSHOT-all.jar with SHA-1 hash 6bddb75b7b546461fe3906061ed6b69c96459fc2
[2024-06-22 15:18:54.059] [info]  [15:18:54] [
[2024-06-22 15:18:54.059] [info]  Genesis/main/INFO] Found classpath URL: lunar-noxesium-mixins-0.1.0-SNAPSHOT-all.jar with SHA-1 hash 9ef6225eb7368f6fa9728dd8d086f284b70e6e95
[2024-06-22 15:18:54.060] [info]  [15:18:54] [Genesis
[2024-06-22 15:18:54.060] [info]  /main/INFO] Found classpath URL: lunar-replaymod-fabric-mixins-0.1.0-SNAPSHOT-all.jar with SHA-1 hash d597c36d0c2ff4f04ca99579bbfe849ed80f8dbd
[2024-06-22 15:18:54.062] [info]  [15:18:54
[2024-06-22 15:18:54.063] [info]  ] [Genesis/main/INFO] Found classpath URL: lunar-sodium-mixins-0.1.0-SNAPSHOT-all.jar with SHA-1 hash e5611315574ee949cf2389d5c899eca8eef9c8a3
[2024-06-22 15:18:54.742] [info]  [15:18:54] [Genesis/main/INFO] Adding pre-launch library to game classpath: .\.ichor\ichormodule-libs\net_fabricmc_fabric_loader_0_15_11-lunar-0.1.0.jar
[2024-06-22 15:18:54.818] [info]  [15:18:54] [Genesis/GameBootstrap/main/INFO] Launching Minecraft 1.20.1 v1_20_1 (parsed from 1.20.1)
[2024-06-22 15:18:55.632] [info]  [15:18:55] [Ichor+Fabric/main/INFO] Using custom local mod path: C:\Users\Asus\.lunarclient\profiles\35533a66-fbe4-4c9e-b96c-b47d7554e254\versions\0.0.4\mods
[2024-06-22 15:18:56.986] [info]  LUNARCLIENT_STATUS_PREINIT
[2024-06-22 15:18:56.986] [info]  [
[2024-06-22 15:18:56.986] [info]  15:18:56] [Genesis/GameBootstrap/main/INFO] Starting game!
