[2024-06-22 15:33:02.988] [error] NOTE: Picked up JDK_JAVA_OPTIONS: -XX:+DisableAttachMechanism
[2024-06-22 15:33:02.991] [error] Picked up JAVA_TOOL_OPTIONS: -XX:+DisableAttachMechanism
[2024-06-22 15:33:02.991] [error] Picked up _JAVA_OPTIONS: -XX:+DisableAttachMechanism
[2024-06-22 15:33:03.191] [info]  [15:33:03
[2024-06-22 15:33:03.191] [info]  ] [Genesis/main/INFO] Found external file: Fabric-API-v1_20_1-0.90.7.jar
[2024-06-22 15:33:03.194] [info]  [15:33:03] [Genesis/main/INFO] Found external file: FerriteCore-v1_20_1-6.0.0.jar
[2024-06-22 15:33:03.196] [info]  [15:33:03] [Genesis/main/INFO] Found external file: Lithium-v1_20_1-0.11.2.jar
[2024-06-22 15:33:03.196] [info]  [15:33:03] [Genesis/main/INFO] Found external file: Noxesium-v1_20_1-1.0.3.jar
[2024-06-22 15:33:03.196] [info]  [15:33:03] [Genesis/main/INFO] Found external file: Noxesium_API-v1_20_1-1.0.3.jar
[2024-06-22 15:33:03.196] [info]  [15:33:03] [Genesis/main/INFO] Found external file: ReplayMod-v1_20_1-2.6.14.jar
[2024-06-22 15:33:03.197] [info]  [15:33:03] [Genesis/main/INFO] Found external file: Sodium-v1_20_1-0.5.8.jar
[2024-06-22 15:33:03.197] [info]  [15:33:03] [Genesis/main/INFO] Found external file: Indium-v1_20_1-1.0.30.jar
[2024-06-22 15:33:03.197] [info]  [15:33:03] [Genesis/main/INFO] Found external file: Iris-v1_20_1-1.6.17.jar
[2024-06-22 15:33:03.197] [info]  [15:33:03] [Genesis/main/INFO] Found external file: hypixel-quickplay-data.json
[2024-06-22 15:33:03.198] [info]  [15:33:03] [Genesis/main/INFO] Found external file: hypixel-bedwars-data.json
[2024-06-22 15:33:03.198] [info]  [15:33:03] [Genesis/main/INFO] Found external file: hypixel-skyblock-dungeon-rooms.json
[2024-06-22 15:33:03.245] [info]  [15:33:03] [Genesis/main/INFO] Found classpath URL: common-0.1.0-SNAPSHOT-all.jar with SHA-1 hash d55f1b0ac13c8a0e4adc1d3072d23059c44d26b8
[2024-06-22 15:33:03.246] [info]  [15:33:03] [Genesis/main/INFO
[2024-06-22 15:33:03.247] [info]  ] Found classpath URL: lunar-fabric-mixins-0.1.0-SNAPSHOT-all.jar with SHA-1 hash 500ac97175fa953c59c311a3387b0d6c72cf5dba
[2024-06-22 15:33:03.257] [info]  [15:33:03] [Genesis/main/INFO] Found classpath URL: genesis-0.1.0-SNAPSHOT-all.jar with SHA-1 hash 444937f4ede76553b24bff14153b5d9e35687eb2
[2024-06-22 15:33:03.259] [info]  [15:33:03] [Genesis/main
[2024-06-22 15:33:03.259] [info]  /INFO] Found classpath URL: lunar-lang.jar with SHA-1 hash 32a7e666acdc5ff9de8ce454b9390b6bd2bc9177
[2024-06-22 15:33:03.260] [info]  [15:33:03] [Genesis/main/INFO] Found classpath URL: lunar-emote.jar with SHA-1 hash b04f3ee8f5e43fa3b162981b50bb72fe1acabb33
[2024-06-22 15:33:03.293] [info]  [15:33:03] [Genesis/main/INFO] Found classpath URL: lunar.jar with SHA-1 hash 7ae8b4c716d4afeeca6354f3a4b2bb4f5302869a
[2024-06-22 15:33:03.305] [info]  [15:33:03] [Genesis/main/INFO] Found classpath URL: modern-0.1.0-SNAPSHOT-all.jar with SHA-1 hash 1b16b6bc92071b52ebc358659a8f371324df0a45
[2024-06-22 15:33:03.306] [info]  [15:33:03] [Genesis/main/INFO
[2024-06-22 15:33:03.306] [info]  ] Found classpath URL: lunar-ferrite-mixins-0.1.0-SNAPSHOT-all.jar with SHA-1 hash 557af8afbc5a3a2dd1082d6c1d89d0924d9148a7
[2024-06-22 15:33:03.306] [info]  [15:33:03] [Genesis/main/INFO] Found classpath URL: lunar-lithium-mixins-0.1.0-SNAPSHOT-all.jar with SHA-1 hash 6bddb75b7b546461fe3906061ed6b69c96459fc2
[2024-06-22 15:33:03.307] [info]  [15:33:03] [
[2024-06-22 15:33:03.307] [info]  Genesis/main/INFO] Found classpath URL: lunar-noxesium-mixins-0.1.0-SNAPSHOT-all.jar with SHA-1 hash 9ef6225eb7368f6fa9728dd8d086f284b70e6e95
[2024-06-22 15:33:03.308] [info]  [15:33:03
[2024-06-22 15:33:03.308] [info]  ] [Genesis/main/INFO] Found classpath URL: lunar-replaymod-fabric-mixins-0.1.0-SNAPSHOT-all.jar with SHA-1 hash d597c36d0c2ff4f04ca99579bbfe849ed80f8dbd
[2024-06-22 15:33:03.310] [info]  [15:33:03
[2024-06-22 15:33:03.310] [info]  ] [Genesis/main/INFO] Found classpath URL: lunar-sodium-mixins-0.1.0-SNAPSHOT-all.jar with SHA-1 hash e5611315574ee949cf2389d5c899eca8eef9c8a3
[2024-06-22 15:33:03.970] [info]  [15:33:03] [Genesis/main/INFO] Adding pre-launch library to game classpath: .\.ichor\ichormodule-libs\net_fabricmc_fabric_loader_0_15_11-lunar-0.1.0.jar
[2024-06-22 15:33:04.046] [info]  [15:33:04] [Genesis/GameBootstrap/main/INFO] Launching Minecraft 1.20.1 v1_20_1 (parsed from 1.20.1)
[2024-06-22 15:33:04.875] [info]  [15:33:04] [Ichor+Fabric/main/INFO] Using custom local mod path: C:\Users\Asus\.lunarclient\profiles\35533a66-fbe4-4c9e-b96c-b47d7554e254\versions\0.0.4\mods
[2024-06-22 15:33:05.189] [error] An error occurred while launching Lunar Client.
[2024-06-22 15:33:05.190] [error] com.moonsworth.lunar.ichor.util.FatalIchorError: [Bootstrap#Game] Failed to bootstrap fabric-loader
[2024-06-22 15:33:05.190] [error] 	at com.moonsworth.RHOCIORRHROCOHOOCRHHRRHCI.IHCRIIIICOROROOCCIHHHHCRI.RHOCIORRHROCOHOOCRHHRRHCI(Unknown Source)
[2024-06-22 15:33:05.190] [error] 	at com.moonsworth.RHOCIORRHROCOHOOCRHHRRHCI.COCICHIRHCIIORIIHRCOOROHH.HHRIIHHROCICOCHRCICRIOHRH(Unknown Source)
[2024-06-22 15:33:05.190] [error] 	at com.moonsworth.lunar.ichor.IRCIHCHCCHHOCORRHRCCORROC.IOCOHCCRCOHRICRRHOOICHIHO(Unknown Source)
[2024-06-22 15:33:05.191] [error] 	at java.base/java.util.ArrayList.forEach(Unknown Source)
[2024-06-22 15:33:05.191] [error] 	at com.moonsworth.lunar.ichor.IRCIHCHCCHHOCORRHRCCORROC.<init>(Unknown Source)
[2024-06-22 15:33:05.191] [error] 	at com.moonsworth.lunar.genesis.ClientGameBootstrap.apply(Unknown Source)
[2024-06-22 15:33:05.191] [error] 	at java.base/jdk.internal.reflect.DirectMethodHandleAccessor.invoke(Unknown Source)
[2024-06-22 15:33:05.192] [error] 	at java.base/java.lang.reflect.Method.invoke(Unknown Source)
[2024-06-22 15:33:05.192] [error] 	at com.moonsworth.lunar.genesis.IOCOHCCRCOHRICRRHOOICHIHO.RHOCIORRHROCOHOOCRHHRRHCI(Unknown Source)
[2024-06-22 15:33:05.192] [error] 	at com.moonsworth.lunar.genesis.Genesis.run(Unknown Source)
[2024-06-22 15:33:05.193] [error] 	at com.moonsworth.lunar.genesis.Genesis.main(Unknown Source)
[2024-06-22 15:33:05.193] [error] Caused by: net.fabricmc.loader.impl.discovery.ModResolutionException: Some of your mods are incompatible with the game or each other!
[2024-06-22 15:33:05.193] [error] A potential solution has been determined, this may resolve your problem:
[2024-06-22 15:33:05.193] [error] 	 - Replace mod 'Nvidium' (nvidium) 0.2.6-beta with any version that is compatible with:
[2024-06-22 15:33:05.193] [error] 		 - sodium 0.5.3
[2024-06-22 15:33:05.194] [error] More details:
[2024-06-22 15:33:05.194] [error] 	 - Mod 'Nvidium' (nvidium) 0.2.6-beta requires version 0.5.7 or version 0.5.8 of mod 'Sodium' (sodium), but only the wrong version is present: 0.5.3!
[2024-06-22 15:33:05.194] [error] 	at net.fabricmc.loader.impl.discovery.ModResolver.findCompatibleSet(ModResolver.java:148)
[2024-06-22 15:33:05.194] [error] 	at net.fabricmc.loader.impl.discovery.ModResolver.resolve(ModResolver.java:45)
[2024-06-22 15:33:05.195] [error] 	at com.moonsworth.RHOCIORRHROCOHOOCRHHRRHCI.CCOCCHORCHCOCCROCHOIOICOI.IHHIIOHOIHRHRIHICIICOCIOI(Unknown Source)
[2024-06-22 15:33:05.195] [error] 	at com.moonsworth.RHOCIORRHROCOHOOCRHHRRHCI.CCOCCHORCHCOCCROCHOIOICOI.RHOCIORRHROCOHOOCRHHRRHCI(Unknown Source)
[2024-06-22 15:33:05.195] [error] 	at com.moonsworth.RHOCIORRHROCOHOOCRHHRRHCI.IHCRIIIICOROROOCCIHHHHCRI.RHOCIORRHROCOHOOCRHHRRHCI(Unknown Source)
[2024-06-22 15:33:05.195] [error] 	... 10 more
[2024-06-22 15:33:05.195] [error] Skipping Sentry report due to filter regex.
[2024-06-22 15:33:05.196] [info]  [15:33:05] [WARN] [FabricLoader/Resolution]: Mod resolution failed
[2024-06-22 15:33:05.196] [info]  [15:33:05] [INFO] [FabricLoader/Resolution]: Immediate reason: [HARD_DEP_NO_CANDIDATE nvidium 0.2.6-beta {depends sodium @ [=0.5.7 || =0.5.8]}, ROOT_FORCELOAD_SINGLE nvidium 0.2.6-beta]
[2024-06-22 15:33:05.196] [info]  [15:33:05] [INFO] [FabricLoader/Resolution]: Reason: [HARD_DEP nvidium 0.2.6-beta {depends sodium @ [=0.5.7 || =0.5.8]}]
[2024-06-22 15:33:05.196] [info]  [15:33:05] [INFO] [FabricLoader/Resolution]: Fix: add [], remove [], replace [[nvidium 0.2.6-beta] -> add:nvidium 1 ([(-?,?)])]
