[2024-06-21 17:42:32.064] [error] NOTE: Picked up JDK_JAVA_OPTIONS: -XX:+DisableAttachMechanism
[2024-06-21 17:42:32.069] [error] Picked up JAVA_TOOL_OPTIONS: -XX:+DisableAttachMechanism
[2024-06-21 17:42:32.069] [error] Picked up _JAVA_OPTIONS: -XX:+DisableAttachMechanism
[2024-06-21 17:42:32.275] [info]  [17:42:32] [
[2024-06-21 17:42:32.276] [info]  Genesis/main/INFO] Found external file: Fabric-API-v1_20_1-0.90.7.jar
[2024-06-21 17:42:32.279] [info]  [17:42:32] [Genesis/main/
[2024-06-21 17:42:32.279] [info]  INFO] Found external file: FerriteCore-v1_20_1-6.0.0.jar
[2024-06-21 17:42:32.280] [info]  [17:42:32] [Genesis/main/INFO] Found external file: Lithium-v1_20_1-0.11.2.jar
[2024-06-21 17:42:32.280] [info]  [17:42:32] [Genesis/main/INFO] Found external file: Noxesium-v1_20_1-1.0.3.jar
[2024-06-21 17:42:32.281] [info]  [17:42:32] [Genesis/main/INFO] Found external file: Noxesium_API-v1_20_1-1.0.3.jar
[2024-06-21 17:42:32.281] [info]  [17:42:32] [Genesis/main/INFO] Found external file: ReplayMod-v1_20_1-2.6.14.jar
[2024-06-21 17:42:32.281] [info]  [17:42:32] [Genesis/main/INFO] Found external file: Sodium-v1_20_1-0.5.8.jar
[2024-06-21 17:42:32.281] [info]  [17:42:32] [Genesis/main/INFO] Found external file: Indium-v1_20_1-1.0.30.jar
[2024-06-21 17:42:32.282] [info]  [17:42:32] [Genesis/main/INFO] Found external file: Iris-v1_20_1-1.6.17.jar
[2024-06-21 17:42:32.282] [info]  [17:42:32] [Genesis/main/INFO] Found external file: hypixel-quickplay-data.json
[2024-06-21 17:42:32.282] [info]  [17:42:32] [Genesis/main/INFO] Found external file: hypixel-bedwars-data.json
[2024-06-21 17:42:32.282] [info]  [17:42:32] [
[2024-06-21 17:42:32.283] [info]  Genesis/main/INFO] Found external file: hypixel-skyblock-dungeon-rooms.json
[2024-06-21 17:42:32.335] [info]  [17:42:32] [Genesis/main/INFO] Found classpath URL: common-0.1.0-SNAPSHOT-all.jar with SHA-1 hash d55f1b0ac13c8a0e4adc1d3072d23059c44d26b8
[2024-06-21 17:42:32.337] [info]  [17:42:32] [Genesis/main/INFO
[2024-06-21 17:42:32.337] [info]  ] Found classpath URL: lunar-fabric-mixins-0.1.0-SNAPSHOT-all.jar with SHA-1 hash 500ac97175fa953c59c311a3387b0d6c72cf5dba
[2024-06-21 17:42:32.348] [info]  [17:42:32] [Genesis/main/INFO] Found classpath URL: genesis-0.1.0-SNAPSHOT-all.jar with SHA-1 hash 444937f4ede76553b24bff14153b5d9e35687eb2
[2024-06-21 17:42:32.350] [info]  [17:42:32] [Genesis/
[2024-06-21 17:42:32.350] [info]  main/INFO] Found classpath URL: lunar-lang.jar with SHA-1 hash 32a7e666acdc5ff9de8ce454b9390b6bd2bc9177
[2024-06-21 17:42:32.351] [info]  [17:42:32] [Genesis/main/INFO] Found classpath URL: lunar-emote.jar with SHA-1 hash b04f3ee8f5e43fa3b162981b50bb72fe1acabb33
[2024-06-21 17:42:32.385] [info]  [17:42:32] [Genesis/main/INFO] Found classpath URL: lunar.jar with SHA-1 hash 7ae8b4c716d4afeeca6354f3a4b2bb4f5302869a
[2024-06-21 17:42:32.396] [info]  [17:42:32] [Genesis/main/INFO] Found classpath URL: modern-0.1.0-SNAPSHOT-all.jar with SHA-1 hash 1b16b6bc92071b52ebc358659a8f371324df0a45
[2024-06-21 17:42:32.397] [info]  [17:42:32] [Genesis/main/
[2024-06-21 17:42:32.397] [info]  INFO] Found classpath URL: lunar-ferrite-mixins-0.1.0-SNAPSHOT-all.jar with SHA-1 hash 557af8afbc5a3a2dd1082d6c1d89d0924d9148a7
[2024-06-21 17:42:32.398] [info]  [17:42:32] [Genesis/main/INFO] Found classpath URL: lunar-lithium-mixins-0.1.0-SNAPSHOT-all.jar with SHA-1 hash 6bddb75b7b546461fe3906061ed6b69c96459fc2
[2024-06-21 17:42:32.398] [info]  [17:42:32] [
[2024-06-21 17:42:32.398] [info]  Genesis/main/INFO] Found classpath URL: lunar-noxesium-mixins-0.1.0-SNAPSHOT-all.jar with SHA-1 hash 9ef6225eb7368f6fa9728dd8d086f284b70e6e95
[2024-06-21 17:42:32.399] [info]  [17:42:32
[2024-06-21 17:42:32.400] [info]  ] [Genesis/main/INFO] Found classpath URL: lunar-replaymod-fabric-mixins-0.1.0-SNAPSHOT-all.jar with SHA-1 hash d597c36d0c2ff4f04ca99579bbfe849ed80f8dbd
[2024-06-21 17:42:32.402] [info]  [17:42:32
[2024-06-21 17:42:32.402] [info]  ] [Genesis/main/INFO] Found classpath URL: lunar-sodium-mixins-0.1.0-SNAPSHOT-all.jar with SHA-1 hash e5611315574ee949cf2389d5c899eca8eef9c8a3
[2024-06-21 17:42:33.098] [info]  [17:42:33] [Genesis/main/INFO] 
[2024-06-21 17:42:33.098] [info]  Adding pre-launch library to game classpath: .\.ichor\ichormodule-libs\net_fabricmc_fabric_loader_0_15_11-lunar-0.1.0.jar
[2024-06-21 17:42:33.175] [info]  [17:42:33] [Genesis/GameBootstrap/main/INFO] Launching Minecraft 1.20.1 v1_20_1 (parsed from 1.20.1)
[2024-06-21 17:42:33.999] [info]  [17:42:33] [Ichor+Fabric/main/INFO] Using custom local mod path: C:\Users\Asus\.lunarclient\profiles\35533a66-fbe4-4c9e-b96c-b47d7554e254\versions\0.0.4\mods
[2024-06-21 17:42:35.150] [info]  LUNARCLIENT_STATUS_PREINIT
[2024-06-21 17:42:35.150] [info]  [
[2024-06-21 17:42:35.151] [info]  17:42:35] [Genesis/GameBootstrap/main/INFO] Starting game!
[2024-06-21 17:42:35.600] [info]  [17:42:35] [IchorPipeline/main/INFO] Built mapping set for com.moonsworth.lunar.ichor.CRCIRCHCIOCCIHRCHCHOHICRI.RHOCIORRHROCOHOOCRHHRRHCI.IHCRIIIICOROROOCCIHHHHCRI.RHCRCHHICCCIIHIIIHIIRROOO 317ms on thread main
[2024-06-21 17:42:35.911] [info]  [17:42:35] [IchorPipeline/main/INFO] Loading Mixin runtime for META_MIXIN
[2024-06-21 17:42:36.140] [info]  [17:42:36] [Ichor/mixin(META_MIXIN)/INFO] SpongePowered MIXIN Subsystem Version=0.8.5 Source=Unknown Service=Ichor Env=CLIENT
[2024-06-21 17:42:36.673] [info]  [17:42:36] [IchorPipeline/main/INFO] Built mapping set for com.moonsworth.RHOCIORRHROCOHOOCRHHRRHCI.RHOCIORRHROCOHOOCRHHRRHCI.HHRIIHHROCICOCHRCICRIOHRH.RHOCIORRHROCOHOOCRHHRRHCI 207ms on thread main
[2024-06-21 17:42:37.125] [info]  [17:42:37] [IchorPipeline/main/INFO] Loading Mixin runtime for MIXIN
[2024-06-21 17:42:37.548] [info]  [17:42:37] [Ichor/mixin(MIXIN)/INFO] SpongePowered MIXIN Subsystem Version=0.8.5 Source=Unknown Service=Ichor Env=CLIENT
[2024-06-21 17:42:38.124] [info]  [17:42:38] [IchorPipeline/main/INFO] Done loading Mixin runtimes in 2215ms
[2024-06-21 17:42:38.125] [info]  [17:42:38] [IchorPipeline/main/INFO] Setting up mixins for META_MIXIN
[2024-06-21 17:42:38.237] [info]  [17:42:38] [IchorPipeline/main/INFO] 
[2024-06-21 17:42:38.238] [info]  Setting up mixins for MIXIN
[2024-06-21 17:42:38.239] [info]  [17:42:38] [Ichor/main/
[2024-06-21 17:42:38.239] [info]  INFO] Mixin config mixins.modern.json doesn't exist in IchorClassLoader(MIXIN)
[2024-06-21 17:42:38.240] [info]  [17:42:38] [Ichor/main/INFO] Mixin config mixins.modern_lunar.json doesn't exist in IchorClassLoader(MIXIN)
[2024-06-21 17:42:38.558] [info]  [17:42:38] [IchorPipeline/main/INFO] Done registering Mixins in 433ms
[2024-06-21 17:42:38.559] [info]  [17:42:38] [IchorPipeline/main/INFO] Going to default mixins stage for META_MIXIN
[2024-06-21 17:42:39.304] [info]  [17:42:39] [IchorPipeline/main/INFO] Going to default mixins stage for MIXIN
[2024-06-21 17:42:39.319] [info]  [17:42:39] [Ichor/MixinExtras|Service(META_MIXIN)/INFO] Initializing MixinExtras via com.llamalad7.mixinextras.service.MixinExtrasServiceImpl(version=0.3.5).
[2024-06-21 17:42:40.648] [info]  [17:42:40] [main/INFO]: Loaded configuration file for Lithium: 115 options available, 2 override(s) found
[2024-06-21 17:42:40.676] [info]  [17:42:40] [main/INFO]: Loaded configuration file for Sodium: 42 options available, 3 override(s) found
[2024-06-21 17:42:45.804] [info]  [17:42:45] [Ichor/mixin(MIXIN)/WARN] Catching java.lang.ClassNotFoundException: IchorClassLoader(MIXIN) couldn't find class bytes for net/optifine/render/ChunkVisibility (checked [net.optifine.render.ChunkVisibility]).
[2024-06-21 17:42:45.805] [info]  [17:42:45] [Ichor/mixin(MIXIN)/WARN] Error loading class: net/optifine/render/ChunkVisibility (java.lang.ClassNotFoundException: IchorClassLoader(MIXIN) couldn't find class bytes for net/optifine/render/ChunkVisibility (checked [net.optifine.render.ChunkVisibility]).)
[2024-06-21 17:42:45.806] [info]  [17:42:45] [Ichor/mixin(MIXIN)/WARN] Catching java.lang.ClassNotFoundException: IchorClassLoader(MIXIN) couldn't find class bytes for shadersmod/client/ShadersRender (checked [shadersmod.client.ShadersRender]).
[2024-06-21 17:42:45.806] [info]  [17:42:45] [Ichor/mixin(MIXIN)/WARN] Error loading class: shadersmod/client/ShadersRender (java.lang.ClassNotFoundException: IchorClassLoader(MIXIN) couldn't find class bytes for shadersmod/client/ShadersRender (checked [shadersmod.client.ShadersRender]).)
[2024-06-21 17:42:45.806] [info]  [17:42:45] [Ichor/mixin(MIXIN)/WARN] Catching java.lang.ClassNotFoundException: IchorClassLoader(MIXIN) couldn't find class bytes for net/optifine/shaders/ShadersRender (checked [net.optifine.shaders.ShadersRender]).
[2024-06-21 17:42:45.806] [info]  [17:42:45] [Ichor/mixin(MIXIN)/WARN] Error loading class: net/optifine/shaders/ShadersRender (java.lang.ClassNotFoundException: IchorClassLoader(MIXIN) couldn't find class bytes for net/optifine/shaders/ShadersRender (checked [net.optifine.shaders.ShadersRender]).)
[2024-06-21 17:42:47.666] [info]  [17:42:47] [main/WARN]: Force-disabling mixin 'alloc.blockstate.StateMixin' as rule 'mixin.alloc.blockstate' (added by mods [ferritecore]) disables it and children
[2024-06-21 17:42:47.907] [info]  [17:42:47] [main/WARN]: Force-disabling mixin 'world.player_chunk_tick.ThreadedAnvilChunkStorageMixin' as rule 'mixin.world.player_chunk_tick' (added by mods [krypton]) disables it and children
[2024-06-21 17:42:48.021] [error] An error occurred while launching Lunar Client.
[2024-06-21 17:42:48.022] [error] java.lang.IllegalStateException: Failed to boot Minecraft
[2024-06-21 17:42:48.022] [error] 	at com.moonsworth.lunar.genesis.ClientGameBootstrap.apply(Unknown Source)
[2024-06-21 17:42:48.023] [error] 	at java.base/jdk.internal.reflect.DirectMethodHandleAccessor.invoke(Unknown Source)
[2024-06-21 17:42:48.023] [error] 	at java.base/java.lang.reflect.Method.invoke(Unknown Source)
[2024-06-21 17:42:48.023] [error] 	at com.moonsworth.lunar.genesis.IOCOHCCRCOHRICRRHOOICHIHO.RHOCIORRHROCOHOOCRHHRRHCI(Unknown Source)
[2024-06-21 17:42:48.024] [error] 	at com.moonsworth.lunar.genesis.Genesis.run(Unknown Source)
[2024-06-21 17:42:48.024] [error] 	at com.moonsworth.lunar.genesis.Genesis.main(Unknown Source)
[2024-06-21 17:42:48.024] [error] Caused by: java.lang.ClassNotFoundException: Failed to find class net.minecraft.client.main.Main
[2024-06-21 17:42:48.024] [error] 	at com.moonsworth.lunar.genesis.CRCIRCHCIOCCIHRCHCHOHICRI.loadClass(Unknown Source)
[2024-06-21 17:42:48.024] [error] 	at java.base/java.lang.ClassLoader.loadClass(Unknown Source)
[2024-06-21 17:42:48.025] [error] 	at java.base/java.lang.Class.forName0(Native Method)
[2024-06-21 17:42:48.025] [error] 	at java.base/java.lang.Class.forName(Unknown Source)
[2024-06-21 17:42:48.025] [error] 	at java.base/java.lang.Class.forName(Unknown Source)
[2024-06-21 17:42:48.025] [error] 	at com.moonsworth.lunar.genesis.ClientGameBootstrap.apply(Unknown Source)
[2024-06-21 17:42:48.025] [error] 	... 5 more
[2024-06-21 17:42:48.026] [error] Caused by: java.lang.reflect.InvocationTargetException
[2024-06-21 17:42:48.026] [error] 	at java.base/jdk.internal.reflect.DirectMethodHandleAccessor.invoke(Unknown Source)
[2024-06-21 17:42:48.026] [error] 	at java.base/java.lang.reflect.Method.invoke(Unknown Source)
[2024-06-21 17:42:48.026] [error] 	at IchorClassLoader(MIXIN)//org.spongepowered.asm.mixin.transformer.MixinProxyImpl.gotoDefaultPhase(Unknown Source)
[2024-06-21 17:42:48.026] [error] 	at com.moonsworth.lunar.ichor.IHCRIIIICOROROOCCIHHHHCRI.RCOIIRRHOORIOROOROICRHHOR(Unknown Source)
[2024-06-21 17:42:48.027] [error] 	at com.moonsworth.lunar.ichor.IHCRIIIICOROROOCCIHHHHCRI.RHOCIORRHROCOHOOCRHHRRHCI(Unknown Source)
[2024-06-21 17:42:48.027] [error] 	at com.moonsworth.lunar.ichor.IHCRIIIICOROROOCCIHHHHCRI.RHOCIORRHROCOHOOCRHHRRHCI(Unknown Source)
[2024-06-21 17:42:48.027] [error] 	at com.moonsworth.lunar.ichor.IHCRIIIICOROROOCCIHHHHCRI.RHOCIORRHROCOHOOCRHHRRHCI(Unknown Source)
[2024-06-21 17:42:48.027] [error] 	at com.moonsworth.lunar.ichor.IRCIHCHCCHHOCORRHRCCORROC.RHOCIORRHROCOHOOCRHHRRHCI(Unknown Source)
[2024-06-21 17:42:48.027] [error] 	at com.moonsworth.lunar.genesis.CRCIRCHCIOCCIHRCHCHOHICRI.findClass(Unknown Source)
[2024-06-21 17:42:48.028] [error] 	at com.moonsworth.lunar.genesis.CRCIRCHCIOCCIHRCHCHOHICRI.loadClass(Unknown Source)
[2024-06-21 17:42:48.028] [error] 	... 10 more
[2024-06-21 17:42:48.028] [error] Caused by: com.moonsworth.lunar.ichor.util.FatalIchorError: [IchorClassLoader(EXTERNAL_REMAP)] Failed to remap yalter/mousetweaks/fabric/mixin/MixinMouseHandler
[2024-06-21 17:42:48.028] [error] 	at com.moonsworth.lunar.ichor.RHOCIORRHROCOHOOCRHHRRHCI.RHOCIORRHROCOHOOCRHHRRHCI.COCICHIRHCIIORIIHRCOOROHH.HHRIIHHROCICOCHRCICRIOHRH(Unknown Source)
[2024-06-21 17:42:48.029] [error] 	at com.moonsworth.lunar.ichor.CRCIRCHCIOCCIHRCHCHOHICRI.IOCOHCCRCOHRICRRHOOICHIHO(Unknown Source)
[2024-06-21 17:42:48.029] [error] 	at com.moonsworth.lunar.ichor.IHCRIIIICOROROOCCIHHHHCRI.RHOCIORRHROCOHOOCRHHRRHCI(Unknown Source)
[2024-06-21 17:42:48.029] [error] 	at com.moonsworth.lunar.ichor.IHCRIIIICOROROOCCIHHHHCRI.RHOCIORRHROCOHOOCRHHRRHCI(Unknown Source)
[2024-06-21 17:42:48.029] [error] 	at com.moonsworth.lunar.ichor.IOCOHCCRCOHRICRRHOOICHIHO.CHICRROIHCCHIOHOIIIOCCCOR(Unknown Source)
[2024-06-21 17:42:48.030] [error] 	at IchorClassLoader(MIXIN)//com.moonsworth.lunar.ichor.COCICHIRHCIIORIIHRCOOROHH.IOCOHCCRCOHRICRRHOOICHIHO.IOCOHCCRCOHRICRRHOOICHIHO.getClassNode(Unknown Source)
[2024-06-21 17:42:48.030] [error] 	at IchorClassLoader(MIXIN)//org.spongepowered.asm.mixin.transformer.MixinInfo.loadMixinClass(Unknown Source)
[2024-06-21 17:42:48.030] [error] 	at IchorClassLoader(MIXIN)//org.spongepowered.asm.mixin.transformer.MixinInfo.<init>(Unknown Source)
[2024-06-21 17:42:48.030] [error] 	at IchorClassLoader(MIXIN)//org.spongepowered.asm.mixin.transformer.MixinConfig.prepareMixins(Unknown Source)
[2024-06-21 17:42:48.030] [error] 	at IchorClassLoader(MIXIN)//org.spongepowered.asm.mixin.transformer.MixinConfig.prepare(Unknown Source)
[2024-06-21 17:42:48.031] [error] 	at IchorClassLoader(MIXIN)//org.spongepowered.asm.mixin.transformer.MixinProcessor.prepareConfigs(Unknown Source)
[2024-06-21 17:42:48.031] [error] 	at IchorClassLoader(MIXIN)//org.spongepowered.asm.mixin.transformer.MixinProcessor.select(Unknown Source)
[2024-06-21 17:42:48.031] [error] 	at IchorClassLoader(MIXIN)//org.spongepowered.asm.mixin.transformer.MixinProcessor.checkSelect(Unknown Source)
[2024-06-21 17:42:48.031] [error] 	... 20 more
[2024-06-21 17:42:48.031] [error] Caused by: java.lang.StringIndexOutOfBoundsException: Range [1, -1) out of bounds for length 39
[2024-06-21 17:42:48.032] [error] 	at java.base/jdk.internal.util.Preconditions$1.apply(Unknown Source)
[2024-06-21 17:42:48.032] [error] 	at java.base/jdk.internal.util.Preconditions$1.apply(Unknown Source)
[2024-06-21 17:42:48.032] [error] 	at java.base/jdk.internal.util.Preconditions$4.apply(Unknown Source)
[2024-06-21 17:42:48.032] [error] 	at java.base/jdk.internal.util.Preconditions$4.apply(Unknown Source)
[2024-06-21 17:42:48.032] [error] 	at java.base/jdk.internal.util.Preconditions.outOfBounds(Unknown Source)
[2024-06-21 17:42:48.033] [error] 	at java.base/jdk.internal.util.Preconditions.outOfBoundsCheckFromToIndex(Unknown Source)
[2024-06-21 17:42:48.033] [error] 	at java.base/jdk.internal.util.Preconditions.checkFromToIndex(Unknown Source)
[2024-06-21 17:42:48.033] [error] 	at java.base/java.lang.String.checkBoundsBeginEnd(Unknown Source)
[2024-06-21 17:42:48.033] [error] 	at java.base/java.lang.String.substring(Unknown Source)
[2024-06-21 17:42:48.033] [error] 	at com.moonsworth.lunar.ichor.IHCRIIIICOROROOCCIHHHHCRI.CCOCCHORCHCOCCROCHOIOICOI.IOCOHCCRCOHRICRRHOOICHIHO(Unknown Source)
[2024-06-21 17:42:48.034] [error] 	at com.moonsworth.lunar.ichor.IHCRIIIICOROROOCCIHHHHCRI.CCOCCHORCHCOCCROCHOIOICOI.RHOCIORRHROCOHOOCRHHRRHCI(Unknown Source)
[2024-06-21 17:42:48.034] [error] 	at com.moonsworth.lunar.ichor.IHCRIIIICOROROOCCIHHHHCRI.CCOCCHORCHCOCCROCHOIOICOI.OHRIHCRHRHOIRHIRHICICRIHC(Unknown Source)
[2024-06-21 17:42:48.034] [error] 	at com.moonsworth.lunar.ichor.IHCRIIIICOROROOCCIHHHHCRI.CCOCCHORCHCOCCROCHOIOICOI.RHCOCCHOOROIHIRCHRCOCORCC(Unknown Source)
[2024-06-21 17:42:48.034] [error] 	at com.moonsworth.lunar.ichor.IHCRIIIICOROROOCCIHHHHCRI.CCOCCHORCHCOCCROCHOIOICOI.HHRIIHHROCICOCHRCICRIOHRH(Unknown Source)
[2024-06-21 17:42:48.035] [error] 	at com.moonsworth.lunar.ichor.IHCRIIIICOROROOCCIHHHHCRI.CCOCCHORCHCOCCROCHOIOICOI.HHCORORIIIHHCORRICCCOOOHH(Unknown Source)
[2024-06-21 17:42:48.035] [error] 	at com.moonsworth.lunar.ichor.IHCRIIIICOROROOCCIHHHHCRI.CCOCCHORCHCOCCROCHOIOICOI.RHOCIORRHROCOHOOCRHHRRHCI(Unknown Source)
[2024-06-21 17:42:48.035] [error] 	at com.moonsworth.lunar.ichor.RHOCIORRHROCOHOOCRHHRRHCI.RHOCIORRHROCOHOOCRHHRRHCI.COCICHIRHCIIORIIHRCOOROHH.HHRIIHHROCICOCHRCICRIOHRH(Unknown Source)
[2024-06-21 17:42:48.035] [error] 	... 32 more
[2024-06-21 17:42:48.036] [error] Sending Sentry with this report...
[2024-06-21 17:42:48.036] [error] Sending event to Sentry: 5abc3b72a27a42d5b2dc3abb0617abd1 (java.lang.IllegalStateException: Failed to boot Minecraft)
