[2024-06-20 22:15:18.483] [error] NOTE: Picked up JDK_JAVA_OPTIONS: -XX:+DisableAttachMechanism
[2024-06-20 22:15:18.488] [error] Picked up JAVA_TOOL_OPTIONS: -XX:+DisableAttachMechanism
[2024-06-20 22:15:18.489] [error] Picked up _JAVA_OPTIONS: -XX:+DisableAttachMechanism
[2024-06-20 22:15:18.706] [info]  [22:15:18] [Genesis/main/INFO] Found external file: Fabric-API-v1_20_1-0.90.7.jar
[2024-06-20 22:15:18.711] [info]  [22:15:18] [Genesis/main/INFO] Found external file: FerriteCore-v1_20_1-6.0.0.jar
[2024-06-20 22:15:18.711] [info]  [22:15:18] [Genesis/main/INFO] Found external file: Lithium-v1_20_1-0.11.2.jar
[2024-06-20 22:15:18.712] [info]  [22:15:18
[2024-06-20 22:15:18.712] [info]  ] [Genesis/main/INFO] Found external file: Noxesium-v1_20_1-1.0.3.jar
[2024-06-20 22:15:18.712] [info]  [22:15:18] [Genesis/main/INFO] Found external file: Noxesium_API-v1_20_1-1.0.3.jar
[2024-06-20 22:15:18.713] [info]  [22:15:18] [Genesis/main/INFO
[2024-06-20 22:15:18.713] [info]  ] Found external file: ReplayMod-v1_20_1-2.6.14.jar
[2024-06-20 22:15:18.713] [info]  [22:15:18] [Genesis/main/INFO] Found external file: Sodium-v1_20_1-0.5.8.jar
[2024-06-20 22:15:18.713] [info]  [22:15:18] [Genesis/main/INFO] Found external file: Indium-v1_20_1-1.0.30.jar
[2024-06-20 22:15:18.714] [info]  [22:15:18] [Genesis/main/INFO] Found external file: Iris-v1_20_1-1.6.17.jar
[2024-06-20 22:15:18.714] [info]  [22:15:18] [Genesis/main/INFO] Found external file: hypixel-quickplay-data.json
[2024-06-20 22:15:18.714] [info]  [22:15:18] [
[2024-06-20 22:15:18.715] [info]  Genesis/main/INFO] Found external file: hypixel-bedwars-data.json
[2024-06-20 22:15:18.715] [info]  [22:15:18] [Genesis/main/INFO] Found external file: hypixel-skyblock-dungeon-rooms.json
[2024-06-20 22:15:18.765] [info]  [22:15:18] [Genesis/main/INFO] Found classpath URL: common-0.1.0-SNAPSHOT-all.jar with SHA-1 hash d55f1b0ac13c8a0e4adc1d3072d23059c44d26b8
[2024-06-20 22:15:18.765] [info]  
[2024-06-20 22:15:18.766] [info]  [22:15:18] [Genesis
[2024-06-20 22:15:18.766] [info]  /main/INFO] Found classpath URL: lunar-fabric-mixins-0.1.0-SNAPSHOT-all.jar with SHA-1 hash 500ac97175fa953c59c311a3387b0d6c72cf5dba
[2024-06-20 22:15:18.778] [info]  [22:15:18] [Genesis/main/INFO
[2024-06-20 22:15:18.779] [info]  ] Found classpath URL: genesis-0.1.0-SNAPSHOT-all.jar with SHA-1 hash 444937f4ede76553b24bff14153b5d9e35687eb2
[2024-06-20 22:15:18.780] [info]  [
[2024-06-20 22:15:18.780] [info]  22:15:18] [Genesis/main/INFO] Found classpath URL: lunar-lang.jar with SHA-1 hash 32a7e666acdc5ff9de8ce454b9390b6bd2bc9177
[2024-06-20 22:15:18.781] [info]  [22:15:18] [Genesis/
[2024-06-20 22:15:18.781] [info]  main/INFO] Found classpath URL: lunar-emote.jar with SHA-1 hash b04f3ee8f5e43fa3b162981b50bb72fe1acabb33
[2024-06-20 22:15:18.817] [info]  [22:15:18] [Genesis/main/INFO] Found classpath URL: lunar.jar with SHA-1 hash 7ae8b4c716d4afeeca6354f3a4b2bb4f5302869a
[2024-06-20 22:15:18.829] [info]  [22:15:18] [Genesis/main/INFO] 
[2024-06-20 22:15:18.830] [info]  Found classpath URL: modern-0.1.0-SNAPSHOT-all.jar with SHA-1 hash 1b16b6bc92071b52ebc358659a8f371324df0a45
[2024-06-20 22:15:18.830] [info]  [22:15:18] [Genesis/main/INFO] Found classpath URL: lunar-ferrite-mixins-0.1.0-SNAPSHOT-all.jar with SHA-1 hash 557af8afbc5a3a2dd1082d6c1d89d0924d9148a7
[2024-06-20 22:15:18.831] [info]  [22:15:18
[2024-06-20 22:15:18.831] [info]  ] [Genesis/main/INFO] Found classpath URL: lunar-lithium-mixins-0.1.0-SNAPSHOT-all.jar with SHA-1 hash 6bddb75b7b546461fe3906061ed6b69c96459fc2
[2024-06-20 22:15:18.832] [info]  [22:15:18] [Genesis/
[2024-06-20 22:15:18.832] [info]  main/INFO] Found classpath URL: lunar-noxesium-mixins-0.1.0-SNAPSHOT-all.jar with SHA-1 hash 9ef6225eb7368f6fa9728dd8d086f284b70e6e95
[2024-06-20 22:15:18.833] [info]  [22:15:18] [
[2024-06-20 22:15:18.833] [info]  Genesis/main/INFO] Found classpath URL: lunar-replaymod-fabric-mixins-0.1.0-SNAPSHOT-all.jar with SHA-1 hash d597c36d0c2ff4f04ca99579bbfe849ed80f8dbd
[2024-06-20 22:15:18.835] [info]  [22:15:18
[2024-06-20 22:15:18.836] [info]  ] [Genesis/main/INFO] Found classpath URL: lunar-sodium-mixins-0.1.0-SNAPSHOT-all.jar with SHA-1 hash e5611315574ee949cf2389d5c899eca8eef9c8a3
[2024-06-20 22:15:19.564] [info]  [22:15:19] [Genesis/main/INFO] Adding pre-launch library to game classpath: .\.ichor\ichormodule-libs\net_fabricmc_fabric_loader_0_15_11-lunar-0.1.0.jar
[2024-06-20 22:15:19.652] [info]  [22:15:19] [Genesis/GameBootstrap/main/INFO] Launching Minecraft 1.20.1 v1_20_1 (parsed from 1.20.1)
[2024-06-20 22:15:19.652] [info]  
[2024-06-20 22:15:20.491] [info]  [22:15:20] [Ichor+Fabric/main/INFO] Using custom local mod path: C:\Users\Asus\.lunarclient\profiles\35533a66-fbe4-4c9e-b96c-b47d7554e254\versions\0.0.4\mods
[2024-06-20 22:15:20.772] [error] An error occurred while launching Lunar Client.
[2024-06-20 22:15:20.773] [error] com.moonsworth.lunar.ichor.util.FatalIchorError: [Bootstrap#Game] Failed to bootstrap fabric-loader
[2024-06-20 22:15:20.773] [error] 	at com.moonsworth.RHOCIORRHROCOHOOCRHHRRHCI.IHCRIIIICOROROOCCIHHHHCRI.RHOCIORRHROCOHOOCRHHRRHCI(Unknown Source)
[2024-06-20 22:15:20.773] [error] 	at com.moonsworth.RHOCIORRHROCOHOOCRHHRRHCI.COCICHIRHCIIORIIHRCOOROHH.HHRIIHHROCICOCHRCICRIOHRH(Unknown Source)
[2024-06-20 22:15:20.774] [error] 	at com.moonsworth.lunar.ichor.IRCIHCHCCHHOCORRHRCCORROC.IOCOHCCRCOHRICRRHOOICHIHO(Unknown Source)
[2024-06-20 22:15:20.774] [error] 	at java.base/java.util.ArrayList.forEach(Unknown Source)
[2024-06-20 22:15:20.774] [error] 	at com.moonsworth.lunar.ichor.IRCIHCHCCHHOCORRHRCCORROC.<init>(Unknown Source)
[2024-06-20 22:15:20.774] [error] 	at com.moonsworth.lunar.genesis.ClientGameBootstrap.apply(Unknown Source)
[2024-06-20 22:15:20.774] [error] 	at java.base/jdk.internal.reflect.DirectMethodHandleAccessor.invoke(Unknown Source)
[2024-06-20 22:15:20.775] [error] 	at java.base/java.lang.reflect.Method.invoke(Unknown Source)
[2024-06-20 22:15:20.775] [error] 	at com.moonsworth.lunar.genesis.IOCOHCCRCOHRICRRHOOICHIHO.RHOCIORRHROCOHOOCRHHRRHCI(Unknown Source)
[2024-06-20 22:15:20.775] [error] 	at com.moonsworth.lunar.genesis.Genesis.run(Unknown Source)
[2024-06-20 22:15:20.775] [error] 	at com.moonsworth.lunar.genesis.Genesis.main(Unknown Source)
[2024-06-20 22:15:20.775] [error] Caused by: net.fabricmc.loader.impl.discovery.ModResolutionException: Some of your mods are incompatible with the game or each other!
[2024-06-20 22:15:20.776] [error] A potential solution has been determined, this may resolve your problem:
[2024-06-20 22:15:20.776] [error] 	 - Install ukulib, version 0.3.0 or later.
[2024-06-20 22:15:20.776] [error] More details:
[2024-06-20 22:15:20.776] [error] 	 - Mod 'BetterHurtCam' (betterhurtcam) 1.5.5 requires version 0.3.0 or later of ukulib, which is missing!
[2024-06-20 22:15:20.776] [error] 	 - Mod 'BetterHurtCam+mc1.14' (betterhurtcam-mc114) 1.5.5 requires any 1.14.x version of 'Minecraft' (minecraft), but only the wrong version is present: 1.20.1!
[2024-06-20 22:15:20.777] [error] 	 - Mod 'BetterHurtCam+mc1.15' (betterhurtcam-mc115) 1.5.5 requires any 1.15.x version of 'Minecraft' (minecraft), but only the wrong version is present: 1.20.1!
[2024-06-20 22:15:20.777] [error] 	 - Mod 'BetterHurtCam+mc1.16' (betterhurtcam-mc116) 1.5.5 requires any 1.16.x version of 'Minecraft' (minecraft), but only the wrong version is present: 1.20.1!
[2024-06-20 22:15:20.777] [error] 	 - Mod 'BetterHurtCam+mc1.17' (betterhurtcam-mc117) 1.5.5 requires any 1.17.x version of 'Minecraft' (minecraft), but only the wrong version is present: 1.20.1!
[2024-06-20 22:15:20.777] [error] 	 - Mod 'BetterHurtCam+mc1.18' (betterhurtcam-mc118) 1.5.5 requires any 1.18.x version of 'Minecraft' (minecraft), but only the wrong version is present: 1.20.1!
[2024-06-20 22:15:20.777] [error] 	 - Mod 'BetterHurtCam+mc1.19' (betterhurtcam-mc119) 1.5.5 requires version 1.19, version 1.19.1 or version 1.19.2 of 'Minecraft' (minecraft), but only the wrong version is present: 1.20.1!
[2024-06-20 22:15:20.778] [error] 	 - Mod 'BetterHurtCam+mc1.19.3' (betterhurtcam-mc1193) 1.5.5 requires version 1.19.3 of 'Minecraft' (minecraft), but only the wrong version is present: 1.20.1!
[2024-06-20 22:15:20.778] [error] 	 - Mod 'BetterHurtCam+mc1.19.4' (betterhurtcam-mc1194) 1.5.5 requires version 1.19.4 of 'Minecraft' (minecraft), but only the wrong version is present: 1.20.1!
[2024-06-20 22:15:20.778] [error] 	at net.fabricmc.loader.impl.discovery.ModResolver.findCompatibleSet(ModResolver.java:148)
[2024-06-20 22:15:20.778] [error] 	at net.fabricmc.loader.impl.discovery.ModResolver.resolve(ModResolver.java:45)
[2024-06-20 22:15:20.778] [error] 	at com.moonsworth.RHOCIORRHROCOHOOCRHHRRHCI.CCOCCHORCHCOCCROCHOIOICOI.IHHIIOHOIHRHRIHICIICOCIOI(Unknown Source)
[2024-06-20 22:15:20.779] [error] 	at com.moonsworth.RHOCIORRHROCOHOOCRHHRRHCI.CCOCCHORCHCOCCROCHOIOICOI.RHOCIORRHROCOHOOCRHHRRHCI(Unknown Source)
[2024-06-20 22:15:20.779] [error] 	at com.moonsworth.RHOCIORRHROCOHOOCRHHRRHCI.IHCRIIIICOROROOCCIHHHHCRI.RHOCIORRHROCOHOOCRHHRRHCI(Unknown Source)
[2024-06-20 22:15:20.779] [error] 	... 10 more
[2024-06-20 22:15:20.779] [error] Skipping Sentry report due to filter regex.
[2024-06-20 22:15:20.780] [info]  [22:15:20] [WARN] [FabricLoader/Resolution]: Mod resolution failed
[2024-06-20 22:15:20.780] [info]  [22:15:20] [INFO] [FabricLoader/Resolution]: Immediate reason: [HARD_DEP_NO_CANDIDATE betterhurtcam 1.5.5 {depends ukulib @ [>=0.3.0]}, HARD_DEP_NO_CANDIDATE betterhurtcam 1.5.5 {depends ukulib @ [>=0.3.0]}, ROOT_FORCELOAD betterhurtcam]
[2024-06-20 22:15:20.780] [info]  [22:15:20] [INFO] [FabricLoader/Resolution]: Reason: [HARD_DEP betterhurtcam 1.5.5 {depends ukulib @ [>=0.3.0]}, HARD_DEP betterhurtcam-mc114 1.5.5 {depends minecraft @ [1.14.x]}, HARD_DEP betterhurtcam-mc115 1.5.5 {depends minecraft @ [1.15.x]}, HARD_DEP betterhurtcam-mc116 1.5.5 {depends minecraft @ [1.16.x]}, HARD_DEP betterhurtcam-mc117 1.5.5 {depends minecraft @ [1.17.x]}, HARD_DEP betterhurtcam-mc118 1.5.5 {depends minecraft @ [1.18.x]}, HARD_DEP betterhurtcam-mc119 1.5.5 {depends minecraft @ [1.19 || 1.19.1 || 1.19.2]}, HARD_DEP betterhurtcam-mc1193 1.5.5 {depends minecraft @ [1.19.3]}, HARD_DEP betterhurtcam-mc1194 1.5.5 {depends minecraft @ [1.19.4]}]
[2024-06-20 22:15:20.780] [info]  [22:15:20] [INFO] [FabricLoader/Resolution]: Fix: add [add:ukulib 0.3.0 ([[0.3.0,?)])], remove [], replace []
