[2024-06-22 15:19:00.865] [error] NOTE: Picked up JDK_JAVA_OPTIONS: -XX:+DisableAttachMechanism
[2024-06-22 15:19:00.869] [error] Picked up JAVA_TOOL_OPTIONS: -XX:+DisableAttachMechanism
[2024-06-22 15:19:00.869] [error] Picked up _JAVA_OPTIONS: -XX:+DisableAttachMechanism
[2024-06-22 15:19:01.074] [info]  [15:19:01] [Genesis/main
[2024-06-22 15:19:01.074] [info]  /INFO] Found external file: Fabric-API-v1_20_1-0.90.7.jar
[2024-06-22 15:19:01.077] [info]  [15:19:01] [Genesis/main/
[2024-06-22 15:19:01.078] [info]  INFO] Found external file: FerriteCore-v1_20_1-6.0.0.jar
[2024-06-22 15:19:01.078] [info]  [15:19:01] [Genesis/main/INFO] Found external file: Lithium-v1_20_1-0.11.2.jar
[2024-06-22 15:19:01.079] [info]  [15:19:01] [Genesis/main/INFO] Found external file: Noxesium-v1_20_1-1.0.3.jar
[2024-06-22 15:19:01.079] [info]  [15:19:01] [Genesis/main/INFO] Found external file: Noxesium_API-v1_20_1-1.0.3.jar
[2024-06-22 15:19:01.079] [info]  [15:19:01] [Genesis/main/INFO] Found external file: ReplayMod-v1_20_1-2.6.14.jar
[2024-06-22 15:19:01.080] [info]  [15:19:01] [Genesis/main/INFO] Found external file: Sodium-v1_20_1-0.5.8.jar
[2024-06-22 15:19:01.080] [info]  [15:19:01] [Genesis/main/INFO] Found external file: Indium-v1_20_1-1.0.30.jar
[2024-06-22 15:19:01.080] [info]  [15:19:01] [Genesis/main/INFO] Found external file: Iris-v1_20_1-1.6.17.jar
[2024-06-22 15:19:01.081] [info]  [15:19:01] [Genesis/main/INFO] Found external file: hypixel-quickplay-data.json
[2024-06-22 15:19:01.081] [info]  [15:19:01] [Genesis/main/INFO] Found external file: hypixel-bedwars-data.json
[2024-06-22 15:19:01.081] [info]  [15:19:01] [Genesis/main
[2024-06-22 15:19:01.081] [info]  /INFO] Found external file: hypixel-skyblock-dungeon-rooms.json
[2024-06-22 15:19:01.131] [info]  [15:19:01] [Genesis/main/
[2024-06-22 15:19:01.131] [info]  INFO] Found classpath URL: common-0.1.0-SNAPSHOT-all.jar with SHA-1 hash d55f1b0ac13c8a0e4adc1d3072d23059c44d26b8
[2024-06-22 15:19:01.133] [info]  [15:19:01] [Genesis/main/INFO] Found classpath URL: lunar-fabric-mixins-0.1.0-SNAPSHOT-all.jar with SHA-1 hash 500ac97175fa953c59c311a3387b0d6c72cf5dba
[2024-06-22 15:19:01.144] [info]  [15:19:01] [Genesis/main/
[2024-06-22 15:19:01.145] [info]  INFO] Found classpath URL: genesis-0.1.0-SNAPSHOT-all.jar with SHA-1 hash 444937f4ede76553b24bff14153b5d9e35687eb2
[2024-06-22 15:19:01.145] [info]  [15:19:01
[2024-06-22 15:19:01.145] [info]  ] [Genesis/main/INFO] Found classpath URL: lunar-lang.jar with SHA-1 hash 32a7e666acdc5ff9de8ce454b9390b6bd2bc9177
[2024-06-22 15:19:01.146] [info]  [15:19:01] [Genesis/main/INFO] Found classpath URL: lunar-emote.jar with SHA-1 hash b04f3ee8f5e43fa3b162981b50bb72fe1acabb33
[2024-06-22 15:19:01.180] [info]  [15:19:01] [Genesis/main
[2024-06-22 15:19:01.181] [info]  /INFO] Found classpath URL: lunar.jar with SHA-1 hash 7ae8b4c716d4afeeca6354f3a4b2bb4f5302869a
[2024-06-22 15:19:01.192] [info]  [15:19:01] [Genesis/main/INFO
[2024-06-22 15:19:01.193] [info]  ] Found classpath URL: modern-0.1.0-SNAPSHOT-all.jar with SHA-1 hash 1b16b6bc92071b52ebc358659a8f371324df0a45
[2024-06-22 15:19:01.193] [info]  [15:19:01] [Genesis/
[2024-06-22 15:19:01.193] [info]  main/INFO] Found classpath URL: lunar-ferrite-mixins-0.1.0-SNAPSHOT-all.jar with SHA-1 hash 557af8afbc5a3a2dd1082d6c1d89d0924d9148a7
[2024-06-22 15:19:01.194] [info]  [15:19:01] [Genesis
[2024-06-22 15:19:01.194] [info]  /main/INFO] Found classpath URL: lunar-lithium-mixins-0.1.0-SNAPSHOT-all.jar with SHA-1 hash 6bddb75b7b546461fe3906061ed6b69c96459fc2
[2024-06-22 15:19:01.195] [info]  [15:19:01] [Genesis/main/INFO] Found classpath URL: lunar-noxesium-mixins-0.1.0-SNAPSHOT-all.jar with SHA-1 hash 9ef6225eb7368f6fa9728dd8d086f284b70e6e95
[2024-06-22 15:19:01.195] [info]  [15:19:01] [
[2024-06-22 15:19:01.196] [info]  Genesis/main/INFO] Found classpath URL: lunar-replaymod-fabric-mixins-0.1.0-SNAPSHOT-all.jar with SHA-1 hash d597c36d0c2ff4f04ca99579bbfe849ed80f8dbd
[2024-06-22 15:19:01.199] [info]  [15:19:01] [Genesis/main/INFO] Found classpath URL: lunar-sodium-mixins-0.1.0-SNAPSHOT-all.jar with SHA-1 hash e5611315574ee949cf2389d5c899eca8eef9c8a3
[2024-06-22 15:19:01.899] [info]  [15:19:01] [Genesis/main/INFO] Adding pre-launch library to game classpath: .\.ichor\ichormodule-libs\net_fabricmc_fabric_loader_0_15_11-lunar-0.1.0.jar
[2024-06-22 15:19:01.996] [info]  [15:19:01] [Genesis/GameBootstrap/main/INFO] 
[2024-06-22 15:19:01.997] [info]  Launching Minecraft 1.20.1 v1_20_1 (parsed from 1.20.1)
[2024-06-22 15:19:02.879] [info]  [15:19:02] [Ichor+Fabric/main/INFO] Using custom local mod path: C:\Users\Asus\.lunarclient\profiles\35533a66-fbe4-4c9e-b96c-b47d7554e254\versions\0.0.4\mods
[2024-06-22 15:19:04.265] [info]  LUNARCLIENT_STATUS_PREINIT
[2024-06-22 15:19:04.266] [info]  [
[2024-06-22 15:19:04.266] [info]  15:19:04] [Genesis/GameBootstrap/main/INFO] Starting game!
[2024-06-22 15:19:04.721] [info]  [15:19:04] [IchorPipeline/main/INFO] 
[2024-06-22 15:19:04.722] [info]  Built mapping set for com.moonsworth.lunar.ichor.CRCIRCHCIOCCIHRCHCHOHICRI.RHOCIORRHROCOHOOCRHHRRHCI.IHCRIIIICOROROOCCIHHHHCRI.RHCRCHHICCCIIHIIIHIIRROOO 338ms on thread main
[2024-06-22 15:19:05.077] [info]  [15:19:05] [IchorPipeline/main/INFO] Loading Mixin runtime for META_MIXIN
[2024-06-22 15:19:05.333] [info]  [15:19:05] [Ichor/mixin(META_MIXIN)/INFO] SpongePowered MIXIN Subsystem Version=0.8.5 Source=Unknown Service=Ichor Env=CLIENT
[2024-06-22 15:19:06.003] [info]  [15:19:06] [IchorPipeline/main/INFO] Built mapping set for com.moonsworth.RHOCIORRHROCOHOOCRHHRRHCI.RHOCIORRHROCOHOOCRHHRRHCI.HHRIIHHROCICOCHRCICRIOHRH.RHOCIORRHROCOHOOCRHHRRHCI 338ms on thread main
[2024-06-22 15:19:06.539] [info]  [15:19:06] [IchorPipeline/main/INFO] Loading Mixin runtime for MIXIN
[2024-06-22 15:19:06.957] [info]  [15:19:06] [Ichor/mixin(MIXIN)/INFO] SpongePowered MIXIN Subsystem Version=0.8.5 Source=Unknown Service=Ichor Env=CLIENT
[2024-06-22 15:19:07.470] [info]  [15:19:07] [IchorPipeline/main/INFO] Done loading Mixin runtimes in 2393ms
[2024-06-22 15:19:07.471] [info]  [15:19:07] [IchorPipeline/main/INFO] Setting up mixins for META_MIXIN
[2024-06-22 15:19:07.607] [info]  [15:19:07] [IchorPipeline/main/INFO] Setting up mixins for MIXIN
[2024-06-22 15:19:07.608] [info]  
[2024-06-22 15:19:07.609] [info]  [15:19:07] [Ichor/main/INFO] Mixin config mixins.modern.json doesn't exist in IchorClassLoader(MIXIN)
[2024-06-22 15:19:07.609] [info]  [15:19:07] [Ichor/main/INFO] Mixin config mixins.modern_lunar.json doesn't exist in IchorClassLoader(MIXIN)
[2024-06-22 15:19:08.005] [info]  [15:19:08] [IchorPipeline/main/INFO] Done registering Mixins in 534ms
[2024-06-22 15:19:08.006] [info]  [15:19:08] [IchorPipeline/main/INFO] Going to default mixins stage for META_MIXIN
[2024-06-22 15:19:08.823] [info]  [15:19:08] [IchorPipeline/main/INFO] Going to default mixins stage for MIXIN
[2024-06-22 15:19:08.840] [info]  [15:19:08] [Ichor/MixinExtras|Service(META_MIXIN)/INFO] Initializing MixinExtras via com.llamalad7.mixinextras.service.MixinExtrasServiceImpl(version=0.3.5).
[2024-06-22 15:19:09.984] [info]  [15:19:09] [main/INFO]: Feather: Optifine dectected? false
[2024-06-22 15:19:10.018] [info]  [15:19:10] [main/INFO]: [Feather::EssentialMod] Installed: true
[2024-06-22 15:19:10.354] [info]  [15:19:10] [main/INFO]: Loaded configuration file for Lithium: 115 options available, 2 override(s) found
[2024-06-22 15:19:10.381] [info]  [15:19:10] [main/INFO]: Loaded configuration file for Sodium: 41 options available, 3 override(s) found
[2024-06-22 15:19:10.416] [info]  [15:19:10] [main/INFO]: Loaded configuration file for Sodium Extra: 32 options available, 0 override(s) found
[2024-06-22 15:19:10.508] [info]  [15:19:10] [main/ERROR]: Unsupported logger settings for async appender
[2024-06-22 15:19:15.727] [info]  [15:19:15] [Ichor/mixin(MIXIN)/WARN] Catching java.lang.ClassNotFoundException: IchorClassLoader(MIXIN) couldn't find class bytes for net/optifine/render/ChunkVisibility (checked [net.optifine.render.ChunkVisibility]).
[2024-06-22 15:19:15.727] [info]  [15:19:15] [Ichor/mixin(MIXIN)/WARN] Error loading class: net/optifine/render/ChunkVisibility (java.lang.ClassNotFoundException: IchorClassLoader(MIXIN) couldn't find class bytes for net/optifine/render/ChunkVisibility (checked [net.optifine.render.ChunkVisibility]).)
[2024-06-22 15:19:15.728] [info]  [15:19:15] [Ichor/mixin(MIXIN)/WARN] Catching java.lang.ClassNotFoundException: IchorClassLoader(MIXIN) couldn't find class bytes for shadersmod/client/ShadersRender (checked [shadersmod.client.ShadersRender]).
[2024-06-22 15:19:15.728] [info]  [15:19:15] [Ichor/mixin(MIXIN)/WARN] Error loading class: shadersmod/client/ShadersRender (java.lang.ClassNotFoundException: IchorClassLoader(MIXIN) couldn't find class bytes for shadersmod/client/ShadersRender (checked [shadersmod.client.ShadersRender]).)
[2024-06-22 15:19:15.728] [info]  [15:19:15] [Ichor/mixin(MIXIN)/WARN] Catching java.lang.ClassNotFoundException: IchorClassLoader(MIXIN) couldn't find class bytes for net/optifine/shaders/ShadersRender (checked [net.optifine.shaders.ShadersRender]).
[2024-06-22 15:19:15.728] [info]  [15:19:15] [Ichor/mixin(MIXIN)/WARN] Error loading class: net/optifine/shaders/ShadersRender (java.lang.ClassNotFoundException: IchorClassLoader(MIXIN) couldn't find class bytes for net/optifine/shaders/ShadersRender (checked [net.optifine.shaders.ShadersRender]).)
[2024-06-22 15:19:16.428] [info]  [15:19:16] [main/WARN]: Force disabled MC-121772 because it only applies to OS: MAC
[2024-06-22 15:19:16.431] [info]  [15:19:16] [main/WARN]: Force disabled MC-122477 because it only applies to OS: LINUX
[2024-06-22 15:19:16.457] [info]  [15:19:16] [main/WARN]: Force disabled MC-176559 because it's conflicting with: fabric-api
[2024-06-22 15:19:16.475] [info]  [15:19:16] [main/WARN]: Force disabled MC-22882 because it only applies to OS: MAC
[2024-06-22 15:19:18.498] [info]  [15:19:18] [main/WARN]: Force-disabling mixin 'alloc.blockstate.StateMixin' as rule 'mixin.alloc.blockstate' (added by mods [ferritecore]) disables it and children
[2024-06-22 15:19:18.760] [info]  [15:19:18] [main/WARN]: Force-disabling mixin 'world.player_chunk_tick.ThreadedAnvilChunkStorageMixin' as rule 'mixin.world.player_chunk_tick' (added by mods [krypton, vmp]) disables it and children
[2024-06-22 15:19:18.977] [info]  [15:19:18] [main/WARN]: Force-disabling mixin 'features.render.entity.CuboidMixin' as rule 'mixin.features.render.entity' (added by mods [iris]) disables it and children
[2024-06-22 15:19:18.979] [info]  [15:19:18] [main/WARN]: Force-disabling mixin 'features.render.entity.ModelPartMixin' as rule 'mixin.features.render.entity' (added by mods [iris]) disables it and children
[2024-06-22 15:19:18.980] [info]  [15:19:18] [main/WARN]: Force-disabling mixin 'features.render.entity.cull.EntityRendererMixin' as rule 'mixin.features.render.entity' (added by mods [iris]) disables it and children
[2024-06-22 15:19:18.981] [info]  [15:19:18] [main/WARN]: Force-disabling mixin 'features.render.entity.shadows.EntityRenderDispatcherMixin' as rule 'mixin.features.render.entity' (added by mods [iris]) disables it and children
[2024-06-22 15:19:18.982] [info]  [15:19:18] [main/WARN]: Force-disabling mixin 'features.render.gui.font.GlyphRendererMixin' as rule 'mixin.features.render.gui.font' (added by mods [iris]) disables it and children
[2024-06-22 15:19:18.998] [info]  [15:19:18] [main/WARN]: Force-disabling mixin 'features.render.world.sky.BackgroundRendererMixin' as rule 'mixin.features.render.world.sky' (added by mods [iris]) disables it and children
[2024-06-22 15:19:18.999] [info]  [15:19:18] [main/WARN]: Force-disabling mixin 'features.render.world.sky.ClientWorldMixin' as rule 'mixin.features.render.world.sky' (added by mods [iris]) disables it and children
[2024-06-22 15:19:18.999] [info]  [15:19:18] [main/WARN]: Force-disabling mixin 'features.render.world.sky.WorldRendererMixin' as rule 'mixin.features.render.world.sky' (added by mods [iris]) disables it and children
[2024-06-22 15:19:19.235] [info]  [15:19:19] [Ichor/mixin(MIXIN)/WARN] Catching java.lang.ClassNotFoundException: IchorClassLoader(MIXIN) couldn't find class bytes for com/ishland/c2me/notickvd/common/NoTickChunkSendingInterceptor (checked [com.ishland.c2me.notickvd.common.NoTickChunkSendingInterceptor]).
[2024-06-22 15:19:19.235] [info]  [15:19:19] [Ichor/mixin(MIXIN)/WARN] Error loading class: com/ishland/c2me/notickvd/common/NoTickChunkSendingInterceptor (java.lang.ClassNotFoundException: IchorClassLoader(MIXIN) couldn't find class bytes for com/ishland/c2me/notickvd/common/NoTickChunkSendingInterceptor (checked [com.ishland.c2me.notickvd.common.NoTickChunkSendingInterceptor]).)
[2024-06-22 15:19:19.352] [info]  [15:19:19] [Ichor/mixin(MIXIN)/WARN] Catching java.lang.ClassNotFoundException: IchorClassLoader(MIXIN) couldn't find class bytes for me/jellysquid/mods/sodium/client/compatibility/workarounds/nvidia/NvidiaWorkarounds (checked [me.jellysquid.mods.sodium.client.compatibility.workarounds.nvidia.NvidiaWorkarounds]).
[2024-06-22 15:19:19.353] [info]  [15:19:19] [Ichor/mixin(MIXIN)/WARN] Error loading class: me/jellysquid/mods/sodium/client/compatibility/workarounds/nvidia/NvidiaWorkarounds (java.lang.ClassNotFoundException: IchorClassLoader(MIXIN) couldn't find class bytes for me/jellysquid/mods/sodium/client/compatibility/workarounds/nvidia/NvidiaWorkarounds (checked [me.jellysquid.mods.sodium.client.compatibility.workarounds.nvidia.NvidiaWorkarounds]).)
[2024-06-22 15:19:19.353] [info]  [15:19:19] [Ichor/mixin(MIXIN)/WARN] @Mixin target me.jellysquid.mods.sodium.client.compatibility.workarounds.nvidia.NvidiaWorkarounds was not found mixins.ichor.sodium.v1_20_1.json:IIIICORICOICIRRHCHIIHROIC from mod (unknown)
[2024-06-22 15:19:19.356] [info]  [15:19:19] [main/INFO]: [MemoryLeakFix] Will be applying 3 memory leak fixes!
[2024-06-22 15:19:19.357] [info]  [15:19:19] [main/INFO]: [MemoryLeakFix] Currently enabled memory leak fixes: [targetEntityLeak, biomeTemperatureLeak, hugeScreenshotLeak]
[2024-06-22 15:19:19.682] [info]  [15:19:19] [IchorPipeline/main/INFO] Mixin runtimes prepared in 11678ms
[2024-06-22 15:19:19.683] [info]  [15:19:19] [IchorPipeline/main/INFO] Initialized Mixin in 14605ms
[2024-06-22 15:19:19.684] [info]  [15:19:19] [Ichor/mixin(MIXIN)/WARN] Catching java.lang.ClassNotFoundException: IchorClassLoader(MIXIN) couldn't find class bytes for net/optifine/Config (checked [net.optifine.Config]).
[2024-06-22 15:19:19.685] [info]  [15:19:19] [Ichor/mixin(MIXIN)/WARN] Error loading class: net/optifine/Config (java.lang.ClassNotFoundException: IchorClassLoader(MIXIN) couldn't find class bytes for net/optifine/Config (checked [net.optifine.Config]).)
[2024-06-22 15:19:19.687] [info]  [15:19:19] [Ichor/MixinExtras|Service(MIXIN)/INFO] Initializing MixinExtras via com.llamalad7.mixinextras.service.MixinExtrasServiceImpl(version=0.3.5).
[2024-06-22 15:19:20.444] [info]  [Bridge] Setting Bridge Implementation to com.moonsworth.lunar.IIIICORICOICIRRHCHIIHROIC.IOCOHCCRCOHRICRRHOOICHIHO
[2024-06-22 15:19:21.235] [info]  [15:19:21] [Ichor/mixin(MIXIN)/WARN] Catching java.lang.ClassNotFoundException: IchorClassLoader(MIXIN) couldn't find class bytes for net/digitalingot/geckolib/geckolib/core/animatable/GeoAnimatable (checked [net.digitalingot.geckolib.geckolib.core.animatable.GeoAnimatable]).
[2024-06-22 15:19:21.236] [info]  [15:19:21] [Ichor/mixin(MIXIN)/WARN] Error loading class: net/digitalingot/geckolib/geckolib/core/animatable/GeoAnimatable (java.lang.ClassNotFoundException: IchorClassLoader(MIXIN) couldn't find class bytes for net/digitalingot/geckolib/geckolib/core/animatable/GeoAnimatable (checked [net.digitalingot.geckolib.geckolib.core.animatable.GeoAnimatable]).)
[2024-06-22 15:19:21.275] [info]  [15:19:21] [Ichor/mixin(MIXIN)/WARN] Catching java.lang.ClassNotFoundException: IchorClassLoader(MIXIN) couldn't find class bytes for net/digitalingot/geckolib/geckolib/core/animatable/GeoAnimatable (checked [net.digitalingot.geckolib.geckolib.core.animatable.GeoAnimatable]).
[2024-06-22 15:19:21.276] [info]  [15:19:21] [Ichor/mixin(MIXIN)/WARN] Error loading class: net/digitalingot/geckolib/geckolib/core/animatable/GeoAnimatable (java.lang.ClassNotFoundException: IchorClassLoader(MIXIN) couldn't find class bytes for net/digitalingot/geckolib/geckolib/core/animatable/GeoAnimatable (checked [net.digitalingot.geckolib.geckolib.core.animatable.GeoAnimatable]).)
[2024-06-22 15:19:21.276] [info]  [15:19:21] [Ichor/mixin(MIXIN)/WARN] Catching java.lang.ClassNotFoundException: IchorClassLoader(MIXIN) couldn't find class bytes for net/digitalingot/geckolib/geckolib/core/animatable/GeoAnimatable (checked [net.digitalingot.geckolib.geckolib.core.animatable.GeoAnimatable]).
[2024-06-22 15:19:21.277] [info]  [15:19:21] [Ichor/mixin(MIXIN)/WARN] Error loading class: net/digitalingot/geckolib/geckolib/core/animatable/GeoAnimatable (java.lang.ClassNotFoundException: IchorClassLoader(MIXIN) couldn't find class bytes for net/digitalingot/geckolib/geckolib/core/animatable/GeoAnimatable (checked [net.digitalingot.geckolib.geckolib.core.animatable.GeoAnimatable]).)
[2024-06-22 15:19:21.280] [info]  [15:19:21] [Ichor/mixin(MIXIN)/WARN] Catching java.lang.ClassNotFoundException: IchorClassLoader(MIXIN) couldn't find class bytes for net/digitalingot/geckolib/geckolib/core/animatable/GeoAnimatable (checked [net.digitalingot.geckolib.geckolib.core.animatable.GeoAnimatable]).
[2024-06-22 15:19:21.280] [info]  [15:19:21] [Ichor/mixin(MIXIN)/WARN] Error loading class: net/digitalingot/geckolib/geckolib/core/animatable/GeoAnimatable (java.lang.ClassNotFoundException: IchorClassLoader(MIXIN) couldn't find class bytes for net/digitalingot/geckolib/geckolib/core/animatable/GeoAnimatable (checked [net.digitalingot.geckolib.geckolib.core.animatable.GeoAnimatable]).)
[2024-06-22 15:19:21.281] [info]  [15:19:21] [Ichor/mixin(MIXIN)/WARN] Catching java.lang.ClassNotFoundException: IchorClassLoader(MIXIN) couldn't find class bytes for net/digitalingot/geckolib/geckolib/core/animatable/GeoAnimatable (checked [net.digitalingot.geckolib.geckolib.core.animatable.GeoAnimatable]).
[2024-06-22 15:19:21.281] [info]  [15:19:21] [Ichor/mixin(MIXIN)/WARN] Error loading class: net/digitalingot/geckolib/geckolib/core/animatable/GeoAnimatable (java.lang.ClassNotFoundException: IchorClassLoader(MIXIN) couldn't find class bytes for net/digitalingot/geckolib/geckolib/core/animatable/GeoAnimatable (checked [net.digitalingot.geckolib.geckolib.core.animatable.GeoAnimatable]).)
[2024-06-22 15:19:21.281] [info]  [15:19:21] [Ichor/mixin(MIXIN)/WARN] Catching java.lang.ClassNotFoundException: IchorClassLoader(MIXIN) couldn't find class bytes for net/digitalingot/geckolib/geckolib/core/animatable/GeoAnimatable (checked [net.digitalingot.geckolib.geckolib.core.animatable.GeoAnimatable]).
[2024-06-22 15:19:21.281] [info]  [15:19:21] [Ichor/mixin(MIXIN)/WARN] Error loading class: net/digitalingot/geckolib/geckolib/core/animatable/GeoAnimatable (java.lang.ClassNotFoundException: IchorClassLoader(MIXIN) couldn't find class bytes for net/digitalingot/geckolib/geckolib/core/animatable/GeoAnimatable (checked [net.digitalingot.geckolib.geckolib.core.animatable.GeoAnimatable]).)
[2024-06-22 15:19:21.311] [error] An error occurred while launching Lunar Client.
[2024-06-22 15:19:21.311] [error] java.lang.IllegalStateException: Failed to boot Minecraft
[2024-06-22 15:19:21.312] [error] 	at com.moonsworth.lunar.genesis.ClientGameBootstrap.apply(Unknown Source)
[2024-06-22 15:19:21.312] [error] 	at java.base/jdk.internal.reflect.DirectMethodHandleAccessor.invoke(Unknown Source)
[2024-06-22 15:19:21.312] [error] 	at java.base/java.lang.reflect.Method.invoke(Unknown Source)
[2024-06-22 15:19:21.313] [error] 	at com.moonsworth.lunar.genesis.IOCOHCCRCOHRICRRHOOICHIHO.RHOCIORRHROCOHOOCRHHRRHCI(Unknown Source)
[2024-06-22 15:19:21.313] [error] 	at com.moonsworth.lunar.genesis.Genesis.run(Unknown Source)
[2024-06-22 15:19:21.313] [error] 	at com.moonsworth.lunar.genesis.Genesis.main(Unknown Source)
[2024-06-22 15:19:21.313] [error] Caused by: java.lang.reflect.InvocationTargetException
[2024-06-22 15:19:21.313] [error] 	at java.base/jdk.internal.reflect.DirectMethodHandleAccessor.invoke(Unknown Source)
[2024-06-22 15:19:21.314] [error] 	at java.base/java.lang.reflect.Method.invoke(Unknown Source)
[2024-06-22 15:19:21.314] [error] 	at com.moonsworth.lunar.genesis.ClientGameBootstrap.apply(Unknown Source)
[2024-06-22 15:19:21.314] [error] 	... 5 more
[2024-06-22 15:19:21.314] [error] Caused by: java.lang.NoClassDefFoundError: net/digitalingot/geckolib/geckolib/core/animatable/GeoAnimatable
[2024-06-22 15:19:21.314] [error] 	at java.base/java.lang.ClassLoader.defineClass1(Native Method)
[2024-06-22 15:19:21.315] [error] 	at java.base/java.lang.ClassLoader.defineClass(Unknown Source)
[2024-06-22 15:19:21.315] [error] 	at java.base/java.lang.ClassLoader.defineClass(Unknown Source)
[2024-06-22 15:19:21.315] [error] 	at com.moonsworth.lunar.genesis.CRCIRCHCIOCCIHRCHCHOHICRI.findClass(Unknown Source)
[2024-06-22 15:19:21.315] [error] 	at com.moonsworth.lunar.genesis.CRCIRCHCIOCCIHRCHCHOHICRI.loadClass(Unknown Source)
[2024-06-22 15:19:21.315] [error] 	at java.base/java.lang.ClassLoader.loadClass(Unknown Source)
[2024-06-22 15:19:21.316] [error] 	at java.base/java.lang.ClassLoader.defineClass1(Native Method)
[2024-06-22 15:19:21.316] [error] 	at java.base/java.lang.ClassLoader.defineClass(Unknown Source)
[2024-06-22 15:19:21.316] [error] 	at java.base/java.lang.ClassLoader.defineClass(Unknown Source)
[2024-06-22 15:19:21.316] [error] 	at com.moonsworth.lunar.genesis.CRCIRCHCIOCCIHRCHCHOHICRI.findClass(Unknown Source)
[2024-06-22 15:19:21.316] [error] 	at com.moonsworth.lunar.genesis.CRCIRCHCIOCCIHRCHCHOHICRI.loadClass(Unknown Source)
[2024-06-22 15:19:21.317] [error] 	at java.base/java.lang.ClassLoader.loadClass(Unknown Source)
[2024-06-22 15:19:21.317] [error] 	at java.base/java.lang.ClassLoader.defineClass1(Native Method)
[2024-06-22 15:19:21.317] [error] 	at java.base/java.lang.ClassLoader.defineClass(Unknown Source)
[2024-06-22 15:19:21.317] [error] 	at java.base/java.lang.ClassLoader.defineClass(Unknown Source)
[2024-06-22 15:19:21.317] [error] 	at com.moonsworth.lunar.genesis.CRCIRCHCIOCCIHRCHCHOHICRI.findClass(Unknown Source)
[2024-06-22 15:19:21.318] [error] 	at com.moonsworth.lunar.genesis.CRCIRCHCIOCCIHRCHCHOHICRI.loadClass(Unknown Source)
[2024-06-22 15:19:21.318] [error] 	at java.base/java.lang.ClassLoader.loadClass(Unknown Source)
[2024-06-22 15:19:21.318] [error] 	at Genesis//com.moonsworth.lunar.IIIICORICOICIRRHCHIIHROIC.IOCOHCCRCOHRICRRHOOICHIHO.enable(Unknown Source)
[2024-06-22 15:19:21.318] [error] 	at Genesis//com.moonsworth.lunar.bridge.IOCOHCCRCOHRICRRHOOICHIHO.RHOCIORRHROCOHOOCRHHRRHCI(Unknown Source)
[2024-06-22 15:19:21.318] [error] 	at Genesis//net.minecraft.client.main.Main.lunar$main$properties(SourceFile:587)
[2024-06-22 15:19:21.319] [error] 	at Genesis//net.minecraft.client.main.Main.handler$zbd000$impl$main(SourceFile:562)
[2024-06-22 15:19:21.319] [error] 	at Genesis//net.minecraft.client.main.Main.main(SourceFile)
[2024-06-22 15:19:21.319] [error] 	... 8 more
[2024-06-22 15:19:21.319] [error] Caused by: java.lang.ClassNotFoundException: Failed to find class net.digitalingot.geckolib.geckolib.core.animatable.GeoAnimatable
[2024-06-22 15:19:21.319] [error] 	at com.moonsworth.lunar.genesis.CRCIRCHCIOCCIHRCHCHOHICRI.loadClass(Unknown Source)
[2024-06-22 15:19:21.320] [error] 	at java.base/java.lang.ClassLoader.loadClass(Unknown Source)
[2024-06-22 15:19:21.320] [error] 	... 31 more
[2024-06-22 15:19:21.320] [error] Caused by: java.lang.ClassNotFoundException: IchorPipeline can't find class in Genesis: net.digitalingot.geckolib.geckolib.core.animatable.GeoAnimatable
[2024-06-22 15:19:21.320] [error] 	at com.moonsworth.lunar.ichor.IRCIHCHCCHHOCORRHRCCORROC.RHOCIORRHROCOHOOCRHHRRHCI(Unknown Source)
[2024-06-22 15:19:21.321] [error] 	at com.moonsworth.lunar.genesis.CRCIRCHCIOCCIHRCHCHOHICRI.findClass(Unknown Source)
[2024-06-22 15:19:21.321] [error] 	at com.moonsworth.lunar.genesis.CRCIRCHCIOCCIHRCHCHOHICRI.loadClass(Unknown Source)
[2024-06-22 15:19:21.321] [error] 	... 32 more
[2024-06-22 15:19:21.321] [error] Sending Sentry with this report...
[2024-06-22 15:19:21.321] [error] Sending event to Sentry: 8c4bc32d4ca34214ba98bf2bebcc2b84 (java.lang.IllegalStateException: Failed to boot Minecraft)
[2024-06-22 15:19:21.322] [info]  [15:19:03] [WARN] [FabricLoader/Metadata]: Mod feather uses the version release/b4922969 which isn't compatible with Loader's extended semantic version format (Could not parse version number component 'release/b4922969'!), SemVer is recommended for reliably evaluating dependencies and prioritizing newer version
[2024-06-22 15:19:21.322] [info]  [15:19:03] [WARN] [FabricLoader/Resolution]: Warnings were found!
[2024-06-22 15:19:21.322] [info]   - Mod 'Debugify' (debugify) 1.20.1+2.0 recommends any 3.x version of yet-another-config-lib, which is missing!
[2024-06-22 15:19:21.322] [info]  	 - You should install any 3.x version of yet-another-config-lib for the optimal experience.
[2024-06-22 15:19:21.322] [info]   - Mod 'Sodium Extra' (sodium-extra) 0.5.1+mc1.20.1-build.112 recommends version 1.4.2 or later of reeses-sodium-options, which is missing!
[2024-06-22 15:19:21.323] [info]  	 - You should install version 1.4.2 or later of reeses-sodium-options for the optimal experience.
