[2024-06-22 22:14:49.515] [error] NOTE: Picked up JDK_JAVA_OPTIONS: -XX:+DisableAttachMechanism
[2024-06-22 22:14:49.519] [error] Picked up JAVA_TOOL_OPTIONS: -XX:+DisableAttachMechanism
[2024-06-22 22:14:49.520] [error] Picked up _JAVA_OPTIONS: -XX:+DisableAttachMechanism
[2024-06-22 22:14:49.722] [info]  [22:14:49] [Genesis/
[2024-06-22 22:14:49.722] [info]  main/INFO] Found external file: Fabric-API-v1_21_0-0.100.1.jar
[2024-06-22 22:14:49.725] [info]  [22:14:49] [
[2024-06-22 22:14:49.726] [info]  Genesis/main/INFO] Found external file: Sodium-v1_21_0-0.5.9.jar
[2024-06-22 22:14:49.726] [info]  [22:14:49] [Genesis/main/INFO] Found external file: Iris-v1_21_0-1.7.1.jar
[2024-06-22 22:14:49.727] [info]  [22:14:49] [Genesis/main/INFO] Found external file: hypixel-quickplay-data.json
[2024-06-22 22:14:49.727] [info]  [22:14:49] [Genesis/main/INFO] Found external file: hypixel-bedwars-data.json
[2024-06-22 22:14:49.727] [info]  [22:14:49] [Genesis/main/INFO] Found external file: hypixel-skyblock-dungeon-rooms.json
[2024-06-22 22:14:49.779] [info]  [22:14:49] [Genesis/main/INFO] Found classpath URL: common-0.1.0-SNAPSHOT-all.jar with SHA-1 hash 066b048ed2b02a814af31aa987e7b5d0e0f61bcc
[2024-06-22 22:14:49.780] [info]  [22:14:49] [Genesis/main/INFO] 
[2024-06-22 22:14:49.781] [info]  Found classpath URL: lunar-fabric-mixins-0.1.0-SNAPSHOT-all.jar with SHA-1 hash 28a38ca2951a5a3d14864038fd7c0b14d854cc00
[2024-06-22 22:14:49.792] [info]  [22:14:49] [Genesis/main/INFO] Found classpath URL: genesis-0.1.0-SNAPSHOT-all.jar with SHA-1 hash 5acb844b73c492e6a58653cfa9a89eea9fc74e0f
[2024-06-22 22:14:49.793] [info]  [22:14:49] [Genesis/main
[2024-06-22 22:14:49.794] [info]  /INFO] Found classpath URL: lunar-lang.jar with SHA-1 hash b62ace71a2e3fbe72c5c5d98781a4a1099a178f4
[2024-06-22 22:14:49.794] [info]  [22:14:49] [Genesis/main/INFO] Found classpath URL: lunar-emote.jar with SHA-1 hash b04f3ee8f5e43fa3b162981b50bb72fe1acabb33
[2024-06-22 22:14:49.829] [info]  [22:14:49] [Genesis/main/
[2024-06-22 22:14:49.830] [info]  INFO] Found classpath URL: lunar.jar with SHA-1 hash cba1e212029224212287e9a05651b905c1f712cd
[2024-06-22 22:14:49.842] [info]  [22:14:49] [Genesis/main/INFO] Found classpath URL: modern-0.1.0-SNAPSHOT-all.jar with SHA-1 hash bb19e620daa7014ce79b156bad89e8de16a8b6ce
[2024-06-22 22:14:49.844] [info]  [22:14:49] [Genesis/
[2024-06-22 22:14:49.845] [info]  main/INFO] Found classpath URL: lunar-sodium-mixins-0.1.0-SNAPSHOT-all.jar with SHA-1 hash 74d30060a1f6851320b9bba9c70c2b7fd256f0eb
[2024-06-22 22:14:50.480] [info]  [22:14:50] [Genesis/main/INFO] Adding pre-launch library to game classpath: .\.ichor\ichormodule-libs\net_fabricmc_fabric_loader_0_15_11-lunar-0.1.0.jar
[2024-06-22 22:14:50.480] [info]  
[2024-06-22 22:14:50.558] [info]  [22:14:50] [Genesis/GameBootstrap/main/INFO] Launching Minecraft 1.21 v1_21_0 (parsed from 1.21)
[2024-06-22 22:14:51.153] [info]  [22:14:51] [Ichor+Fabric/main/INFO] Using custom local mod path: C:\Users\Asus\.lunarclient\profiles\9805af22-4032-42a9-91ec-97e451c42727\mods
[2024-06-22 22:14:52.305] [info]  [22:14:52] [Ichor/main/WARN] 
[2024-06-22 22:14:52.306] [info]  Fabric Mod indium is missing an external file!
[2024-06-22 22:14:52.326] [info]  LUNARCLIENT_STATUS_PREINIT
[2024-06-22 22:14:52.327] [info]  [22:14:52] [Genesis/GameBootstrap/main/INFO] Starting game!
[2024-06-22 22:14:52.756] [info]  [22:14:52] [IchorPipeline/main/INFO] Built mapping set for com.moonsworth.lunar.ichor.CRCIRCHCIOCCIHRCHCHOHICRI.RHOCIORRHROCOHOOCRHHRRHCI.IHCRIIIICOROROOCCIHHHHCRI.RHCRCHHICCCIIHIIIHIIRROOO 288ms on thread main
[2024-06-22 22:14:53.093] [info]  [22:14:53] [IchorPipeline/main/INFO] Loading Mixin runtime for META_MIXIN
[2024-06-22 22:14:53.308] [info]  [22:14:53] [Ichor/mixin(META_MIXIN)/INFO] SpongePowered MIXIN Subsystem Version=0.8.5 Source=Unknown Service=Ichor Env=CLIENT
[2024-06-22 22:14:53.821] [info]  [22:14:53] [IchorPipeline/main/INFO] 
[2024-06-22 22:14:53.822] [info]  Loading Mixin runtime for MIXIN
[2024-06-22 22:14:54.360] [info]  [22:14:54] [Ichor/mixin(MIXIN)/INFO] SpongePowered MIXIN Subsystem Version=0.8.5 Source=Unknown Service=Ichor Env=CLIENT
[2024-06-22 22:14:54.915] [info]  [22:14:54] [IchorPipeline/main/INFO] Done loading Mixin runtimes in 1823ms
[2024-06-22 22:14:54.916] [info]  
[2024-06-22 22:14:54.916] [info]  [22:14:54] [IchorPipeline/main/INFO] Setting up mixins for META_MIXIN
[2024-06-22 22:14:55.045] [info]  [22:14:55] [IchorPipeline/main/INFO] Setting up mixins for MIXIN
[2024-06-22 22:14:55.046] [info]  [22:14:55] [Ichor/main/INFO] 
[2024-06-22 22:14:55.046] [info]  Mixin config mixins.modern.json doesn't exist in IchorClassLoader(MIXIN)
[2024-06-22 22:14:55.046] [info]  [22:14:55] [Ichor/main/INFO] Mixin config mixins.modern_lunar.json doesn't exist in IchorClassLoader(MIXIN)
[2024-06-22 22:14:55.425] [info]  [22:14:55] [IchorPipeline/main/INFO] Done registering Mixins in 505ms
[2024-06-22 22:14:55.426] [info]  [22:14:55] [IchorPipeline/main/INFO] Going to default mixins stage for META_MIXIN
[2024-06-22 22:14:55.986] [info]  [22:14:55] [IchorPipeline/main/INFO] Going to default mixins stage for MIXIN
[2024-06-22 22:14:57.024] [info]  [22:14:57] [main/INFO]: Loaded configuration file for Sodium: 42 options available, 3 override(s) found
[2024-06-22 22:14:57.145] [info]  [22:14:57] [main/INFO]: Loaded configuration file for Sodium Extra: 35 options available, 0 override(s) found
[2024-06-22 22:15:03.219] [info]  [22:15:03] [Ichor/MixinExtras|Service(META_MIXIN)/INFO] Initializing MixinExtras via com.llamalad7.mixinextras.service.MixinExtrasServiceImpl(version=0.3.5).
[2024-06-22 22:15:04.535] [info]  [22:15:04] [main/WARN]: Force-disabling mixin 'features.render.entity.CuboidMixin' as rule 'mixin.features.render.entity' (added by mods [iris]) disables it and children
[2024-06-22 22:15:04.537] [info]  [22:15:04] [main/WARN]: Force-disabling mixin 'features.render.entity.ModelPartMixin' as rule 'mixin.features.render.entity' (added by mods [iris]) disables it and children
[2024-06-22 22:15:04.538] [info]  [22:15:04] [main/WARN]: Force-disabling mixin 'features.render.entity.cull.EntityRendererMixin' as rule 'mixin.features.render.entity' (added by mods [iris]) disables it and children
[2024-06-22 22:15:04.542] [info]  [22:15:04] [main/WARN]: Force-disabling mixin 'features.render.entity.shadows.EntityRenderDispatcherMixin' as rule 'mixin.features.render.entity' (added by mods [iris]) disables it and children
[2024-06-22 22:15:04.544] [info]  [22:15:04] [main/WARN]: Force-disabling mixin 'features.render.gui.font.GlyphRendererMixin' as rule 'mixin.features.render.gui.font' (added by mods [iris]) disables it and children
[2024-06-22 22:15:04.567] [info]  [22:15:04] [main/WARN]: Force-disabling mixin 'features.render.world.sky.BackgroundRendererMixin' as rule 'mixin.features.render.world.sky' (added by mods [iris]) disables it and children
[2024-06-22 22:15:04.568] [info]  [22:15:04] [main/WARN]: Force-disabling mixin 'features.render.world.sky.ClientWorldMixin' as rule 'mixin.features.render.world.sky' (added by mods [iris]) disables it and children
[2024-06-22 22:15:04.569] [info]  [22:15:04] [main/WARN]: Force-disabling mixin 'features.render.world.sky.WorldRendererMixin' as rule 'mixin.features.render.world.sky' (added by mods [iris]) disables it and children
[2024-06-22 22:15:05.063] [info]  [22:15:05] [IchorPipeline/main/INFO] Mixin runtimes prepared in 9642ms
[2024-06-22 22:15:05.063] [info]  [22:15:05] [IchorPipeline
[2024-06-22 22:15:05.064] [info]  /main/INFO] Initialized Mixin in 11970ms
[2024-06-22 22:15:05.066] [info]  [22:15:05] [Ichor/MixinExtras|Service(MIXIN)/INFO] Initializing MixinExtras via com.llamalad7.mixinextras.service.MixinExtrasServiceImpl(version=0.3.5).
[2024-06-22 22:15:05.894] [info]  [Bridge] Setting Bridge Implementation to com.moonsworth.lunar.IIIICORICOICIRRHCHIIHROIC.IOCOHCCRCOHRICRRHOOICHIHO
[2024-06-22 22:15:07.479] [info]  [Bridge] Found textures dir: C:\Users\Asus\.lunarclient\textures
[2024-06-22 22:15:08.584] [info]  [22:15:08] [Datafixer Bootstrap/INFO]: 226 Datafixer optimizations took 322 milliseconds
[2024-06-22 22:15:14.857] [info]  [22:15:14] [main/INFO]: Completely ignored arguments: [--workingDirectory, ., --webosrDir, C:\Users\Asus\.lunarclient\offline\multiver\natives, --classpathDir, ., --ichorExternalFiles, Fabric-API-v1_21_0-0.100.1.jar,Sodium-v1_21_0-0.5.9.jar,Iris-v1_21_0-1.7.1.jar,hypixel-quickplay-data.json,hypixel-bedwars-data.json,hypixel-skyblock-dungeon-rooms.json, --ichorClassPath, common-0.1.0-SNAPSHOT-all.jar,lunar-fabric-mixins-0.1.0-SNAPSHOT-all.jar,genesis-0.1.0-SNAPSHOT-all.jar,lunar-lang.jar,lunar-emote.jar,lunar.jar,modern-0.1.0-SNAPSHOT-all.jar,lunar-sodium-mixins-0.1.0-SNAPSHOT-all.jar, --uiDir, C:\Users\Asus\.lunarclient\ui]
[2024-06-22 22:15:15.430] [info]  [22:15:15] [Ichor/mixin(MIXIN)/ERROR] Injection error: LVT in net/minecraft/client/gui/screens/PauseScreen::createPauseMenu()V has incompatible changes at opcode 267 in callback mixins.modmenu.json:MixinGameMenu from mod (unknown)->@Inject::onInitWidgets(Lorg/spongepowered/asm/mixin/injection/callback/CallbackInfo;Lnet/minecraft/client/gui/layouts/GridLayout;Lnet/minecraft/client/gui/layouts/GridLayout$RowHelper;Lnet/minecraft/network/chat/Component;)V.
[2024-06-22 22:15:15.431] [info]   Expected: [Lnet/minecraft/client/gui/layouts/GridLayout;, Lnet/minecraft/client/gui/layouts/GridLayout$RowHelper;, Lnet/minecraft/network/chat/Component;]
[2024-06-22 22:15:15.431] [info]      Found: [Lnet/minecraft/client/gui/layouts/GridLayout;, Lnet/minecraft/client/gui/layouts/GridLayout$RowHelper;, Lnet/minecraft/server/ServerLinks;]
[2024-06-22 22:15:15.431] [info]  Available: [Lnet/minecraft/client/gui/layouts/GridLayout;, Lnet/minecraft/client/gui/layouts/GridLayout$RowHelper;, Lnet/minecraft/server/ServerLinks;, Lnet/minecraft/network/chat/Component;]
[2024-06-22 22:15:15.473] [info]  [22:15:15
[2024-06-22 22:15:15.474] [info]  ] [IchorPipeline/Render thread/INFO] Launching main ModInitializer
[2024-06-22 22:15:15.474] [info]  [
[2024-06-22 22:15:15.475] [info]  22:15:15] [IchorPipeline/Render thread/INFO] Launching Entrypoint(main) in Genesis
[2024-06-22 22:15:15.475] [info]  [22:15:15] [Ichor/Render thread/INFO] Found Entrypoint(main) net.fabricmc.fabric.impl.lookup.ApiLookupImpl
[2024-06-22 22:15:15.526] [info]  [22:15:15] [Ichor/Render thread/INFO] Found Entrypoint(main) net.fabricmc.fabric.impl.attachment.AttachmentEntrypoint
[2024-06-22 22:15:15.537] [info]  [22:15:15] [Ichor/Render thread/INFO] Found Entrypoint(main) net.fabricmc.fabric.impl.tag.convention.ConventionLogWarnings
[2024-06-22 22:15:15.576] [info]  [22:15:15] [Ichor/Render thread/INFO] Found Entrypoint(main) net.fabricmc.fabric.impl.event.interaction.InteractionEventsRouter
[2024-06-22 22:15:15.581] [info]  [22:15:15] [Ichor/Render thread/INFO] Found Entrypoint(main) net.fabricmc.fabric.impl.command.v1.LegacyHandler
[2024-06-22 22:15:15.589] [info]  [22:15:15] [Ichor/Render thread/INFO] Found Entrypoint(main) net.fabricmc.fabric.impl.registry.sync.FabricRegistryInit
[2024-06-22 22:15:15.626] [info]  [22:15:15] [Ichor/Render thread/INFO] Found Entrypoint(main) net.fabricmc.fabric.impl.screenhandler.Networking
[2024-06-22 22:15:15.629] [info]  [22:15:15] [Ichor/Render thread/INFO] Found Entrypoint(main) net.fabricmc.fabric.impl.recipe.ingredient.CustomIngredientInit
[2024-06-22 22:15:15.644] [info]  [22:15:15] [Ichor/Render thread/INFO] Found Entrypoint(main) net.fabricmc.fabric.impl.recipe.ingredient.CustomIngredientSync
[2024-06-22 22:15:15.648] [info]  [22:15:15] [Ichor/Render thread/INFO] Found Entrypoint(main) net.fabricmc.fabric.impl.tag.convention.v2.TranslationConventionLogWarnings
[2024-06-22 22:15:15.651] [info]  [22:15:15] [Ichor/Render thread/INFO] Found Entrypoint(main) net.fabricmc.fabric.impl.event.lifecycle.LifecycleEventsImpl
[2024-06-22 22:15:15.655] [info]  [22:15:15] [Ichor/Render thread/
[2024-06-22 22:15:15.656] [info]  INFO] Found Entrypoint(main) net.fabricmc.fabric.impl.resource.conditions.ResourceConditionsImpl
[2024-06-22 22:15:15.674] [info]  [22:15:15] [Ichor/Render thread/INFO] Found Entrypoint(main) net.fabricmc.fabric.impl.networking.CommonPacketsImpl::init()
[2024-06-22 22:15:15.679] [info]  [22:15:15] [Ichor/Render thread/INFO] Found Entrypoint(main) net.fabricmc.fabric.impl.networking.NetworkingImpl::init()
[2024-06-22 22:15:15.682] [info]  [22:15:15] [IchorPipeline/Render thread/INFO] Entrypoint(main) had 12 invokes.
[2024-06-22 22:15:15.682] [info]  [22:15:15] [IchorPipeline/Render thread/INFO] Launching client ClientModInitializer
[2024-06-22 22:15:15.683] [info]  [22:15:15] [IchorPipeline/Render thread/INFO] Launching Entrypoint(client) in Genesis
[2024-06-22 22:15:15.683] [info]  [22:15:15] [Ichor/Render thread/INFO] Found Entrypoint(client) dev.isxander.yacl3.platform.PlatformEntrypoint
[2024-06-22 22:15:15.731] [info]  [22:15:15] [Render thread/INFO]: Deserializing YACLConfig from 'C:\Users\Asus\AppData\Roaming\.minecraft\yacl.json5'
[2024-06-22 22:15:15.752] [info]  [22:15:15] [Ichor/Render thread/INFO] Found Entrypoint(client) dev.isxander.zoomify.Zoomify
[2024-06-22 22:15:15.850] [info]  [22:15:15] [IchorPipeline/Render thread/INFO] Entrypoint(client) failed to load dev.isxander.zoomify.Zoomify in Genesis
[2024-06-22 22:15:15.850] [info]  [22:15:15] [Render thread/INFO]: [STDERR]: java.lang.IllegalStateException: Failed to launch entrypoint dev.isxander.zoomify.Zoomify
[2024-06-22 22:15:15.851] [info]  [22:15:15] [Render thread/INFO]: [STDERR]: 	at com.moonsworth.lunar.ichor.IOCOHCCRCOHRICRRHOOICHIHO.IOCOHCCRCOHRICRRHOOICHIHO.RHOCIORRHROCOHOOCRHHRRHCI(Unknown Source)
[2024-06-22 22:15:15.851] [info]  [22:15:15] [Render thread/INFO]: [STDERR]: 	at com.moonsworth.lunar.ichor.IRCIHCHCCHHOCORRHRCCORROC.RHOCIORRHROCOHOOCRHHRRHCI(Unknown Source)
[2024-06-22 22:15:15.851] [info]  [22:15:15] [Render thread/INFO]: [STDERR]: 	at Genesis//net.minecraft.client.Minecraft.md794ba1$lambda$ichor$fabric$clientInitializer$0$9(SourceFile:4876)
[2024-06-22 22:15:15.852] [info]  [22:15:15] [Render thread/INFO]: [STDERR]: 	at java.base/java.util.Optional.ifPresentOrElse(Unknown Source)
[2024-06-22 22:15:15.852] [info]  [22:15:15] [Render thread/INFO]: [STDERR]: 	at Genesis//net.minecraft.client.Minecraft.handler$zjo000$ichor$fabric$clientInitializer(SourceFile:4874)
[2024-06-22 22:15:15.852] [info]  [22:15:15] [Render thread/INFO]: [STDERR]: 	at Genesis//net.minecraft.client.Minecraft.<init>(SourceFile:441)
[2024-06-22 22:15:15.852] [info]  [22:15:15] [Render thread/INFO]: [STDERR]: 	at Genesis//net.minecraft.client.main.Main.redirect$zbe000$impl$main$minecraft(SourceFile:656)
[2024-06-22 22:15:15.853] [info]  [22:15:15] [Render thread/INFO]: [STDERR]: 	at Genesis//net.minecraft.client.main.Main.main(SourceFile:239)
[2024-06-22 22:15:15.853] [info]  [22:15:15] [Render thread/INFO]: [STDERR]: 	at java.base/jdk.internal.reflect.DirectMethodHandleAccessor.invoke(Unknown Source)
[2024-06-22 22:15:15.853] [info]  [22:15:15] [Render thread/INFO]: [STDERR]: 	at java.base/java.lang.reflect.Method.invoke(Unknown Source)
[2024-06-22 22:15:15.853] [info]  [22:15:15] [Render thread/INFO]: [STDERR]: 	at com.moonsworth.lunar.genesis.ClientGameBootstrap.apply(Unknown Source)
[2024-06-22 22:15:15.854] [info]  [22:15:15] [Render thread/INFO]: [STDERR]: 	at java.base/jdk.internal.reflect.DirectMethodHandleAccessor.invoke(Unknown Source)
[2024-06-22 22:15:15.854] [info]  [22:15:15] [Render thread/INFO]: [STDERR]: 	at java.base/java.lang.reflect.Method.invoke(Unknown Source)
[2024-06-22 22:15:15.854] [info]  [22:15:15] [Render thread/INFO]: [STDERR]: 	at com.moonsworth.lunar.genesis.IOCOHCCRCOHRICRRHOOICHIHO.RHOCIORRHROCOHOOCRHHRRHCI(Unknown Source)
[2024-06-22 22:15:15.854] [info]  [22:15:15] [Render thread/INFO]: [STDERR]: 	at com.moonsworth.lunar.genesis.Genesis.run(Unknown Source)
[2024-06-22 22:15:15.854] [info]  [22:15:15] [Render thread/INFO]: [STDERR]: 	at com.moonsworth.lunar.genesis.Genesis.main(Unknown Source)
[2024-06-22 22:15:15.855] [info]  [22:15:15] [Render thread/INFO]: [STDERR]: Caused by: java.lang.IllegalStateException: Failed to instantiate external Entrypoint(client): dev.isxander.zoomify.Zoomify
[2024-06-22 22:15:15.855] [info]  [22:15:15] [Render thread/INFO]: [STDERR]: 	at com.moonsworth.lunar.ichor.IOCOHCCRCOHRICRRHOOICHIHO.IOCOHCCRCOHRICRRHOOICHIHO.RHOCIORRHROCOHOOCRHHRRHCI(Unknown Source)
[2024-06-22 22:15:15.855] [info]  [22:15:15] [Render thread/INFO]: [STDERR]: 	at java.base/java.util.HashMap.computeIfAbsent(Unknown Source)
[2024-06-22 22:15:15.855] [info]  [22:15:15] [Render thread/INFO]: [STDERR]: 	at com.moonsworth.lunar.ichor.IOCOHCCRCOHRICRRHOOICHIHO.IOCOHCCRCOHRICRRHOOICHIHO.RHOCIORRHROCOHOOCRHHRRHCI(Unknown Source)
[2024-06-22 22:15:15.856] [info]  [22:15:15] [Render thread/INFO]: [STDERR]: 	... 15 more
[2024-06-22 22:15:15.856] [info]  [22:15:15] [Render thread/INFO]: [STDERR]: Caused by: java.lang.NoSuchMethodException: dev.isxander.zoomify.Zoomify.<init>()
[2024-06-22 22:15:15.856] [info]  [22:15:15] [Render thread/INFO]: [STDERR]: 	at java.base/java.lang.Class.getConstructor0(Unknown Source)
[2024-06-22 22:15:15.856] [info]  [22:15:15] [Render thread/INFO]: [STDERR]: 	at java.base/java.lang.Class.getConstructor(Unknown Source)
[2024-06-22 22:15:15.856] [info]  [22:15:15] [Render thread/INFO]: [STDERR]: 	at com.moonsworth.lunar.ichor.IOCOHCCRCOHRICRRHOOICHIHO.IOCOHCCRCOHRICRRHOOICHIHO.RHOCIORRHROCOHOOCRHHRRHCI(Unknown Source)
[2024-06-22 22:15:15.857] [info]  [22:15:15] [Render thread/INFO]: [STDERR]: 	... 17 more
[2024-06-22 22:15:15.857] [info]  [22:15:15] [Ichor/Render thread/INFO] Found Entrypoint(client) me.flashyreese.mods.sodiumextra.client.SodiumExtraClientMod
[2024-06-22 22:15:15.873] [info]  [22:15:15] [Ichor/Render thread/INFO] Found Entrypoint(client) net.fabricmc.fabric.impl.event.interaction.client.InteractionEventsRouterClient
[2024-06-22 22:15:15.875] [info]  [22:15:15] [Ichor/Render thread/INFO] Found Entrypoint(client) net.fabricmc.fabric.impl.client.indigo.Indigo
[2024-06-22 22:15:15.893] [info]  [22:15:15] [Render thread/INFO]: [Indigo] Different rendering plugin detected; not applying Indigo.
[2024-06-22 22:15:15.894] [info]  [22:15:15] [Ichor/Render thread/INFO] Found Entrypoint(client) xaero.minimap.XaeroMinimapFabric
[2024-06-22 22:15:16.166] [info]  [22:15:16] [Render thread/INFO]: Loading Xaero's Minimap - Stage 1/2
[2024-06-22 22:15:16.835] [info]  [22:15:16] [Ichor/Render thread/INFO] Found Entrypoint(client) net.fabricmc.fabric.impl.client.registry.sync.FabricRegistryClientInit
[2024-06-22 22:15:16.839] [info]  [22:15:16] [Ichor/Render thread/INFO] Found Entrypoint(client) net.fabricmc.fabric.impl.screenhandler.client.ClientNetworking
[2024-06-22 22:15:16.849] [info]  [22:15:16] [Ichor/Render thread/INFO] Found Entrypoint(client) net.fabricmc.fabric.impl.recipe.ingredient.client.CustomIngredientSyncClient
[2024-06-22 22:15:16.850] [info]  [22:15:16] [Ichor/Render thread/INFO] Found Entrypoint(client) me.pepperbell.continuity.client.ContinuityClient
[2024-06-22 22:15:17.088] [info]  [22:15:17] [Ichor/Render thread/INFO] Found Entrypoint(client) net.fabricmc.fabric.impl.client.event.lifecycle.ClientLifecycleEventsImpl
[2024-06-22 22:15:17.091] [info]  [22:15:17] [Ichor/Render thread/INFO] Found Entrypoint(client) net.fabricmc.fabric.impl.networking.client.ClientNetworkingImpl::clientInit()
[2024-06-22 22:15:17.139] [info]  [22:15:17] [Ichor/Render thread/INFO] Found Entrypoint(client) com.terraformersmc.modmenu.ModMenu
[2024-06-22 22:15:17.179] [info]  [22:15:17] [IchorPipeline/Render thread/INFO] Entrypoint(client) failed to load com.terraformersmc.modmenu.ModMenu in Genesis
[2024-06-22 22:15:17.180] [info]  [22:15:17] [Render thread/INFO]: [STDERR]: java.lang.IllegalStateException: Failed to launch entrypoint com.terraformersmc.modmenu.ModMenu
[2024-06-22 22:15:17.181] [info]  [22:15:17] [Render thread/INFO]: [STDERR]: 	at com.moonsworth.lunar.ichor.IOCOHCCRCOHRICRRHOOICHIHO.IOCOHCCRCOHRICRRHOOICHIHO.RHOCIORRHROCOHOOCRHHRRHCI(Unknown Source)
[2024-06-22 22:15:17.181] [info]  [22:15:17] [Render thread/INFO]: [STDERR]: 	at com.moonsworth.lunar.ichor.IRCIHCHCCHHOCORRHRCCORROC.RHOCIORRHROCOHOOCRHHRRHCI(Unknown Source)
[2024-06-22 22:15:17.181] [info]  [22:15:17] [Render thread/INFO]: [STDERR]: 	at Genesis//net.minecraft.client.Minecraft.md794ba1$lambda$ichor$fabric$clientInitializer$0$9(SourceFile:4876)
[2024-06-22 22:15:17.181] [info]  [22:15:17] [Render thread/INFO]: [STDERR]: 	at java.base/java.util.Optional.ifPresentOrElse(Unknown Source)
[2024-06-22 22:15:17.182] [info]  [22:15:17] [Render thread/INFO]: [STDERR]: 	at Genesis//net.minecraft.client.Minecraft.handler$zjo000$ichor$fabric$clientInitializer(SourceFile:4874)
[2024-06-22 22:15:17.182] [info]  [22:15:17] [Render thread/INFO]: [STDERR]: 	at Genesis//net.minecraft.client.Minecraft.<init>(SourceFile:441)
[2024-06-22 22:15:17.182] [info]  [22:15:17] [Render thread/INFO]: [STDERR]: 	at Genesis//net.minecraft.client.main.Main.redirect$zbe000$impl$main$minecraft(SourceFile:656)
[2024-06-22 22:15:17.183] [info]  [22:15:17] [Render thread/INFO]: [STDERR]: 	at Genesis//net.minecraft.client.main.Main.main(SourceFile:239)
[2024-06-22 22:15:17.183] [info]  [22:15:17] [Render thread/INFO]: [STDERR]: 	at java.base/jdk.internal.reflect.DirectMethodHandleAccessor.invoke(Unknown Source)
[2024-06-22 22:15:17.183] [info]  [22:15:17] [Render thread/INFO]: [STDERR]: 	at java.base/java.lang.reflect.Method.invoke(Unknown Source)
[2024-06-22 22:15:17.183] [info]  [22:15:17] [Render thread/INFO]: [STDERR]: 	at com.moonsworth.lunar.genesis.ClientGameBootstrap.apply(Unknown Source)
[2024-06-22 22:15:17.184] [info]  [22:15:17] [Render thread/INFO]: [STDERR]: 	at java.base/jdk.internal.reflect.DirectMethodHandleAccessor.invoke(Unknown Source)
[2024-06-22 22:15:17.184] [info]  [22:15:17] [Render thread/INFO]: [STDERR]: 	at java.base/java.lang.reflect.Method.invoke(Unknown Source)
[2024-06-22 22:15:17.184] [info]  [22:15:17] [Render thread/INFO]: [STDERR]: 	at com.moonsworth.lunar.genesis.IOCOHCCRCOHRICRRHOOICHIHO.RHOCIORRHROCOHOOCRHHRRHCI(Unknown Source)
[2024-06-22 22:15:17.184] [info]  [22:15:17] [Render thread/INFO]: [STDERR]: 	at com.moonsworth.lunar.genesis.Genesis.run(Unknown Source)
[2024-06-22 22:15:17.185] [info]  [22:15:17] [Render thread/INFO]: [STDERR]: 	at com.moonsworth.lunar.genesis.Genesis.main(Unknown Source)
[2024-06-22 22:15:17.185] [info]  [22:15:17] [Render thread/INFO]: [STDERR]: Caused by: com.moonsworth.lunar.ichor.IOCOHCCRCOHRICRRHOOICHIHO.RHOCIORRHROCOHOOCRHHRRHCI.IOCOHCCRCOHRICRRHOOICHIHO: java.lang.IllegalAccessException: class com.moonsworth.lunar.ichor.IOCOHCCRCOHRICRRHOOICHIHO.RHOCIORRHROCOHOOCRHHRRHCI.RHOCIORRHROCOHOOCRHHRRHCI cannot access a member of class dev.isxander.zoomify.integrations.ModMenuIntegration with modifiers "private"
[2024-06-22 22:15:17.185] [info]  [22:15:17] [Render thread/INFO]: [STDERR]: 	at com.moonsworth.lunar.ichor.IOCOHCCRCOHRICRRHOOICHIHO.RHOCIORRHROCOHOOCRHHRRHCI.RHOCIORRHROCOHOOCRHHRRHCI.IHCRIIIICOROROOCCIHHHHCRI(Unknown Source)
[2024-06-22 22:15:17.185] [info]  [22:15:17] [Render thread/INFO]: [STDERR]: 	at com.moonsworth.lunar.ichor.IOCOHCCRCOHRICRRHOOICHIHO.RHOCIORRHROCOHOOCRHHRRHCI.RHOCIORRHROCOHOOCRHHRRHCI.RHOCIORRHROCOHOOCRHHRRHCI(Unknown Source)
[2024-06-22 22:15:17.185] [info]  [22:15:17] [Render thread/INFO]: [STDERR]: 	at com.moonsworth.RHOCIORRHROCOHOOCRHHRRHCI.RCOIIRRHOORIOROOROICRHHOR.lambda$getEntrypointContainers$2(Unknown Source)
[2024-06-22 22:15:17.186] [info]  [22:15:17] [Render thread/INFO]: [STDERR]: 	at java.base/java.util.HashMap.computeIfAbsent(Unknown Source)
[2024-06-22 22:15:17.186] [info]  [22:15:17] [Render thread/INFO]: [STDERR]: 	at com.moonsworth.RHOCIORRHROCOHOOCRHHRRHCI.RCOIIRRHOORIOROOROICRHHOR.lambda$getEntrypointContainers$3(Unknown Source)
[2024-06-22 22:15:17.186] [info]  [22:15:17] [Render thread/INFO]: [STDERR]: 	at java.base/java.util.HashMap$KeySet.forEach(Unknown Source)
[2024-06-22 22:15:17.187] [info]  [22:15:17] [Render thread/INFO]: [STDERR]: 	at com.moonsworth.RHOCIORRHROCOHOOCRHHRRHCI.RCOIIRRHOORIOROOROICRHHOR.getEntrypointContainers(Unknown Source)
[2024-06-22 22:15:17.187] [info]  [22:15:17] [Render thread/INFO]: [STDERR]: 	at Genesis//com.terraformersmc.modmenu.ModMenu.onInitializeClient(ModMenu.java:88)
[2024-06-22 22:15:17.187] [info]  [22:15:17] [Render thread/INFO]: [STDERR]: 	at com.moonsworth.lunar.ichor.IOCOHCCRCOHRICRRHOOICHIHO.IOCOHCCRCOHRICRRHOOICHIHO.RHOCIORRHROCOHOOCRHHRRHCI(Unknown Source)
[2024-06-22 22:15:17.187] [info]  [22:15:17] [Render thread/INFO]: [STDERR]: 	... 15 more
[2024-06-22 22:15:17.187] [info]  [22:15:17] [Render thread/INFO]: [STDERR]: Caused by: java.lang.IllegalAccessException: class com.moonsworth.lunar.ichor.IOCOHCCRCOHRICRRHOOICHIHO.RHOCIORRHROCOHOOCRHHRRHCI.RHOCIORRHROCOHOOCRHHRRHCI cannot access a member of class dev.isxander.zoomify.integrations.ModMenuIntegration with modifiers "private"
[2024-06-22 22:15:17.188] [info]  [22:15:17] [Render thread/INFO]: [STDERR]: 	at java.base/jdk.internal.reflect.Reflection.newIllegalAccessException(Unknown Source)
[2024-06-22 22:15:17.188] [info]  [22:15:17] [Render thread/INFO]: [STDERR]: 	at java.base/java.lang.reflect.AccessibleObject.checkAccess(Unknown Source)
[2024-06-22 22:15:17.188] [info]  [22:15:17] [Render thread/INFO]: [STDERR]: 	at java.base/java.lang.reflect.Constructor.newInstanceWithCaller(Unknown Source)
[2024-06-22 22:15:17.188] [info]  [22:15:17] [Render thread/INFO]: [STDERR]: 	at java.base/java.lang.reflect.Constructor.newInstance(Unknown Source)
[2024-06-22 22:15:17.189] [info]  [22:15:17] [Render thread/INFO]: [STDERR]: 	at com.moonsworth.lunar.ichor.IOCOHCCRCOHRICRRHOOICHIHO.RHOCIORRHROCOHOOCRHHRRHCI.RHOCIORRHROCOHOOCRHHRRHCI.IHCRIIIICOROROOCCIHHHHCRI(Unknown Source)
[2024-06-22 22:15:17.189] [info]  [22:15:17] [Render thread/INFO]: [STDERR]: 	... 23 more
[2024-06-22 22:15:17.189] [info]  [22:15:17] [Ichor/Render thread/INFO] Found Entrypoint(client) me.jellysquid.mods.sodium.client.SodiumClientMod
[2024-06-22 22:15:17.212] [info]  [22:15:17] [Render thread/ERROR]: Failed to update fingerprint
[2024-06-22 22:15:17.212] [info]  java.lang.NullPointerException: Cannot invoke "net.minecraft.client.User.getProfileId()" because the return value of "net.minecraft.client.Minecraft.getUser()" is null
[2024-06-22 22:15:17.213] [info]  	at Genesis/me.jellysquid.mods.sodium.client.data.fingerprint.FingerprintMeasure.create(FingerprintMeasure.java:19) ~[?:?]
[2024-06-22 22:15:17.213] [info]  	at Genesis/me.jellysquid.mods.sodium.client.SodiumClientMod.updateFingerprint(SodiumClientMod.java:97) ~[?:?]
[2024-06-22 22:15:17.213] [info]  	at Genesis/me.jellysquid.mods.sodium.client.SodiumClientMod.onInitializeClient(SodiumClientMod.java:40) ~[?:?]
[2024-06-22 22:15:17.213] [info]  	at com.moonsworth.lunar.ichor.IOCOHCCRCOHRICRRHOOICHIHO.IOCOHCCRCOHRICRRHOOICHIHO.RHOCIORRHROCOHOOCRHHRRHCI(Unknown Source) ~[genesis-0.1.0-SNAPSHOT-all.jar:?]
[2024-06-22 22:15:17.214] [info]  	at com.moonsworth.lunar.ichor.IRCIHCHCCHHOCORRHRCCORROC.RHOCIORRHROCOHOOCRHHRRHCI(Unknown Source) ~[genesis-0.1.0-SNAPSHOT-all.jar:?]
[2024-06-22 22:15:17.214] [info]  	at Genesis/net.minecraft.client.Minecraft.md794ba1$lambda$ichor$fabric$clientInitializer$0$9(SourceFile:4876) ~[?:?]
[2024-06-22 22:15:17.214] [info]  	at java.base/java.util.Optional.ifPresentOrElse(Unknown Source) [?:?]
[2024-06-22 22:15:17.214] [info]  	at Genesis/net.minecraft.client.Minecraft.handler$zjo000$ichor$fabric$clientInitializer(SourceFile:4874) [?:?]
[2024-06-22 22:15:17.214] [info]  	at Genesis/net.minecraft.client.Minecraft.<init>(SourceFile:441) [?:?]
[2024-06-22 22:15:17.215] [info]  	at Genesis/net.minecraft.client.main.Main.redirect$zbe000$impl$main$minecraft(SourceFile:656) [?:?]
[2024-06-22 22:15:17.215] [info]  	at Genesis/net.minecraft.client.main.Main.main(SourceFile:239) [?:?]
[2024-06-22 22:15:17.215] [info]  	at java.base/jdk.internal.reflect.DirectMethodHandleAccessor.invoke(Unknown Source) ~[?:?]
[2024-06-22 22:15:17.215] [info]  	at java.base/java.lang.reflect.Method.invoke(Unknown Source) ~[?:?]
[2024-06-22 22:15:17.215] [info]  	at com.moonsworth.lunar.genesis.ClientGameBootstrap.apply(Unknown Source) [genesis-0.1.0-SNAPSHOT-all.jar:?]
[2024-06-22 22:15:17.216] [info]  	at java.base/jdk.internal.reflect.DirectMethodHandleAccessor.invoke(Unknown Source) ~[?:?]
[2024-06-22 22:15:17.216] [info]  	at java.base/java.lang.reflect.Method.invoke(Unknown Source) ~[?:?]
[2024-06-22 22:15:17.216] [info]  	at com.moonsworth.lunar.genesis.IOCOHCCRCOHRICRRHOOICHIHO.RHOCIORRHROCOHOOCRHHRRHCI(Unknown Source) [genesis-0.1.0-SNAPSHOT-all.jar:?]
[2024-06-22 22:15:17.216] [info]  	at com.moonsworth.lunar.genesis.Genesis.run(Unknown Source) [genesis-0.1.0-SNAPSHOT-all.jar:?]
[2024-06-22 22:15:17.216] [info]  	at com.moonsworth.lunar.genesis.Genesis.main(Unknown Source) [genesis-0.1.0-SNAPSHOT-all.jar:?]
[2024-06-22 22:15:17.217] [info]  [22:15:17] [Ichor/Render thread/INFO] Found Entrypoint(client) dev.tr7zw.notenoughanimations.NEAnimationsMod
[2024-06-22 22:15:17.282] [info]  [22:15:17] [Ichor/Render thread/INFO] Found Entrypoint(client) dev.tr7zw.entityculling.EntityCullingMod
[2024-06-22 22:15:17.317] [info]  [22:15:17] [Ichor/Render thread/INFO] Found Entrypoint(client) me.shedaniel.autoconfig.example.ExampleInits::exampleCommonInit()
[2024-06-22 22:15:17.344] [info]  [22:15:17] [Ichor/Render thread/INFO] Found Entrypoint(client) net.lostluma.dynamic_fps.impl.fabric.compat.FREX
[2024-06-22 22:15:17.345] [info]  [22:15:17] [Ichor/Render thread/INFO] Found Entrypoint(client) net.lostluma.dynamic_fps.impl.fabric.DynamicFPSFabricMod
[2024-06-22 22:15:17.366] [info]  [22:15:17] [Render thread/INFO]: Dynamic FPS 3.4.3 active on Fabric!
[2024-06-22 22:15:17.366] [info]  [22:15:17] [Ichor/Render thread/INFO] Found Entrypoint(client) net.fabricmc.fabric.impl.client.rendering.v0.RenderingCallbackInvoker
[2024-06-22 22:15:17.369] [info]  [22:15:17] [IchorPipeline/Render thread/INFO] Entrypoint(client) had 16 invokes.
[2024-06-22 22:15:17.553] [info]  [22:15:17] [Render thread/INFO]: Environment: Environment[sessionHost=https://sessionserver.mojang.com, servicesHost=https://api.minecraftservices.com, name=PROD]
[2024-06-22 22:15:17.576] [info]  [22:15:17] [Render thread/INFO]: Setting user: Player355
[2024-06-22 22:15:17.653] [info]  [22:15:17] [Ichor/mixin(MIXIN)/WARN] Method overwrite conflict for bridge$isFancyGraphics in mixins.modern_bridge_combined.json:HHRIIHHROCICOCHRCICRIOHRH.CCIIHHRHCCHRRHROOHIOCHOCC.CRCIRCHCIOCCIHRCHCHOHICRI from mod (unknown), previously written by com.moonsworth.lunar.IIIICORICOICIRRHCHIIHROIC.CRCIRCHCIOCCIHRCHCHOHICRI.HHRIIHHROCICOCHRCICRIOHRH.CCIIHHRHCCHRRHROOHIOCHOCC.IOCOHCCRCOHRICRRHOOICHIHO. Skipping method.
[2024-06-22 22:15:17.654] [info]  [22:15:17] [Ichor/mixin(MIXIN)/WARN] Method overwrite conflict for bridge$setFrameRateLimit in mixins.modern_bridge_combined.json:HHRIIHHROCICOCHRCICRIOHRH.CCIIHHRHCCHRRHROOHIOCHOCC.CRCIRCHCIOCCIHRCHCHOHICRI from mod (unknown), previously written by com.moonsworth.lunar.IIIICORICOICIRRHCHIIHROIC.CRCIRCHCIOCCIHRCHCHOHICRI.HHRIIHHROCICOCHRCICRIOHRH.CCIIHHRHCCHRRHROOHIOCHOCC.IOCOHCCRCOHRICRRHOOICHIHO. Skipping method.
[2024-06-22 22:15:17.917] [info]  [22:15:17] [Render thread/INFO]: [LC] Loaded File: Options
[2024-06-22 22:15:17.937] [info]  [22:15:17] [ForkJoinPool.commonPool-worker-1/WARN]: [Iris Update Check] Cached update file detected, using that!
[2024-06-22 22:15:18.216] [info]  [22:15:18] [Render thread/INFO]: Backend library: LWJGL version 3.3.3-snapshot
[2024-06-22 22:15:18.686] [info]  [22:15:18] [Render thread/INFO]: [STDOUT]: LUNARCLIENT_STATUS_INIT
[2024-06-22 22:15:18.828] [info]  [22:15:18] [Render thread/INFO]: Debug functionality is disabled.
[2024-06-22 22:15:18.847] [info]  [22:15:18] [Render thread/INFO]: ARB_direct_state_access detected, enabling DSA.
[2024-06-22 22:15:18.858] [info]  [22:15:18] [Render thread/INFO]: Shaders are disabled because no valid shaderpack is selected
[2024-06-22 22:15:18.931] [info]  [22:15:18] [Render thread/WARN]: Missing metadata in pack file/Cleanestpvppack.zip
[2024-06-22 22:15:18.931] [info]  [22:15:18] [Render thread/WARN]: Missing metadata in pack file/Cold.zip
[2024-06-22 22:15:18.933] [info]  [22:15:18] [Render thread/WARN]: Missing metadata in pack file/§bSharpness 25k.zip
[2024-06-22 22:15:18.933] [info]  [22:15:18] [Render thread/WARN]: Missing metadata in pack file/§c§ GlitchCPVP pack.zip
[2024-06-22 22:15:19.561] [info]  [22:15:19] [Render thread/INFO]: Hardware information:
[2024-06-22 22:15:19.562] [info]  [22:15:19] [Render thread/INFO]: CPU: 16x AMD Ryzen 7 6800HS with Radeon Graphics 
[2024-06-22 22:15:19.562] [info]  [22:15:19] [Render thread/INFO]: GPU: AMD Radeon(TM) Graphics (Supports OpenGL 3.2.0 Core Profile Context 22.40.84.06.231130)
[2024-06-22 22:15:19.563] [info]  [22:15:19] [Render thread/INFO]: OS: Windows 11 (10.0)
[2024-06-22 22:15:20.316] [info]  [22:15:20] [Render thread/INFO]: Reloading ResourceManager: lunar, vanilla, fabric, caffeineconfig, cloth-config, continuity, dynamic_fps, entityculling, fabric-api, fabric-api-base, fabric-api-lookup-api-v1, fabric-biome-api-v1, fabric-block-api-v1, fabric-block-view-api-v2, fabric-blockrenderlayer-v1, fabric-client-tags-api-v1, fabric-command-api-v1, fabric-command-api-v2, fabric-commands-v0, fabric-content-registries-v0, fabric-convention-tags-v1, fabric-convention-tags-v2, fabric-crash-report-info-v1, fabric-data-attachment-api-v1, fabric-data-generation-api-v1, fabric-dimensions-v1, fabric-entity-events-v1, fabric-events-interaction-v0, fabric-game-rule-api-v1, fabric-item-api-v1, fabric-item-group-api-v1, fabric-key-binding-api-v1, fabric-keybindings-v0, fabric-language-kotlin, fabric-lifecycle-events-v1, fabric-loot-api-v2, fabric-message-api-v1, fabric-model-loading-api-v1, fabric-networking-api-v1, fabric-object-builder-api-v1, fabric-particles-v1, fabric-recipe-api-v1, fabric-registry-sync-v0, fabric-renderer-api-v1, fabric-renderer-indigo, fabric-renderer-registries-v1, fabric-rendering-data-attachment-v1, fabric-rendering-fluids-v1, fabric-rendering-v0, fabric-rendering-v1, fabric-resource-conditions-api-v1, fabric-resource-loader-v0, fabric-screen-api-v1, fabric-screen-handler-api-v1, fabric-sound-api-v1, fabric-transfer-api-v1, fabric-transitive-access-wideners-v1, iris, modmenu, notenoughanimations, sodium, sodium-extra, xaerominimap, yet_another_config_lib_v3, zoomify, file/FMDO.zip
[2024-06-22 22:15:20.635] [info]  [22:15:20] [Worker-Main-4/INFO]: Found unifont_jp_patch-15.1.05.hex, loading
[2024-06-22 22:15:20.636] [info]  [22:15:20] [Worker-Main-9/INFO]: Found unifont_all_no_pua-15.1.05.hex, loading
[2024-06-22 22:15:20.798] [info]  [22:15:20] [Render thread/INFO]: [STDOUT]: [Bridge] Setting Minecraft Client instance to net.minecraft.client.Minecraft
[2024-06-22 22:15:22.025] [info]  [22:15:22] [Ichor/Render thread/INFO] Creating MultiBridgeModern instance: CRCIRCHCIOCCIHRCHCHOHICRI
[2024-06-22 22:15:22.389] [info]  [22:15:22] [Render thread/INFO]: [LC] Starting Lunar client...
[2024-06-22 22:15:22.801] [info]  [22:15:22] [Render thread/INFO]: [LC] Loading RCOIIRRHOORIOROOROICRHHOR...
[2024-06-22 22:15:22.805] [info]  [22:15:22] [Render thread/INFO]: [LC] Loading CIOCCOCHORHIOCCRHOROCHORC...
[2024-06-22 22:15:23.152] [info]  [22:15:23] [Render thread/INFO]: [LC] Loading IOCOHCCRCOHRICRRHOOICHIHO...
[2024-06-22 22:15:23.159] [info]  [22:15:23] [Render thread/INFO]: [LC] Loading HCCRHOOCOROIOOIIRIIIRCHOC...
[2024-06-22 22:15:23.167] [info]  [22:15:23] [Render thread/INFO]: [LC Lang] Couldn't get a valid language so we're setting it to ENGLISH.
[2024-06-22 22:15:23.167] [info]  [22:15:23] [Render thread/INFO]: [LC Lang] Language set as ENGLISH (en_US).
[2024-06-22 22:15:23.168] [info]  [22:15:23] [Render thread/INFO]: [LC Lang] Language file found: lang/lunar/en_US.
[2024-06-22 22:15:23.169] [info]  [22:15:23] [Render thread/INFO]: [LC Lang] Language file found: lang/lunar/en_US.
[2024-06-22 22:15:23.193] [info]  [22:15:23] [Render thread/INFO]: [LC] Loading ORIIIRHHROIRHOCOOOIOORIOC...
[2024-06-22 22:15:23.284] [info]  [22:15:23] [Render thread/INFO]: [LC] Loading ROCROOOIIOIRHIIRRCRRHRICO...
[2024-06-22 22:15:24.555] [info]  [22:15:24] [Render thread/INFO]: [LC] Loading OCIOHHHRIHOIHCRHICIIRCIIR...
[2024-06-22 22:15:24.562] [info]  [22:15:24] [Render thread/INFO]: [LC] Loading RHCRCHHICCCIIHIIIHIIRROOO...
[2024-06-22 22:15:24.577] [info]  [22:15:24] [Render thread/INFO]: [LC] Loading CRCIRCHCIOCCIHRCHCHOHICRI...
[2024-06-22 22:15:24.584] [info]  [22:15:24] [Render thread/INFO]: [LC] Loading HHRIIHHROCICOCHRCICRIOHRH...
[2024-06-22 22:15:24.611] [info]  [22:15:24] [Render thread/INFO]: [LC] Loading IHCRIIIICOROROOCCIHHHHCRI...
[2024-06-22 22:15:24.629] [info]  [22:15:24] [Render thread/INFO]: [LC] Loading IOCOHCCRCOHRICRRHOOICHIHO...
[2024-06-22 22:15:24.643] [info]  [22:15:24] [Render thread/INFO]: [LC] Loading ICHIRCHRHOCCOHHORCHICRHOI...
[2024-06-22 22:15:24.682] [info]  [22:15:24] [Render thread/INFO]: [LC] Loading CCOCCHORCHCOCCROCHOIOICOI...
[2024-06-22 22:15:24.694] [info]  [22:15:24] [Render thread/INFO]: [LC] Loading CCIIHHRHCCHRRHROOHIOCHOCC...
[2024-06-22 22:15:24.697] [info]  [22:15:24] [Render thread/INFO]: [LC] Loading OHHHOIOOOOIOCHRICROCCHCIH...
[2024-06-22 22:15:24.698] [info]  [22:15:24] [Render thread/INFO]: [LC] Loading IIOOIICCICOCHCIIHOHRCHICO...
[2024-06-22 22:15:24.719] [info]  [22:15:24] [Render thread/INFO]: [LC] Loading IIIICORICOICIRRHCHIIHROIC...
[2024-06-22 22:15:24.755] [info]  [22:15:24] [Render thread/WARN]: [LC] Couldn't find dev cosmetics file: cosmetics/dev_cosmetics.json
[2024-06-22 22:15:25.068] [info]  [22:15:25] [Render thread/INFO]: [LC] Loading OCRCIRRIRCHCHIORHOHICRRIC...
[2024-06-22 22:15:25.079] [info]  [22:15:25] [Render thread/INFO]: [LC] Loading CORORICIOIOHIICRIHIRIORCC...
[2024-06-22 22:15:25.108] [info]  [22:15:25] [Render thread/INFO]: [LC] Loading IRHIIORRHIIOOIICRHCOCOIRO...
[2024-06-22 22:15:25.117] [info]  [22:15:25] [Render thread/INFO]: [LC] Loading CRCIRCHCIOCCIHRCHCHOHICRI...
[2024-06-22 22:15:25.123] [info]  [22:15:25] [Render thread/INFO]: [LC] Loading IOCOHCCRCOHRICRRHOOICHIHO...
[2024-06-22 22:15:25.148] [info]  [22:15:25] [Render thread/INFO]: Environment: Environment[sessionHost=https://sessionserver.mojang.com, servicesHost=https://api.minecraftservices.com, name=PROD]
[2024-06-22 22:15:25.559] [info]  [22:15:25] [Render thread/INFO]: [LC] Finished making managers.
[2024-06-22 22:15:25.560] [info]  [22:15:25] [Render thread/INFO]: [LC] Setting up listeners...
[2024-06-22 22:15:25.583] [info]  [22:15:25] [Render thread/INFO]: [LC] Setting up fixes...
[2024-06-22 22:15:25.627] [info]  [22:15:25] [WebSocketConnectReadThread-113/INFO]: [LC IPC] Connection established
[2024-06-22 22:15:26.394] [info]  [22:15:26] [Render thread/ERROR]: [LC ThirdParty] Couldn't load third party mods
[2024-06-22 22:15:26.395] [info]  [22:15:26] [Render thread/INFO]: [LC Lang] Language set as ENGLISH (en_US).
[2024-06-22 22:15:26.396] [info]  [22:15:26] [Render thread/INFO]: [LC Lang] Language file found: lang/lunar/en_US.
[2024-06-22 22:15:26.398] [info]  [22:15:26] [Render thread/INFO]: [LC Lang] Language file found: lang/lunar/en_US.
[2024-06-22 22:15:26.422] [info]  [22:15:26] [Render thread/INFO]: [LC Ichor] Disabling ReplayMod because there is no valid link.
[2024-06-22 22:15:26.423] [info]  [22:15:26] [Render thread/INFO]: [LC Ichor] Disabling NEU because there is no valid link.
[2024-06-22 22:15:26.423] [info]  [22:15:26] [Render thread/INFO]: [LC Ichor] Disabling SBA because there is no valid link.
[2024-06-22 22:15:26.424] [info]  [22:15:26] [Render thread/INFO]: [LC] Lunar.start
[2024-06-22 22:15:26.429] [info]  [22:15:26] [Render thread/INFO]: [LC Accounts] Attempting to load account [04f44ced712a4c3a9fdd0c02a755b9db]
[2024-06-22 22:15:26.457] [info]  [22:15:26] [Render thread/INFO]: [LC Accounts] Loaded content for [MengHong001] Token IAT
[2024-06-22 22:15:26.458] [info]  [22:15:26] [Render thread/INFO]: [LC Accounts] Setting currentAccount to what was on disk: MengHong001
[2024-06-22 22:15:26.458] [info]  [22:15:26] [Render thread/INFO]: [LC Accounts] Setting account 'MengHong001' as the current session.
[2024-06-22 22:15:26.459] [info]  [22:15:26] [Render thread/INFO]: [LC] Setting user: MengHong001
[2024-06-22 22:15:26.466] [info]  [22:15:26] [Thread-12/INFO]: [LC Assets] Establishing connection
[2024-06-22 22:15:26.467] [info]  [22:15:26] [Thread-12/INFO]: [LC Assets] Connecting to Authenticator to obtain JWT, no previous connection.
[2024-06-22 22:15:26.492] [info]  [22:15:26] [Thread-12/INFO]: [LC Authentication] Instantiate
[2024-06-22 22:15:26.942] [info]  [22:15:26] [WebSocketConnectReadThread-118/INFO]: Environment: Environment[sessionHost=https://sessionserver.mojang.com, servicesHost=https://api.minecraftservices.com, name=PROD]
[2024-06-22 22:15:27.197] [info]  [22:15:27] [Render thread/INFO]: [LC Accounts] Removed all accounts [0 count]
[2024-06-22 22:15:27.211] [info]  [22:15:27] [Render thread/INFO]: [LC Accounts] Starting Refreshing MengHong001 with 85168790ms till expired (Valid: true).
[2024-06-22 22:15:27.213] [info]  [22:15:27] [Render thread/INFO]: [LC Accounts] Refreshing MengHong001 (Valid: true).
[2024-06-22 22:15:27.983] [info]  [22:15:27] [Render thread/INFO]: [LC Lang] Language set as ENGLISH (en_US).
[2024-06-22 22:15:27.984] [info]  [22:15:27] [Render thread/INFO]: [LC Lang] Language file found: lang/lunar/en_US.
[2024-06-22 22:15:27.991] [info]  [22:15:27] [Render thread/INFO]: [LC Lang] Language file found: lang/lunar/en_US.
[2024-06-22 22:15:28.202] [info]  [22:15:28] [Render thread/INFO]: [LC] Debugging has been disabled for ALL type(s).
[2024-06-22 22:15:28.339] [info]  [22:15:28] [Render thread/ERROR]: [LC Cosmetics] Could not load the model at lunar:cosmetics/models/bodywear/katanasheathed/katanasheathed.obj for cosmetic katanasheathed since it does not exist
[2024-06-22 22:15:28.625] [info]  [22:15:28] [WebSocketConnectReadThread-118/INFO]: [LC Assets] Instantiate
[2024-06-22 22:15:28.656] [info]  [22:15:28] [WebSocketConnectReadThread-118/INFO]: [LC Auth] Connection closed (1000, "Issued.")
[2024-06-22 22:15:29.275] [info]  [22:15:29] [Render thread/WARN]: [LC] Couldn't find geckolib cosmetic file: lunar:cosmetics/models/gek/wings/bat_wings/bat_wings.gek.json
[2024-06-22 22:15:29.429] [info]  [22:15:29] [Render thread/WARN]: [LC] Couldn't find geckolib cosmetic file: lunar:space_backpack
[2024-06-22 22:15:29.430] [info]  [22:15:29] [Render thread/INFO]: [LC] Loaded geckolib cosmetics.
[2024-06-22 22:15:29.430] [info]  [22:15:29] [Render thread/INFO]: [LC] Loading cosmetic compatibility json
[2024-06-22 22:15:29.496] [info]  [22:15:29] [Render thread/INFO]: [LC] Compiled cosmetic compatability presets
[2024-06-22 22:15:29.560] [info]  [22:15:29] [Render thread/WARN]: [LC] Assets
[2024-06-22 22:15:29.561] [info]  [22:15:29] [Render thread/INFO]: [LC] Launching
[2024-06-22 22:15:29.562] [info]  [22:15:29] [Render thread/INFO]: [LC] Finished Lunar initialization.
[2024-06-22 22:15:29.563] [info]  [22:15:29] [Render thread/INFO]: [LC] LUNARCLIENT_STATUS_STARTED
[2024-06-22 22:15:29.716] [info]  [22:15:29] [Render thread/INFO]: Loading Xaero's Minimap - Stage 2/2
[2024-06-22 22:15:29.958] [info]  [22:15:29] [WebSocketConnectReadThread-132/INFO]: [LC Assets] Connection established as MengHong001
[2024-06-22 22:15:30.463] [info]  [22:15:30] [ForkJoinPool.commonPool-worker-1/INFO]: [LC Accounts] Finished refreshing MengHong001 (Valid: true).
[2024-06-22 22:15:30.463] [info]  [22:15:30] [ForkJoinPool.commonPool-worker-1/INFO]: [LC Accounts] Finished refreshing the current account. 0 accounts left.
[2024-06-22 22:15:30.464] [info]  [22:15:30] [ForkJoinPool.commonPool-worker-1/INFO]: [LC Accounts] Logging into account MengHong001 
[2024-06-22 22:15:30.464] [info]  [22:15:30] [ForkJoinPool.commonPool-worker-1/INFO]: [LC Accounts] Setting account 'MengHong001' as the current session.
[2024-06-22 22:15:30.464] [info]  [22:15:30] [ForkJoinPool.commonPool-worker-1/INFO]: [LC] Setting user: MengHong001
[2024-06-22 22:15:31.256] [info]  [22:15:31] [Render thread/ERROR]: suppressed exception
[2024-06-22 22:15:31.256] [info]  java.net.SocketTimeoutException: Read timed out
[2024-06-22 22:15:31.257] [info]  	at java.base/jdk.internal.reflect.DirectConstructorHandleAccessor.newInstance(Unknown Source) ~[?:?]
[2024-06-22 22:15:31.257] [info]  	at java.base/java.lang.reflect.Constructor.newInstanceWithCaller(Unknown Source) ~[?:?]
[2024-06-22 22:15:31.257] [info]  	at java.base/java.lang.reflect.Constructor.newInstance(Unknown Source) ~[?:?]
[2024-06-22 22:15:31.257] [info]  	at java.base/sun.net.www.protocol.http.HttpURLConnection$10.run(Unknown Source) ~[?:?]
[2024-06-22 22:15:31.258] [info]  	at java.base/sun.net.www.protocol.http.HttpURLConnection$10.run(Unknown Source) ~[?:?]
[2024-06-22 22:15:31.258] [info]  	at java.base/java.security.AccessController.doPrivileged(Unknown Source) ~[?:?]
[2024-06-22 22:15:31.258] [info]  	at java.base/sun.net.www.protocol.http.HttpURLConnection.getChainedException(Unknown Source) ~[?:?]
[2024-06-22 22:15:31.258] [info]  	at java.base/sun.net.www.protocol.http.HttpURLConnection.getInputStream0(Unknown Source) ~[?:?]
[2024-06-22 22:15:31.258] [info]  	at java.base/sun.net.www.protocol.http.HttpURLConnection.getInputStream(Unknown Source) ~[?:?]
[2024-06-22 22:15:31.259] [info]  	at Genesis/xaero.common.patreon.Patreon.checkPatreon(Patreon.java:73) [?:?]
[2024-06-22 22:15:31.259] [info]  	at Genesis/xaero.common.HudMod.loadLater(HudMod.java:233) [?:?]
[2024-06-22 22:15:31.259] [info]  	at Genesis/xaero.minimap.XaeroMinimapFabric.tryLoadLater(XaeroMinimapFabric.java:65) [?:?]
[2024-06-22 22:15:31.259] [info]  	at Genesis/net.minecraft.client.Minecraft.handler$cgc002$onTickStart(SourceFile:11369) [?:?]
[2024-06-22 22:15:31.259] [info]  	at Genesis/net.minecraft.client.Minecraft.tick(SourceFile) [?:?]
[2024-06-22 22:15:31.260] [info]  	at Genesis/net.minecraft.client.Minecraft.runTick(SourceFile:1246) [?:?]
[2024-06-22 22:15:31.260] [info]  	at Genesis/net.minecraft.client.Minecraft.run(SourceFile:882) [?:?]
[2024-06-22 22:15:31.260] [info]  	at Genesis/net.minecraft.client.main.Main.main(SourceFile:256) [?:?]
[2024-06-22 22:15:31.260] [info]  	at java.base/jdk.internal.reflect.DirectMethodHandleAccessor.invoke(Unknown Source) ~[?:?]
[2024-06-22 22:15:31.260] [info]  	at java.base/java.lang.reflect.Method.invoke(Unknown Source) ~[?:?]
[2024-06-22 22:15:31.261] [info]  	at com.moonsworth.lunar.genesis.ClientGameBootstrap.apply(Unknown Source) [genesis-0.1.0-SNAPSHOT-all.jar:?]
[2024-06-22 22:15:31.261] [info]  	at java.base/jdk.internal.reflect.DirectMethodHandleAccessor.invoke(Unknown Source) ~[?:?]
[2024-06-22 22:15:31.261] [info]  	at java.base/java.lang.reflect.Method.invoke(Unknown Source) ~[?:?]
[2024-06-22 22:15:31.261] [info]  	at com.moonsworth.lunar.genesis.IOCOHCCRCOHRICRRHOOICHIHO.RHOCIORRHROCOHOOCRHHRRHCI(Unknown Source) [genesis-0.1.0-SNAPSHOT-all.jar:?]
[2024-06-22 22:15:31.261] [info]  	at com.moonsworth.lunar.genesis.Genesis.run(Unknown Source) [genesis-0.1.0-SNAPSHOT-all.jar:?]
[2024-06-22 22:15:31.262] [info]  	at com.moonsworth.lunar.genesis.Genesis.main(Unknown Source) [genesis-0.1.0-SNAPSHOT-all.jar:?]
[2024-06-22 22:15:31.262] [info]  Caused by: java.net.SocketTimeoutException: Read timed out
[2024-06-22 22:15:31.262] [info]  	at java.base/sun.nio.ch.NioSocketImpl.timedRead(Unknown Source) ~[?:?]
[2024-06-22 22:15:31.262] [info]  	at java.base/sun.nio.ch.NioSocketImpl.implRead(Unknown Source) ~[?:?]
[2024-06-22 22:15:31.262] [info]  	at java.base/sun.nio.ch.NioSocketImpl.read(Unknown Source) ~[?:?]
[2024-06-22 22:15:31.263] [info]  	at java.base/sun.nio.ch.NioSocketImpl$1.read(Unknown Source) ~[?:?]
[2024-06-22 22:15:31.263] [info]  	at java.base/java.net.Socket$SocketInputStream.read(Unknown Source) ~[?:?]
[2024-06-22 22:15:31.263] [info]  	at java.base/java.io.BufferedInputStream.fill(Unknown Source) ~[?:?]
[2024-06-22 22:15:31.263] [info]  	at java.base/java.io.BufferedInputStream.read1(Unknown Source) ~[?:?]
[2024-06-22 22:15:31.263] [info]  	at java.base/java.io.BufferedInputStream.implRead(Unknown Source) ~[?:?]
[2024-06-22 22:15:31.264] [info]  	at java.base/java.io.BufferedInputStream.read(Unknown Source) ~[?:?]
[2024-06-22 22:15:31.264] [info]  	at java.base/sun.net.www.http.HttpClient.parseHTTPHeader(Unknown Source) ~[?:?]
[2024-06-22 22:15:31.264] [info]  	at java.base/sun.net.www.http.HttpClient.parseHTTP(Unknown Source) ~[?:?]
[2024-06-22 22:15:31.264] [info]  	at java.base/sun.net.www.protocol.http.HttpURLConnection.getInputStream0(Unknown Source) ~[?:?]
[2024-06-22 22:15:31.264] [info]  	at java.base/sun.net.www.protocol.http.HttpURLConnection.getInputStream(Unknown Source) ~[?:?]
[2024-06-22 22:15:31.265] [info]  	at java.base/sun.net.www.protocol.http.HttpURLConnection.getHeaderField(Unknown Source) ~[?:?]
[2024-06-22 22:15:31.265] [info]  	at java.base/java.net.URLConnection.getHeaderFieldLong(Unknown Source) ~[?:?]
[2024-06-22 22:15:31.265] [info]  	at java.base/java.net.URLConnection.getContentLengthLong(Unknown Source) ~[?:?]
[2024-06-22 22:15:31.265] [info]  	at Genesis/xaero.common.patreon.Patreon.checkPatreon(Patreon.java:71) ~[?:?]
[2024-06-22 22:15:31.265] [info]  	... 15 more
[2024-06-22 22:15:32.159] [info]  [22:15:32] [Render thread/ERROR]: suppressed exception
[2024-06-22 22:15:32.160] [info]  java.net.SocketTimeoutException: Connect timed out
[2024-06-22 22:15:32.160] [info]  	at java.base/jdk.internal.reflect.DirectConstructorHandleAccessor.newInstance(Unknown Source) ~[?:?]
[2024-06-22 22:15:32.161] [info]  	at java.base/java.lang.reflect.Constructor.newInstanceWithCaller(Unknown Source) ~[?:?]
[2024-06-22 22:15:32.161] [info]  	at java.base/java.lang.reflect.Constructor.newInstance(Unknown Source) ~[?:?]
[2024-06-22 22:15:32.161] [info]  	at java.base/sun.net.www.protocol.http.HttpURLConnection$10.run(Unknown Source) ~[?:?]
[2024-06-22 22:15:32.161] [info]  	at java.base/sun.net.www.protocol.http.HttpURLConnection$10.run(Unknown Source) ~[?:?]
[2024-06-22 22:15:32.161] [info]  	at java.base/java.security.AccessController.doPrivileged(Unknown Source) ~[?:?]
[2024-06-22 22:15:32.162] [info]  	at java.base/sun.net.www.protocol.http.HttpURLConnection.getChainedException(Unknown Source) ~[?:?]
[2024-06-22 22:15:32.162] [info]  	at java.base/sun.net.www.protocol.http.HttpURLConnection.getInputStream0(Unknown Source) ~[?:?]
[2024-06-22 22:15:32.162] [info]  	at java.base/sun.net.www.protocol.http.HttpURLConnection.getInputStream(Unknown Source) ~[?:?]
[2024-06-22 22:15:32.162] [info]  	at Genesis/xaero.common.misc.Internet.checkModVersion(Internet.java:55) [?:?]
[2024-06-22 22:15:32.162] [info]  	at Genesis/xaero.common.HudMod.loadLater(HudMod.java:234) [?:?]
[2024-06-22 22:15:32.163] [info]  	at Genesis/xaero.minimap.XaeroMinimapFabric.tryLoadLater(XaeroMinimapFabric.java:65) [?:?]
[2024-06-22 22:15:32.163] [info]  	at Genesis/net.minecraft.client.Minecraft.handler$cgc002$onTickStart(SourceFile:11369) [?:?]
[2024-06-22 22:15:32.163] [info]  	at Genesis/net.minecraft.client.Minecraft.tick(SourceFile) [?:?]
[2024-06-22 22:15:32.163] [info]  	at Genesis/net.minecraft.client.Minecraft.runTick(SourceFile:1246) [?:?]
[2024-06-22 22:15:32.163] [info]  	at Genesis/net.minecraft.client.Minecraft.run(SourceFile:882) [?:?]
[2024-06-22 22:15:32.164] [info]  	at Genesis/net.minecraft.client.main.Main.main(SourceFile:256) [?:?]
[2024-06-22 22:15:32.164] [info]  	at java.base/jdk.internal.reflect.DirectMethodHandleAccessor.invoke(Unknown Source) ~[?:?]
[2024-06-22 22:15:32.164] [info]  	at java.base/java.lang.reflect.Method.invoke(Unknown Source) ~[?:?]
[2024-06-22 22:15:32.164] [info]  	at com.moonsworth.lunar.genesis.ClientGameBootstrap.apply(Unknown Source) [genesis-0.1.0-SNAPSHOT-all.jar:?]
[2024-06-22 22:15:32.164] [info]  	at java.base/jdk.internal.reflect.DirectMethodHandleAccessor.invoke(Unknown Source) ~[?:?]
[2024-06-22 22:15:32.165] [info]  	at java.base/java.lang.reflect.Method.invoke(Unknown Source) ~[?:?]
[2024-06-22 22:15:32.165] [info]  	at com.moonsworth.lunar.genesis.IOCOHCCRCOHRICRRHOOICHIHO.RHOCIORRHROCOHOOCRHHRRHCI(Unknown Source) [genesis-0.1.0-SNAPSHOT-all.jar:?]
[2024-06-22 22:15:32.166] [info]  	at com.moonsworth.lunar.genesis.Genesis.run(Unknown Source) [genesis-0.1.0-SNAPSHOT-all.jar:?]
[2024-06-22 22:15:32.166] [info]  	at com.moonsworth.lunar.genesis.Genesis.main(Unknown Source) [genesis-0.1.0-SNAPSHOT-all.jar:?]
[2024-06-22 22:15:32.166] [info]  Caused by: java.net.SocketTimeoutException: Connect timed out
[2024-06-22 22:15:32.166] [info]  	at java.base/sun.nio.ch.NioSocketImpl.timedFinishConnect(Unknown Source) ~[?:?]
[2024-06-22 22:15:32.166] [info]  	at java.base/sun.nio.ch.NioSocketImpl.connect(Unknown Source) ~[?:?]
[2024-06-22 22:15:32.167] [info]  	at java.base/java.net.Socket.connect(Unknown Source) ~[?:?]
[2024-06-22 22:15:32.167] [info]  	at java.base/sun.net.NetworkClient.doConnect(Unknown Source) ~[?:?]
[2024-06-22 22:15:32.167] [info]  	at java.base/sun.net.www.http.HttpClient.openServer(Unknown Source) ~[?:?]
[2024-06-22 22:15:32.167] [info]  	at java.base/sun.net.www.http.HttpClient.openServer(Unknown Source) ~[?:?]
[2024-06-22 22:15:32.168] [info]  	at java.base/sun.net.www.http.HttpClient.<init>(Unknown Source) ~[?:?]
[2024-06-22 22:15:32.168] [info]  	at java.base/sun.net.www.http.HttpClient.New(Unknown Source) ~[?:?]
[2024-06-22 22:15:32.168] [info]  	at java.base/sun.net.www.http.HttpClient.New(Unknown Source) ~[?:?]
[2024-06-22 22:15:32.169] [info]  	at java.base/sun.net.www.protocol.http.HttpURLConnection.getNewHttpClient(Unknown Source) ~[?:?]
[2024-06-22 22:15:32.169] [info]  	at java.base/sun.net.www.protocol.http.HttpURLConnection.plainConnect0(Unknown Source) ~[?:?]
[2024-06-22 22:15:32.169] [info]  	at java.base/sun.net.www.protocol.http.HttpURLConnection.plainConnect(Unknown Source) ~[?:?]
[2024-06-22 22:15:32.169] [info]  	at java.base/sun.net.www.protocol.http.HttpURLConnection.connect(Unknown Source) ~[?:?]
[2024-06-22 22:15:32.170] [info]  	at java.base/sun.net.www.protocol.http.HttpURLConnection.getInputStream0(Unknown Source) ~[?:?]
[2024-06-22 22:15:32.170] [info]  	at java.base/sun.net.www.protocol.http.HttpURLConnection.getInputStream(Unknown Source) ~[?:?]
[2024-06-22 22:15:32.170] [info]  	at java.base/sun.net.www.protocol.http.HttpURLConnection.getHeaderField(Unknown Source) ~[?:?]
[2024-06-22 22:15:32.170] [info]  	at java.base/java.net.URLConnection.getHeaderFieldLong(Unknown Source) ~[?:?]
[2024-06-22 22:15:32.170] [info]  	at java.base/java.net.URLConnection.getContentLengthLong(Unknown Source) ~[?:?]
[2024-06-22 22:15:32.171] [info]  	at Genesis/xaero.common.misc.Internet.checkModVersion(Internet.java:53) ~[?:?]
[2024-06-22 22:15:32.171] [info]  	... 15 more
[2024-06-22 22:15:32.171] [info]  [22:15:32] [Render thread/INFO]: Registered player tracker system: minimap_synced
[2024-06-22 22:15:32.171] [info]  [22:15:32] [Render thread/INFO]: No Optifine!
[2024-06-22 22:15:32.172] [info]  [22:15:32] [Render thread/INFO]: Xaero's Minimap: No Vivecraft!
[2024-06-22 22:15:32.172] [info]  [22:15:32] [Render thread/INFO]: Xaero's Minimap: Iris found!
[2024-06-22 22:15:32.471] [info]  [22:15:32] [Render thread/WARN]: Missing sound for event: minecraft:item.goat_horn.play
[2024-06-22 22:15:32.472] [info]  [22:15:32] [Render thread/WARN]: Missing sound for event: minecraft:entity.goat.screaming.horn_break
[2024-06-22 22:15:32.835] [info]  [22:15:32] [Render thread/INFO]: OpenAL initialized on device OpenAL Soft on Speakers (Realtek(R) Audio)
[2024-06-22 22:15:32.836] [info]  [22:15:32] [Render thread/INFO]: Sound engine started
[2024-06-22 22:15:32.922] [info]  [22:15:32] [Render thread/INFO]: Created: 1024x512x4 minecraft:textures/atlas/blocks.png-atlas
[2024-06-22 22:15:32.934] [info]  [22:15:32] [Render thread/INFO]: Created: 256x256x4 minecraft:textures/atlas/signs.png-atlas
[2024-06-22 22:15:32.935] [info]  [22:15:32] [Render thread/INFO]: Created: 512x512x4 minecraft:textures/atlas/banner_patterns.png-atlas
[2024-06-22 22:15:32.935] [info]  [22:15:32] [Render thread/INFO]: Created: 512x512x4 minecraft:textures/atlas/shield_patterns.png-atlas
[2024-06-22 22:15:32.936] [info]  [22:15:32] [Render thread/INFO]: Created: 1024x1024x4 minecraft:textures/atlas/armor_trims.png-atlas
[2024-06-22 22:15:32.943] [info]  [22:15:32] [Render thread/INFO]: Created: 256x256x4 minecraft:textures/atlas/chest.png-atlas
[2024-06-22 22:15:32.944] [info]  [22:15:32] [Render thread/INFO]: Created: 128x64x4 minecraft:textures/atlas/decorated_pot.png-atlas
[2024-06-22 22:15:32.944] [info]  [22:15:32] [Render thread/INFO]: Created: 512x256x4 minecraft:textures/atlas/shulker_boxes.png-atlas
[2024-06-22 22:15:32.945] [info]  [22:15:32] [Render thread/INFO]: Created: 512x256x4 minecraft:textures/atlas/beds.png-atlas
[2024-06-22 22:15:33.384] [info]  [22:15:33] [Render thread/INFO]: Created: 512x256x0 minecraft:textures/atlas/particles.png-atlas
[2024-06-22 22:15:33.386] [info]  [22:15:33] [Render thread/INFO]: Created: 512x256x0 minecraft:textures/atlas/paintings.png-atlas
[2024-06-22 22:15:33.386] [info]  [22:15:33] [Render thread/INFO]: Created: 256x128x0 minecraft:textures/atlas/mob_effects.png-atlas
[2024-06-22 22:15:33.387] [info]  [22:15:33] [Render thread/INFO]: Created: 64x64x0 minecraft:textures/atlas/map_decorations.png-atlas
[2024-06-22 22:15:33.387] [info]  [22:15:33] [Render thread/INFO]: Created: 1024x512x0 minecraft:textures/atlas/gui.png-atlas
[2024-06-22 22:15:33.428] [info]  [22:15:33] [Render thread/WARN]: Shader rendertype_entity_translucent_emissive could not find sampler named Sampler2 in the specified shader program.
[2024-06-22 22:15:33.501] [info]  [22:15:33] [Render thread/INFO]: Successfully loaded image 'zoomify:textures/demo/third-person-hud.webp'
[2024-06-22 22:15:33.502] [info]  [22:15:33] [Render thread/INFO]: Successfully loaded image 'zoomify:textures/demo/third-person-view.webp'
[2024-06-22 22:15:33.503] [info]  [22:15:33] [Render thread/INFO]: Successfully loaded image 'zoomify:textures/demo/zoom-hand.webp'
[2024-06-22 22:15:33.506] [info]  [22:15:33] [Render thread/INFO]: Successfully loaded image 'zoomify:textures/demo/zoom-world.webp'
[2024-06-22 22:15:33.521] [info]  [22:15:33] [Render thread/INFO]: Successfully reloaded the minimap shaders!
[2024-06-22 22:17:50.991] [info]  [22:17:50] [Render thread/INFO]: Loaded 1290 recipes
[2024-06-22 22:17:51.219] [info]  [22:17:51] [Render thread/INFO]: Loaded 1399 advancements
[2024-06-22 22:17:51.691] [info]  [22:17:51] [Render thread/INFO]: Applied 0 biome modifications to 0 of 64 new biomes in 2.556 ms
[2024-06-22 22:17:51.701] [info]  [22:17:51] [Server thread/INFO]: Starting integrated minecraft server version 1.21
[2024-06-22 22:17:51.702] [info]  [22:17:51] [Server thread/INFO]: Generating keypair
[2024-06-22 22:17:52.525] [info]  [22:17:52] [Server thread/INFO]: Preparing start region for dimension minecraft:overworld
[2024-06-22 22:17:52.827] [info]  [22:17:52] [Render thread/INFO]: Preparing spawn area: 0%
[2024-06-22 22:17:52.976] [info]  [22:17:52] [Render thread/INFO]: Time elapsed: 435 ms
[2024-06-22 22:17:53.081] [info]  [22:17:53] [Server thread/INFO]: Changing view distance to 7, from 10
[2024-06-22 22:17:53.081] [info]  [22:17:53] [Server thread/INFO]: Changing simulation distance to 5, from 0
[2024-06-22 22:17:53.975] [info]  [22:17:53] [Server thread/INFO]: MengHong001[local:E:8831edb1] logged in with entity id 16 at (201.90082140681446, 61.0, -164.6680394366487)
[2024-06-22 22:17:54.013] [info]  [22:17:54] [Server thread/WARN]: Received invalid channel identifier "lunarclient:pm"
[2024-06-22 22:17:54.041] [info]  [22:17:54] [Server thread/INFO]: MengHong001 joined the game
[2024-06-22 22:17:54.097] [info]  [22:17:54] [Render thread/INFO]: New Xaero hud session initialized!
[2024-06-22 22:17:54.125] [info]  [22:17:54] [Render thread/INFO]: Reloading pipeline on dimension change: null => minecraft:overworld
[2024-06-22 22:17:54.126] [info]  [22:17:54] [Render thread/INFO]: Creating pipeline for dimension minecraft:overworld
[2024-06-22 22:17:54.469] [info]  [22:17:54] [Render thread/INFO]: Started 10 worker threads
[2024-06-22 22:17:54.656] [info]  [22:17:54] [Render thread/INFO]: Stopping worker threads
[2024-06-22 22:17:54.696] [info]  [22:17:54] [Render thread/INFO]: Started 10 worker threads
[2024-06-22 22:17:54.700] [info]  [22:17:54] [Render thread/INFO]: Stopping worker threads
[2024-06-22 22:17:54.707] [info]  [22:17:54] [Render thread/INFO]: Started 10 worker threads
[2024-06-22 22:17:54.769] [info]  [22:17:54] [Render thread/INFO]: Loaded 171 advancements
[2024-06-22 22:17:54.857] [info]  [22:17:54] [Render thread/INFO]: Minimap updated server level id: -1673993685 for world ResourceKey[minecraft:dimension / minecraft:overworld]
[2024-06-22 22:17:55.510] [info]  [22:17:55] [Render thread/INFO]: Reloading entity icon resources...
[2024-06-22 22:17:55.542] [info]  [22:17:55] [Render thread/INFO]: Reloaded entity icon resources!
[2024-06-22 22:17:56.019] [info]  [22:17:56] [Render thread/WARN]: Class xaero.common.minimap.render.radar.EntityIconModelPartsRenderer$VertexConsumerWrapper does not support optimized vertex writing code paths, which may cause reduced rendering performance
[2024-06-22 22:18:01.760] [info]  [22:18:01] [Render thread/ERROR]: Unreported exception thrown!
[2024-06-22 22:18:01.760] [info]  org.spongepowered.asm.mixin.injection.throwables.InjectionError: LVT in net/minecraft/client/gui/screens/PauseScreen::createPauseMenu()V has incompatible changes at opcode 267 in callback mixins.modmenu.json:MixinGameMenu from mod (unknown)->@Inject::onInitWidgets(Lorg/spongepowered/asm/mixin/injection/callback/CallbackInfo;Lnet/minecraft/client/gui/layouts/GridLayout;Lnet/minecraft/client/gui/layouts/GridLayout$RowHelper;Lnet/minecraft/network/chat/Component;)V.
[2024-06-22 22:18:01.761] [info]   Expected: [Lnet/minecraft/client/gui/layouts/GridLayout;, Lnet/minecraft/client/gui/layouts/GridLayout$RowHelper;, Lnet/minecraft/network/chat/Component;]
[2024-06-22 22:18:01.761] [info]      Found: [Lnet/minecraft/client/gui/layouts/GridLayout;, Lnet/minecraft/client/gui/layouts/GridLayout$RowHelper;, Lnet/minecraft/server/ServerLinks;]
[2024-06-22 22:18:01.761] [info]  Available: [Lnet/minecraft/client/gui/layouts/GridLayout;, Lnet/minecraft/client/gui/layouts/GridLayout$RowHelper;, Lnet/minecraft/server/ServerLinks;, Lnet/minecraft/network/chat/Component;]
[2024-06-22 22:18:01.761] [info]  	at Genesis/net.minecraft.client.gui.screens.PauseScreen.handler$bpn000$onInitWidgets$missing(SourceFile) ~[?:?]
[2024-06-22 22:18:01.762] [info]  	at Genesis/net.minecraft.client.gui.screens.PauseScreen.createPauseMenu(SourceFile:120) ~[?:?]
[2024-06-22 22:18:01.762] [info]  	at Genesis/net.minecraft.client.gui.screens.PauseScreen.init(SourceFile:68) ~[?:?]
[2024-06-22 22:18:01.762] [info]  	at Genesis/net.minecraft.client.gui.screens.Screen.init(SourceFile:309) ~[?:?]
[2024-06-22 22:18:01.762] [info]  	at Genesis/net.minecraft.client.Minecraft.setScreen(SourceFile:1143) ~[?:?]
[2024-06-22 22:18:01.763] [info]  	at Genesis/net.minecraft.client.Minecraft.pauseGame(SourceFile:1718) ~[?:?]
[2024-06-22 22:18:01.763] [info]  	at Genesis/net.minecraft.client.KeyboardHandler.keyPress(SourceFile:451) ~[?:?]
[2024-06-22 22:18:01.763] [info]  	at Genesis/net.minecraft.client.KeyboardHandler.lambda$setup$8(SourceFile:499) ~[?:?]
[2024-06-22 22:18:01.763] [info]  	at Genesis/net.minecraft.util.thread.BlockableEventLoop.execute(SourceFile:108) ~[?:?]
[2024-06-22 22:18:01.764] [info]  	at Genesis/net.minecraft.client.KeyboardHandler.lambda$setup$9(SourceFile:499) ~[?:?]
[2024-06-22 22:18:01.764] [info]  	at Genesis/org.lwjgl.glfw.GLFWKeyCallbackI.callback(GLFWKeyCallbackI.java:44) ~[?:?]
[2024-06-22 22:18:01.764] [info]  	at Genesis/org.lwjgl.system.JNI.invokeV(Native Method) ~[?:?]
[2024-06-22 22:18:01.764] [info]  	at Genesis/org.lwjgl.glfw.GLFW.glfwWaitEventsTimeout(GLFW.java:3509) ~[?:?]
[2024-06-22 22:18:01.764] [info]  	at Genesis/com.mojang.blaze3d.systems.RenderSystem.limitDisplayFPS(SourceFile:184) ~[?:?]
[2024-06-22 22:18:01.765] [info]  	at Genesis/net.minecraft.client.Minecraft.runTick(SourceFile:1310) ~[?:?]
[2024-06-22 22:18:01.765] [info]  	at Genesis/net.minecraft.client.Minecraft.run(SourceFile:882) [?:?]
[2024-06-22 22:18:01.765] [info]  	at Genesis/net.minecraft.client.main.Main.main(SourceFile:256) [?:?]
[2024-06-22 22:18:01.765] [info]  	at java.base/jdk.internal.reflect.DirectMethodHandleAccessor.invoke(Unknown Source) ~[?:?]
[2024-06-22 22:18:01.766] [info]  	at java.base/java.lang.reflect.Method.invoke(Unknown Source) ~[?:?]
[2024-06-22 22:18:01.766] [info]  	at com.moonsworth.lunar.genesis.ClientGameBootstrap.apply(Unknown Source) [genesis-0.1.0-SNAPSHOT-all.jar:?]
[2024-06-22 22:18:01.766] [info]  	at java.base/jdk.internal.reflect.DirectMethodHandleAccessor.invoke(Unknown Source) ~[?:?]
[2024-06-22 22:18:01.766] [info]  	at java.base/java.lang.reflect.Method.invoke(Unknown Source) ~[?:?]
[2024-06-22 22:18:01.767] [info]  	at com.moonsworth.lunar.genesis.IOCOHCCRCOHRICRRHOOICHIHO.RHOCIORRHROCOHOOCRHHRRHCI(Unknown Source) [genesis-0.1.0-SNAPSHOT-all.jar:?]
[2024-06-22 22:18:01.767] [info]  	at com.moonsworth.lunar.genesis.Genesis.run(Unknown Source) [genesis-0.1.0-SNAPSHOT-all.jar:?]
[2024-06-22 22:18:01.767] [info]  	at com.moonsworth.lunar.genesis.Genesis.main(Unknown Source) [genesis-0.1.0-SNAPSHOT-all.jar:?]
[2024-06-22 22:18:02.214] [info]  [22:18:02] [Server thread/INFO]: Stopping server
[2024-06-22 22:18:02.215] [info]  [22:18:02] [Server thread/INFO]: Saving players
[2024-06-22 22:18:02.239] [info]  [22:18:02] [Server thread/INFO]: Saving worlds
[2024-06-22 22:18:02.303] [info]  [22:18:02] [Server thread/INFO]: Saving chunks for level 'ServerLevel[MengHong001]'/minecraft:overworld
[2024-06-22 22:18:02.388] [info]  [22:18:02] [Server thread/INFO]: Saving chunks for level 'ServerLevel[MengHong001]'/minecraft:the_end
[2024-06-22 22:18:02.391] [info]  [22:18:02] [Server thread/INFO]: Saving chunks for level 'ServerLevel[MengHong001]'/minecraft:the_nether
[2024-06-22 22:18:02.404] [info]  [22:18:02] [Server thread/INFO]: ThreadedAnvilChunkStorage (MengHong001): All chunks are saved
[2024-06-22 22:18:02.404] [info]  [22:18:02] [Server thread/INFO]: ThreadedAnvilChunkStorage (DIM1): All chunks are saved
[2024-06-22 22:18:02.405] [info]  [22:18:02] [Server thread/INFO]: ThreadedAnvilChunkStorage (DIM-1): All chunks are saved
[2024-06-22 22:18:02.405] [info]  [22:18:02] [Server thread/INFO]: ThreadedAnvilChunkStorage: All dimensions are saved
[2024-06-22 22:18:02.461] [info]  [22:18:02] [Render thread/INFO]: Xaero hud session finalized.
[2024-06-22 22:18:02.474] [info]  [22:18:02] [Render thread/INFO]: Stopping worker threads
[2024-06-22 22:18:02.789] [info]  [22:18:02] [Render thread/INFO]: [LC] ==============================
[2024-06-22 22:18:02.789] [info]  [22:18:02] [Render thread/INFO]: [LC] Report Id: LCCR-89c4cd17171c4b15a6ad377543a8b443
[2024-06-22 22:18:02.790] [info]  [22:18:02] [Render thread/INFO]: [LC] MC version: 1.21
[2024-06-22 22:18:02.790] [info]  [22:18:02] [Render thread/INFO]: [LC] Branch: version/1-21
[2024-06-22 22:18:02.790] [info]  [22:18:02] [Render thread/INFO]: [LC] Commit: 291fdea00f6d8268bb702af311d0be7385a53239 (291fdea)
[2024-06-22 22:18:02.791] [info]  [22:18:02] [Render thread/INFO]: [LC] Modules: [sodium, lunar-platform, common, fabric, lunar]
[2024-06-22 22:18:02.791] [info]  [22:18:02] [Render thread/INFO]: [LC] OS: Windows 11
[2024-06-22 22:18:02.791] [info]  [22:18:02] [Render thread/INFO]: [LC] Arch: AMD64
[2024-06-22 22:18:02.791] [info]  [22:18:02] [Render thread/INFO]: [LC] Launcher Version: 3.2.10
[2024-06-22 22:18:02.792] [info]  [22:18:02] [Render thread/INFO]: [LC] Launcher ID: c2c2a3db-1108-4b5c-a3fd-43dcdbe28e90
[2024-06-22 22:18:02.792] [info]  [22:18:02] [Render thread/INFO]: [LC] Sentry Trace ID: fc3c0e4e2a389e5607f97c6ebd77b901
[2024-06-22 22:18:02.792] [info]  [22:18:02] [Render thread/INFO]: [LC] ==============================
[2024-06-22 22:18:09.792] [info]  ---- Minecraft Crash Report ----
[2024-06-22 22:18:09.793] [info]  // This doesn't make any sense!
[2024-06-22 22:18:09.793] [info]  
[2024-06-22 22:18:09.793] [info]  Time: 2024-06-22 22:18:09
[2024-06-22 22:18:09.794] [info]  Description: Unexpected error
[2024-06-22 22:18:09.794] [info]  
[2024-06-22 22:18:09.794] [info]  org.spongepowered.asm.mixin.injection.throwables.InjectionError: LVT in net/minecraft/client/gui/screens/PauseScreen::createPauseMenu()V has incompatible changes at opcode 267 in callback mixins.modmenu.json:MixinGameMenu from mod (unknown)->@Inject::onInitWidgets(Lorg/spongepowered/asm/mixin/injection/callback/CallbackInfo;Lnet/minecraft/client/gui/layouts/GridLayout;Lnet/minecraft/client/gui/layouts/GridLayout$RowHelper;Lnet/minecraft/network/chat/Component;)V.
[2024-06-22 22:18:09.794] [info]   Expected: [Lnet/minecraft/client/gui/layouts/GridLayout;, Lnet/minecraft/client/gui/layouts/GridLayout$RowHelper;, Lnet/minecraft/network/chat/Component;]
[2024-06-22 22:18:09.794] [info]      Found: [Lnet/minecraft/client/gui/layouts/GridLayout;, Lnet/minecraft/client/gui/layouts/GridLayout$RowHelper;, Lnet/minecraft/server/ServerLinks;]
[2024-06-22 22:18:09.795] [info]  Available: [Lnet/minecraft/client/gui/layouts/GridLayout;, Lnet/minecraft/client/gui/layouts/GridLayout$RowHelper;, Lnet/minecraft/server/ServerLinks;, Lnet/minecraft/network/chat/Component;]
[2024-06-22 22:18:09.795] [info]  	at Genesis//net.minecraft.client.gui.screens.PauseScreen.handler_onInitWidgets$missing(SourceFile)
[2024-06-22 22:18:09.795] [info]  	at Genesis//net.minecraft.client.gui.screens.PauseScreen.createPauseMenu(SourceFile:120)
[2024-06-22 22:18:09.795] [info]  	at Genesis//net.minecraft.client.gui.screens.PauseScreen.init(SourceFile:68)
[2024-06-22 22:18:09.795] [info]  	at Genesis//net.minecraft.client.gui.screens.Screen.init(SourceFile:309)
[2024-06-22 22:18:09.796] [info]  	at Genesis//net.minecraft.client.Minecraft.setScreen(SourceFile:1143)
[2024-06-22 22:18:09.796] [info]  	at Genesis//net.minecraft.client.Minecraft.pauseGame(SourceFile:1718)
[2024-06-22 22:18:09.796] [info]  	at Genesis//net.minecraft.client.KeyboardHandler.keyPress(SourceFile:451)
[2024-06-22 22:18:09.796] [info]  	at Genesis//net.minecraft.client.KeyboardHandler.lambda$setup$8(SourceFile:499)
[2024-06-22 22:18:09.796] [info]  	at Genesis//net.minecraft.util.thread.BlockableEventLoop.execute(SourceFile:108)
[2024-06-22 22:18:09.797] [info]  	at Genesis//net.minecraft.client.KeyboardHandler.lambda$setup$9(SourceFile:499)
[2024-06-22 22:18:09.797] [info]  	at Genesis//org.lwjgl.glfw.GLFWKeyCallbackI.callback(GLFWKeyCallbackI.java:44)
[2024-06-22 22:18:09.797] [info]  	at Genesis//org.lwjgl.system.JNI.invokeV(Native Method)
[2024-06-22 22:18:09.797] [info]  	at Genesis//org.lwjgl.glfw.GLFW.glfwWaitEventsTimeout(GLFW.java:3509)
[2024-06-22 22:18:09.798] [info]  	at Genesis//com.mojang.blaze3d.systems.RenderSystem.limitDisplayFPS(SourceFile:184)
[2024-06-22 22:18:09.798] [info]  	at Genesis//net.minecraft.client.Minecraft.runTick(SourceFile:1310)
[2024-06-22 22:18:09.798] [info]  	at Genesis//net.minecraft.client.Minecraft.run(SourceFile:882)
[2024-06-22 22:18:09.798] [info]  	at Genesis//net.minecraft.client.main.Main.main(SourceFile:256)
[2024-06-22 22:18:09.798] [info]  	at java.base@21.0.1/jdk.internal.reflect.DirectMethodHandleAccessor.invoke(Unknown Source)
[2024-06-22 22:18:09.799] [info]  	at java.base@21.0.1/java.lang.reflect.Method.invoke(Unknown Source)
[2024-06-22 22:18:09.799] [info]  	at com.moonsworth.lunar.genesis.ClientGameBootstrap.apply(Unknown Source)
[2024-06-22 22:18:09.799] [info]  	at java.base@21.0.1/jdk.internal.reflect.DirectMethodHandleAccessor.invoke(Unknown Source)
[2024-06-22 22:18:09.799] [info]  	at java.base@21.0.1/java.lang.reflect.Method.invoke(Unknown Source)
[2024-06-22 22:18:09.799] [info]  	at app//com.moonsworth.lunar.genesis.IOCOHCCRCOHRICRRHOOICHIHO.RHOCIORRHROCOHOOCRHHRRHCI(Unknown Source)
[2024-06-22 22:18:09.800] [info]  	at app//com.moonsworth.lunar.genesis.Genesis.run(Unknown Source)
[2024-06-22 22:18:09.800] [info]  	at app//com.moonsworth.lunar.genesis.Genesis.main(Unknown Source)
[2024-06-22 22:18:09.800] [info]  
[2024-06-22 22:18:09.800] [info]  
[2024-06-22 22:18:09.800] [info]  A detailed walkthrough of the error, its code path and all known details is as follows:
[2024-06-22 22:18:09.801] [info]  ---------------------------------------------------------------------------------------
[2024-06-22 22:18:09.801] [info]  
[2024-06-22 22:18:09.801] [info]  -- Head --
[2024-06-22 22:18:09.801] [info]  Thread: Render thread
[2024-06-22 22:18:09.801] [info]  Stacktrace:
[2024-06-22 22:18:09.802] [info]  	at Genesis//net.minecraft.client.gui.screens.PauseScreen.handler$bpn000$onInitWidgets$missing(SourceFile)
[2024-06-22 22:18:09.802] [info]  	at Genesis//net.minecraft.client.gui.screens.PauseScreen.createPauseMenu(SourceFile:120)
[2024-06-22 22:18:09.802] [info]  	at Genesis//net.minecraft.client.gui.screens.PauseScreen.init(SourceFile:68)
[2024-06-22 22:18:09.802] [info]  	at Genesis//net.minecraft.client.gui.screens.Screen.init(SourceFile:309)
[2024-06-22 22:18:09.802] [info]  	at Genesis//net.minecraft.client.Minecraft.setScreen(SourceFile:1143)
[2024-06-22 22:18:09.803] [info]  	at Genesis//net.minecraft.client.Minecraft.pauseGame(SourceFile:1718)
[2024-06-22 22:18:09.803] [info]  	at Genesis//net.minecraft.client.KeyboardHandler.keyPress(SourceFile:451)
[2024-06-22 22:18:09.803] [info]  	at Genesis//net.minecraft.client.KeyboardHandler.lambda$setup$8(SourceFile:499)
[2024-06-22 22:18:09.803] [info]  	at Genesis//net.minecraft.util.thread.BlockableEventLoop.execute(SourceFile:108)
[2024-06-22 22:18:09.803] [info]  	at Genesis//net.minecraft.client.KeyboardHandler.lambda$setup$9(SourceFile:499)
[2024-06-22 22:18:09.804] [info]  	at Genesis//org.lwjgl.glfw.GLFWKeyCallbackI.callback(GLFWKeyCallbackI.java:44)
[2024-06-22 22:18:09.804] [info]  	at Genesis//org.lwjgl.system.JNI.invokeV(Native Method)
[2024-06-22 22:18:09.804] [info]  	at Genesis//org.lwjgl.glfw.GLFW.glfwWaitEventsTimeout(GLFW.java:3509)
[2024-06-22 22:18:09.804] [info]  
[2024-06-22 22:18:09.804] [info]  -- Uptime --
[2024-06-22 22:18:09.805] [info]  Details:
[2024-06-22 22:18:09.805] [info]  	JVM uptime: 192.343s
[2024-06-22 22:18:09.805] [info]  	Wall uptime: 166.391s
[2024-06-22 22:18:09.805] [info]  	High-res time: 163.611s
[2024-06-22 22:18:09.805] [info]  	Client ticks: 2910 ticks / 145.500s
[2024-06-22 22:18:09.806] [info]  Stacktrace:
[2024-06-22 22:18:09.806] [info]  	at Genesis//net.minecraft.client.Minecraft.fillReport(SourceFile:2501)
[2024-06-22 22:18:09.806] [info]  	at Genesis//net.minecraft.client.Minecraft.emergencySaveAndCrash(SourceFile:949)
[2024-06-22 22:18:09.806] [info]  	at Genesis//net.minecraft.client.Minecraft.run(SourceFile:905)
[2024-06-22 22:18:09.807] [info]  	at Genesis//net.minecraft.client.main.Main.main(SourceFile:256)
[2024-06-22 22:18:09.807] [info]  	at java.base/jdk.internal.reflect.DirectMethodHandleAccessor.invoke(Unknown Source)
[2024-06-22 22:18:09.807] [info]  	at java.base/java.lang.reflect.Method.invoke(Unknown Source)
[2024-06-22 22:18:09.808] [info]  	at com.moonsworth.lunar.genesis.ClientGameBootstrap.apply(Unknown Source)
[2024-06-22 22:18:09.808] [info]  	at java.base/jdk.internal.reflect.DirectMethodHandleAccessor.invoke(Unknown Source)
[2024-06-22 22:18:09.808] [info]  	at java.base/java.lang.reflect.Method.invoke(Unknown Source)
[2024-06-22 22:18:09.809] [info]  	at com.moonsworth.lunar.genesis.IOCOHCCRCOHRICRRHOOICHIHO.RHOCIORRHROCOHOOCRHHRRHCI(Unknown Source)
[2024-06-22 22:18:09.809] [info]  	at com.moonsworth.lunar.genesis.Genesis.run(Unknown Source)
[2024-06-22 22:18:09.809] [info]  	at com.moonsworth.lunar.genesis.Genesis.main(Unknown Source)
[2024-06-22 22:18:09.810] [info]  
[2024-06-22 22:18:09.810] [info]  -- Affected level --
[2024-06-22 22:18:09.810] [info]  Details:
[2024-06-22 22:18:09.810] [info]  	All players: 1 total; [LocalPlayer['MengHong001'/16, l='ClientLevel', x=199.70, y=62.00, z=-162.30]]
[2024-06-22 22:18:09.811] [info]  	Chunk stats: 1024, 249
[2024-06-22 22:18:09.811] [info]  	Level dimension: minecraft:overworld
[2024-06-22 22:18:09.811] [info]  	Level spawn location: World: (0,72,0), Section: (at 0,8,0 in 0,4,0; chunk contains blocks 0,-64,0 to 15,319,15), Region: (0,0; contains chunks 0,0 to 31,31, blocks 0,-64,0 to 511,319,511)
[2024-06-22 22:18:09.811] [info]  	Level time: 19454 game time, 28204 day time
[2024-06-22 22:18:09.811] [info]  	Server brand: vanilla
[2024-06-22 22:18:09.812] [info]  	Server type: Integrated singleplayer server
[2024-06-22 22:18:09.812] [info]  	Tracked entity count: 151
[2024-06-22 22:18:09.812] [info]  
[2024-06-22 22:18:09.813] [info]  -- Last reload --
[2024-06-22 22:18:09.813] [info]  Details:
[2024-06-22 22:18:09.813] [info]  	Reload number: 1
[2024-06-22 22:18:09.813] [info]  	Reload reason: initial
[2024-06-22 22:18:09.814] [info]  	Finished: Yes
[2024-06-22 22:18:09.814] [info]  	Packs: lunar, vanilla, fabric, caffeineconfig, cloth-config, continuity, dynamic_fps, entityculling, fabric-api, fabric-api-base, fabric-api-lookup-api-v1, fabric-biome-api-v1, fabric-block-api-v1, fabric-block-view-api-v2, fabric-blockrenderlayer-v1, fabric-client-tags-api-v1, fabric-command-api-v1, fabric-command-api-v2, fabric-commands-v0, fabric-content-registries-v0, fabric-convention-tags-v1, fabric-convention-tags-v2, fabric-crash-report-info-v1, fabric-data-attachment-api-v1, fabric-data-generation-api-v1, fabric-dimensions-v1, fabric-entity-events-v1, fabric-events-interaction-v0, fabric-game-rule-api-v1, fabric-item-api-v1, fabric-item-group-api-v1, fabric-key-binding-api-v1, fabric-keybindings-v0, fabric-language-kotlin, fabric-lifecycle-events-v1, fabric-loot-api-v2, fabric-message-api-v1, fabric-model-loading-api-v1, fabric-networking-api-v1, fabric-object-builder-api-v1, fabric-particles-v1, fabric-recipe-api-v1, fabric-registry-sync-v0, fabric-renderer-api-v1, fabric-renderer-indigo, fabric-renderer-registries-v1, fabric-rendering-data-attachment-v1, fabric-rendering-fluids-v1, fabric-rendering-v0, fabric-rendering-v1, fabric-resource-conditions-api-v1, fabric-resource-loader-v0, fabric-screen-api-v1, fabric-screen-handler-api-v1, fabric-sound-api-v1, fabric-transfer-api-v1, fabric-transitive-access-wideners-v1, iris, modmenu, notenoughanimations, sodium, sodium-extra, xaerominimap, yet_another_config_lib_v3, zoomify, file/FMDO.zip
[2024-06-22 22:18:09.814] [info]  
[2024-06-22 22:18:09.814] [info]  -- System Details --
[2024-06-22 22:18:09.814] [info]  Details:
[2024-06-22 22:18:09.815] [info]  	Minecraft Version: 1.21
[2024-06-22 22:18:09.815] [info]  	Minecraft Version ID: 1.21
[2024-06-22 22:18:09.815] [info]  	Operating System: Windows 11 (amd64) version 10.0
[2024-06-22 22:18:09.815] [info]  	Java Version: 21.0.1, Azul Systems, Inc.
[2024-06-22 22:18:09.816] [info]  	Java VM Version: OpenJDK 64-Bit Server VM (mixed mode, sharing), Azul Systems, Inc.
[2024-06-22 22:18:09.816] [info]  	Memory: 821996368 bytes (783 MiB) / 2472542208 bytes (2358 MiB) up to 3221225472 bytes (3072 MiB)
[2024-06-22 22:18:09.816] [info]  	CPUs: 16
[2024-06-22 22:18:09.816] [info]  	Processor Vendor: AuthenticAMD
[2024-06-22 22:18:09.816] [info]  	Processor Name: AMD Ryzen 7 6800HS with Radeon Graphics         
[2024-06-22 22:18:09.817] [info]  	Identifier: AuthenticAMD Family 25 Model 68 Stepping 1
[2024-06-22 22:18:09.817] [info]  	Microarchitecture: Zen 3
[2024-06-22 22:18:09.817] [info]  	Frequency (GHz): 3.19
[2024-06-22 22:18:09.817] [info]  	Number of physical packages: 1
[2024-06-22 22:18:09.817] [info]  	Number of physical CPUs: 8
[2024-06-22 22:18:09.818] [info]  	Number of logical CPUs: 16
[2024-06-22 22:18:09.818] [info]  	Graphics card #0 name: NVIDIA GeForce RTX 3050 Laptop GPU
[2024-06-22 22:18:09.818] [info]  	Graphics card #0 vendor: NVIDIA
[2024-06-22 22:18:09.818] [info]  	Graphics card #0 VRAM (MiB): 4096.00
[2024-06-22 22:18:09.818] [info]  	Graphics card #0 deviceId: VideoController1
[2024-06-22 22:18:09.819] [info]  	Graphics card #0 versionInfo: 31.0.15.4633
[2024-06-22 22:18:09.819] [info]  	Graphics card #1 name: AMD Radeon(TM) Graphics
[2024-06-22 22:18:09.819] [info]  	Graphics card #1 vendor: Advanced Micro Devices, Inc.
[2024-06-22 22:18:09.819] [info]  	Graphics card #1 VRAM (MiB): 512.00
[2024-06-22 22:18:09.819] [info]  	Graphics card #1 deviceId: VideoController2
[2024-06-22 22:18:09.820] [info]  	Graphics card #1 versionInfo: 31.0.14084.6002
[2024-06-22 22:18:09.820] [info]  	Memory slot #0 capacity (MiB): 16384.00
[2024-06-22 22:18:09.820] [info]  	Memory slot #0 clockSpeed (GHz): 4.80
[2024-06-22 22:18:09.820] [info]  	Memory slot #0 type: Unknown
[2024-06-22 22:18:09.821] [info]  	Memory slot #1 capacity (MiB): 16384.00
[2024-06-22 22:18:09.821] [info]  	Memory slot #1 clockSpeed (GHz): 4.80
[2024-06-22 22:18:09.821] [info]  	Memory slot #1 type: Unknown
[2024-06-22 22:18:09.821] [info]  	Virtual memory max (MiB): 64780.88
[2024-06-22 22:18:09.821] [info]  	Virtual memory used (MiB): 14664.29
[2024-06-22 22:18:09.822] [info]  	Swap memory total (MiB): 32768.00
[2024-06-22 22:18:09.822] [info]  	Swap memory used (MiB): 0.00
[2024-06-22 22:18:09.822] [info]  	Space in storage for jna.tmpdir (MiB): <path not set>
[2024-06-22 22:18:09.822] [info]  	Space in storage for org.lwjgl.system.SharedLibraryExtractPath (MiB): <path not set>
[2024-06-22 22:18:09.822] [info]  	Space in storage for io.netty.native.workdir (MiB): <path not set>
[2024-06-22 22:18:09.822] [info]  	Space in storage for java.io.tmpdir (MiB): available: 109792.19, total: 462472.31
[2024-06-22 22:18:09.823] [info]  	Space in storage for workdir (MiB): available: 109792.19, total: 462472.31
[2024-06-22 22:18:09.823] [info]  	JVM Flags: 6 total; -XX:+DisableAttachMechanism -XX:+DisableAttachMechanism -XX:+UseStringDeduplication -Xmx3072m -XX:+DisableAttachMechanism -XX:+DisableAttachMechanism
[2024-06-22 22:18:09.823] [info]  	Fabric Mods: 
[2024-06-22 22:18:09.823] [info]  		cloth-config: Cloth Config v15 15.0.127
[2024-06-22 22:18:09.823] [info]  			cloth-basic-math: cloth-basic-math 0.6.1
[2024-06-22 22:18:09.824] [info]  		continuity: Continuity 3.0.0-beta.5+1.21
[2024-06-22 22:18:09.824] [info]  		dynamic_fps: Dynamic FPS 3.4.3
[2024-06-22 22:18:09.824] [info]  		entityculling: EntityCulling 1.6.6
[2024-06-22 22:18:09.824] [info]  		fabric-api: Fabric API 0.100.3+1.21
[2024-06-22 22:18:09.824] [info]  			fabric-api-base: Fabric API Base 0.4.42+6573ed8cd1
[2024-06-22 22:18:09.825] [info]  			fabric-api-lookup-api-v1: Fabric API Lookup API (v1) 1.6.67+b5597344d1
[2024-06-22 22:18:09.825] [info]  			fabric-biome-api-v1: Fabric Biome API (v1) 13.0.28+6fc22b99d1
[2024-06-22 22:18:09.825] [info]  			fabric-block-api-v1: Fabric Block API (v1) 1.0.22+0af3f5a7d1
[2024-06-22 22:18:09.825] [info]  			fabric-block-view-api-v2: Fabric BlockView API (v2) 1.0.10+6573ed8cd1
[2024-06-22 22:18:09.825] [info]  			fabric-blockrenderlayer-v1: Fabric BlockRenderLayer Registration (v1) 1.1.52+0af3f5a7d1
[2024-06-22 22:18:09.826] [info]  			fabric-client-tags-api-v1: Fabric Client Tags 1.1.15+6573ed8cd1
[2024-06-22 22:18:09.826] [info]  			fabric-command-api-v1: Fabric Command API (v1) 1.2.48+f71b366fd1
[2024-06-22 22:18:09.826] [info]  			fabric-command-api-v2: Fabric Command API (v2) 2.2.27+6a6dfa19d1
[2024-06-22 22:18:09.826] [info]  			fabric-commands-v0: Fabric Commands (v0) 0.2.65+df3654b3d1
[2024-06-22 22:18:09.826] [info]  			fabric-content-registries-v0: Fabric Content Registries (v0) 8.0.13+b5597344d1
[2024-06-22 22:18:09.827] [info]  			fabric-convention-tags-v1: Fabric Convention Tags 2.0.14+7f945d5bd1
[2024-06-22 22:18:09.827] [info]  			fabric-convention-tags-v2: Fabric Convention Tags (v2) 2.3.1+8a3b5617d1
[2024-06-22 22:18:09.827] [info]  			fabric-crash-report-info-v1: Fabric Crash Report Info (v1) 0.2.29+0af3f5a7d1
[2024-06-22 22:18:09.827] [info]  			fabric-data-attachment-api-v1: Fabric Data Attachment API (v1) 1.1.23+6a6dfa19d1
[2024-06-22 22:18:09.828] [info]  			fabric-data-generation-api-v1: Fabric Data Generation API (v1) 20.2.8+16c4ae25d1
[2024-06-22 22:18:09.828] [info]  			fabric-dimensions-v1: Fabric Dimensions API (v1) 4.0.0+6fc22b99d1
[2024-06-22 22:18:09.828] [info]  			fabric-entity-events-v1: Fabric Entity Events (v1) 1.6.12+6fc22b99d1
[2024-06-22 22:18:09.828] [info]  			fabric-events-interaction-v0: Fabric Events Interaction (v0) 0.7.10+e633f883d1
[2024-06-22 22:18:09.829] [info]  			fabric-game-rule-api-v1: Fabric Game Rule API (v1) 1.0.52+6573ed8cd1
[2024-06-22 22:18:09.829] [info]  			fabric-item-api-v1: Fabric Item API (v1) 11.0.0+afdfc921d1
[2024-06-22 22:18:09.829] [info]  			fabric-item-group-api-v1: Fabric Item Group API (v1) 4.1.1+cb5ced13d1
[2024-06-22 22:18:09.829] [info]  			fabric-key-binding-api-v1: Fabric Key Binding API (v1) 1.0.47+0af3f5a7d1
[2024-06-22 22:18:09.830] [info]  			fabric-keybindings-v0: Fabric Key Bindings (v0) 0.2.45+df3654b3d1
[2024-06-22 22:18:09.830] [info]  			fabric-lifecycle-events-v1: Fabric Lifecycle Events (v1) 2.3.11+8f3583aed1
[2024-06-22 22:18:09.830] [info]  			fabric-loot-api-v2: Fabric Loot API (v2) 3.0.10+6573ed8cd1
[2024-06-22 22:18:09.830] [info]  			fabric-message-api-v1: Fabric Message API (v1) 6.0.13+6573ed8cd1
[2024-06-22 22:18:09.830] [info]  			fabric-model-loading-api-v1: Fabric Model Loading API (v1) 2.0.0+fe474d6bd1
[2024-06-22 22:18:09.831] [info]  			fabric-networking-api-v1: Fabric Networking API (v1) 4.2.0+ab7edbacd1
[2024-06-22 22:18:09.831] [info]  			fabric-object-builder-api-v1: Fabric Object Builder API (v1) 15.1.11+d1321076d1
[2024-06-22 22:18:09.831] [info]  			fabric-particles-v1: Fabric Particles (v1) 4.0.2+6573ed8cd1
[2024-06-22 22:18:09.831] [info]  			fabric-recipe-api-v1: Fabric Recipe API (v1) 5.0.9+6573ed8cd1
[2024-06-22 22:18:09.831] [info]  			fabric-registry-sync-v0: Fabric Registry Sync (v0) 5.0.22+ab7edbacd1
[2024-06-22 22:18:09.832] [info]  			fabric-renderer-api-v1: Fabric Renderer API (v1) 3.2.16+fe474d6bd1
[2024-06-22 22:18:09.832] [info]  			fabric-renderer-indigo: Fabric Renderer - Indigo 1.6.4+48fb1586d1
[2024-06-22 22:18:09.832] [info]  			fabric-renderer-registries-v1: Fabric Renderer Registries (v1) 3.2.66+df3654b3d1
[2024-06-22 22:18:09.832] [info]  			fabric-rendering-data-attachment-v1: Fabric Rendering Data Attachment (v1) 0.3.48+73761d2ed1
[2024-06-22 22:18:09.832] [info]  			fabric-rendering-fluids-v1: Fabric Rendering Fluids (v1) 3.1.6+b5597344d1
[2024-06-22 22:18:09.833] [info]  			fabric-rendering-v0: Fabric Rendering (v0) 1.1.69+df3654b3d1
[2024-06-22 22:18:09.833] [info]  			fabric-rendering-v1: Fabric Rendering (v1) 5.0.3+d1321076d1
[2024-06-22 22:18:09.833] [info]  			fabric-resource-conditions-api-v1: Fabric Resource Conditions API (v1) 4.2.1+d153f344d1
[2024-06-22 22:18:09.833] [info]  			fabric-resource-loader-v0: Fabric Resource Loader (v0) 1.1.4+cb5ced13d1
[2024-06-22 22:18:09.833] [info]  			fabric-screen-api-v1: Fabric Screen API (v1) 2.0.24+b5597344d1
[2024-06-22 22:18:09.834] [info]  			fabric-screen-handler-api-v1: Fabric Screen Handler API (v1) 1.3.79+b5597344d1
[2024-06-22 22:18:09.834] [info]  			fabric-sound-api-v1: Fabric Sound API (v1) 1.0.23+6573ed8cd1
[2024-06-22 22:18:09.834] [info]  			fabric-transfer-api-v1: Fabric Transfer API (v1) 5.1.14+b5597344d1
[2024-06-22 22:18:09.834] [info]  			fabric-transitive-access-wideners-v1: Fabric Transitive Access Wideners (v1) 6.0.12+6573ed8cd1
[2024-06-22 22:18:09.834] [info]  		fabric-language-kotlin: Fabric Language Kotlin 1.11.0+kotlin.2.0.0
[2024-06-22 22:18:09.834] [info]  			org_jetbrains_kotlin_kotlin-reflect: kotlin-reflect 2.0.0
[2024-06-22 22:18:09.835] [info]  			org_jetbrains_kotlin_kotlin-stdlib: kotlin-stdlib 2.0.0
[2024-06-22 22:18:09.835] [info]  			org_jetbrains_kotlin_kotlin-stdlib-jdk7: kotlin-stdlib-jdk7 2.0.0
[2024-06-22 22:18:09.835] [info]  			org_jetbrains_kotlin_kotlin-stdlib-jdk8: kotlin-stdlib-jdk8 2.0.0
[2024-06-22 22:18:09.835] [info]  			org_jetbrains_kotlinx_atomicfu-jvm: atomicfu-jvm 0.24.0
[2024-06-22 22:18:09.835] [info]  			org_jetbrains_kotlinx_kotlinx-coroutines-core-jvm: kotlinx-coroutines-core-jvm 1.8.1
[2024-06-22 22:18:09.836] [info]  			org_jetbrains_kotlinx_kotlinx-coroutines-jdk8: kotlinx-coroutines-jdk8 1.8.1
[2024-06-22 22:18:09.836] [info]  			org_jetbrains_kotlinx_kotlinx-datetime-jvm: kotlinx-datetime-jvm 0.6.0
[2024-06-22 22:18:09.836] [info]  			org_jetbrains_kotlinx_kotlinx-serialization-cbor-jvm: kotlinx-serialization-cbor-jvm 1.6.3
[2024-06-22 22:18:09.836] [info]  			org_jetbrains_kotlinx_kotlinx-serialization-core-jvm: kotlinx-serialization-core-jvm 1.6.3
[2024-06-22 22:18:09.836] [info]  			org_jetbrains_kotlinx_kotlinx-serialization-json-jvm: kotlinx-serialization-json-jvm 1.6.3
[2024-06-22 22:18:09.837] [info]  		fabricloader: fabricloader 0.15.11
[2024-06-22 22:18:09.837] [info]  		ichor: ichor 0.0.0
[2024-06-22 22:18:09.837] [info]  		iris: Iris 1.7.1+mc1.21
[2024-06-22 22:18:09.837] [info]  			io_github_douira_glsl-transformer: glsl-transformer 2.0.1
[2024-06-22 22:18:09.837] [info]  			org_anarres_jcpp: jcpp 1.4.14
[2024-06-22 22:18:09.838] [info]  			org_antlr_antlr4-runtime: antlr4-runtime 4.13.1
[2024-06-22 22:18:09.838] [info]  		java: OpenJDK 64-Bit Server VM 21
[2024-06-22 22:18:09.838] [info]  		minecraft: Minecraft 1.21
[2024-06-22 22:18:09.838] [info]  		mixinextras: mixinextras 0.3.5
[2024-06-22 22:18:09.838] [info]  		modmenu: Mod Menu 11.0.0
[2024-06-22 22:18:09.839] [info]  			placeholder-api: Placeholder API 2.4.0-pre.2+1.21
[2024-06-22 22:18:09.839] [info]  		notenoughanimations: NotEnoughAnimations 1.7.4
[2024-06-22 22:18:09.839] [info]  		sodium: Sodium 0.5.9+mc1.21
[2024-06-22 22:18:09.839] [info]  		sodium-extra: Sodium Extra 0.5.7+mc1.21
[2024-06-22 22:18:09.839] [info]  			caffeineconfig: CaffeineConfig 1.3.0+1.17
[2024-06-22 22:18:09.840] [info]  		xaerominimap: Xaero's Minimap 24.2.1
[2024-06-22 22:18:09.840] [info]  		yet_another_config_lib_v3: YetAnotherConfigLib 3.5.0+1.21-fabric
[2024-06-22 22:18:09.840] [info]  			com_twelvemonkeys_common_common-image: common-image 3.10.0
[2024-06-22 22:18:09.840] [info]  			com_twelvemonkeys_common_common-io: common-io 3.10.0
[2024-06-22 22:18:09.840] [info]  			com_twelvemonkeys_common_common-lang: common-lang 3.10.0
[2024-06-22 22:18:09.841] [info]  			com_twelvemonkeys_imageio_imageio-core: imageio-core 3.10.0
[2024-06-22 22:18:09.841] [info]  			com_twelvemonkeys_imageio_imageio-metadata: imageio-metadata 3.10.0
[2024-06-22 22:18:09.841] [info]  			com_twelvemonkeys_imageio_imageio-webp: imageio-webp 3.10.0
[2024-06-22 22:18:09.841] [info]  			org_quiltmc_parsers_gson: gson 0.2.1
[2024-06-22 22:18:09.841] [info]  			org_quiltmc_parsers_json: json 0.2.1
[2024-06-22 22:18:09.842] [info]  		zoomify: Zoomify 2.14.0+1.21
[2024-06-22 22:18:09.842] [info]  			com_akuleshov7_ktoml-core-jvm: ktoml-core-jvm 0.5.1
[2024-06-22 22:18:09.842] [info]  	Loaded Shaderpack: (off)
[2024-06-22 22:18:09.842] [info]  	Launched Version: 1.21
[2024-06-22 22:18:09.842] [info]  	Backend library: LWJGL version 3.3.3-snapshot
[2024-06-22 22:18:09.842] [info]  	Backend API: AMD Radeon(TM) Graphics GL version 3.2.0 Core Profile Context 22.40.84.06.231130, ATI Technologies Inc.
[2024-06-22 22:18:09.843] [info]  	Window size: 1920x1009
[2024-06-22 22:18:09.843] [info]  	GFLW Platform: win32
[2024-06-22 22:18:09.843] [info]  	GL Caps: Using framebuffer using OpenGL 3.2
[2024-06-22 22:18:09.843] [info]  	GL debug messages: 
[2024-06-22 22:18:09.843] [info]  	Is Modded: Definitely; Client brand changed to 'lunarclient:291fdea/version/1-21'; Server jar signature invalidated
[2024-06-22 22:18:09.844] [info]  	Universe: 400921fb54442d18
[2024-06-22 22:18:09.844] [info]  	Type: Integrated Server (map_client.txt)
[2024-06-22 22:18:09.844] [info]  	Graphics mode: fancy
[2024-06-22 22:18:09.844] [info]  	Render Distance: 7/7 chunks
[2024-06-22 22:18:09.844] [info]  	Resource Packs: lunar, vanilla, fabric, caffeineconfig, cloth-config, continuity, dynamic_fps, entityculling, fabric-api, fabric-api-base, fabric-api-lookup-api-v1, fabric-biome-api-v1, fabric-block-api-v1, fabric-block-view-api-v2, fabric-blockrenderlayer-v1, fabric-client-tags-api-v1, fabric-command-api-v1, fabric-command-api-v2, fabric-commands-v0, fabric-content-registries-v0, fabric-convention-tags-v1, fabric-convention-tags-v2, fabric-crash-report-info-v1, fabric-data-attachment-api-v1, fabric-data-generation-api-v1, fabric-dimensions-v1, fabric-entity-events-v1, fabric-events-interaction-v0, fabric-game-rule-api-v1, fabric-item-api-v1, fabric-item-group-api-v1, fabric-key-binding-api-v1, fabric-keybindings-v0, fabric-language-kotlin, fabric-lifecycle-events-v1, fabric-loot-api-v2, fabric-message-api-v1, fabric-model-loading-api-v1, fabric-networking-api-v1, fabric-object-builder-api-v1, fabric-particles-v1, fabric-recipe-api-v1, fabric-registry-sync-v0, fabric-renderer-api-v1, fabric-renderer-indigo, fabric-renderer-registries-v1, fabric-rendering-data-attachment-v1, fabric-rendering-fluids-v1, fabric-rendering-v0, fabric-rendering-v1, fabric-resource-conditions-api-v1, fabric-resource-loader-v0, fabric-screen-api-v1, fabric-screen-handler-api-v1, fabric-sound-api-v1, fabric-transfer-api-v1, fabric-transitive-access-wideners-v1, iris, modmenu, notenoughanimations, sodium, sodium-extra, xaerominimap (incompatible), yet_another_config_lib_v3 (incompatible), zoomify, file/FMDO.zip (incompatible)
[2024-06-22 22:18:09.845] [info]  	Current Language: en_us
[2024-06-22 22:18:09.845] [info]  	Locale: 
[2024-06-22 22:18:09.845] [info]  	System encoding: Cp1252
[2024-06-22 22:18:09.845] [info]  	File encoding: UTF-8
[2024-06-22 22:18:09.845] [info]  	CPU: 16x AMD Ryzen 7 6800HS with Radeon Graphics 
[2024-06-22 22:18:09.846] [info]  	Server Running: true
[2024-06-22 22:18:09.846] [info]  	Player Count: 1 / 12; [ServerPlayer['MengHong001'/16, l='ServerLevel[MengHong001]', x=199.70, y=62.00, z=-162.30]]
[2024-06-22 22:18:09.846] [info]  	Active Data Packs: vanilla, fabric, fabric-convention-tags-v2, lunar
[2024-06-22 22:18:09.846] [info]  	Available Data Packs: bundle, fabric, fabric-convention-tags-v2, lunar, trade_rebalance, vanilla
[2024-06-22 22:18:09.846] [info]  	Enabled Feature Flags: minecraft:vanilla
[2024-06-22 22:18:09.847] [info]  	World Generation: Stable
[2024-06-22 22:18:09.847] [info]  	World Seed: -2331546516813763336
[2024-06-22 22:18:09.847] [info]  #@!@# Game crashed! Crash report saved to: #@!@# C:\Users\Asus\AppData\Roaming\.minecraft\crash-reports\crash-2024-06-22_22.18.09-client.txt
[2024-06-22 22:18:09.848] [info]  [22:14:51] [WARN] [FabricLoader/Resolution]: Warnings were found!
[2024-06-22 22:18:09.848] [info]   - Mod 'Dynamic FPS' (dynamic_fps) 3.4.3 recommends any version of quilt_loader, which is missing!
[2024-06-22 22:18:09.848] [info]  	 - You should install any version of quilt_loader for the optimal experience.
[2024-06-22 22:18:09.848] [info]   - Mod 'Sodium Extra' (sodium-extra) 0.5.7+mc1.21 recommends version 1.4.2 or later of reeses-sodium-options, which is missing!
[2024-06-22 22:18:09.848] [info]  	 - You should install version 1.4.2 or later of reeses-sodium-options for the optimal experience.
