[2024-06-19 19:09:38.976] [error] NOTE: Picked up JDK_JAVA_OPTIONS: -XX:+DisableAttachMechanism
[2024-06-19 19:09:38.980] [error] Picked up JAVA_TOOL_OPTIONS: -XX:+DisableAttachMechanism
[2024-06-19 19:09:38.981] [error] Picked up _JAVA_OPTIONS: -XX:+DisableAttachMechanism
[2024-06-19 19:09:39.216] [info]  [19:09:39] [Genesis/
[2024-06-19 19:09:39.218] [info]  main/INFO] Found external file: Fabric-API-v1_20_1-0.90.7.jar
[2024-06-19 19:09:39.221] [info]  [19:09:39] [Genesis/main/INFO
[2024-06-19 19:09:39.222] [info]  ] Found external file: FerriteCore-v1_20_1-6.0.0.jar
[2024-06-19 19:09:39.222] [info]  [19:09:39] [Genesis/main/INFO] Found external file: Lithium-v1_20_1-0.11.2.jar
[2024-06-19 19:09:39.223] [info]  [19:09:39] [Genesis/main/INFO] Found external file: Noxesium-v1_20_1-1.0.3.jar
[2024-06-19 19:09:39.223] [info]  [19:09:39] [Genesis/main/INFO] Found external file: Noxesium_API-v1_20_1-1.0.3.jar
[2024-06-19 19:09:39.223] [info]  [19:09:39] [Genesis/main/INFO] Found external file: ReplayMod-v1_20_1-2.6.14.jar
[2024-06-19 19:09:39.224] [info]  [19:09:39] [Genesis/main/INFO] Found external file: Sodium-v1_20_1-0.5.8.jar
[2024-06-19 19:09:39.224] [info]  [19:09:39] [Genesis/main/INFO] Found external file: Indium-v1_20_1-1.0.30.jar
[2024-06-19 19:09:39.225] [info]  [19:09:39] [Genesis/main/INFO] Found external file: Iris-v1_20_1-1.6.17.jar
[2024-06-19 19:09:39.225] [info]  [19:09:39] [Genesis/main/INFO] Found external file: hypixel-quickplay-data.json
[2024-06-19 19:09:39.225] [info]  [19:09:39] [Genesis/main/INFO] Found external file: hypixel-bedwars-data.json
[2024-06-19 19:09:39.226] [info]  [19:09:39] [Genesis/main/INFO] Found external file: hypixel-skyblock-dungeon-rooms.json
[2024-06-19 19:09:39.275] [info]  [19:09:39] [Genesis/main/INFO] Found classpath URL: common-0.1.0-SNAPSHOT-all.jar with SHA-1 hash d55f1b0ac13c8a0e4adc1d3072d23059c44d26b8
[2024-06-19 19:09:39.276] [info]  
[2024-06-19 19:09:39.276] [info]  [19:09:39] [Genesis/
[2024-06-19 19:09:39.277] [info]  main/INFO] Found classpath URL: lunar-fabric-mixins-0.1.0-SNAPSHOT-all.jar with SHA-1 hash 500ac97175fa953c59c311a3387b0d6c72cf5dba
[2024-06-19 19:09:39.288] [info]  [19:09:39] [Genesis/main/INFO] 
[2024-06-19 19:09:39.289] [info]  Found classpath URL: genesis-0.1.0-SNAPSHOT-all.jar with SHA-1 hash 444937f4ede76553b24bff14153b5d9e35687eb2
[2024-06-19 19:09:39.290] [info]  [19:09:39
[2024-06-19 19:09:39.290] [info]  ] [Genesis/main/INFO] Found classpath URL: lunar-lang.jar with SHA-1 hash 32a7e666acdc5ff9de8ce454b9390b6bd2bc9177
[2024-06-19 19:09:39.291] [info]  [19:09:39] [Genesis/main/INFO] 
[2024-06-19 19:09:39.291] [info]  Found classpath URL: lunar-emote.jar with SHA-1 hash b04f3ee8f5e43fa3b162981b50bb72fe1acabb33
[2024-06-19 19:09:39.326] [info]  [19:09:39] [Genesis/main/INFO] Found classpath URL: lunar.jar with SHA-1 hash 7ae8b4c716d4afeeca6354f3a4b2bb4f5302869a
[2024-06-19 19:09:39.338] [info]  [19:09:39] [Genesis/main/INFO] Found classpath URL: modern-0.1.0-SNAPSHOT-all.jar with SHA-1 hash 1b16b6bc92071b52ebc358659a8f371324df0a45
[2024-06-19 19:09:39.339] [info]  [19:09:39] [Genesis/main
[2024-06-19 19:09:39.339] [info]  /INFO] Found classpath URL: lunar-ferrite-mixins-0.1.0-SNAPSHOT-all.jar with SHA-1 hash 557af8afbc5a3a2dd1082d6c1d89d0924d9148a7
[2024-06-19 19:09:39.340] [info]  [19:09:39] [Genesis/main/INFO] Found classpath URL: lunar-lithium-mixins-0.1.0-SNAPSHOT-all.jar with SHA-1 hash 6bddb75b7b546461fe3906061ed6b69c96459fc2
[2024-06-19 19:09:39.340] [info]  [
[2024-06-19 19:09:39.340] [info]  19:09:39] [Genesis/main/INFO] Found classpath URL: lunar-noxesium-mixins-0.1.0-SNAPSHOT-all.jar with SHA-1 hash 9ef6225eb7368f6fa9728dd8d086f284b70e6e95
[2024-06-19 19:09:39.342] [info]  [19:09:39] [Genesis/
[2024-06-19 19:09:39.342] [info]  main/INFO] Found classpath URL: lunar-replaymod-fabric-mixins-0.1.0-SNAPSHOT-all.jar with SHA-1 hash d597c36d0c2ff4f04ca99579bbfe849ed80f8dbd
[2024-06-19 19:09:39.344] [info]  [19:09:39
[2024-06-19 19:09:39.345] [info]  ] [Genesis/main/INFO] Found classpath URL: lunar-sodium-mixins-0.1.0-SNAPSHOT-all.jar with SHA-1 hash e5611315574ee949cf2389d5c899eca8eef9c8a3
[2024-06-19 19:09:40.105] [info]  [19:09:40] [Genesis/main/INFO] Adding pre-launch library to game classpath: .\.ichor\ichormodule-libs\net_fabricmc_fabric_loader_0_15_11-lunar-0.1.0.jar
[2024-06-19 19:09:40.184] [info]  [19:09:40] [Genesis/GameBootstrap/main/INFO] Launching Minecraft 1.20.1 v1_20_1 (parsed from 1.20.1)
[2024-06-19 19:09:41.195] [info]  [19:09:41] [Ichor+Fabric/main/INFO] Using custom local mod path: C:\Users\Asus\.lunarclient\profiles\1357f16e-9418-48f0-952e-22e2d749b4cd\versions\0.0.4\mods
[2024-06-19 19:09:42.350] [info]  LUNARCLIENT_STATUS_PREINIT
[2024-06-19 19:09:42.351] [info]  [19:09:42] [Genesis/GameBootstrap/main/INFO] Starting game!
[2024-06-19 19:09:43.052] [info]  [19:09:43] [IchorPipeline/main/INFO] Built mapping set for com.moonsworth.lunar.ichor.CRCIRCHCIOCCIHRCHCHOHICRI.RHOCIORRHROCOHOOCRHHRRHCI.IHCRIIIICOROROOCCIHHHHCRI.RHCRCHHICCCIIHIIIHIIRROOO 569ms on thread main
[2024-06-19 19:09:43.629] [info]  [19:09:43] [IchorPipeline/main/INFO] Loading Mixin runtime for META_MIXIN
[2024-06-19 19:09:43.630] [info]  
[2024-06-19 19:09:43.912] [info]  [19:09:43] [Ichor/mixin(META_MIXIN)/INFO] SpongePowered MIXIN Subsystem Version=0.8.5 Source=Unknown Service=Ichor Env=CLIENT
[2024-06-19 19:09:44.613] [info]  [19:09:44] [IchorPipeline/main/INFO] Loading Mixin runtime for MIXIN
[2024-06-19 19:09:45.352] [info]  [19:09:45] [Ichor/mixin(MIXIN)/INFO] SpongePowered MIXIN Subsystem Version=0.8.5 Source=Unknown Service=Ichor Env=CLIENT
[2024-06-19 19:09:46.210] [info]  [19:09:46] [IchorPipeline/main/INFO] Done loading Mixin runtimes in 2582ms
[2024-06-19 19:09:46.211] [info]  
[2024-06-19 19:09:46.211] [info]  [19:09:46] [IchorPipeline/main/INFO] Setting up mixins for META_MIXIN
[2024-06-19 19:09:46.325] [info]  [19:09:46] [IchorPipeline/main/INFO] Setting up mixins for MIXIN
[2024-06-19 19:09:46.326] [info]  [19:09:46] [Ichor/
[2024-06-19 19:09:46.328] [info]  main/INFO] Mixin config mixins.modern.json doesn't exist in IchorClassLoader(MIXIN)
[2024-06-19 19:09:46.328] [info]  [19:09:46] [Ichor/main/INFO] Mixin config mixins.modern_lunar.json doesn't exist in IchorClassLoader(MIXIN)
[2024-06-19 19:09:46.634] [info]  [19:09:46] [IchorPipeline/main/INFO] Done registering Mixins in 423ms
[2024-06-19 19:09:46.635] [info]  [19:09:46] [IchorPipeline/main/INFO] Going to default mixins stage for META_MIXIN
[2024-06-19 19:09:47.406] [info]  [19:09:47] [Ichor/mixin(META_MIXIN)/WARN] Catching java.lang.ClassNotFoundException: IchorClassLoader(META_MIXIN) couldn't find class bytes for net/coderbot/iris/compat/sodium/mixin/options/MixinSodiumOptionsGUI (checked [net.coderbot.iris.compat.sodium.mixin.options.MixinSodiumOptionsGUI]).
[2024-06-19 19:09:47.406] [info]  java.lang.ClassNotFoundException: IchorClassLoader(META_MIXIN) couldn't find class bytes for net/coderbot/iris/compat/sodium/mixin/options/MixinSodiumOptionsGUI (checked [net.coderbot.iris.compat.sodium.mixin.options.MixinSodiumOptionsGUI]).
[2024-06-19 19:09:47.407] [info]  	at com.moonsworth.lunar.ichor.IOCOHCCRCOHRICRRHOOICHIHO.CHICRROIHCCHIOHOIIIOCCCOR(Unknown Source)
[2024-06-19 19:09:47.407] [info]  	at IchorClassLoader(META_MIXIN)//com.moonsworth.lunar.ichor.COCICHIRHCIIORIIHRCOOROHH.IOCOHCCRCOHRICRRHOOICHIHO.IOCOHCCRCOHRICRRHOOICHIHO.getClassNode(Unknown Source)
[2024-06-19 19:09:47.407] [info]  	at IchorClassLoader(META_MIXIN)//com.moonsworth.lunar.ichor.COCICHIRHCIIORIIHRCOOROHH.IOCOHCCRCOHRICRRHOOICHIHO.IOCOHCCRCOHRICRRHOOICHIHO.getClassNode(Unknown Source)
[2024-06-19 19:09:47.407] [info]  	at IchorClassLoader(META_MIXIN)//org.spongepowered.asm.mixin.transformer.ClassInfo.forName(Unknown Source)
[2024-06-19 19:09:47.408] [info]  	at IchorClassLoader(META_MIXIN)//org.spongepowered.asm.mixin.transformer.MixinInfo.getTargetClass(Unknown Source)
[2024-06-19 19:09:47.408] [info]  	at IchorClassLoader(META_MIXIN)//org.spongepowered.asm.mixin.transformer.MixinInfo.readTargetClasses(Unknown Source)
[2024-06-19 19:09:47.408] [info]  	at IchorClassLoader(META_MIXIN)//org.spongepowered.asm.mixin.transformer.MixinInfo.parseTargets(Unknown Source)
[2024-06-19 19:09:47.408] [info]  	at IchorClassLoader(META_MIXIN)//org.spongepowered.asm.mixin.transformer.MixinConfig.prepareMixins(Unknown Source)
[2024-06-19 19:09:47.408] [info]  	at IchorClassLoader(META_MIXIN)//org.spongepowered.asm.mixin.transformer.MixinConfig.prepare(Unknown Source)
[2024-06-19 19:09:47.409] [info]  	at IchorClassLoader(META_MIXIN)//org.spongepowered.asm.mixin.transformer.MixinProcessor.prepareConfigs(Unknown Source)
[2024-06-19 19:09:47.409] [info]  	at IchorClassLoader(META_MIXIN)//org.spongepowered.asm.mixin.transformer.MixinProcessor.select(Unknown Source)
[2024-06-19 19:09:47.409] [info]  	at IchorClassLoader(META_MIXIN)//org.spongepowered.asm.mixin.transformer.MixinProcessor.checkSelect(Unknown Source)
[2024-06-19 19:09:47.410] [info]  	at java.base/jdk.internal.reflect.DirectMethodHandleAccessor.invoke(Unknown Source)
[2024-06-19 19:09:47.410] [info]  	at java.base/java.lang.reflect.Method.invoke(Unknown Source)
[2024-06-19 19:09:47.410] [info]  	at IchorClassLoader(META_MIXIN)//org.spongepowered.asm.mixin.transformer.MixinProxyImpl.gotoDefaultPhase(Unknown Source)
[2024-06-19 19:09:47.410] [info]  	at com.moonsworth.lunar.ichor.IHCRIIIICOROROOCCIHHHHCRI.RCOIIRRHOORIOROOROICRHHOR(Unknown Source)
[2024-06-19 19:09:47.411] [info]  	at com.moonsworth.lunar.ichor.IHCRIIIICOROROOCCIHHHHCRI.RHOCIORRHROCOHOOCRHHRRHCI(Unknown Source)
[2024-06-19 19:09:47.411] [info]  	at com.moonsworth.lunar.ichor.IHCRIIIICOROROOCCIHHHHCRI.RHOCIORRHROCOHOOCRHHRRHCI(Unknown Source)
[2024-06-19 19:09:47.411] [info]  	at com.moonsworth.lunar.ichor.IHCRIIIICOROROOCCIHHHHCRI.RHOCIORRHROCOHOOCRHHRRHCI(Unknown Source)
[2024-06-19 19:09:47.412] [info]  	at com.moonsworth.lunar.ichor.IRCIHCHCCHHOCORRHRCCORROC.RHOCIORRHROCOHOOCRHHRRHCI(Unknown Source)
[2024-06-19 19:09:47.412] [info]  	at com.moonsworth.lunar.genesis.CRCIRCHCIOCCIHRCHCHOHICRI.findClass(Unknown Source)
[2024-06-19 19:09:47.412] [info]  	at com.moonsworth.lunar.genesis.CRCIRCHCIOCCIHRCHCHOHICRI.loadClass(Unknown Source)
[2024-06-19 19:09:47.412] [info]  	at java.base/java.lang.ClassLoader.loadClass(Unknown Source)
[2024-06-19 19:09:47.412] [info]  	at java.base/java.lang.Class.forName0(Native Method)
[2024-06-19 19:09:47.413] [info]  	at java.base/java.lang.Class.forName(Unknown Source)
[2024-06-19 19:09:47.413] [info]  	at java.base/java.lang.Class.forName(Unknown Source)
[2024-06-19 19:09:47.413] [info]  	at com.moonsworth.lunar.genesis.ClientGameBootstrap.apply(Unknown Source)
[2024-06-19 19:09:47.413] [info]  	at java.base/jdk.internal.reflect.DirectMethodHandleAccessor.invoke(Unknown Source)
[2024-06-19 19:09:47.414] [info]  	at java.base/java.lang.reflect.Method.invoke(Unknown Source)
[2024-06-19 19:09:47.414] [info]  	at com.moonsworth.lunar.genesis.IOCOHCCRCOHRICRRHOOICHIHO.RHOCIORRHROCOHOOCRHHRRHCI(Unknown Source)
[2024-06-19 19:09:47.414] [info]  	at com.moonsworth.lunar.genesis.Genesis.run(Unknown Source)
[2024-06-19 19:09:47.414] [info]  	at com.moonsworth.lunar.genesis.Genesis.main(Unknown Source)
[2024-06-19 19:09:47.414] [info]  [19:09:47] [Ichor/mixin(META_MIXIN)/WARN] Error loading class: net/coderbot/iris/compat/sodium/mixin/options/MixinSodiumOptionsGUI (java.lang.ClassNotFoundException: IchorClassLoader(META_MIXIN) couldn't find class bytes for net/coderbot/iris/compat/sodium/mixin/options/MixinSodiumOptionsGUI (checked [net.coderbot.iris.compat.sodium.mixin.options.MixinSodiumOptionsGUI]).)
[2024-06-19 19:09:47.415] [info]  [19:09:47] [Ichor/mixin(META_MIXIN)/WARN] @Mixin target net.coderbot.iris.compat.sodium.mixin.options.MixinSodiumOptionsGUI was not found mixins.meta.ichor.sodium.v1_20_1.json:RHOCIORRHROCOHOOCRHHRRHCI from mod (unknown)
[2024-06-19 19:09:47.432] [info]  [19:09:47] [IchorPipeline/main/INFO] Going to default mixins stage for MIXIN
[2024-06-19 19:09:47.449] [info]  [19:09:47] [Ichor/MixinExtras|Service(META_MIXIN)/INFO] Initializing MixinExtras via com.llamalad7.mixinextras.service.MixinExtrasServiceImpl(version=0.3.5).
[2024-06-19 19:09:49.013] [info]  [19:09:49] [main/INFO]: Loaded configuration file for Lithium: 115 options available, 1 override(s) found
[2024-06-19 19:09:49.030] [info]  [19:09:49] [main/WARN]: [Satin] Iris is present, custom block renders will not work
[2024-06-19 19:09:49.039] [info]  [19:09:49] [main/INFO]: Loaded configuration file for Sodium: 42 options available, 3 override(s) found
[2024-06-19 19:09:49.109] [info]  [19:09:49] [main/INFO]: Loaded configuration file for Sodium Extra: 34 options available, 0 override(s) found
[2024-06-19 19:09:54.935] [info]  [19:09:54] [Ichor/mixin(MIXIN)/WARN] Catching java.lang.ClassNotFoundException: IchorClassLoader(MIXIN) couldn't find class bytes for net/optifine/render/ChunkVisibility (checked [net.optifine.render.ChunkVisibility]).
[2024-06-19 19:09:54.936] [info]  [19:09:54] [Ichor/mixin(MIXIN)/WARN] Error loading class: net/optifine/render/ChunkVisibility (java.lang.ClassNotFoundException: IchorClassLoader(MIXIN) couldn't find class bytes for net/optifine/render/ChunkVisibility (checked [net.optifine.render.ChunkVisibility]).)
[2024-06-19 19:09:54.936] [info]  [19:09:54] [Ichor/mixin(MIXIN)/WARN] Catching java.lang.ClassNotFoundException: IchorClassLoader(MIXIN) couldn't find class bytes for shadersmod/client/ShadersRender (checked [shadersmod.client.ShadersRender]).
[2024-06-19 19:09:54.937] [info]  [19:09:54] [Ichor/mixin(MIXIN)/WARN] Error loading class: shadersmod/client/ShadersRender (java.lang.ClassNotFoundException: IchorClassLoader(MIXIN) couldn't find class bytes for shadersmod/client/ShadersRender (checked [shadersmod.client.ShadersRender]).)
[2024-06-19 19:09:54.937] [info]  [19:09:54] [Ichor/mixin(MIXIN)/WARN] Catching java.lang.ClassNotFoundException: IchorClassLoader(MIXIN) couldn't find class bytes for net/optifine/shaders/ShadersRender (checked [net.optifine.shaders.ShadersRender]).
[2024-06-19 19:09:54.938] [info]  [19:09:54] [Ichor/mixin(MIXIN)/WARN] Error loading class: net/optifine/shaders/ShadersRender (java.lang.ClassNotFoundException: IchorClassLoader(MIXIN) couldn't find class bytes for net/optifine/shaders/ShadersRender (checked [net.optifine.shaders.ShadersRender]).)
[2024-06-19 19:09:55.031] [info]  [19:09:55] [Ichor/mixin(MIXIN)/WARN] Catching java.lang.ClassNotFoundException: IchorClassLoader(MIXIN) couldn't find class bytes for net/coderbot/iris/uniforms/CommonUniforms (checked [net.coderbot.iris.uniforms.CommonUniforms]).
[2024-06-19 19:09:55.032] [info]  [19:09:55] [Ichor/mixin(MIXIN)/WARN] Error loading class: net/coderbot/iris/uniforms/CommonUniforms (java.lang.ClassNotFoundException: IchorClassLoader(MIXIN) couldn't find class bytes for net/coderbot/iris/uniforms/CommonUniforms (checked [net.coderbot.iris.uniforms.CommonUniforms]).)
[2024-06-19 19:09:55.033] [info]  [19:09:55] [Ichor/mixin(MIXIN)/WARN] Catching java.lang.ClassNotFoundException: IchorClassLoader(MIXIN) couldn't find class bytes for net/coderbot/iris/Iris (checked [net.coderbot.iris.Iris]).
[2024-06-19 19:09:55.033] [info]  [19:09:55] [Ichor/mixin(MIXIN)/WARN] Error loading class: net/coderbot/iris/Iris (java.lang.ClassNotFoundException: IchorClassLoader(MIXIN) couldn't find class bytes for net/coderbot/iris/Iris (checked [net.coderbot.iris.Iris]).)
[2024-06-19 19:09:55.075] [info]  [19:09:55] [Ichor/mixin(MIXIN)/WARN] Catching java.lang.ClassNotFoundException: IchorClassLoader(MIXIN) couldn't find class bytes for net/coderbot/iris/pipeline/HandRenderer (checked [net.coderbot.iris.pipeline.HandRenderer]).
[2024-06-19 19:09:55.076] [info]  [19:09:55] [Ichor/mixin(MIXIN)/WARN] Error loading class: net/coderbot/iris/pipeline/HandRenderer (java.lang.ClassNotFoundException: IchorClassLoader(MIXIN) couldn't find class bytes for net/coderbot/iris/pipeline/HandRenderer (checked [net.coderbot.iris.pipeline.HandRenderer]).)
[2024-06-19 19:09:57.612] [info]  [19:09:57] [main/WARN]: Force-disabling mixin 'alloc.blockstate.StateMixin' as rule 'mixin.alloc.blockstate' (added by mods [ferritecore]) disables it and children
[2024-06-19 19:09:58.371] [info]  [19:09:58] [Ichor/mixin(MIXIN)/WARN] Catching java.lang.ClassNotFoundException: IchorClassLoader(MIXIN) couldn't find class bytes for dev/tr7zw/skinlayers/Config (checked [dev.tr7zw.skinlayers.Config]).
[2024-06-19 19:09:58.372] [info]  [19:09:58] [Ichor/mixin(MIXIN)/WARN] Error loading class: dev/tr7zw/skinlayers/Config (java.lang.ClassNotFoundException: IchorClassLoader(MIXIN) couldn't find class bytes for dev/tr7zw/skinlayers/Config (checked [dev.tr7zw.skinlayers.Config]).)
[2024-06-19 19:09:58.418] [info]  [19:09:58] [main/WARN]: Force-disabling mixin 'features.render.entity.CuboidMixin' as rule 'mixin.features.render.entity' (added by mods [iris]) disables it and children
[2024-06-19 19:09:58.420] [info]  [19:09:58] [main/WARN]: Force-disabling mixin 'features.render.entity.ModelPartMixin' as rule 'mixin.features.render.entity' (added by mods [iris]) disables it and children
[2024-06-19 19:09:58.421] [info]  [19:09:58] [main/WARN]: Force-disabling mixin 'features.render.entity.cull.EntityRendererMixin' as rule 'mixin.features.render.entity' (added by mods [iris]) disables it and children
[2024-06-19 19:09:58.423] [info]  [19:09:58] [main/WARN]: Force-disabling mixin 'features.render.entity.shadows.EntityRenderDispatcherMixin' as rule 'mixin.features.render.entity' (added by mods [iris]) disables it and children
[2024-06-19 19:09:58.424] [info]  [19:09:58] [main/WARN]: Force-disabling mixin 'features.render.gui.font.GlyphRendererMixin' as rule 'mixin.features.render.gui.font' (added by mods [iris]) disables it and children
[2024-06-19 19:09:58.443] [info]  [19:09:58] [main/WARN]: Force-disabling mixin 'features.render.world.sky.BackgroundRendererMixin' as rule 'mixin.features.render.world.sky' (added by mods [iris]) disables it and children
[2024-06-19 19:09:58.444] [info]  [19:09:58] [main/WARN]: Force-disabling mixin 'features.render.world.sky.ClientWorldMixin' as rule 'mixin.features.render.world.sky' (added by mods [iris]) disables it and children
[2024-06-19 19:09:58.445] [info]  [19:09:58] [main/WARN]: Force-disabling mixin 'features.render.world.sky.WorldRendererMixin' as rule 'mixin.features.render.world.sky' (added by mods [iris]) disables it and children
[2024-06-19 19:09:58.604] [info]  [19:09:58] [Ichor/mixin(MIXIN)/WARN] Catching java.lang.ClassNotFoundException: IchorClassLoader(MIXIN) couldn't find class bytes for net/coderbot/batchedentityrendering/impl/FullyBufferedMultiBufferSource (checked [net.coderbot.batchedentityrendering.impl.FullyBufferedMultiBufferSource]).
[2024-06-19 19:09:58.604] [info]  [19:09:58] [Ichor/mixin(MIXIN)/WARN] Error loading class: net/coderbot/batchedentityrendering/impl/FullyBufferedMultiBufferSource (java.lang.ClassNotFoundException: IchorClassLoader(MIXIN) couldn't find class bytes for net/coderbot/batchedentityrendering/impl/FullyBufferedMultiBufferSource (checked [net.coderbot.batchedentityrendering.impl.FullyBufferedMultiBufferSource]).)
[2024-06-19 19:09:58.605] [info]  [19:09:58] [Ichor/mixin(MIXIN)/WARN] @Mixin target net.coderbot.batchedentityrendering.impl.FullyBufferedMultiBufferSource was not found mixins.ichor.sodium.v1_20_1.json:CRCIRCHCIOCCIHRCHCHOHICRI from mod (unknown)
[2024-06-19 19:09:58.605] [info]  [19:09:58] [Ichor/mixin(MIXIN)/WARN] Catching java.lang.ClassNotFoundException: IchorClassLoader(MIXIN) couldn't find class bytes for net/coderbot/batchedentityrendering/impl/FullyBufferedMultiBufferSource$UnflushableWrapper (checked [net.coderbot.batchedentityrendering.impl.FullyBufferedMultiBufferSource$UnflushableWrapper]).
[2024-06-19 19:09:58.605] [info]  [19:09:58] [Ichor/mixin(MIXIN)/WARN] Error loading class: net/coderbot/batchedentityrendering/impl/FullyBufferedMultiBufferSource$UnflushableWrapper (java.lang.ClassNotFoundException: IchorClassLoader(MIXIN) couldn't find class bytes for net/coderbot/batchedentityrendering/impl/FullyBufferedMultiBufferSource$UnflushableWrapper (checked [net.coderbot.batchedentityrendering.impl.FullyBufferedMultiBufferSource$UnflushableWrapper]).)
[2024-06-19 19:09:58.605] [info]  [19:09:58] [Ichor/mixin(MIXIN)/WARN] @Mixin target net.coderbot.batchedentityrendering.impl.FullyBufferedMultiBufferSource$UnflushableWrapper was not found mixins.ichor.sodium.v1_20_1.json:CRCIRCHCIOCCIHRCHCHOHICRI from mod (unknown)
[2024-06-19 19:09:58.606] [info]  [19:09:58] [Ichor/mixin(MIXIN)/WARN] Catching java.lang.ClassNotFoundException: IchorClassLoader(MIXIN) couldn't find class bytes for net/coderbot/iris/config/IrisConfig (checked [net.coderbot.iris.config.IrisConfig]).
[2024-06-19 19:09:58.606] [info]  [19:09:58] [Ichor/mixin(MIXIN)/WARN] Error loading class: net/coderbot/iris/config/IrisConfig (java.lang.ClassNotFoundException: IchorClassLoader(MIXIN) couldn't find class bytes for net/coderbot/iris/config/IrisConfig (checked [net.coderbot.iris.config.IrisConfig]).)
[2024-06-19 19:09:58.606] [info]  [19:09:58] [Ichor/mixin(MIXIN)/WARN] @Mixin target net.coderbot.iris.config.IrisConfig was not found mixins.ichor.sodium.v1_20_1.json:IHCRIIIICOROROOCCIHHHHCRI from mod (unknown)
[2024-06-19 19:09:58.606] [info]  [19:09:58] [Ichor/mixin(MIXIN)/WARN] Catching java.lang.ClassNotFoundException: IchorClassLoader(MIXIN) couldn't find class bytes for net/coderbot/iris/Iris (checked [net.coderbot.iris.Iris]).
[2024-06-19 19:09:58.606] [info]  [19:09:58] [Ichor/mixin(MIXIN)/WARN] Error loading class: net/coderbot/iris/Iris (java.lang.ClassNotFoundException: IchorClassLoader(MIXIN) couldn't find class bytes for net/coderbot/iris/Iris (checked [net.coderbot.iris.Iris]).)
[2024-06-19 19:09:58.607] [info]  [19:09:58] [Ichor/mixin(MIXIN)/WARN] @Mixin target net.coderbot.iris.Iris was not found mixins.ichor.sodium.v1_20_1.json:COCICHIRHCIIORIIHRCOOROHH from mod (unknown)
[2024-06-19 19:09:58.970] [info]  [19:09:58
[2024-06-19 19:09:58.972] [info]  ] [IchorPipeline/main/INFO] Mixin runtimes prepared in 12336ms
[2024-06-19 19:09:58.972] [info]  [19:09:58] [IchorPipeline/main/INFO] Initialized Mixin in 15343ms
[2024-06-19 19:09:58.975] [info]  [19:09:58] [Ichor/MixinExtras|Service(MIXIN)/INFO] Initializing MixinExtras via com.llamalad7.mixinextras.service.MixinExtrasServiceImpl(version=0.3.5).
[2024-06-19 19:10:00.207] [info]  [Bridge] Setting Bridge Implementation to com.moonsworth.lunar.IIIICORICOICIRRHCHIIHROIC.IOCOHCCRCOHRICRRHOOICHIHO
[2024-06-19 19:10:01.771] [info]  [Bridge] Found textures dir: C:\Users\Asus\.lunarclient\textures
[2024-06-19 19:10:01.795] [info]  Completely ignored arguments: [--workingDirectory, ., --webosrDir, C:\Users\Asus\.lunarclient\offline\multiver\natives, --classpathDir, ., --ichorExternalFiles, Fabric-API-v1_20_1-0.90.7.jar,FerriteCore-v1_20_1-6.0.0.jar,Lithium-v1_20_1-0.11.2.jar,Noxesium-v1_20_1-1.0.3.jar,Noxesium_API-v1_20_1-1.0.3.jar,ReplayMod-v1_20_1-2.6.14.jar,Sodium-v1_20_1-0.5.8.jar,Indium-v1_20_1-1.0.30.jar,Iris-v1_20_1-1.6.17.jar,hypixel-quickplay-data.json,hypixel-bedwars-data.json,hypixel-skyblock-dungeon-rooms.json, --ichorClassPath, common-0.1.0-SNAPSHOT-all.jar,lunar-fabric-mixins-0.1.0-SNAPSHOT-all.jar,genesis-0.1.0-SNAPSHOT-all.jar,lunar-lang.jar,lunar-emote.jar,lunar.jar,modern-0.1.0-SNAPSHOT-all.jar,lunar-ferrite-mixins-0.1.0-SNAPSHOT-all.jar,lunar-lithium-mixins-0.1.0-SNAPSHOT-all.jar,lunar-noxesium-mixins-0.1.0-SNAPSHOT-all.jar,lunar-replaymod-fabric-mixins-0.1.0-SNAPSHOT-all.jar,lunar-sodium-mixins-0.1.0-SNAPSHOT-all.jar, --uiDir, C:\Users\Asus\.lunarclient\ui]
[2024-06-19 19:10:08.487] [info]  [19:10:08] [Datafixer Bootstrap/INFO]: 188 Datafixer optimizations took 124 milliseconds
[2024-06-19 19:10:09.242] [info]  [19:10:09] [Ichor/mixin(MIXIN)/WARN] Method overwrite conflict for getConnection in fabric-networking-api-v1.mixins.json:accessor.ServerPlayNetworkHandlerAccessor from mod (unknown), previously written by carpet.mixins.ServerGamePacketListenerImpl_coreMixin. Skipping method.
[2024-06-19 19:10:11.815] [info]  [19:10:11] [Ichor/mixin(MIXIN)/WARN] @Redirect conflict. Skipping mixins.modern_lunar_combined.json:HHRIIHHROCICOCHRCICRIOHRH.IOCOHCCRCOHRICRRHOOICHIHO.IOCOHCCRCOHRICRRHOOICHIHO.IOCOHCCRCOHRICRRHOOICHIHO.RHOCIORRHROCOHOOCRHHRRHCI from mod (unknown)->@Redirect::lunar$fireTooltipEvent(Lnet/minecraft/client/gui/GuiGraphics;Lnet/minecraft/client/gui/Font;Ljava/util/List;Ljava/util/Optional;II)V with priority 200, already redirected by shulkerboxtooltip-fabric.mixins.json:client.fabric.HandledScreenMixin from mod (unknown)->@Redirect::lockTooltipPosition(Lnet/minecraft/client/gui/GuiGraphics;Lnet/minecraft/client/gui/Font;Ljava/util/List;Ljava/util/Optional;II)V with priority 1000
[2024-06-19 19:10:11.816] [info]  [
[2024-06-19 19:10:11.817] [info]  19:10:11] [IchorPipeline/Render thread/INFO] Restoring net.minecraft.client.gui.screens.inventory.AbstractContainerScreen to backup before Mixin application
[2024-06-19 19:10:11.817] [info]  [19:10:11] [Render thread/INFO]: [STDERR]: org.spongepowered.asm.mixin.transformer.throwables.MixinTransformerError: An unexpected critical error was encountered
[2024-06-19 19:10:11.818] [info]  [19:10:11] [Render thread/INFO]: [STDERR]: 	at IchorClassLoader(MIXIN)//org.spongepowered.asm.mixin.transformer.MixinProcessor.applyMixins(Unknown Source)
[2024-06-19 19:10:11.818] [info]  [19:10:11] [Render thread/INFO]: [STDERR]: 	at IchorClassLoader(MIXIN)//org.spongepowered.asm.mixin.transformer.MixinTransformer.transformClass(Unknown Source)
[2024-06-19 19:10:11.818] [info]  [19:10:11] [Render thread/INFO]: [STDERR]: 	at IchorClassLoader(MIXIN)//org.spongepowered.asm.mixin.transformer.MixinProxyImpl.transformClassNode(Unknown Source)
[2024-06-19 19:10:11.819] [info]  [19:10:11] [Render thread/INFO]: [STDERR]: 	at com.moonsworth.lunar.ichor.IHCRIIIICOROROOCCIHHHHCRI.RHOCIORRHROCOHOOCRHHRRHCI(Unknown Source)
[2024-06-19 19:10:11.819] [info]  [19:10:11] [Render thread/INFO]: [STDERR]: 	at com.moonsworth.lunar.ichor.IHCRIIIICOROROOCCIHHHHCRI.RHOCIORRHROCOHOOCRHHRRHCI(Unknown Source)
[2024-06-19 19:10:11.819] [info]  [19:10:11] [Render thread/INFO]: [STDERR]: 	at com.moonsworth.lunar.ichor.IRCIHCHCCHHOCORRHRCCORROC.RHOCIORRHROCOHOOCRHHRRHCI(Unknown Source)
[2024-06-19 19:10:11.819] [info]  [19:10:11] [Render thread/INFO]: [STDERR]: 	at com.moonsworth.lunar.genesis.CRCIRCHCIOCCIHRCHCHOHICRI.findClass(Unknown Source)
[2024-06-19 19:10:11.820] [info]  [19:10:11] [Render thread/INFO]: [STDERR]: 	at com.moonsworth.lunar.genesis.CRCIRCHCIOCCIHRCHCHOHICRI.loadClass(Unknown Source)
[2024-06-19 19:10:11.820] [info]  [19:10:11] [Render thread/INFO]: [STDERR]: 	at java.base/java.lang.ClassLoader.loadClass(Unknown Source)
[2024-06-19 19:10:11.820] [info]  [19:10:11] [Render thread/INFO]: [STDERR]: 	at java.base/java.lang.ClassLoader.defineClass1(Native Method)
[2024-06-19 19:10:11.821] [info]  [19:10:11] [Render thread/INFO]: [STDERR]: 	at java.base/java.lang.ClassLoader.defineClass(Unknown Source)
[2024-06-19 19:10:11.821] [info]  [19:10:11] [Render thread/INFO]: [STDERR]: 	at java.base/java.lang.ClassLoader.defineClass(Unknown Source)
[2024-06-19 19:10:11.821] [info]  [19:10:11] [Render thread/INFO]: [STDERR]: 	at com.moonsworth.lunar.genesis.CRCIRCHCIOCCIHRCHCHOHICRI.findClass(Unknown Source)
[2024-06-19 19:10:11.821] [info]  [19:10:11] [Render thread/INFO]: [STDERR]: 	at com.moonsworth.lunar.genesis.CRCIRCHCIOCCIHRCHCHOHICRI.loadClass(Unknown Source)
[2024-06-19 19:10:11.822] [info]  [19:10:11] [Render thread/INFO]: [STDERR]: 	at java.base/java.lang.ClassLoader.loadClass(Unknown Source)
[2024-06-19 19:10:11.822] [info]  [19:10:11] [Render thread/INFO]: [STDERR]: 	at java.base/java.lang.ClassLoader.defineClass1(Native Method)
[2024-06-19 19:10:11.822] [info]  [19:10:11] [Render thread/INFO]: [STDERR]: 	at java.base/java.lang.ClassLoader.defineClass(Unknown Source)
[2024-06-19 19:10:11.823] [info]  [19:10:11] [Render thread/INFO]: [STDERR]: 	at java.base/java.lang.ClassLoader.defineClass(Unknown Source)
[2024-06-19 19:10:11.823] [info]  [19:10:11] [Render thread/INFO]: [STDERR]: 	at com.moonsworth.lunar.genesis.CRCIRCHCIOCCIHRCHCHOHICRI.findClass(Unknown Source)
[2024-06-19 19:10:11.823] [info]  [19:10:11] [Render thread/INFO]: [STDERR]: 	at com.moonsworth.lunar.genesis.CRCIRCHCIOCCIHRCHCHOHICRI.loadClass(Unknown Source)
[2024-06-19 19:10:11.824] [info]  [19:10:11] [Render thread/INFO]: [STDERR]: 	at java.base/java.lang.ClassLoader.loadClass(Unknown Source)
[2024-06-19 19:10:11.824] [info]  [19:10:11] [Render thread/INFO]: [STDERR]: 	at Genesis//net.minecraft.client.main.Main.redirect$zbd000$impl$main$minecraft(SourceFile:656)
[2024-06-19 19:10:11.824] [info]  [19:10:11] [Render thread/INFO]: [STDERR]: 	at Genesis//net.minecraft.client.main.Main.main(SourceFile:211)
[2024-06-19 19:10:11.825] [info]  [19:10:11] [Render thread/INFO]: [STDERR]: 	at java.base/jdk.internal.reflect.DirectMethodHandleAccessor.invoke(Unknown Source)
[2024-06-19 19:10:11.825] [info]  [19:10:11] [Render thread/INFO]: [STDERR]: 	at java.base/java.lang.reflect.Method.invoke(Unknown Source)
[2024-06-19 19:10:11.825] [info]  [19:10:11] [Render thread/INFO]: [STDERR]: 	at com.moonsworth.lunar.genesis.ClientGameBootstrap.apply(Unknown Source)
[2024-06-19 19:10:11.826] [info]  [19:10:11] [Render thread/INFO]: [STDERR]: 	at java.base/jdk.internal.reflect.DirectMethodHandleAccessor.invoke(Unknown Source)
[2024-06-19 19:10:11.826] [info]  [19:10:11] [Render thread/INFO]: [STDERR]: 	at java.base/java.lang.reflect.Method.invoke(Unknown Source)
[2024-06-19 19:10:11.826] [info]  [19:10:11] [Render thread/INFO]: [STDERR]: 	at com.moonsworth.lunar.genesis.IOCOHCCRCOHRICRRHOOICHIHO.RHOCIORRHROCOHOOCRHHRRHCI(Unknown Source)
[2024-06-19 19:10:11.827] [info]  [19:10:11] [Render thread/INFO]: [STDERR]: 	at com.moonsworth.lunar.genesis.Genesis.run(Unknown Source)
[2024-06-19 19:10:11.827] [info]  [19:10:11] [Render thread/INFO]: [STDERR]: 	at com.moonsworth.lunar.genesis.Genesis.main(Unknown Source)
[2024-06-19 19:10:11.827] [info]  [19:10:11] [Render thread/INFO]: [STDERR]: Caused by: org.spongepowered.asm.mixin.injection.throwables.InjectionError: Critical injection failure: Redirector lunar$fireTooltipEvent(Lnet/minecraft/client/gui/GuiGraphics;Lnet/minecraft/client/gui/Font;Ljava/util/List;Ljava/util/Optional;II)V in mixins.modern_lunar_combined.json:HHRIIHHROCICOCHRCICRIOHRH.IOCOHCCRCOHRICRRHOOICHIHO.IOCOHCCRCOHRICRRHOOICHIHO.IOCOHCCRCOHRICRRHOOICHIHO.RHOCIORRHROCOHOOCRHHRRHCI from mod (unknown) failed injection check, (0/1) succeeded. Scanned 1 target(s). No refMap loaded.
[2024-06-19 19:10:11.828] [info]  [19:10:11] [Render thread/INFO]: [STDERR]: 	at IchorClassLoader(MIXIN)//org.spongepowered.asm.mixin.injection.struct.InjectionInfo.postInject(Unknown Source)
[2024-06-19 19:10:11.828] [info]  [19:10:11] [Render thread/INFO]: [STDERR]: 	at IchorClassLoader(MIXIN)//org.spongepowered.asm.mixin.transformer.MixinTargetContext.applyInjections(Unknown Source)
[2024-06-19 19:10:11.828] [info]  [19:10:11] [Render thread/INFO]: [STDERR]: 	at IchorClassLoader(MIXIN)//org.spongepowered.asm.mixin.transformer.MixinApplicatorStandard.applyInjections(Unknown Source)
[2024-06-19 19:10:11.828] [info]  [19:10:11] [Render thread/INFO]: [STDERR]: 	at IchorClassLoader(MIXIN)//org.spongepowered.asm.mixin.transformer.MixinApplicatorStandard.applyMixin(Unknown Source)
[2024-06-19 19:10:11.829] [info]  [19:10:11] [Render thread/INFO]: [STDERR]: 	at IchorClassLoader(MIXIN)//org.spongepowered.asm.mixin.transformer.MixinApplicatorStandard.apply(Unknown Source)
[2024-06-19 19:10:11.829] [info]  [19:10:11] [Render thread/INFO]: [STDERR]: 	at IchorClassLoader(MIXIN)//org.spongepowered.asm.mixin.transformer.TargetClassContext.apply(Unknown Source)
[2024-06-19 19:10:11.829] [info]  [19:10:11] [Render thread/INFO]: [STDERR]: 	at IchorClassLoader(MIXIN)//org.spongepowered.asm.mixin.transformer.TargetClassContext.applyMixins(Unknown Source)
[2024-06-19 19:10:11.829] [info]  [19:10:11] [Render thread/INFO]: [STDERR]: 	at IchorClassLoader(MIXIN)//org.spongepowered.asm.mixin.transformer.MixinProcessor.applyMixins(Unknown Source)
[2024-06-19 19:10:11.830] [info]  [19:10:11] [Render thread/INFO]: [STDERR]: 	... 30 more
[2024-06-19 19:10:12.865] [info]  [19:10:12] [Ichor/mixin(MIXIN)/WARN] @Redirect conflict. Skipping mixins.modern_lunar_combined.json:HHRIIHHROCICOCHRCICRIOHRH.IOCOHCCRCOHRICRRHOOICHIHO.IOCOHCCRCOHRICRRHOOICHIHO.IOCOHCCRCOHRICRRHOOICHIHO.RHOCIORRHROCOHOOCRHHRRHCI from mod (unknown)->@Redirect::lunar$fireTooltipEvent(Lnet/minecraft/client/gui/GuiGraphics;Lnet/minecraft/client/gui/Font;Ljava/util/List;Ljava/util/Optional;II)V with priority 200, already redirected by shulkerboxtooltip-fabric.mixins.json:client.fabric.HandledScreenMixin from mod (unknown)->@Redirect::lockTooltipPosition(Lnet/minecraft/client/gui/GuiGraphics;Lnet/minecraft/client/gui/Font;Ljava/util/List;Ljava/util/Optional;II)V with priority 1000
[2024-06-19 19:10:12.866] [info]  [19:10:12] [IchorPipeline/Render thread/INFO] Restoring net.minecraft.client.gui.screens.inventory.AbstractContainerScreen to backup before Mixin application
[2024-06-19 19:10:12.866] [info]  [19:10:12] [Render thread/INFO]: [STDERR]: org.spongepowered.asm.mixin.transformer.throwables.MixinTransformerError: An unexpected critical error was encountered
[2024-06-19 19:10:12.867] [info]  [19:10:12] [Render thread/INFO]: [STDERR]: 	at IchorClassLoader(MIXIN)//org.spongepowered.asm.mixin.transformer.MixinProcessor.applyMixins(Unknown Source)
[2024-06-19 19:10:12.867] [info]  [19:10:12] [Render thread/INFO]: [STDERR]: 	at IchorClassLoader(MIXIN)//org.spongepowered.asm.mixin.transformer.MixinTransformer.transformClass(Unknown Source)
[2024-06-19 19:10:12.867] [info]  [19:10:12] [Render thread/INFO]: [STDERR]: 	at IchorClassLoader(MIXIN)//org.spongepowered.asm.mixin.transformer.MixinProxyImpl.transformClassNode(Unknown Source)
[2024-06-19 19:10:12.867] [info]  [19:10:12] [Render thread/INFO]: [STDERR]: 	at com.moonsworth.lunar.ichor.IHCRIIIICOROROOCCIHHHHCRI.RHOCIORRHROCOHOOCRHHRRHCI(Unknown Source)
[2024-06-19 19:10:12.868] [info]  [19:10:12] [Render thread/INFO]: [STDERR]: 	at com.moonsworth.lunar.ichor.IHCRIIIICOROROOCCIHHHHCRI.RHOCIORRHROCOHOOCRHHRRHCI(Unknown Source)
[2024-06-19 19:10:12.868] [info]  [19:10:12] [Render thread/INFO]: [STDERR]: 	at com.moonsworth.lunar.ichor.IRCIHCHCCHHOCORRHRCCORROC.RHOCIORRHROCOHOOCRHHRRHCI(Unknown Source)
[2024-06-19 19:10:12.868] [info]  [19:10:12] [Render thread/INFO]: [STDERR]: 	at com.moonsworth.lunar.genesis.CRCIRCHCIOCCIHRCHCHOHICRI.findClass(Unknown Source)
[2024-06-19 19:10:12.868] [info]  [19:10:12] [Render thread/INFO]: [STDERR]: 	at com.moonsworth.lunar.genesis.CRCIRCHCIOCCIHRCHCHOHICRI.loadClass(Unknown Source)
[2024-06-19 19:10:12.868] [info]  [19:10:12] [Render thread/INFO]: [STDERR]: 	at java.base/java.lang.ClassLoader.loadClass(Unknown Source)
[2024-06-19 19:10:12.868] [info]  [19:10:12] [Render thread/INFO]: [STDERR]: 	at java.base/java.lang.ClassLoader.defineClass1(Native Method)
[2024-06-19 19:10:12.869] [info]  [19:10:12] [Render thread/INFO]: [STDERR]: 	at java.base/java.lang.ClassLoader.defineClass(Unknown Source)
[2024-06-19 19:10:12.869] [info]  [19:10:12] [Render thread/INFO]: [STDERR]: 	at java.base/java.lang.ClassLoader.defineClass(Unknown Source)
[2024-06-19 19:10:12.869] [info]  [19:10:12] [Render thread/INFO]: [STDERR]: 	at com.moonsworth.lunar.genesis.CRCIRCHCIOCCIHRCHCHOHICRI.findClass(Unknown Source)
[2024-06-19 19:10:12.870] [info]  [19:10:12] [Render thread/INFO]: [STDERR]: 	at com.moonsworth.lunar.genesis.CRCIRCHCIOCCIHRCHCHOHICRI.loadClass(Unknown Source)
[2024-06-19 19:10:12.870] [info]  [19:10:12] [Render thread/INFO]: [STDERR]: 	at java.base/java.lang.ClassLoader.loadClass(Unknown Source)
[2024-06-19 19:10:12.870] [info]  [19:10:12] [Render thread/INFO]: [STDERR]: 	at java.base/java.lang.ClassLoader.defineClass1(Native Method)
[2024-06-19 19:10:12.871] [info]  [19:10:12] [Render thread/INFO]: [STDERR]: 	at java.base/java.lang.ClassLoader.defineClass(Unknown Source)
[2024-06-19 19:10:12.871] [info]  [19:10:12] [Render thread/INFO]: [STDERR]: 	at java.base/java.lang.ClassLoader.defineClass(Unknown Source)
[2024-06-19 19:10:12.871] [info]  [19:10:12] [Render thread/INFO]: [STDERR]: 	at com.moonsworth.lunar.genesis.CRCIRCHCIOCCIHRCHCHOHICRI.findClass(Unknown Source)
[2024-06-19 19:10:12.872] [info]  [19:10:12] [Render thread/INFO]: [STDERR]: 	at com.moonsworth.lunar.genesis.CRCIRCHCIOCCIHRCHCHOHICRI.loadClass(Unknown Source)
[2024-06-19 19:10:12.872] [info]  [19:10:12] [Render thread/INFO]: [STDERR]: 	at java.base/java.lang.ClassLoader.loadClass(Unknown Source)
[2024-06-19 19:10:12.872] [info]  [19:10:12] [Render thread/INFO]: [STDERR]: 	at Genesis//net.minecraft.client.main.Main.main(SourceFile:220)
[2024-06-19 19:10:12.873] [info]  [19:10:12] [Render thread/INFO]: [STDERR]: 	at java.base/jdk.internal.reflect.DirectMethodHandleAccessor.invoke(Unknown Source)
[2024-06-19 19:10:12.873] [info]  [19:10:12] [Render thread/INFO]: [STDERR]: 	at java.base/java.lang.reflect.Method.invoke(Unknown Source)
[2024-06-19 19:10:12.873] [info]  [19:10:12] [Render thread/INFO]: [STDERR]: 	at com.moonsworth.lunar.genesis.ClientGameBootstrap.apply(Unknown Source)
[2024-06-19 19:10:12.874] [info]  [19:10:12] [Render thread/INFO]: [STDERR]: 	at java.base/jdk.internal.reflect.DirectMethodHandleAccessor.invoke(Unknown Source)
[2024-06-19 19:10:12.874] [info]  [19:10:12] [Render thread/INFO]: [STDERR]: 	at java.base/java.lang.reflect.Method.invoke(Unknown Source)
[2024-06-19 19:10:12.874] [info]  [19:10:12] [Render thread/INFO]: [STDERR]: 	at com.moonsworth.lunar.genesis.IOCOHCCRCOHRICRRHOOICHIHO.RHOCIORRHROCOHOOCRHHRRHCI(Unknown Source)
[2024-06-19 19:10:12.874] [info]  [19:10:12] [Render thread/INFO]: [STDERR]: 	at com.moonsworth.lunar.genesis.Genesis.run(Unknown Source)
[2024-06-19 19:10:12.874] [info]  [19:10:12] [Render thread/INFO]: [STDERR]: 	at com.moonsworth.lunar.genesis.Genesis.main(Unknown Source)
[2024-06-19 19:10:12.875] [info]  [19:10:12] [Render thread/INFO]: [STDERR]: Caused by: org.spongepowered.asm.mixin.injection.throwables.InjectionError: Critical injection failure: Redirector lunar$fireTooltipEvent(Lnet/minecraft/client/gui/GuiGraphics;Lnet/minecraft/client/gui/Font;Ljava/util/List;Ljava/util/Optional;II)V in mixins.modern_lunar_combined.json:HHRIIHHROCICOCHRCICRIOHRH.IOCOHCCRCOHRICRRHOOICHIHO.IOCOHCCRCOHRICRRHOOICHIHO.IOCOHCCRCOHRICRRHOOICHIHO.RHOCIORRHROCOHOOCRHHRRHCI from mod (unknown) failed injection check, (0/1) succeeded. Scanned 1 target(s). No refMap loaded.
[2024-06-19 19:10:12.875] [info]  [19:10:12] [Render thread/INFO]: [STDERR]: 	at IchorClassLoader(MIXIN)//org.spongepowered.asm.mixin.injection.struct.InjectionInfo.postInject(Unknown Source)
[2024-06-19 19:10:12.875] [info]  [19:10:12] [Render thread/INFO]: [STDERR]: 	at IchorClassLoader(MIXIN)//org.spongepowered.asm.mixin.transformer.MixinTargetContext.applyInjections(Unknown Source)
[2024-06-19 19:10:12.875] [info]  [19:10:12] [Render thread/INFO]: [STDERR]: 	at IchorClassLoader(MIXIN)//org.spongepowered.asm.mixin.transformer.MixinApplicatorStandard.applyInjections(Unknown Source)
[2024-06-19 19:10:12.875] [info]  [19:10:12] [Render thread/INFO]: [STDERR]: 	at IchorClassLoader(MIXIN)//org.spongepowered.asm.mixin.transformer.MixinApplicatorStandard.applyMixin(Unknown Source)
[2024-06-19 19:10:12.876] [info]  [19:10:12] [Render thread/INFO]: [STDERR]: 	at IchorClassLoader(MIXIN)//org.spongepowered.asm.mixin.transformer.MixinApplicatorStandard.apply(Unknown Source)
[2024-06-19 19:10:12.876] [info]  [19:10:12] [Render thread/INFO]: [STDERR]: 	at IchorClassLoader(MIXIN)//org.spongepowered.asm.mixin.transformer.TargetClassContext.apply(Unknown Source)
[2024-06-19 19:10:12.876] [info]  [19:10:12] [Render thread/INFO]: [STDERR]: 	at IchorClassLoader(MIXIN)//org.spongepowered.asm.mixin.transformer.TargetClassContext.applyMixins(Unknown Source)
[2024-06-19 19:10:12.876] [info]  [19:10:12] [Render thread/INFO]: [STDERR]: 	at IchorClassLoader(MIXIN)//org.spongepowered.asm.mixin.transformer.MixinProcessor.applyMixins(Unknown Source)
[2024-06-19 19:10:12.877] [info]  [19:10:12] [Render thread/INFO]: [STDERR]: 	... 29 more
[2024-06-19 19:10:12.877] [info]  [19:10:12] [Render thread/INFO]: [STDERR]: An error occurred while launching Lunar Client.
[2024-06-19 19:10:12.877] [info]  [19:10:12] [Render thread/INFO]: [STDERR]: java.lang.IllegalStateException: Failed to boot Minecraft
[2024-06-19 19:10:12.878] [info]  [19:10:12] [Render thread/INFO]: [STDERR]: 	at com.moonsworth.lunar.genesis.ClientGameBootstrap.apply(Unknown Source)
[2024-06-19 19:10:12.878] [info]  [19:10:12] [Render thread/INFO]: [STDERR]: 	at java.base/jdk.internal.reflect.DirectMethodHandleAccessor.invoke(Unknown Source)
[2024-06-19 19:10:12.878] [info]  [19:10:12] [Render thread/INFO]: [STDERR]: 	at java.base/java.lang.reflect.Method.invoke(Unknown Source)
[2024-06-19 19:10:12.878] [info]  [19:10:12] [Render thread/INFO]: [STDERR]: 	at com.moonsworth.lunar.genesis.IOCOHCCRCOHRICRRHOOICHIHO.RHOCIORRHROCOHOOCRHHRRHCI(Unknown Source)
[2024-06-19 19:10:12.879] [info]  [19:10:12] [Render thread/INFO]: [STDERR]: 	at com.moonsworth.lunar.genesis.Genesis.run(Unknown Source)
[2024-06-19 19:10:12.879] [info]  [19:10:12] [Render thread/INFO]: [STDERR]: 	at com.moonsworth.lunar.genesis.Genesis.main(Unknown Source)
[2024-06-19 19:10:12.879] [info]  [19:10:12] [Render thread/INFO]: [STDERR]: Caused by: java.lang.reflect.InvocationTargetException
[2024-06-19 19:10:12.879] [info]  [19:10:12] [Render thread/INFO]: [STDERR]: 	at java.base/jdk.internal.reflect.DirectMethodHandleAccessor.invoke(Unknown Source)
[2024-06-19 19:10:12.880] [info]  [19:10:12] [Render thread/INFO]: [STDERR]: 	at java.base/java.lang.reflect.Method.invoke(Unknown Source)
[2024-06-19 19:10:12.880] [info]  [19:10:12] [Render thread/INFO]: [STDERR]: 	at com.moonsworth.lunar.genesis.ClientGameBootstrap.apply(Unknown Source)
[2024-06-19 19:10:12.880] [info]  [19:10:12] [Render thread/INFO]: [STDERR]: 	... 5 more
[2024-06-19 19:10:12.880] [info]  [19:10:12] [Render thread/INFO]: [STDERR]: Caused by: com.moonsworth.lunar.ichor.util.FatalIchorError: [Genesis] Failed to apply MIXIN to net.minecraft.client.gui.screens.inventory.AbstractContainerScreen
[2024-06-19 19:10:12.880] [info]  [19:10:12] [Render thread/INFO]: [STDERR]: 	at com.moonsworth.lunar.ichor.IHCRIIIICOROROOCCIHHHHCRI.RHOCIORRHROCOHOOCRHHRRHCI(Unknown Source)
[2024-06-19 19:10:12.881] [info]  [19:10:12] [Render thread/INFO]: [STDERR]: 	at com.moonsworth.lunar.ichor.IHCRIIIICOROROOCCIHHHHCRI.RHOCIORRHROCOHOOCRHHRRHCI(Unknown Source)
[2024-06-19 19:10:12.881] [info]  [19:10:12] [Render thread/INFO]: [STDERR]: 	at com.moonsworth.lunar.ichor.IRCIHCHCCHHOCORRHRCCORROC.RHOCIORRHROCOHOOCRHHRRHCI(Unknown Source)
[2024-06-19 19:10:12.881] [info]  [19:10:12] [Render thread/INFO]: [STDERR]: 	at com.moonsworth.lunar.genesis.CRCIRCHCIOCCIHRCHCHOHICRI.findClass(Unknown Source)
[2024-06-19 19:10:12.881] [info]  [19:10:12] [Render thread/INFO]: [STDERR]: 	at com.moonsworth.lunar.genesis.CRCIRCHCIOCCIHRCHCHOHICRI.loadClass(Unknown Source)
[2024-06-19 19:10:12.882] [info]  [19:10:12] [Render thread/INFO]: [STDERR]: 	at java.base/java.lang.ClassLoader.loadClass(Unknown Source)
[2024-06-19 19:10:12.882] [info]  [19:10:12] [Render thread/INFO]: [STDERR]: 	at java.base/java.lang.ClassLoader.defineClass1(Native Method)
[2024-06-19 19:10:12.882] [info]  [19:10:12] [Render thread/INFO]: [STDERR]: 	at java.base/java.lang.ClassLoader.defineClass(Unknown Source)
[2024-06-19 19:10:12.882] [info]  [19:10:12] [Render thread/INFO]: [STDERR]: 	at java.base/java.lang.ClassLoader.defineClass(Unknown Source)
[2024-06-19 19:10:12.883] [info]  [19:10:12] [Render thread/INFO]: [STDERR]: 	at com.moonsworth.lunar.genesis.CRCIRCHCIOCCIHRCHCHOHICRI.findClass(Unknown Source)
[2024-06-19 19:10:12.883] [info]  [19:10:12] [Render thread/INFO]: [STDERR]: 	at com.moonsworth.lunar.genesis.CRCIRCHCIOCCIHRCHCHOHICRI.loadClass(Unknown Source)
[2024-06-19 19:10:12.883] [info]  [19:10:12] [Render thread/INFO]: [STDERR]: 	at java.base/java.lang.ClassLoader.loadClass(Unknown Source)
[2024-06-19 19:10:12.883] [info]  [19:10:12] [Render thread/INFO]: [STDERR]: 	at java.base/java.lang.ClassLoader.defineClass1(Native Method)
[2024-06-19 19:10:12.884] [info]  [19:10:12] [Render thread/INFO]: [STDERR]: 	at java.base/java.lang.ClassLoader.defineClass(Unknown Source)
[2024-06-19 19:10:12.884] [info]  [19:10:12] [Render thread/INFO]: [STDERR]: 	at java.base/java.lang.ClassLoader.defineClass(Unknown Source)
[2024-06-19 19:10:12.885] [info]  [19:10:12] [Render thread/INFO]: [STDERR]: 	at com.moonsworth.lunar.genesis.CRCIRCHCIOCCIHRCHCHOHICRI.findClass(Unknown Source)
[2024-06-19 19:10:12.885] [info]  [19:10:12] [Render thread/INFO]: [STDERR]: 	at com.moonsworth.lunar.genesis.CRCIRCHCIOCCIHRCHCHOHICRI.loadClass(Unknown Source)
[2024-06-19 19:10:12.885] [info]  [19:10:12] [Render thread/INFO]: [STDERR]: 	at java.base/java.lang.ClassLoader.loadClass(Unknown Source)
[2024-06-19 19:10:12.885] [info]  [19:10:12] [Render thread/INFO]: [STDERR]: 	at Genesis//net.minecraft.client.main.Main.main(SourceFile:220)
[2024-06-19 19:10:12.886] [info]  [19:10:12] [Render thread/INFO]: [STDERR]: 	... 8 more
[2024-06-19 19:10:12.886] [info]  [19:10:12] [Render thread/INFO]: [STDERR]: Caused by: com.moonsworth.lunar.ichor.COCICHIRHCIIORIIHRCOOROHH.RHOCIORRHROCOHOOCRHHRRHCI: Failed to apply Mixins to net.minecraft.client.gui.screens.inventory.AbstractContainerScreen.
[2024-06-19 19:10:12.886] [info]  [19:10:12] [Render thread/INFO]: [STDERR]: 	at IchorClassLoader(MIXIN)//org.spongepowered.asm.mixin.transformer.MixinProxyImpl.transformClassNode(Unknown Source)
[2024-06-19 19:10:12.886] [info]  [19:10:12] [Render thread/INFO]: [STDERR]: 	at com.moonsworth.lunar.ichor.IHCRIIIICOROROOCCIHHHHCRI.RHOCIORRHROCOHOOCRHHRRHCI(Unknown Source)
[2024-06-19 19:10:12.887] [info]  [19:10:12] [Render thread/INFO]: [STDERR]: 	... 26 more
[2024-06-19 19:10:12.887] [info]  [19:10:12] [Render thread/INFO]: [STDERR]: Caused by: org.spongepowered.asm.mixin.transformer.throwables.MixinTransformerError: An unexpected critical error was encountered
[2024-06-19 19:10:12.887] [info]  [19:10:12] [Render thread/INFO]: [STDERR]: 	at IchorClassLoader(MIXIN)//org.spongepowered.asm.mixin.transformer.MixinProcessor.applyMixins(Unknown Source)
[2024-06-19 19:10:12.887] [info]  [19:10:12] [Render thread/INFO]: [STDERR]: 	at IchorClassLoader(MIXIN)//org.spongepowered.asm.mixin.transformer.MixinTransformer.transformClass(Unknown Source)
[2024-06-19 19:10:12.888] [info]  [19:10:12] [Render thread/INFO]: [STDERR]: 	at IchorClassLoader(MIXIN)//org.spongepowered.asm.mixin.transformer.MixinProxyImpl.transformClassNode(Unknown Source)
[2024-06-19 19:10:12.888] [info]  [19:10:12] [Render thread/INFO]: [STDERR]: 	... 27 more
[2024-06-19 19:10:12.888] [info]  [19:10:12] [Render thread/INFO]: [STDERR]: Caused by: org.spongepowered.asm.mixin.injection.throwables.InjectionError: Critical injection failure: Redirector lunar$fireTooltipEvent(Lnet/minecraft/client/gui/GuiGraphics;Lnet/minecraft/client/gui/Font;Ljava/util/List;Ljava/util/Optional;II)V in mixins.modern_lunar_combined.json:HHRIIHHROCICOCHRCICRIOHRH.IOCOHCCRCOHRICRRHOOICHIHO.IOCOHCCRCOHRICRRHOOICHIHO.IOCOHCCRCOHRICRRHOOICHIHO.RHOCIORRHROCOHOOCRHHRRHCI from mod (unknown) failed injection check, (0/1) succeeded. Scanned 1 target(s). No refMap loaded.
[2024-06-19 19:10:12.889] [info]  [19:10:12] [Render thread/INFO]: [STDERR]: 	at IchorClassLoader(MIXIN)//org.spongepowered.asm.mixin.injection.struct.InjectionInfo.postInject(Unknown Source)
[2024-06-19 19:10:12.889] [info]  [19:10:12] [Render thread/INFO]: [STDERR]: 	at IchorClassLoader(MIXIN)//org.spongepowered.asm.mixin.transformer.MixinTargetContext.applyInjections(Unknown Source)
[2024-06-19 19:10:12.889] [info]  [19:10:12] [Render thread/INFO]: [STDERR]: 	at IchorClassLoader(MIXIN)//org.spongepowered.asm.mixin.transformer.MixinApplicatorStandard.applyInjections(Unknown Source)
[2024-06-19 19:10:12.889] [info]  [19:10:12] [Render thread/INFO]: [STDERR]: 	at IchorClassLoader(MIXIN)//org.spongepowered.asm.mixin.transformer.MixinApplicatorStandard.applyMixin(Unknown Source)
[2024-06-19 19:10:12.889] [info]  [19:10:12] [Render thread/INFO]: [STDERR]: 	at IchorClassLoader(MIXIN)//org.spongepowered.asm.mixin.transformer.MixinApplicatorStandard.apply(Unknown Source)
[2024-06-19 19:10:12.890] [info]  [19:10:12] [Render thread/INFO]: [STDERR]: 	at IchorClassLoader(MIXIN)//org.spongepowered.asm.mixin.transformer.TargetClassContext.apply(Unknown Source)
[2024-06-19 19:10:12.890] [info]  [19:10:12] [Render thread/INFO]: [STDERR]: 	at IchorClassLoader(MIXIN)//org.spongepowered.asm.mixin.transformer.TargetClassContext.applyMixins(Unknown Source)
[2024-06-19 19:10:12.890] [info]  [19:10:12] [Render thread/INFO]: [STDERR]: 	at IchorClassLoader(MIXIN)//org.spongepowered.asm.mixin.transformer.MixinProcessor.applyMixins(Unknown Source)
[2024-06-19 19:10:12.890] [info]  [19:10:12] [Render thread/INFO]: [STDERR]: 	... 29 more
[2024-06-19 19:10:12.891] [info]  [19:10:12] [Render thread/INFO]: [STDERR]: Sending Sentry with this report...
[2024-06-19 19:10:12.891] [error] 
[2024-06-19 19:10:12.891] [error] Exception: java.lang.NoClassDefFoundError thrown from the UncaughtExceptionHandler in thread "Client Shutdown Thread"
[2024-06-19 19:10:12.892] [info]  [19:10:12] [Render thread/INFO]: [STDERR]: Sending event to Sentry: 69d3bee9abb74c549b02490fa09de23c (java.lang.IllegalStateException: Failed to boot Minecraft)
[2024-06-19 19:10:12.892] [info]  [19:09:41] [WARN] [FabricLoader/Resolution]: Warnings were found!
[2024-06-19 19:10:12.892] [info]   - Mod 'Sodium Extra' (sodium-extra) 0.5.4+mc1.20.1-build.115 recommends version 1.4.2 or later of reeses-sodium-options, which is missing!
[2024-06-19 19:10:12.892] [info]  	 - You should install version 1.4.2 or later of reeses-sodium-options for the optimal experience.
