[2024-06-22 16:08:15.273] [error] NOTE: Picked up JDK_JAVA_OPTIONS: -XX:+DisableAttachMechanism
[2024-06-22 16:08:15.277] [error] Picked up JAVA_TOOL_OPTIONS: -XX:+DisableAttachMechanism
[2024-06-22 16:08:15.277] [error] Picked up _JAVA_OPTIONS: -XX:+DisableAttachMechanism
[2024-06-22 16:08:15.486] [info]  [16:08:15] [Genesis
[2024-06-22 16:08:15.487] [info]  /main/INFO] Found external file: Fabric-API-v1_20_1-0.90.7.jar
[2024-06-22 16:08:15.490] [info]  [16:08:15] [Genesis/main/INFO] Found external file: FerriteCore-v1_20_1-6.0.0.jar
[2024-06-22 16:08:15.491] [info]  
[2024-06-22 16:08:15.491] [info]  [16:08:15] [Genesis/main/INFO] Found external file: Lithium-v1_20_1-0.11.2.jar
[2024-06-22 16:08:15.491] [info]  [16:08:15] [Genesis/main/INFO] Found external file: Noxesium-v1_20_1-1.0.3.jar
[2024-06-22 16:08:15.492] [info]  [16:08:15] [Genesis/main/INFO] Found external file: Noxesium_API-v1_20_1-1.0.3.jar
[2024-06-22 16:08:15.492] [info]  [16:08:15] [Genesis/main/INFO] Found external file: ReplayMod-v1_20_1-2.6.14.jar
[2024-06-22 16:08:15.492] [info]  [16:08:15] [Genesis/main/INFO] Found external file: Sodium-v1_20_1-0.5.8.jar
[2024-06-22 16:08:15.492] [info]  [16:08:15] [Genesis/main/INFO] Found external file: Indium-v1_20_1-1.0.30.jar
[2024-06-22 16:08:15.493] [info]  [16:08:15] [Genesis/main/INFO] Found external file: Iris-v1_20_1-1.6.17.jar
[2024-06-22 16:08:15.493] [info]  [16:08:15] [Genesis/main/INFO] Found external file: hypixel-quickplay-data.json
[2024-06-22 16:08:15.493] [info]  [16:08:15] [Genesis/main/INFO] Found external file: hypixel-bedwars-data.json
[2024-06-22 16:08:15.494] [info]  [16:08:15] [Genesis/main/INFO] Found external file: hypixel-skyblock-dungeon-rooms.json
[2024-06-22 16:08:15.494] [info]  
[2024-06-22 16:08:15.542] [info]  [16:08:15] [Genesis/main/INFO] Found classpath URL: common-0.1.0-SNAPSHOT-all.jar with SHA-1 hash d55f1b0ac13c8a0e4adc1d3072d23059c44d26b8
[2024-06-22 16:08:15.544] [info]  [16:08:15] [Genesis/main/
[2024-06-22 16:08:15.544] [info]  INFO] Found classpath URL: lunar-fabric-mixins-0.1.0-SNAPSHOT-all.jar with SHA-1 hash 500ac97175fa953c59c311a3387b0d6c72cf5dba
[2024-06-22 16:08:15.555] [info]  [16:08:15] [Genesis/main/INFO] Found classpath URL: genesis-0.1.0-SNAPSHOT-all.jar with SHA-1 hash 444937f4ede76553b24bff14153b5d9e35687eb2
[2024-06-22 16:08:15.556] [info]  [16:08:15] [Genesis
[2024-06-22 16:08:15.557] [info]  /main/INFO] Found classpath URL: lunar-lang.jar with SHA-1 hash 32a7e666acdc5ff9de8ce454b9390b6bd2bc9177
[2024-06-22 16:08:15.557] [info]  [16:08:15] [Genesis/main/INFO] Found classpath URL: lunar-emote.jar with SHA-1 hash b04f3ee8f5e43fa3b162981b50bb72fe1acabb33
[2024-06-22 16:08:15.591] [info]  [16:08:15] [Genesis/main/INFO] Found classpath URL: lunar.jar with SHA-1 hash 7ae8b4c716d4afeeca6354f3a4b2bb4f5302869a
[2024-06-22 16:08:15.603] [info]  [16:08:15] [Genesis/main/INFO] Found classpath URL: modern-0.1.0-SNAPSHOT-all.jar with SHA-1 hash 1b16b6bc92071b52ebc358659a8f371324df0a45
[2024-06-22 16:08:15.604] [info]  [16:08:15] [Genesis
[2024-06-22 16:08:15.605] [info]  /main/INFO] Found classpath URL: lunar-ferrite-mixins-0.1.0-SNAPSHOT-all.jar with SHA-1 hash 557af8afbc5a3a2dd1082d6c1d89d0924d9148a7
[2024-06-22 16:08:15.605] [info]  [16:08:15] [Genesis/
[2024-06-22 16:08:15.605] [info]  main/INFO] Found classpath URL: lunar-lithium-mixins-0.1.0-SNAPSHOT-all.jar with SHA-1 hash 6bddb75b7b546461fe3906061ed6b69c96459fc2
[2024-06-22 16:08:15.606] [info]  [16:08:15] [
[2024-06-22 16:08:15.606] [info]  Genesis/main/INFO] Found classpath URL: lunar-noxesium-mixins-0.1.0-SNAPSHOT-all.jar with SHA-1 hash 9ef6225eb7368f6fa9728dd8d086f284b70e6e95
[2024-06-22 16:08:15.607] [info]  [16:08:15] [Genesis/
[2024-06-22 16:08:15.608] [info]  main/INFO] Found classpath URL: lunar-replaymod-fabric-mixins-0.1.0-SNAPSHOT-all.jar with SHA-1 hash d597c36d0c2ff4f04ca99579bbfe849ed80f8dbd
[2024-06-22 16:08:15.610] [info]  [16:08:15] [
[2024-06-22 16:08:15.611] [info]  Genesis/main/INFO] Found classpath URL: lunar-sodium-mixins-0.1.0-SNAPSHOT-all.jar with SHA-1 hash e5611315574ee949cf2389d5c899eca8eef9c8a3
[2024-06-22 16:08:16.292] [info]  [16:08:16] [Genesis/main/INFO] 
[2024-06-22 16:08:16.293] [info]  Adding pre-launch library to game classpath: .\.ichor\ichormodule-libs\net_fabricmc_fabric_loader_0_15_11-lunar-0.1.0.jar
[2024-06-22 16:08:16.370] [info]  [16:08:16] [Genesis/GameBootstrap/main/INFO] Launching Minecraft 1.20.1 v1_20_1 (parsed from 1.20.1)
[2024-06-22 16:08:17.188] [info]  [16:08:17] [Ichor+Fabric/main/INFO] Using custom local mod path: C:\Users\Asus\.lunarclient\profiles\35533a66-fbe4-4c9e-b96c-b47d7554e254\versions\0.0.4\mods
[2024-06-22 16:08:18.293] [info]  LUNARCLIENT_STATUS_PREINIT
[2024-06-22 16:08:18.294] [info]  [16:08:18] [
[2024-06-22 16:08:18.294] [info]  Genesis/GameBootstrap/main/INFO] Starting game!
[2024-06-22 16:08:18.726] [info]  [16:08:18] [IchorPipeline/main/INFO] Built mapping set for com.moonsworth.lunar.ichor.CRCIRCHCIOCCIHRCHCHOHICRI.RHOCIORRHROCOHOOCRHHRRHCI.IHCRIIIICOROROOCCIHHHHCRI.RHCRCHHICCCIIHIIIHIIRROOO 316ms on thread main
[2024-06-22 16:08:19.031] [info]  [16:08:19] [IchorPipeline/main/INFO] Loading Mixin runtime for META_MIXIN
[2024-06-22 16:08:19.249] [info]  [16:08:19] [Ichor/mixin(META_MIXIN)/INFO] SpongePowered MIXIN Subsystem Version=0.8.5 Source=Unknown Service=Ichor Env=CLIENT
[2024-06-22 16:08:19.806] [info]  [16:08:19] [IchorPipeline/main/INFO] Built mapping set for com.moonsworth.RHOCIORRHROCOHOOCRHHRRHCI.RHOCIORRHROCOHOOCRHHRRHCI.HHRIIHHROCICOCHRCICRIOHRH.RHOCIORRHROCOHOOCRHHRRHCI 286ms on thread main
[2024-06-22 16:08:20.195] [info]  [16:08:20] [IchorPipeline/main/INFO] Loading Mixin runtime for MIXIN
[2024-06-22 16:08:20.621] [info]  [16:08:20] [Ichor/mixin(MIXIN)/INFO] SpongePowered MIXIN Subsystem Version=0.8.5 Source=Unknown Service=Ichor Env=CLIENT
[2024-06-22 16:08:21.108] [info]  [16:08:21] [IchorPipeline/main/INFO] Done loading Mixin runtimes in 2078ms
[2024-06-22 16:08:21.109] [info]  [16:08:21] [IchorPipeline/main/INFO] Setting up mixins for META_MIXIN
[2024-06-22 16:08:21.218] [info]  [16:08:21] [IchorPipeline/main/INFO] Setting up mixins for MIXIN
[2024-06-22 16:08:21.219] [info]  [16:08:21] [Ichor/main/INFO] Mixin config mixins.modern.json doesn't exist in IchorClassLoader(MIXIN)
[2024-06-22 16:08:21.219] [info]  
[2024-06-22 16:08:21.220] [info]  [16:08:21] [Ichor/main/INFO] Mixin config mixins.modern_lunar.json doesn't exist in IchorClassLoader(MIXIN)
[2024-06-22 16:08:21.500] [info]  [16:08:21] [IchorPipeline/main/INFO] Done registering Mixins in 391ms
[2024-06-22 16:08:21.500] [info]  [16:08:21] [IchorPipeline/main/INFO] Going to default mixins stage for META_MIXIN
[2024-06-22 16:08:22.329] [info]  [16:08:22] [IchorPipeline/main/INFO] Going to default mixins stage for MIXIN
[2024-06-22 16:08:22.343] [info]  [16:08:22] [Ichor/MixinExtras|Service(META_MIXIN)/INFO] Initializing MixinExtras via com.llamalad7.mixinextras.service.MixinExtrasServiceImpl(version=0.3.5).
[2024-06-22 16:08:23.729] [info]  [16:08:23] [main/INFO]: Loaded configuration file for Lithium: 115 options available, 1 override(s) found
[2024-06-22 16:08:23.752] [info]  [16:08:23] [main/INFO]: Loaded configuration file for Sodium: 41 options available, 3 override(s) found
[2024-06-22 16:08:23.804] [info]  [16:08:23] [main/INFO]: Loaded configuration file for Sodium Extra: 32 options available, 0 override(s) found
[2024-06-22 16:08:29.097] [info]  [16:08:29] [Ichor/mixin(MIXIN)/WARN] Catching java.lang.ClassNotFoundException: IchorClassLoader(MIXIN) couldn't find class bytes for net/optifine/render/ChunkVisibility (checked [net.optifine.render.ChunkVisibility]).
[2024-06-22 16:08:29.097] [info]  [16:08:29] [Ichor/mixin(MIXIN)/WARN] Error loading class: net/optifine/render/ChunkVisibility (java.lang.ClassNotFoundException: IchorClassLoader(MIXIN) couldn't find class bytes for net/optifine/render/ChunkVisibility (checked [net.optifine.render.ChunkVisibility]).)
[2024-06-22 16:08:29.098] [info]  [16:08:29] [Ichor/mixin(MIXIN)/WARN] Catching java.lang.ClassNotFoundException: IchorClassLoader(MIXIN) couldn't find class bytes for shadersmod/client/ShadersRender (checked [shadersmod.client.ShadersRender]).
[2024-06-22 16:08:29.098] [info]  [16:08:29] [Ichor/mixin(MIXIN)/WARN] Error loading class: shadersmod/client/ShadersRender (java.lang.ClassNotFoundException: IchorClassLoader(MIXIN) couldn't find class bytes for shadersmod/client/ShadersRender (checked [shadersmod.client.ShadersRender]).)
[2024-06-22 16:08:29.098] [info]  [16:08:29] [Ichor/mixin(MIXIN)/WARN] Catching java.lang.ClassNotFoundException: IchorClassLoader(MIXIN) couldn't find class bytes for net/optifine/shaders/ShadersRender (checked [net.optifine.shaders.ShadersRender]).
[2024-06-22 16:08:29.099] [info]  [16:08:29] [Ichor/mixin(MIXIN)/WARN] Error loading class: net/optifine/shaders/ShadersRender (java.lang.ClassNotFoundException: IchorClassLoader(MIXIN) couldn't find class bytes for net/optifine/shaders/ShadersRender (checked [net.optifine.shaders.ShadersRender]).)
[2024-06-22 16:08:30.814] [info]  [16:08:30] [main/WARN]: Force-disabling mixin 'alloc.blockstate.StateMixin' as rule 'mixin.alloc.blockstate' (added by mods [ferritecore]) disables it and children
[2024-06-22 16:08:31.134] [error] An error occurred while launching Lunar Client.
[2024-06-22 16:08:31.135] [error] java.lang.IllegalStateException: Failed to boot Minecraft
[2024-06-22 16:08:31.135] [error] 	at com.moonsworth.lunar.genesis.ClientGameBootstrap.apply(Unknown Source)
[2024-06-22 16:08:31.135] [error] 	at java.base/jdk.internal.reflect.DirectMethodHandleAccessor.invoke(Unknown Source)
[2024-06-22 16:08:31.136] [error] 	at java.base/java.lang.reflect.Method.invoke(Unknown Source)
[2024-06-22 16:08:31.136] [error] 	at com.moonsworth.lunar.genesis.IOCOHCCRCOHRICRRHOOICHIHO.RHOCIORRHROCOHOOCRHHRRHCI(Unknown Source)
[2024-06-22 16:08:31.136] [error] 	at com.moonsworth.lunar.genesis.Genesis.run(Unknown Source)
[2024-06-22 16:08:31.136] [error] 	at com.moonsworth.lunar.genesis.Genesis.main(Unknown Source)
[2024-06-22 16:08:31.136] [error] Caused by: java.lang.ClassNotFoundException: Failed to find class net.minecraft.client.main.Main
[2024-06-22 16:08:31.137] [error] 	at com.moonsworth.lunar.genesis.CRCIRCHCIOCCIHRCHCHOHICRI.loadClass(Unknown Source)
[2024-06-22 16:08:31.137] [error] 	at java.base/java.lang.ClassLoader.loadClass(Unknown Source)
[2024-06-22 16:08:31.137] [error] 	at java.base/java.lang.Class.forName0(Native Method)
[2024-06-22 16:08:31.137] [error] 	at java.base/java.lang.Class.forName(Unknown Source)
[2024-06-22 16:08:31.137] [error] 	at java.base/java.lang.Class.forName(Unknown Source)
[2024-06-22 16:08:31.138] [error] 	at com.moonsworth.lunar.genesis.ClientGameBootstrap.apply(Unknown Source)
[2024-06-22 16:08:31.138] [error] 	... 5 more
[2024-06-22 16:08:31.138] [error] Caused by: java.lang.reflect.InvocationTargetException
[2024-06-22 16:08:31.138] [error] 	at java.base/jdk.internal.reflect.DirectMethodHandleAccessor.invoke(Unknown Source)
[2024-06-22 16:08:31.138] [error] 	at java.base/java.lang.reflect.Method.invoke(Unknown Source)
[2024-06-22 16:08:31.139] [error] 	at IchorClassLoader(MIXIN)//org.spongepowered.asm.mixin.transformer.MixinProxyImpl.gotoDefaultPhase(Unknown Source)
[2024-06-22 16:08:31.139] [error] 	at com.moonsworth.lunar.ichor.IHCRIIIICOROROOCCIHHHHCRI.RCOIIRRHOORIOROOROICRHHOR(Unknown Source)
[2024-06-22 16:08:31.139] [error] 	at com.moonsworth.lunar.ichor.IHCRIIIICOROROOCCIHHHHCRI.RHOCIORRHROCOHOOCRHHRRHCI(Unknown Source)
[2024-06-22 16:08:31.139] [error] 	at com.moonsworth.lunar.ichor.IHCRIIIICOROROOCCIHHHHCRI.RHOCIORRHROCOHOOCRHHRRHCI(Unknown Source)
[2024-06-22 16:08:31.139] [error] 	at com.moonsworth.lunar.ichor.IHCRIIIICOROROOCCIHHHHCRI.RHOCIORRHROCOHOOCRHHRRHCI(Unknown Source)
[2024-06-22 16:08:31.140] [error] 	at com.moonsworth.lunar.ichor.IRCIHCHCCHHOCORRHRCCORROC.RHOCIORRHROCOHOOCRHHRRHCI(Unknown Source)
[2024-06-22 16:08:31.140] [error] 	at com.moonsworth.lunar.genesis.CRCIRCHCIOCCIHRCHCHOHICRI.findClass(Unknown Source)
[2024-06-22 16:08:31.140] [error] 	at com.moonsworth.lunar.genesis.CRCIRCHCIOCCIHRCHCHOHICRI.loadClass(Unknown Source)
[2024-06-22 16:08:31.140] [error] 	... 10 more
[2024-06-22 16:08:31.140] [error] Caused by: com.moonsworth.lunar.ichor.util.FatalIchorError: [IchorClassLoader(EXTERNAL_REMAP)] Failed to remap yalter/mousetweaks/fabric/mixin/MixinMouseHandler
[2024-06-22 16:08:31.141] [error] 	at com.moonsworth.lunar.ichor.RHOCIORRHROCOHOOCRHHRRHCI.RHOCIORRHROCOHOOCRHHRRHCI.COCICHIRHCIIORIIHRCOOROHH.HHRIIHHROCICOCHRCICRIOHRH(Unknown Source)
[2024-06-22 16:08:31.141] [error] 	at com.moonsworth.lunar.ichor.CRCIRCHCIOCCIHRCHCHOHICRI.IOCOHCCRCOHRICRRHOOICHIHO(Unknown Source)
[2024-06-22 16:08:31.141] [error] 	at com.moonsworth.lunar.ichor.IHCRIIIICOROROOCCIHHHHCRI.RHOCIORRHROCOHOOCRHHRRHCI(Unknown Source)
[2024-06-22 16:08:31.141] [error] 	at com.moonsworth.lunar.ichor.IHCRIIIICOROROOCCIHHHHCRI.RHOCIORRHROCOHOOCRHHRRHCI(Unknown Source)
[2024-06-22 16:08:31.141] [error] 	at com.moonsworth.lunar.ichor.IOCOHCCRCOHRICRRHOOICHIHO.CHICRROIHCCHIOHOIIIOCCCOR(Unknown Source)
[2024-06-22 16:08:31.142] [error] 	at IchorClassLoader(MIXIN)//com.moonsworth.lunar.ichor.COCICHIRHCIIORIIHRCOOROHH.IOCOHCCRCOHRICRRHOOICHIHO.IOCOHCCRCOHRICRRHOOICHIHO.getClassNode(Unknown Source)
[2024-06-22 16:08:31.142] [error] 	at IchorClassLoader(MIXIN)//org.spongepowered.asm.mixin.transformer.MixinInfo.loadMixinClass(Unknown Source)
[2024-06-22 16:08:31.142] [error] 	at IchorClassLoader(MIXIN)//org.spongepowered.asm.mixin.transformer.MixinInfo.<init>(Unknown Source)
[2024-06-22 16:08:31.142] [error] 	at IchorClassLoader(MIXIN)//org.spongepowered.asm.mixin.transformer.MixinConfig.prepareMixins(Unknown Source)
[2024-06-22 16:08:31.143] [error] 	at IchorClassLoader(MIXIN)//org.spongepowered.asm.mixin.transformer.MixinConfig.prepare(Unknown Source)
[2024-06-22 16:08:31.143] [error] 	at IchorClassLoader(MIXIN)//org.spongepowered.asm.mixin.transformer.MixinProcessor.prepareConfigs(Unknown Source)
[2024-06-22 16:08:31.143] [error] 	at IchorClassLoader(MIXIN)//org.spongepowered.asm.mixin.transformer.MixinProcessor.select(Unknown Source)
[2024-06-22 16:08:31.143] [error] 	at IchorClassLoader(MIXIN)//org.spongepowered.asm.mixin.transformer.MixinProcessor.checkSelect(Unknown Source)
[2024-06-22 16:08:31.143] [error] 	... 20 more
[2024-06-22 16:08:31.144] [info]  [16:08:17] [WARN] [FabricLoader/Resolution]: Warnings were found!
[2024-06-22 16:08:31.144] [info]   - Mod 'Sodium Extra' (sodium-extra) 0.5.1+mc1.20.1-build.112 recommends version 1.4.2 or later of reeses-sodium-options, which is missing!
[2024-06-22 16:08:31.144] [info]  	 - You should install version 1.4.2 or later of reeses-sodium-options for the optimal experience.
[2024-06-22 16:08:31.144] [error] Caused by: java.lang.StringIndexOutOfBoundsException: Range [1, -1) out of bounds for length 39
[2024-06-22 16:08:31.144] [error] 	at java.base/jdk.internal.util.Preconditions$1.apply(Unknown Source)
[2024-06-22 16:08:31.145] [error] 	at java.base/jdk.internal.util.Preconditions$1.apply(Unknown Source)
[2024-06-22 16:08:31.145] [error] 	at java.base/jdk.internal.util.Preconditions$4.apply(Unknown Source)
[2024-06-22 16:08:31.145] [error] 	at java.base/jdk.internal.util.Preconditions$4.apply(Unknown Source)
[2024-06-22 16:08:31.145] [error] 	at java.base/jdk.internal.util.Preconditions.outOfBounds(Unknown Source)
[2024-06-22 16:08:31.145] [error] 	at java.base/jdk.internal.util.Preconditions.outOfBoundsCheckFromToIndex(Unknown Source)
[2024-06-22 16:08:31.146] [error] 	at java.base/jdk.internal.util.Preconditions.checkFromToIndex(Unknown Source)
[2024-06-22 16:08:31.146] [error] 	at java.base/java.lang.String.checkBoundsBeginEnd(Unknown Source)
[2024-06-22 16:08:31.146] [error] 	at java.base/java.lang.String.substring(Unknown Source)
[2024-06-22 16:08:31.146] [error] 	at com.moonsworth.lunar.ichor.IHCRIIIICOROROOCCIHHHHCRI.CCOCCHORCHCOCCROCHOIOICOI.IOCOHCCRCOHRICRRHOOICHIHO(Unknown Source)
[2024-06-22 16:08:31.146] [error] 	at com.moonsworth.lunar.ichor.IHCRIIIICOROROOCCIHHHHCRI.CCOCCHORCHCOCCROCHOIOICOI.RHOCIORRHROCOHOOCRHHRRHCI(Unknown Source)
[2024-06-22 16:08:31.147] [error] 	at com.moonsworth.lunar.ichor.IHCRIIIICOROROOCCIHHHHCRI.CCOCCHORCHCOCCROCHOIOICOI.OHRIHCRHRHOIRHIRHICICRIHC(Unknown Source)
[2024-06-22 16:08:31.147] [error] 	at com.moonsworth.lunar.ichor.IHCRIIIICOROROOCCIHHHHCRI.CCOCCHORCHCOCCROCHOIOICOI.RHCOCCHOOROIHIRCHRCOCORCC(Unknown Source)
[2024-06-22 16:08:31.147] [error] 	at com.moonsworth.lunar.ichor.IHCRIIIICOROROOCCIHHHHCRI.CCOCCHORCHCOCCROCHOIOICOI.HHRIIHHROCICOCHRCICRIOHRH(Unknown Source)
[2024-06-22 16:08:31.147] [error] 	at com.moonsworth.lunar.ichor.IHCRIIIICOROROOCCIHHHHCRI.CCOCCHORCHCOCCROCHOIOICOI.HHCORORIIIHHCORRICCCOOOHH(Unknown Source)
[2024-06-22 16:08:31.147] [error] 	at com.moonsworth.lunar.ichor.IHCRIIIICOROROOCCIHHHHCRI.CCOCCHORCHCOCCROCHOIOICOI.RHOCIORRHROCOHOOCRHHRRHCI(Unknown Source)
[2024-06-22 16:08:31.148] [error] 	at com.moonsworth.lunar.ichor.RHOCIORRHROCOHOOCRHHRRHCI.RHOCIORRHROCOHOOCRHHRRHCI.COCICHIRHCIIORIIHRCOOROHH.HHRIIHHROCICOCHRCICRIOHRH(Unknown Source)
[2024-06-22 16:08:31.148] [error] 	... 32 more
[2024-06-22 16:08:31.148] [error] Sending Sentry with this report...
[2024-06-22 16:08:31.148] [error] Sending event to Sentry: 3074219877364a1d8a66cc7e9b829f8c (java.lang.IllegalStateException: Failed to boot Minecraft)
