[2024-06-22 15:27:01.457] [error] NOTE: Picked up JDK_JAVA_OPTIONS: -XX:+DisableAttachMechanism
[2024-06-22 15:27:01.462] [error] Picked up JAVA_TOOL_OPTIONS: -XX:+DisableAttachMechanism
[2024-06-22 15:27:01.463] [error] Picked up _JAVA_OPTIONS: -XX:+DisableAttachMechanism
[2024-06-22 15:27:01.672] [info]  [15:27:01
[2024-06-22 15:27:01.673] [info]  ] [Genesis/main/INFO] Found external file: Fabric-API-v1_20_1-0.90.7.jar
[2024-06-22 15:27:01.677] [info]  [15:27:01] [Genesis/main/INFO] Found external file: FerriteCore-v1_20_1-6.0.0.jar
[2024-06-22 15:27:01.678] [info]  
[2024-06-22 15:27:01.678] [info]  [15:27:01] [Genesis/main/INFO] Found external file: Lithium-v1_20_1-0.11.2.jar
[2024-06-22 15:27:01.679] [info]  [15:27:01] [Genesis/main/INFO] Found external file: Noxesium-v1_20_1-1.0.3.jar
[2024-06-22 15:27:01.679] [info]  [15:27:01] [Genesis/main/INFO] Found external file: Noxesium_API-v1_20_1-1.0.3.jar
[2024-06-22 15:27:01.679] [info]  [15:27:01] [Genesis/main/INFO] Found external file: ReplayMod-v1_20_1-2.6.14.jar
[2024-06-22 15:27:01.679] [info]  [15:27:01] [Genesis/main/INFO] Found external file: Sodium-v1_20_1-0.5.8.jar
[2024-06-22 15:27:01.680] [info]  [15:27:01] [Genesis/main/INFO] Found external file: Indium-v1_20_1-1.0.30.jar
[2024-06-22 15:27:01.680] [info]  [15:27:01] [Genesis/main
[2024-06-22 15:27:01.680] [info]  /INFO] Found external file: Iris-v1_20_1-1.6.17.jar
[2024-06-22 15:27:01.680] [info]  [15:27:01] [Genesis/main/INFO] Found external file: hypixel-quickplay-data.json
[2024-06-22 15:27:01.681] [info]  [15:27:01] [Genesis/main/INFO] Found external file: hypixel-bedwars-data.json
[2024-06-22 15:27:01.681] [info]  [15:27:01] [Genesis/main/INFO] Found external file: hypixel-skyblock-dungeon-rooms.json
[2024-06-22 15:27:01.731] [info]  [15:27:01] [Genesis/main/INFO] Found classpath URL: common-0.1.0-SNAPSHOT-all.jar with SHA-1 hash d55f1b0ac13c8a0e4adc1d3072d23059c44d26b8
[2024-06-22 15:27:01.731] [info]  
[2024-06-22 15:27:01.732] [info]  [15:27:01] [Genesis/main
[2024-06-22 15:27:01.732] [info]  /INFO] Found classpath URL: lunar-fabric-mixins-0.1.0-SNAPSHOT-all.jar with SHA-1 hash 500ac97175fa953c59c311a3387b0d6c72cf5dba
[2024-06-22 15:27:01.743] [info]  [15:27:01] [Genesis/main/INFO] Found classpath URL: genesis-0.1.0-SNAPSHOT-all.jar with SHA-1 hash 444937f4ede76553b24bff14153b5d9e35687eb2
[2024-06-22 15:27:01.745] [info]  [15:27:01] [Genesis/main/
[2024-06-22 15:27:01.746] [info]  INFO] Found classpath URL: lunar-lang.jar with SHA-1 hash 32a7e666acdc5ff9de8ce454b9390b6bd2bc9177
[2024-06-22 15:27:01.746] [info]  [15:27:01] [Genesis/main/
[2024-06-22 15:27:01.746] [info]  INFO] Found classpath URL: lunar-emote.jar with SHA-1 hash b04f3ee8f5e43fa3b162981b50bb72fe1acabb33
[2024-06-22 15:27:01.780] [info]  [15:27:01] [Genesis/main/INFO] Found classpath URL: lunar.jar with SHA-1 hash 7ae8b4c716d4afeeca6354f3a4b2bb4f5302869a
[2024-06-22 15:27:01.792] [info]  [15:27:01] [Genesis/main/INFO] Found classpath URL: modern-0.1.0-SNAPSHOT-all.jar with SHA-1 hash 1b16b6bc92071b52ebc358659a8f371324df0a45
[2024-06-22 15:27:01.793] [info]  [15:27:01] [Genesis
[2024-06-22 15:27:01.793] [info]  /main/INFO] Found classpath URL: lunar-ferrite-mixins-0.1.0-SNAPSHOT-all.jar with SHA-1 hash 557af8afbc5a3a2dd1082d6c1d89d0924d9148a7
[2024-06-22 15:27:01.793] [info]  [15:27:01] [
[2024-06-22 15:27:01.794] [info]  Genesis/main/INFO] Found classpath URL: lunar-lithium-mixins-0.1.0-SNAPSHOT-all.jar with SHA-1 hash 6bddb75b7b546461fe3906061ed6b69c96459fc2
[2024-06-22 15:27:01.794] [info]  [15:27:01] [Genesis/
[2024-06-22 15:27:01.794] [info]  main/INFO] Found classpath URL: lunar-noxesium-mixins-0.1.0-SNAPSHOT-all.jar with SHA-1 hash 9ef6225eb7368f6fa9728dd8d086f284b70e6e95
[2024-06-22 15:27:01.795] [info]  [15:27:01] [Genesis/
[2024-06-22 15:27:01.795] [info]  main/INFO] Found classpath URL: lunar-replaymod-fabric-mixins-0.1.0-SNAPSHOT-all.jar with SHA-1 hash d597c36d0c2ff4f04ca99579bbfe849ed80f8dbd
[2024-06-22 15:27:01.797] [info]  [15:27:01
[2024-06-22 15:27:01.798] [info]  ] [Genesis/main/INFO] Found classpath URL: lunar-sodium-mixins-0.1.0-SNAPSHOT-all.jar with SHA-1 hash e5611315574ee949cf2389d5c899eca8eef9c8a3
[2024-06-22 15:27:02.465] [info]  [15:27:02] [Genesis/main/INFO] Adding pre-launch library to game classpath: .\.ichor\ichormodule-libs\net_fabricmc_fabric_loader_0_15_11-lunar-0.1.0.jar
[2024-06-22 15:27:02.537] [info]  [15:27:02] [Genesis/GameBootstrap/main/INFO] Launching Minecraft 1.20.1 v1_20_1 (parsed from 1.20.1)
[2024-06-22 15:27:03.353] [info]  [15:27:03] [Ichor+Fabric/main/INFO] Using custom local mod path: C:\Users\Asus\.lunarclient\profiles\35533a66-fbe4-4c9e-b96c-b47d7554e254\versions\0.0.4\mods
[2024-06-22 15:27:04.493] [info]  LUNARCLIENT_STATUS_PREINIT
[2024-06-22 15:27:04.493] [info]  [
[2024-06-22 15:27:04.494] [info]  15:27:04] [Genesis/GameBootstrap/main/INFO] Starting game!
[2024-06-22 15:27:04.942] [info]  [15:27:04] [IchorPipeline/main/INFO] Built mapping set for com.moonsworth.lunar.ichor.CRCIRCHCIOCCIHRCHCHOHICRI.RHOCIORRHROCOHOOCRHHRRHCI.IHCRIIIICOROROOCCIHHHHCRI.RHCRCHHICCCIIHIIIHIIRROOO 321ms on thread main
[2024-06-22 15:27:05.237] [info]  [15:27:05] [IchorPipeline/main/INFO] Loading Mixin runtime for META_MIXIN
[2024-06-22 15:27:05.452] [info]  [15:27:05] [Ichor/mixin(META_MIXIN)/INFO] SpongePowered MIXIN Subsystem Version=0.8.5 Source=Unknown Service=Ichor Env=CLIENT
[2024-06-22 15:27:06.356] [info]  [15:27:06] [IchorPipeline/main/INFO] Loading Mixin runtime for MIXIN
[2024-06-22 15:27:06.777] [info]  [15:27:06] [Ichor/mixin(MIXIN)/INFO] SpongePowered MIXIN Subsystem Version=0.8.5 Source=Unknown Service=Ichor Env=CLIENT
[2024-06-22 15:27:07.226] [info]  [15:27:07] [IchorPipeline/main/INFO] Done loading Mixin runtimes in 1991ms
[2024-06-22 15:27:07.227] [info]  [15:27:07
[2024-06-22 15:27:07.227] [info]  ] [IchorPipeline/main/INFO] Setting up mixins for META_MIXIN
[2024-06-22 15:27:07.338] [info]  [15:27:07] [IchorPipeline/main/INFO] Setting up mixins for MIXIN
[2024-06-22 15:27:07.339] [info]  [15:27:07] [Ichor/main
[2024-06-22 15:27:07.339] [info]  /INFO] Mixin config mixins.modern.json doesn't exist in IchorClassLoader(MIXIN)
[2024-06-22 15:27:07.340] [info]  [15:27:07] [Ichor/main/INFO] Mixin config mixins.modern_lunar.json doesn't exist in IchorClassLoader(MIXIN)
[2024-06-22 15:27:07.638] [info]  [15:27:07] [IchorPipeline/main/INFO] Done registering Mixins in 411ms
[2024-06-22 15:27:07.639] [info]  [15:27:07] [IchorPipeline/main/INFO] Going to default mixins stage for META_MIXIN
[2024-06-22 15:27:08.499] [info]  [15:27:08] [IchorPipeline/main/INFO] Going to default mixins stage for MIXIN
[2024-06-22 15:27:08.512] [info]  [15:27:08] [Ichor/MixinExtras|Service(META_MIXIN)/INFO] Initializing MixinExtras via com.llamalad7.mixinextras.service.MixinExtrasServiceImpl(version=0.3.5).
[2024-06-22 15:27:09.756] [info]  [15:27:09] [main/INFO]: Loaded configuration file for Lithium: 115 options available, 2 override(s) found
[2024-06-22 15:27:09.788] [info]  [15:27:09] [main/INFO]: Loaded configuration file for Sodium: 41 options available, 3 override(s) found
[2024-06-22 15:27:09.844] [info]  [15:27:09] [main/INFO]: Loaded configuration file for Sodium Extra: 32 options available, 0 override(s) found
[2024-06-22 15:27:15.036] [info]  [15:27:15] [Ichor/mixin(MIXIN)/WARN] Catching java.lang.ClassNotFoundException: IchorClassLoader(MIXIN) couldn't find class bytes for net/optifine/render/ChunkVisibility (checked [net.optifine.render.ChunkVisibility]).
[2024-06-22 15:27:15.037] [info]  [15:27:15] [Ichor/mixin(MIXIN)/WARN] Error loading class: net/optifine/render/ChunkVisibility (java.lang.ClassNotFoundException: IchorClassLoader(MIXIN) couldn't find class bytes for net/optifine/render/ChunkVisibility (checked [net.optifine.render.ChunkVisibility]).)
[2024-06-22 15:27:15.037] [info]  [15:27:15] [Ichor/mixin(MIXIN)/WARN] Catching java.lang.ClassNotFoundException: IchorClassLoader(MIXIN) couldn't find class bytes for shadersmod/client/ShadersRender (checked [shadersmod.client.ShadersRender]).
[2024-06-22 15:27:15.038] [info]  [15:27:15] [Ichor/mixin(MIXIN)/WARN] Error loading class: shadersmod/client/ShadersRender (java.lang.ClassNotFoundException: IchorClassLoader(MIXIN) couldn't find class bytes for shadersmod/client/ShadersRender (checked [shadersmod.client.ShadersRender]).)
[2024-06-22 15:27:15.038] [info]  [15:27:15] [Ichor/mixin(MIXIN)/WARN] Catching java.lang.ClassNotFoundException: IchorClassLoader(MIXIN) couldn't find class bytes for net/optifine/shaders/ShadersRender (checked [net.optifine.shaders.ShadersRender]).
[2024-06-22 15:27:15.038] [info]  [15:27:15] [Ichor/mixin(MIXIN)/WARN] Error loading class: net/optifine/shaders/ShadersRender (java.lang.ClassNotFoundException: IchorClassLoader(MIXIN) couldn't find class bytes for net/optifine/shaders/ShadersRender (checked [net.optifine.shaders.ShadersRender]).)
[2024-06-22 15:27:16.837] [info]  [15:27:16] [main/WARN]: Force-disabling mixin 'alloc.blockstate.StateMixin' as rule 'mixin.alloc.blockstate' (added by mods [ferritecore]) disables it and children
[2024-06-22 15:27:17.094] [info]  [15:27:17] [main/WARN]: Force-disabling mixin 'world.player_chunk_tick.ThreadedAnvilChunkStorageMixin' as rule 'mixin.world.player_chunk_tick' (added by mods [krypton]) disables it and children
[2024-06-22 15:27:17.330] [info]  [15:27:17] [main/WARN]: Force-disabling mixin 'features.render.entity.CuboidMixin' as rule 'mixin.features.render.entity' (added by mods [iris]) disables it and children
[2024-06-22 15:27:17.332] [info]  [15:27:17] [main/WARN]: Force-disabling mixin 'features.render.entity.ModelPartMixin' as rule 'mixin.features.render.entity' (added by mods [iris]) disables it and children
[2024-06-22 15:27:17.333] [info]  [15:27:17] [main/WARN]: Force-disabling mixin 'features.render.entity.cull.EntityRendererMixin' as rule 'mixin.features.render.entity' (added by mods [iris]) disables it and children
[2024-06-22 15:27:17.335] [info]  [15:27:17] [main/WARN]: Force-disabling mixin 'features.render.entity.shadows.EntityRenderDispatcherMixin' as rule 'mixin.features.render.entity' (added by mods [iris]) disables it and children
[2024-06-22 15:27:17.336] [info]  [15:27:17] [main/WARN]: Force-disabling mixin 'features.render.gui.font.GlyphRendererMixin' as rule 'mixin.features.render.gui.font' (added by mods [iris]) disables it and children
[2024-06-22 15:27:17.356] [info]  [15:27:17] [main/WARN]: Force-disabling mixin 'features.render.world.sky.BackgroundRendererMixin' as rule 'mixin.features.render.world.sky' (added by mods [iris]) disables it and children
[2024-06-22 15:27:17.357] [info]  [15:27:17] [main/WARN]: Force-disabling mixin 'features.render.world.sky.ClientWorldMixin' as rule 'mixin.features.render.world.sky' (added by mods [iris]) disables it and children
[2024-06-22 15:27:17.359] [info]  [15:27:17] [main/WARN]: Force-disabling mixin 'features.render.world.sky.WorldRendererMixin' as rule 'mixin.features.render.world.sky' (added by mods [iris]) disables it and children
[2024-06-22 15:27:17.641] [info]  [15:27:17] [Ichor/mixin(MIXIN)/WARN] Catching java.lang.ClassNotFoundException: IchorClassLoader(MIXIN) couldn't find class bytes for me/jellysquid/mods/sodium/client/compatibility/workarounds/nvidia/NvidiaWorkarounds (checked [me.jellysquid.mods.sodium.client.compatibility.workarounds.nvidia.NvidiaWorkarounds]).
[2024-06-22 15:27:17.641] [info]  [15:27:17] [Ichor/mixin(MIXIN)/WARN] Error loading class: me/jellysquid/mods/sodium/client/compatibility/workarounds/nvidia/NvidiaWorkarounds (java.lang.ClassNotFoundException: IchorClassLoader(MIXIN) couldn't find class bytes for me/jellysquid/mods/sodium/client/compatibility/workarounds/nvidia/NvidiaWorkarounds (checked [me.jellysquid.mods.sodium.client.compatibility.workarounds.nvidia.NvidiaWorkarounds]).)
[2024-06-22 15:27:17.642] [info]  [15:27:17] [Ichor/mixin(MIXIN)/WARN] @Mixin target me.jellysquid.mods.sodium.client.compatibility.workarounds.nvidia.NvidiaWorkarounds was not found mixins.ichor.sodium.v1_20_1.json:IIIICORICOICIRRHCHIIHROIC from mod (unknown)
[2024-06-22 15:27:17.647] [info]  [15:27:17] [main/INFO]: [MemoryLeakFix] Will be applying 3 memory leak fixes!
[2024-06-22 15:27:17.647] [info]  [15:27:17] [main/INFO]: [MemoryLeakFix] Currently enabled memory leak fixes: [targetEntityLeak, biomeTemperatureLeak, hugeScreenshotLeak]
[2024-06-22 15:27:17.970] [info]  [15:27:17] [IchorPipeline/main/INFO] Mixin runtimes prepared in 10331ms
[2024-06-22 15:27:17.971] [info]  [15:27:17] [IchorPipeline/main/INFO] Initialized Mixin in 12735ms
[2024-06-22 15:27:17.974] [info]  [15:27:17] [Ichor/MixinExtras|Service(MIXIN)/INFO] Initializing MixinExtras via com.llamalad7.mixinextras.service.MixinExtrasServiceImpl(version=0.3.5).
[2024-06-22 15:27:18.698] [info]  [Bridge] Setting Bridge Implementation to com.moonsworth.lunar.IIIICORICOICIRRHCHIIHROIC.IOCOHCCRCOHRICRRHOOICHIHO
[2024-06-22 15:27:20.144] [info]  [Bridge] Found textures dir: C:\Users\Asus\.lunarclient\textures
[2024-06-22 15:27:20.165] [info]  Completely ignored arguments: [--workingDirectory, ., --webosrDir, C:\Users\Asus\.lunarclient\offline\multiver\natives, --classpathDir, ., --ichorExternalFiles, Fabric-API-v1_20_1-0.90.7.jar,FerriteCore-v1_20_1-6.0.0.jar,Lithium-v1_20_1-0.11.2.jar,Noxesium-v1_20_1-1.0.3.jar,Noxesium_API-v1_20_1-1.0.3.jar,ReplayMod-v1_20_1-2.6.14.jar,Sodium-v1_20_1-0.5.8.jar,Indium-v1_20_1-1.0.30.jar,Iris-v1_20_1-1.6.17.jar,hypixel-quickplay-data.json,hypixel-bedwars-data.json,hypixel-skyblock-dungeon-rooms.json, --ichorClassPath, common-0.1.0-SNAPSHOT-all.jar,lunar-fabric-mixins-0.1.0-SNAPSHOT-all.jar,genesis-0.1.0-SNAPSHOT-all.jar,lunar-lang.jar,lunar-emote.jar,lunar.jar,modern-0.1.0-SNAPSHOT-all.jar,lunar-ferrite-mixins-0.1.0-SNAPSHOT-all.jar,lunar-lithium-mixins-0.1.0-SNAPSHOT-all.jar,lunar-noxesium-mixins-0.1.0-SNAPSHOT-all.jar,lunar-replaymod-fabric-mixins-0.1.0-SNAPSHOT-all.jar,lunar-sodium-mixins-0.1.0-SNAPSHOT-all.jar, --uiDir, C:\Users\Asus\.lunarclient\ui]
[2024-06-22 15:27:26.090] [info]  [15:27:26] [Datafixer Bootstrap/INFO]: 188 Datafixer optimizations took 108 milliseconds
[2024-06-22 15:27:28.688] [info]  [15:27:28] [Ichor/mixin(MIXIN)/WARN] @Redirect conflict. Skipping mixins.modern_lunar_combined.json:HHRIIHHROCICOCHRCICRIOHRH.IOCOHCCRCOHRICRRHOOICHIHO.IOCOHCCRCOHRICRRHOOICHIHO.IOCOHCCRCOHRICRRHOOICHIHO.RHOCIORRHROCOHOOCRHHRRHCI from mod (unknown)->@Redirect::lunar$fireTooltipEvent(Lnet/minecraft/client/gui/GuiGraphics;Lnet/minecraft/client/gui/Font;Ljava/util/List;Ljava/util/Optional;II)V with priority 200, already redirected by shulkerboxtooltip-fabric.mixins.json:client.fabric.HandledScreenMixin from mod (unknown)->@Redirect::lockTooltipPosition(Lnet/minecraft/client/gui/GuiGraphics;Lnet/minecraft/client/gui/Font;Ljava/util/List;Ljava/util/Optional;II)V with priority 1000
[2024-06-22 15:27:28.688] [info]  [15:27:28] [IchorPipeline/Render thread/INFO] Restoring net.minecraft.client.gui.screens.inventory.AbstractContainerScreen to backup before Mixin application
[2024-06-22 15:27:28.689] [info]  [15:27:28] [Render thread/INFO]: [STDERR]: org.spongepowered.asm.mixin.transformer.throwables.MixinTransformerError: An unexpected critical error was encountered
[2024-06-22 15:27:28.689] [info]  [15:27:28] [Render thread/INFO]: [STDERR]: 	at IchorClassLoader(MIXIN)//org.spongepowered.asm.mixin.transformer.MixinProcessor.applyMixins(Unknown Source)
[2024-06-22 15:27:28.690] [info]  [15:27:28] [Render thread/INFO]: [STDERR]: 	at IchorClassLoader(MIXIN)//org.spongepowered.asm.mixin.transformer.MixinTransformer.transformClass(Unknown Source)
[2024-06-22 15:27:28.690] [info]  [15:27:28] [Render thread/INFO]: [STDERR]: 	at IchorClassLoader(MIXIN)//org.spongepowered.asm.mixin.transformer.MixinProxyImpl.transformClassNode(Unknown Source)
[2024-06-22 15:27:28.690] [info]  [15:27:28] [Render thread/INFO]: [STDERR]: 	at com.moonsworth.lunar.ichor.IHCRIIIICOROROOCCIHHHHCRI.RHOCIORRHROCOHOOCRHHRRHCI(Unknown Source)
[2024-06-22 15:27:28.690] [info]  [15:27:28] [Render thread/INFO]: [STDERR]: 	at com.moonsworth.lunar.ichor.IHCRIIIICOROROOCCIHHHHCRI.RHOCIORRHROCOHOOCRHHRRHCI(Unknown Source)
[2024-06-22 15:27:28.690] [info]  [15:27:28] [Render thread/INFO]: [STDERR]: 	at com.moonsworth.lunar.ichor.IRCIHCHCCHHOCORRHRCCORROC.RHOCIORRHROCOHOOCRHHRRHCI(Unknown Source)
[2024-06-22 15:27:28.691] [info]  [15:27:28] [Render thread/INFO]: [STDERR]: 	at com.moonsworth.lunar.genesis.CRCIRCHCIOCCIHRCHCHOHICRI.findClass(Unknown Source)
[2024-06-22 15:27:28.691] [info]  [15:27:28] [Render thread/INFO]: [STDERR]: 	at com.moonsworth.lunar.genesis.CRCIRCHCIOCCIHRCHCHOHICRI.loadClass(Unknown Source)
[2024-06-22 15:27:28.691] [info]  [15:27:28] [Render thread/INFO]: [STDERR]: 	at java.base/java.lang.ClassLoader.loadClass(Unknown Source)
[2024-06-22 15:27:28.691] [info]  [15:27:28] [Render thread/INFO]: [STDERR]: 	at java.base/java.lang.ClassLoader.defineClass1(Native Method)
[2024-06-22 15:27:28.691] [info]  [15:27:28] [Render thread/INFO]: [STDERR]: 	at java.base/java.lang.ClassLoader.defineClass(Unknown Source)
[2024-06-22 15:27:28.692] [info]  [15:27:28] [Render thread/INFO]: [STDERR]: 	at java.base/java.lang.ClassLoader.defineClass(Unknown Source)
[2024-06-22 15:27:28.692] [info]  [15:27:28] [Render thread/INFO]: [STDERR]: 	at com.moonsworth.lunar.genesis.CRCIRCHCIOCCIHRCHCHOHICRI.findClass(Unknown Source)
[2024-06-22 15:27:28.692] [info]  [15:27:28] [Render thread/INFO]: [STDERR]: 	at com.moonsworth.lunar.genesis.CRCIRCHCIOCCIHRCHCHOHICRI.loadClass(Unknown Source)
[2024-06-22 15:27:28.692] [info]  [15:27:28] [Render thread/INFO]: [STDERR]: 	at java.base/java.lang.ClassLoader.loadClass(Unknown Source)
[2024-06-22 15:27:28.693] [info]  [15:27:28] [Render thread/INFO]: [STDERR]: 	at java.base/java.lang.ClassLoader.defineClass1(Native Method)
[2024-06-22 15:27:28.693] [info]  [15:27:28] [Render thread/INFO]: [STDERR]: 	at java.base/java.lang.ClassLoader.defineClass(Unknown Source)
[2024-06-22 15:27:28.693] [info]  [15:27:28] [Render thread/INFO]: [STDERR]: 	at java.base/java.lang.ClassLoader.defineClass(Unknown Source)
[2024-06-22 15:27:28.693] [info]  [15:27:28] [Render thread/INFO]: [STDERR]: 	at com.moonsworth.lunar.genesis.CRCIRCHCIOCCIHRCHCHOHICRI.findClass(Unknown Source)
[2024-06-22 15:27:28.693] [info]  [15:27:28] [Render thread/INFO]: [STDERR]: 	at com.moonsworth.lunar.genesis.CRCIRCHCIOCCIHRCHCHOHICRI.loadClass(Unknown Source)
[2024-06-22 15:27:28.694] [info]  [15:27:28] [Render thread/INFO]: [STDERR]: 	at java.base/java.lang.ClassLoader.loadClass(Unknown Source)
[2024-06-22 15:27:28.694] [info]  [15:27:28] [Render thread/INFO]: [STDERR]: 	at Genesis//net.minecraft.client.main.Main.redirect$zbd000$impl$main$minecraft(SourceFile:656)
[2024-06-22 15:27:28.694] [info]  [15:27:28] [Render thread/INFO]: [STDERR]: 	at Genesis//net.minecraft.client.main.Main.main(SourceFile:211)
[2024-06-22 15:27:28.694] [info]  [15:27:28] [Render thread/INFO]: [STDERR]: 	at java.base/jdk.internal.reflect.DirectMethodHandleAccessor.invoke(Unknown Source)
[2024-06-22 15:27:28.695] [info]  [15:27:28] [Render thread/INFO]: [STDERR]: 	at java.base/java.lang.reflect.Method.invoke(Unknown Source)
[2024-06-22 15:27:28.695] [info]  [15:27:28] [Render thread/INFO]: [STDERR]: 	at com.moonsworth.lunar.genesis.ClientGameBootstrap.apply(Unknown Source)
[2024-06-22 15:27:28.695] [info]  [15:27:28] [Render thread/INFO]: [STDERR]: 	at java.base/jdk.internal.reflect.DirectMethodHandleAccessor.invoke(Unknown Source)
[2024-06-22 15:27:28.695] [info]  [15:27:28] [Render thread/INFO]: [STDERR]: 	at java.base/java.lang.reflect.Method.invoke(Unknown Source)
[2024-06-22 15:27:28.695] [info]  [15:27:28] [Render thread/INFO]: [STDERR]: 	at com.moonsworth.lunar.genesis.IOCOHCCRCOHRICRRHOOICHIHO.RHOCIORRHROCOHOOCRHHRRHCI(Unknown Source)
[2024-06-22 15:27:28.696] [info]  [15:27:28] [Render thread/INFO]: [STDERR]: 	at com.moonsworth.lunar.genesis.Genesis.run(Unknown Source)
[2024-06-22 15:27:28.696] [info]  [15:27:28] [Render thread/INFO]: [STDERR]: 	at com.moonsworth.lunar.genesis.Genesis.main(Unknown Source)
[2024-06-22 15:27:28.696] [info]  [15:27:28] [Render thread/INFO]: [STDERR]: Caused by: org.spongepowered.asm.mixin.injection.throwables.InjectionError: Critical injection failure: Redirector lunar$fireTooltipEvent(Lnet/minecraft/client/gui/GuiGraphics;Lnet/minecraft/client/gui/Font;Ljava/util/List;Ljava/util/Optional;II)V in mixins.modern_lunar_combined.json:HHRIIHHROCICOCHRCICRIOHRH.IOCOHCCRCOHRICRRHOOICHIHO.IOCOHCCRCOHRICRRHOOICHIHO.IOCOHCCRCOHRICRRHOOICHIHO.RHOCIORRHROCOHOOCRHHRRHCI from mod (unknown) failed injection check, (0/1) succeeded. Scanned 1 target(s). No refMap loaded.
[2024-06-22 15:27:28.696] [info]  [15:27:28] [Render thread/INFO]: [STDERR]: 	at IchorClassLoader(MIXIN)//org.spongepowered.asm.mixin.injection.struct.InjectionInfo.postInject(Unknown Source)
[2024-06-22 15:27:28.697] [info]  [15:27:28] [Render thread/INFO]: [STDERR]: 	at IchorClassLoader(MIXIN)//org.spongepowered.asm.mixin.transformer.MixinTargetContext.applyInjections(Unknown Source)
[2024-06-22 15:27:28.697] [info]  [15:27:28] [Render thread/INFO]: [STDERR]: 	at IchorClassLoader(MIXIN)//org.spongepowered.asm.mixin.transformer.MixinApplicatorStandard.applyInjections(Unknown Source)
[2024-06-22 15:27:28.697] [info]  [15:27:28] [Render thread/INFO]: [STDERR]: 	at IchorClassLoader(MIXIN)//org.spongepowered.asm.mixin.transformer.MixinApplicatorStandard.applyMixin(Unknown Source)
[2024-06-22 15:27:28.698] [info]  [15:27:28] [Render thread/INFO]: [STDERR]: 	at IchorClassLoader(MIXIN)//org.spongepowered.asm.mixin.transformer.MixinApplicatorStandard.apply(Unknown Source)
[2024-06-22 15:27:28.698] [info]  [15:27:28] [Render thread/INFO]: [STDERR]: 	at IchorClassLoader(MIXIN)//org.spongepowered.asm.mixin.transformer.TargetClassContext.apply(Unknown Source)
[2024-06-22 15:27:28.698] [info]  [15:27:28] [Render thread/INFO]: [STDERR]: 	at IchorClassLoader(MIXIN)//org.spongepowered.asm.mixin.transformer.TargetClassContext.applyMixins(Unknown Source)
[2024-06-22 15:27:28.698] [info]  [15:27:28] [Render thread/INFO]: [STDERR]: 	at IchorClassLoader(MIXIN)//org.spongepowered.asm.mixin.transformer.MixinProcessor.applyMixins(Unknown Source)
[2024-06-22 15:27:28.699] [info]  [15:27:28] [Render thread/INFO]: [STDERR]: 	... 30 more
[2024-06-22 15:27:29.627] [info]  [15:27:29] [Ichor/mixin(MIXIN)/WARN] @Redirect conflict. Skipping mixins.modern_lunar_combined.json:HHRIIHHROCICOCHRCICRIOHRH.IOCOHCCRCOHRICRRHOOICHIHO.IOCOHCCRCOHRICRRHOOICHIHO.IOCOHCCRCOHRICRRHOOICHIHO.RHOCIORRHROCOHOOCRHHRRHCI from mod (unknown)->@Redirect::lunar$fireTooltipEvent(Lnet/minecraft/client/gui/GuiGraphics;Lnet/minecraft/client/gui/Font;Ljava/util/List;Ljava/util/Optional;II)V with priority 200, already redirected by shulkerboxtooltip-fabric.mixins.json:client.fabric.HandledScreenMixin from mod (unknown)->@Redirect::lockTooltipPosition(Lnet/minecraft/client/gui/GuiGraphics;Lnet/minecraft/client/gui/Font;Ljava/util/List;Ljava/util/Optional;II)V with priority 1000
[2024-06-22 15:27:29.627] [info]  [15:27:29] [IchorPipeline/Render thread/INFO] Restoring net.minecraft.client.gui.screens.inventory.AbstractContainerScreen to backup before Mixin application
[2024-06-22 15:27:29.628] [info]  [15:27:29] [Render thread/INFO]: [STDERR]: org.spongepowered.asm.mixin.transformer.throwables.MixinTransformerError: An unexpected critical error was encountered
[2024-06-22 15:27:29.628] [info]  [15:27:29] [Render thread/INFO]: [STDERR]: 	at IchorClassLoader(MIXIN)//org.spongepowered.asm.mixin.transformer.MixinProcessor.applyMixins(Unknown Source)
[2024-06-22 15:27:29.628] [info]  [15:27:29] [Render thread/INFO]: [STDERR]: 	at IchorClassLoader(MIXIN)//org.spongepowered.asm.mixin.transformer.MixinTransformer.transformClass(Unknown Source)
[2024-06-22 15:27:29.629] [info]  [15:27:29] [Render thread/INFO]: [STDERR]: 	at IchorClassLoader(MIXIN)//org.spongepowered.asm.mixin.transformer.MixinProxyImpl.transformClassNode(Unknown Source)
[2024-06-22 15:27:29.629] [info]  [15:27:29] [Render thread/INFO]: [STDERR]: 	at com.moonsworth.lunar.ichor.IHCRIIIICOROROOCCIHHHHCRI.RHOCIORRHROCOHOOCRHHRRHCI(Unknown Source)
[2024-06-22 15:27:29.629] [info]  [15:27:29] [Render thread/INFO]: [STDERR]: 	at com.moonsworth.lunar.ichor.IHCRIIIICOROROOCCIHHHHCRI.RHOCIORRHROCOHOOCRHHRRHCI(Unknown Source)
[2024-06-22 15:27:29.629] [info]  [15:27:29] [Render thread/INFO]: [STDERR]: 	at com.moonsworth.lunar.ichor.IRCIHCHCCHHOCORRHRCCORROC.RHOCIORRHROCOHOOCRHHRRHCI(Unknown Source)
[2024-06-22 15:27:29.630] [info]  [15:27:29] [Render thread/INFO]: [STDERR]: 	at com.moonsworth.lunar.genesis.CRCIRCHCIOCCIHRCHCHOHICRI.findClass(Unknown Source)
[2024-06-22 15:27:29.630] [info]  [15:27:29] [Render thread/INFO]: [STDERR]: 	at com.moonsworth.lunar.genesis.CRCIRCHCIOCCIHRCHCHOHICRI.loadClass(Unknown Source)
[2024-06-22 15:27:29.630] [info]  [15:27:29] [Render thread/INFO]: [STDERR]: 	at java.base/java.lang.ClassLoader.loadClass(Unknown Source)
[2024-06-22 15:27:29.630] [info]  [15:27:29] [Render thread/INFO]: [STDERR]: 	at java.base/java.lang.ClassLoader.defineClass1(Native Method)
[2024-06-22 15:27:29.630] [info]  [15:27:29] [Render thread/INFO]: [STDERR]: 	at java.base/java.lang.ClassLoader.defineClass(Unknown Source)
[2024-06-22 15:27:29.631] [info]  [15:27:29] [Render thread/INFO]: [STDERR]: 	at java.base/java.lang.ClassLoader.defineClass(Unknown Source)
[2024-06-22 15:27:29.631] [info]  [15:27:29] [Render thread/INFO]: [STDERR]: 	at com.moonsworth.lunar.genesis.CRCIRCHCIOCCIHRCHCHOHICRI.findClass(Unknown Source)
[2024-06-22 15:27:29.631] [info]  [15:27:29] [Render thread/INFO]: [STDERR]: 	at com.moonsworth.lunar.genesis.CRCIRCHCIOCCIHRCHCHOHICRI.loadClass(Unknown Source)
[2024-06-22 15:27:29.631] [info]  [15:27:29] [Render thread/INFO]: [STDERR]: 	at java.base/java.lang.ClassLoader.loadClass(Unknown Source)
[2024-06-22 15:27:29.631] [info]  [15:27:29] [Render thread/INFO]: [STDERR]: 	at java.base/java.lang.ClassLoader.defineClass1(Native Method)
[2024-06-22 15:27:29.632] [info]  [15:27:29] [Render thread/INFO]: [STDERR]: 	at java.base/java.lang.ClassLoader.defineClass(Unknown Source)
[2024-06-22 15:27:29.632] [info]  [15:27:29] [Render thread/INFO]: [STDERR]: 	at java.base/java.lang.ClassLoader.defineClass(Unknown Source)
[2024-06-22 15:27:29.632] [info]  [15:27:29] [Render thread/INFO]: [STDERR]: 	at com.moonsworth.lunar.genesis.CRCIRCHCIOCCIHRCHCHOHICRI.findClass(Unknown Source)
[2024-06-22 15:27:29.632] [info]  [15:27:29] [Render thread/INFO]: [STDERR]: 	at com.moonsworth.lunar.genesis.CRCIRCHCIOCCIHRCHCHOHICRI.loadClass(Unknown Source)
[2024-06-22 15:27:29.632] [info]  [15:27:29] [Render thread/INFO]: [STDERR]: 	at java.base/java.lang.ClassLoader.loadClass(Unknown Source)
[2024-06-22 15:27:29.633] [info]  [15:27:29] [Render thread/INFO]: [STDERR]: 	at Genesis//net.minecraft.client.main.Main.main(SourceFile:220)
[2024-06-22 15:27:29.633] [info]  [15:27:29] [Render thread/INFO]: [STDERR]: 	at java.base/jdk.internal.reflect.DirectMethodHandleAccessor.invoke(Unknown Source)
[2024-06-22 15:27:29.633] [info]  [15:27:29] [Render thread/INFO]: [STDERR]: 	at java.base/java.lang.reflect.Method.invoke(Unknown Source)
[2024-06-22 15:27:29.633] [info]  [15:27:29] [Render thread/INFO]: [STDERR]: 	at com.moonsworth.lunar.genesis.ClientGameBootstrap.apply(Unknown Source)
[2024-06-22 15:27:29.633] [info]  [15:27:29] [Render thread/INFO]: [STDERR]: 	at java.base/jdk.internal.reflect.DirectMethodHandleAccessor.invoke(Unknown Source)
[2024-06-22 15:27:29.634] [info]  [15:27:29] [Render thread/INFO]: [STDERR]: 	at java.base/java.lang.reflect.Method.invoke(Unknown Source)
[2024-06-22 15:27:29.634] [info]  [15:27:29] [Render thread/INFO]: [STDERR]: 	at com.moonsworth.lunar.genesis.IOCOHCCRCOHRICRRHOOICHIHO.RHOCIORRHROCOHOOCRHHRRHCI(Unknown Source)
[2024-06-22 15:27:29.634] [info]  [15:27:29] [Render thread/INFO]: [STDERR]: 	at com.moonsworth.lunar.genesis.Genesis.run(Unknown Source)
[2024-06-22 15:27:29.634] [info]  [15:27:29] [Render thread/INFO]: [STDERR]: 	at com.moonsworth.lunar.genesis.Genesis.main(Unknown Source)
[2024-06-22 15:27:29.634] [info]  [15:27:29] [Render thread/INFO]: [STDERR]: Caused by: org.spongepowered.asm.mixin.injection.throwables.InjectionError: Critical injection failure: Redirector lunar$fireTooltipEvent(Lnet/minecraft/client/gui/GuiGraphics;Lnet/minecraft/client/gui/Font;Ljava/util/List;Ljava/util/Optional;II)V in mixins.modern_lunar_combined.json:HHRIIHHROCICOCHRCICRIOHRH.IOCOHCCRCOHRICRRHOOICHIHO.IOCOHCCRCOHRICRRHOOICHIHO.IOCOHCCRCOHRICRRHOOICHIHO.RHOCIORRHROCOHOOCRHHRRHCI from mod (unknown) failed injection check, (0/1) succeeded. Scanned 1 target(s). No refMap loaded.
[2024-06-22 15:27:29.635] [info]  [15:27:29] [Render thread/INFO]: [STDERR]: 	at IchorClassLoader(MIXIN)//org.spongepowered.asm.mixin.injection.struct.InjectionInfo.postInject(Unknown Source)
[2024-06-22 15:27:29.635] [info]  [15:27:29] [Render thread/INFO]: [STDERR]: 	at IchorClassLoader(MIXIN)//org.spongepowered.asm.mixin.transformer.MixinTargetContext.applyInjections(Unknown Source)
[2024-06-22 15:27:29.635] [info]  [15:27:29] [Render thread/INFO]: [STDERR]: 	at IchorClassLoader(MIXIN)//org.spongepowered.asm.mixin.transformer.MixinApplicatorStandard.applyInjections(Unknown Source)
[2024-06-22 15:27:29.635] [info]  [15:27:29] [Render thread/INFO]: [STDERR]: 	at IchorClassLoader(MIXIN)//org.spongepowered.asm.mixin.transformer.MixinApplicatorStandard.applyMixin(Unknown Source)
[2024-06-22 15:27:29.635] [info]  [15:27:29] [Render thread/INFO]: [STDERR]: 	at IchorClassLoader(MIXIN)//org.spongepowered.asm.mixin.transformer.MixinApplicatorStandard.apply(Unknown Source)
[2024-06-22 15:27:29.635] [info]  [15:27:29] [Render thread/INFO]: [STDERR]: 	at IchorClassLoader(MIXIN)//org.spongepowered.asm.mixin.transformer.TargetClassContext.apply(Unknown Source)
[2024-06-22 15:27:29.636] [info]  [15:27:29] [Render thread/INFO]: [STDERR]: 	at IchorClassLoader(MIXIN)//org.spongepowered.asm.mixin.transformer.TargetClassContext.applyMixins(Unknown Source)
[2024-06-22 15:27:29.636] [info]  [15:27:29] [Render thread/INFO]: [STDERR]: 	at IchorClassLoader(MIXIN)//org.spongepowered.asm.mixin.transformer.MixinProcessor.applyMixins(Unknown Source)
[2024-06-22 15:27:29.636] [info]  [15:27:29] [Render thread/INFO]: [STDERR]: 	... 29 more
[2024-06-22 15:27:29.636] [info]  [15:27:29] [Render thread/INFO]: [STDERR]: An error occurred while launching Lunar Client.
[2024-06-22 15:27:29.637] [info]  [15:27:29] [Render thread/INFO]: [STDERR]: java.lang.IllegalStateException: Failed to boot Minecraft
[2024-06-22 15:27:29.637] [info]  [15:27:29] [Render thread/INFO]: [STDERR]: 	at com.moonsworth.lunar.genesis.ClientGameBootstrap.apply(Unknown Source)
[2024-06-22 15:27:29.637] [info]  [15:27:29] [Render thread/INFO]: [STDERR]: 	at java.base/jdk.internal.reflect.DirectMethodHandleAccessor.invoke(Unknown Source)
[2024-06-22 15:27:29.638] [info]  [15:27:29] [Render thread/INFO]: [STDERR]: 	at java.base/java.lang.reflect.Method.invoke(Unknown Source)
[2024-06-22 15:27:29.638] [info]  [15:27:29] [Render thread/INFO]: [STDERR]: 	at com.moonsworth.lunar.genesis.IOCOHCCRCOHRICRRHOOICHIHO.RHOCIORRHROCOHOOCRHHRRHCI(Unknown Source)
[2024-06-22 15:27:29.638] [info]  [15:27:29] [Render thread/INFO]: [STDERR]: 	at com.moonsworth.lunar.genesis.Genesis.run(Unknown Source)
[2024-06-22 15:27:29.638] [info]  [15:27:29] [Render thread/INFO]: [STDERR]: 	at com.moonsworth.lunar.genesis.Genesis.main(Unknown Source)
[2024-06-22 15:27:29.639] [info]  [15:27:29] [Render thread/INFO]: [STDERR]: Caused by: java.lang.reflect.InvocationTargetException
[2024-06-22 15:27:29.639] [info]  [15:27:29] [Render thread/INFO]: [STDERR]: 	at java.base/jdk.internal.reflect.DirectMethodHandleAccessor.invoke(Unknown Source)
[2024-06-22 15:27:29.639] [info]  [15:27:29] [Render thread/INFO]: [STDERR]: 	at java.base/java.lang.reflect.Method.invoke(Unknown Source)
[2024-06-22 15:27:29.639] [info]  [15:27:29] [Render thread/INFO]: [STDERR]: 	at com.moonsworth.lunar.genesis.ClientGameBootstrap.apply(Unknown Source)
[2024-06-22 15:27:29.639] [info]  [15:27:29] [Render thread/INFO]: [STDERR]: 	... 5 more
[2024-06-22 15:27:29.640] [info]  [15:27:29] [Render thread/INFO]: [STDERR]: Caused by: com.moonsworth.lunar.ichor.util.FatalIchorError: [Genesis] Failed to apply MIXIN to net.minecraft.client.gui.screens.inventory.AbstractContainerScreen
[2024-06-22 15:27:29.640] [info]  [15:27:29] [Render thread/INFO]: [STDERR]: 	at com.moonsworth.lunar.ichor.IHCRIIIICOROROOCCIHHHHCRI.RHOCIORRHROCOHOOCRHHRRHCI(Unknown Source)
[2024-06-22 15:27:29.640] [info]  [15:27:29] [Render thread/INFO]: [STDERR]: 	at com.moonsworth.lunar.ichor.IHCRIIIICOROROOCCIHHHHCRI.RHOCIORRHROCOHOOCRHHRRHCI(Unknown Source)
[2024-06-22 15:27:29.640] [info]  [15:27:29] [Render thread/INFO]: [STDERR]: 	at com.moonsworth.lunar.ichor.IRCIHCHCCHHOCORRHRCCORROC.RHOCIORRHROCOHOOCRHHRRHCI(Unknown Source)
[2024-06-22 15:27:29.640] [info]  [15:27:29] [Render thread/INFO]: [STDERR]: 	at com.moonsworth.lunar.genesis.CRCIRCHCIOCCIHRCHCHOHICRI.findClass(Unknown Source)
[2024-06-22 15:27:29.641] [info]  [15:27:29] [Render thread/INFO]: [STDERR]: 	at com.moonsworth.lunar.genesis.CRCIRCHCIOCCIHRCHCHOHICRI.loadClass(Unknown Source)
[2024-06-22 15:27:29.641] [info]  [15:27:29] [Render thread/INFO]: [STDERR]: 	at java.base/java.lang.ClassLoader.loadClass(Unknown Source)
[2024-06-22 15:27:29.641] [info]  [15:27:29] [Render thread/INFO]: [STDERR]: 	at java.base/java.lang.ClassLoader.defineClass1(Native Method)
[2024-06-22 15:27:29.641] [info]  [15:27:29] [Render thread/INFO]: [STDERR]: 	at java.base/java.lang.ClassLoader.defineClass(Unknown Source)
[2024-06-22 15:27:29.642] [info]  [15:27:29] [Render thread/INFO]: [STDERR]: 	at java.base/java.lang.ClassLoader.defineClass(Unknown Source)
[2024-06-22 15:27:29.642] [info]  [15:27:29] [Render thread/INFO]: [STDERR]: 	at com.moonsworth.lunar.genesis.CRCIRCHCIOCCIHRCHCHOHICRI.findClass(Unknown Source)
[2024-06-22 15:27:29.642] [info]  [15:27:29] [Render thread/INFO]: [STDERR]: 	at com.moonsworth.lunar.genesis.CRCIRCHCIOCCIHRCHCHOHICRI.loadClass(Unknown Source)
[2024-06-22 15:27:29.643] [info]  [15:27:29] [Render thread/INFO]: [STDERR]: 	at java.base/java.lang.ClassLoader.loadClass(Unknown Source)
[2024-06-22 15:27:29.643] [info]  [15:27:29] [Render thread/INFO]: [STDERR]: 	at java.base/java.lang.ClassLoader.defineClass1(Native Method)
[2024-06-22 15:27:29.643] [info]  [15:27:29] [Render thread/INFO]: [STDERR]: 	at java.base/java.lang.ClassLoader.defineClass(Unknown Source)
[2024-06-22 15:27:29.643] [info]  [15:27:29] [Render thread/INFO]: [STDERR]: 	at java.base/java.lang.ClassLoader.defineClass(Unknown Source)
[2024-06-22 15:27:29.644] [info]  [15:27:29] [Render thread/INFO]: [STDERR]: 	at com.moonsworth.lunar.genesis.CRCIRCHCIOCCIHRCHCHOHICRI.findClass(Unknown Source)
[2024-06-22 15:27:29.644] [info]  [15:27:29] [Render thread/INFO]: [STDERR]: 	at com.moonsworth.lunar.genesis.CRCIRCHCIOCCIHRCHCHOHICRI.loadClass(Unknown Source)
[2024-06-22 15:27:29.644] [info]  [15:27:29] [Render thread/INFO]: [STDERR]: 	at java.base/java.lang.ClassLoader.loadClass(Unknown Source)
[2024-06-22 15:27:29.644] [info]  [15:27:29] [Render thread/INFO]: [STDERR]: 	at Genesis//net.minecraft.client.main.Main.main(SourceFile:220)
[2024-06-22 15:27:29.645] [info]  [15:27:29] [Render thread/INFO]: [STDERR]: 	... 8 more
[2024-06-22 15:27:29.645] [info]  [15:27:29] [Render thread/INFO]: [STDERR]: Caused by: com.moonsworth.lunar.ichor.COCICHIRHCIIORIIHRCOOROHH.RHOCIORRHROCOHOOCRHHRRHCI: Failed to apply Mixins to net.minecraft.client.gui.screens.inventory.AbstractContainerScreen.
[2024-06-22 15:27:29.646] [info]  [15:27:29] [Render thread/INFO]: [STDERR]: 	at IchorClassLoader(MIXIN)//org.spongepowered.asm.mixin.transformer.MixinProxyImpl.transformClassNode(Unknown Source)
[2024-06-22 15:27:29.646] [info]  [15:27:29] [Render thread/INFO]: [STDERR]: 	at com.moonsworth.lunar.ichor.IHCRIIIICOROROOCCIHHHHCRI.RHOCIORRHROCOHOOCRHHRRHCI(Unknown Source)
[2024-06-22 15:27:29.646] [info]  [15:27:29] [Render thread/INFO]: [STDERR]: 	... 26 more
[2024-06-22 15:27:29.647] [info]  [15:27:29] [Render thread/INFO]: [STDERR]: Caused by: org.spongepowered.asm.mixin.transformer.throwables.MixinTransformerError: An unexpected critical error was encountered
[2024-06-22 15:27:29.647] [info]  [15:27:29] [Render thread/INFO]: [STDERR]: 	at IchorClassLoader(MIXIN)//org.spongepowered.asm.mixin.transformer.MixinProcessor.applyMixins(Unknown Source)
[2024-06-22 15:27:29.647] [info]  [15:27:29] [Render thread/INFO]: [STDERR]: 	at IchorClassLoader(MIXIN)//org.spongepowered.asm.mixin.transformer.MixinTransformer.transformClass(Unknown Source)
[2024-06-22 15:27:29.647] [info]  [15:27:29] [Render thread/INFO]: [STDERR]: 	at IchorClassLoader(MIXIN)//org.spongepowered.asm.mixin.transformer.MixinProxyImpl.transformClassNode(Unknown Source)
[2024-06-22 15:27:29.647] [info]  [15:27:29] [Render thread/INFO]: [STDERR]: 	... 27 more
[2024-06-22 15:27:29.648] [info]  [15:27:29] [Render thread/INFO]: [STDERR]: Caused by: org.spongepowered.asm.mixin.injection.throwables.InjectionError: Critical injection failure: Redirector lunar$fireTooltipEvent(Lnet/minecraft/client/gui/GuiGraphics;Lnet/minecraft/client/gui/Font;Ljava/util/List;Ljava/util/Optional;II)V in mixins.modern_lunar_combined.json:HHRIIHHROCICOCHRCICRIOHRH.IOCOHCCRCOHRICRRHOOICHIHO.IOCOHCCRCOHRICRRHOOICHIHO.IOCOHCCRCOHRICRRHOOICHIHO.RHOCIORRHROCOHOOCRHHRRHCI from mod (unknown) failed injection check, (0/1) succeeded. Scanned 1 target(s). No refMap loaded.
[2024-06-22 15:27:29.648] [info]  [15:27:29] [Render thread/INFO]: [STDERR]: 	at IchorClassLoader(MIXIN)//org.spongepowered.asm.mixin.injection.struct.InjectionInfo.postInject(Unknown Source)
[2024-06-22 15:27:29.648] [info]  [15:27:29] [Render thread/INFO]: [STDERR]: 	at IchorClassLoader(MIXIN)//org.spongepowered.asm.mixin.transformer.MixinTargetContext.applyInjections(Unknown Source)
[2024-06-22 15:27:29.648] [info]  [15:27:29] [Render thread/INFO]: [STDERR]: 	at IchorClassLoader(MIXIN)//org.spongepowered.asm.mixin.transformer.MixinApplicatorStandard.applyInjections(Unknown Source)
[2024-06-22 15:27:29.649] [info]  [15:27:29] [Render thread/INFO]: [STDERR]: 	at IchorClassLoader(MIXIN)//org.spongepowered.asm.mixin.transformer.MixinApplicatorStandard.applyMixin(Unknown Source)
[2024-06-22 15:27:29.649] [info]  [15:27:29] [Render thread/INFO]: [STDERR]: 	at IchorClassLoader(MIXIN)//org.spongepowered.asm.mixin.transformer.MixinApplicatorStandard.apply(Unknown Source)
[2024-06-22 15:27:29.649] [info]  [15:27:29] [Render thread/INFO]: [STDERR]: 	at IchorClassLoader(MIXIN)//org.spongepowered.asm.mixin.transformer.TargetClassContext.apply(Unknown Source)
[2024-06-22 15:27:29.649] [info]  [15:27:29] [Render thread/INFO]: [STDERR]: 	at IchorClassLoader(MIXIN)//org.spongepowered.asm.mixin.transformer.TargetClassContext.applyMixins(Unknown Source)
[2024-06-22 15:27:29.649] [info]  [15:27:29] [Render thread/INFO]: [STDERR]: 	at IchorClassLoader(MIXIN)//org.spongepowered.asm.mixin.transformer.MixinProcessor.applyMixins(Unknown Source)
[2024-06-22 15:27:29.650] [info]  [15:27:29] [Render thread/INFO]: [STDERR]: 	... 29 more
[2024-06-22 15:27:29.650] [info]  [15:27:29] [Render thread/INFO]: [STDERR]: Sending Sentry with this report...
[2024-06-22 15:27:29.650] [info]  [15:27:29] [Render thread/INFO]: [STDERR]: Sending event to Sentry: 0e8bedb1eab7469bbef118f666d1dac9 (java.lang.IllegalStateException: Failed to boot Minecraft)
[2024-06-22 15:27:29.650] [info]  [15:27:03] [WARN] [FabricLoader/Resolution]: Warnings were found!
[2024-06-22 15:27:29.650] [info]   - Mod 'Sodium Extra' (sodium-extra) 0.5.1+mc1.20.1-build.112 recommends version 1.4.2 or later of reeses-sodium-options, which is missing!
[2024-06-22 15:27:29.650] [info]  	 - You should install version 1.4.2 or later of reeses-sodium-options for the optimal experience.
[2024-06-22 15:27:29.651] [error] 
[2024-06-22 15:27:29.651] [error] Exception: java.lang.NoClassDefFoundError thrown from the UncaughtExceptionHandler in thread "Client Shutdown Thread"
