[2024-06-22 15:35:37.484] [error] NOTE: Picked up JDK_JAVA_OPTIONS: -XX:+DisableAttachMechanism
[2024-06-22 15:35:37.488] [error] Picked up JAVA_TOOL_OPTIONS: -XX:+DisableAttachMechanism
[2024-06-22 15:35:37.488] [error] Picked up _JAVA_OPTIONS: -XX:+DisableAttachMechanism
[2024-06-22 15:35:37.690] [info]  [15:35:37] [Genesis
[2024-06-22 15:35:37.691] [info]  /main/INFO] Found external file: Fabric-API-v1_20_1-0.90.7.jar
[2024-06-22 15:35:37.694] [info]  [15:35:37] [Genesis/main/
[2024-06-22 15:35:37.694] [info]  INFO] Found external file: FerriteCore-v1_20_1-6.0.0.jar
[2024-06-22 15:35:37.695] [info]  [15:35:37] [Genesis/main/INFO] Found external file: Lithium-v1_20_1-0.11.2.jar
[2024-06-22 15:35:37.695] [info]  [15:35:37] [Genesis/main/INFO] Found external file: Noxesium-v1_20_1-1.0.3.jar
[2024-06-22 15:35:37.695] [info]  [15:35:37] [Genesis/main/INFO] Found external file: Noxesium_API-v1_20_1-1.0.3.jar
[2024-06-22 15:35:37.696] [info]  [15:35:37] [Genesis/main/INFO
[2024-06-22 15:35:37.696] [info]  ] Found external file: ReplayMod-v1_20_1-2.6.14.jar
[2024-06-22 15:35:37.696] [info]  [15:35:37] [Genesis/main/INFO] Found external file: Sodium-v1_20_1-0.5.8.jar
[2024-06-22 15:35:37.696] [info]  [15:35:37] [Genesis/main/INFO] Found external file: Indium-v1_20_1-1.0.30.jar
[2024-06-22 15:35:37.697] [info]  [15:35:37] [Genesis/main/INFO] Found external file: Iris-v1_20_1-1.6.17.jar
[2024-06-22 15:35:37.697] [info]  [15:35:37] [Genesis/main/INFO] Found external file: hypixel-quickplay-data.json
[2024-06-22 15:35:37.697] [info]  [15:35:37
[2024-06-22 15:35:37.698] [info]  ] [Genesis/main/INFO] Found external file: hypixel-bedwars-data.json
[2024-06-22 15:35:37.698] [info]  [15:35:37] [Genesis/main/INFO] Found external file: hypixel-skyblock-dungeon-rooms.json
[2024-06-22 15:35:37.746] [info]  [15:35:37] [Genesis/main/INFO] Found classpath URL: common-0.1.0-SNAPSHOT-all.jar with SHA-1 hash d55f1b0ac13c8a0e4adc1d3072d23059c44d26b8
[2024-06-22 15:35:37.747] [info]  [15:35:37] [Genesis
[2024-06-22 15:35:37.747] [info]  /main/INFO] Found classpath URL: lunar-fabric-mixins-0.1.0-SNAPSHOT-all.jar with SHA-1 hash 500ac97175fa953c59c311a3387b0d6c72cf5dba
[2024-06-22 15:35:37.759] [info]  [15:35:37] [Genesis/main/INFO] Found classpath URL: genesis-0.1.0-SNAPSHOT-all.jar with SHA-1 hash 444937f4ede76553b24bff14153b5d9e35687eb2
[2024-06-22 15:35:37.760] [info]  [15:35:37
[2024-06-22 15:35:37.760] [info]  ] [Genesis/main/INFO] Found classpath URL: lunar-lang.jar with SHA-1 hash 32a7e666acdc5ff9de8ce454b9390b6bd2bc9177
[2024-06-22 15:35:37.761] [info]  [15:35:37] [Genesis/
[2024-06-22 15:35:37.761] [info]  main/INFO] Found classpath URL: lunar-emote.jar with SHA-1 hash b04f3ee8f5e43fa3b162981b50bb72fe1acabb33
[2024-06-22 15:35:37.794] [info]  [15:35:37] [Genesis/main/INFO] Found classpath URL: lunar.jar with SHA-1 hash 7ae8b4c716d4afeeca6354f3a4b2bb4f5302869a
[2024-06-22 15:35:37.807] [info]  [15:35:37] [Genesis/main/INFO] Found classpath URL: modern-0.1.0-SNAPSHOT-all.jar with SHA-1 hash 1b16b6bc92071b52ebc358659a8f371324df0a45
[2024-06-22 15:35:37.807] [info]  [15:35:37] [Genesis/main/INFO] Found classpath URL: lunar-ferrite-mixins-0.1.0-SNAPSHOT-all.jar with SHA-1 hash 557af8afbc5a3a2dd1082d6c1d89d0924d9148a7
[2024-06-22 15:35:37.808] [info]  [15:35:37] [Genesis/main/INFO] Found classpath URL: lunar-lithium-mixins-0.1.0-SNAPSHOT-all.jar with SHA-1 hash 6bddb75b7b546461fe3906061ed6b69c96459fc2
[2024-06-22 15:35:37.809] [info]  [15:35:37] [
[2024-06-22 15:35:37.809] [info]  Genesis/main/INFO] Found classpath URL: lunar-noxesium-mixins-0.1.0-SNAPSHOT-all.jar with SHA-1 hash 9ef6225eb7368f6fa9728dd8d086f284b70e6e95
[2024-06-22 15:35:37.810] [info]  [15:35:37
[2024-06-22 15:35:37.810] [info]  ] [Genesis/main/INFO] Found classpath URL: lunar-replaymod-fabric-mixins-0.1.0-SNAPSHOT-all.jar with SHA-1 hash d597c36d0c2ff4f04ca99579bbfe849ed80f8dbd
[2024-06-22 15:35:37.812] [info]  [15:35:37
[2024-06-22 15:35:37.812] [info]  ] [Genesis/main/INFO] Found classpath URL: lunar-sodium-mixins-0.1.0-SNAPSHOT-all.jar with SHA-1 hash e5611315574ee949cf2389d5c899eca8eef9c8a3
[2024-06-22 15:35:38.487] [info]  [15:35:38] [Genesis/main
[2024-06-22 15:35:38.488] [info]  /INFO] Adding pre-launch library to game classpath: .\.ichor\ichormodule-libs\net_fabricmc_fabric_loader_0_15_11-lunar-0.1.0.jar
[2024-06-22 15:35:38.568] [info]  [15:35:38] [Genesis/GameBootstrap/main/INFO] Launching Minecraft 1.20.1 v1_20_1 (parsed from 1.20.1)
[2024-06-22 15:35:39.435] [info]  [15:35:39] [Ichor+Fabric/main/INFO] Using custom local mod path: C:\Users\Asus\.lunarclient\profiles\35533a66-fbe4-4c9e-b96c-b47d7554e254\versions\0.0.4\mods
[2024-06-22 15:35:40.651] [info]  LUNARCLIENT_STATUS_PREINIT
[2024-06-22 15:35:40.651] [info]  [15:35:40] [
[2024-06-22 15:35:40.652] [info]  Genesis/GameBootstrap/main/INFO] Starting game!
[2024-06-22 15:35:41.054] [info]  [15:35:41] [IchorPipeline/main/INFO] Built mapping set for com.moonsworth.lunar.ichor.CRCIRCHCIOCCIHRCHCHOHICRI.RHOCIORRHROCOHOOCRHHRRHCI.IHCRIIIICOROROOCCIHHHHCRI.RHCRCHHICCCIIHIIIHIIRROOO 292ms on thread main
[2024-06-22 15:35:41.315] [info]  [15:35:41] [IchorPipeline/main/INFO] Loading Mixin runtime for META_MIXIN
[2024-06-22 15:35:41.556] [info]  [15:35:41] [Ichor/mixin(META_MIXIN)/INFO] SpongePowered MIXIN Subsystem Version=0.8.5 Source=Unknown Service=Ichor Env=CLIENT
[2024-06-22 15:35:42.501] [info]  [15:35:42] [IchorPipeline/main/INFO] Loading Mixin runtime for MIXIN
[2024-06-22 15:35:42.930] [info]  [15:35:42] [Ichor/mixin(MIXIN)/INFO] SpongePowered MIXIN Subsystem Version=0.8.5 Source=Unknown Service=Ichor Env=CLIENT
[2024-06-22 15:35:43.449] [info]  [15:35:43] [IchorPipeline/main/INFO] Done loading Mixin runtimes in 2135ms
[2024-06-22 15:35:43.450] [info]  [15:35:43] [IchorPipeline/main/INFO] Setting up mixins for META_MIXIN
[2024-06-22 15:35:43.555] [info]  [15:35:43] [IchorPipeline/main/INFO] Setting up mixins for MIXIN
[2024-06-22 15:35:43.556] [info]  [15:35:43] [Ichor/main
[2024-06-22 15:35:43.557] [info]  /INFO] Mixin config mixins.modern.json doesn't exist in IchorClassLoader(MIXIN)
[2024-06-22 15:35:43.557] [info]  [15:35:43] [Ichor/main/INFO] Mixin config mixins.modern_lunar.json doesn't exist in IchorClassLoader(MIXIN)
[2024-06-22 15:35:43.845] [info]  [15:35:43] [IchorPipeline/main/INFO] Done registering Mixins in 395ms
[2024-06-22 15:35:43.846] [info]  [15:35:43] [IchorPipeline/main/INFO] Going to default mixins stage for META_MIXIN
[2024-06-22 15:35:44.538] [info]  [15:35:44] [IchorPipeline/main/INFO] Going to default mixins stage for MIXIN
[2024-06-22 15:35:44.554] [info]  [15:35:44] [Ichor/MixinExtras|Service(META_MIXIN)/INFO] Initializing MixinExtras via com.llamalad7.mixinextras.service.MixinExtrasServiceImpl(version=0.3.5).
[2024-06-22 15:35:46.060] [info]  [15:35:46] [main/INFO]: Loaded configuration file for Lithium: 115 options available, 2 override(s) found
[2024-06-22 15:35:46.161] [info]  [15:35:46] [main/INFO]: Loaded configuration file for Sodium: 41 options available, 3 override(s) found
[2024-06-22 15:35:46.223] [info]  [15:35:46] [main/INFO]: Loaded configuration file for Sodium Extra: 32 options available, 0 override(s) found
[2024-06-22 15:35:51.550] [info]  [15:35:51] [Ichor/mixin(MIXIN)/WARN] Catching java.lang.ClassNotFoundException: IchorClassLoader(MIXIN) couldn't find class bytes for net/optifine/render/ChunkVisibility (checked [net.optifine.render.ChunkVisibility]).
[2024-06-22 15:35:51.550] [info]  [15:35:51] [Ichor/mixin(MIXIN)/WARN] Error loading class: net/optifine/render/ChunkVisibility (java.lang.ClassNotFoundException: IchorClassLoader(MIXIN) couldn't find class bytes for net/optifine/render/ChunkVisibility (checked [net.optifine.render.ChunkVisibility]).)
[2024-06-22 15:35:51.550] [info]  [15:35:51] [Ichor/mixin(MIXIN)/WARN] Catching java.lang.ClassNotFoundException: IchorClassLoader(MIXIN) couldn't find class bytes for shadersmod/client/ShadersRender (checked [shadersmod.client.ShadersRender]).
[2024-06-22 15:35:51.551] [info]  [15:35:51] [Ichor/mixin(MIXIN)/WARN] Error loading class: shadersmod/client/ShadersRender (java.lang.ClassNotFoundException: IchorClassLoader(MIXIN) couldn't find class bytes for shadersmod/client/ShadersRender (checked [shadersmod.client.ShadersRender]).)
[2024-06-22 15:35:51.551] [info]  [15:35:51] [Ichor/mixin(MIXIN)/WARN] Catching java.lang.ClassNotFoundException: IchorClassLoader(MIXIN) couldn't find class bytes for net/optifine/shaders/ShadersRender (checked [net.optifine.shaders.ShadersRender]).
[2024-06-22 15:35:51.551] [info]  [15:35:51] [Ichor/mixin(MIXIN)/WARN] Error loading class: net/optifine/shaders/ShadersRender (java.lang.ClassNotFoundException: IchorClassLoader(MIXIN) couldn't find class bytes for net/optifine/shaders/ShadersRender (checked [net.optifine.shaders.ShadersRender]).)
[2024-06-22 15:35:53.529] [info]  [15:35:53] [main/WARN]: Force-disabling mixin 'alloc.blockstate.StateMixin' as rule 'mixin.alloc.blockstate' (added by mods [ferritecore]) disables it and children
[2024-06-22 15:35:53.832] [info]  [15:35:53] [main/WARN]: Force-disabling mixin 'world.player_chunk_tick.ThreadedAnvilChunkStorageMixin' as rule 'mixin.world.player_chunk_tick' (added by mods [krypton]) disables it and children
[2024-06-22 15:35:54.259] [info]  [15:35:54] [main/WARN]: Force-disabling mixin 'features.render.entity.CuboidMixin' as rule 'mixin.features.render.entity' (added by mods [iris]) disables it and children
[2024-06-22 15:35:54.262] [info]  [15:35:54] [main/WARN]: Force-disabling mixin 'features.render.entity.ModelPartMixin' as rule 'mixin.features.render.entity' (added by mods [iris]) disables it and children
[2024-06-22 15:35:54.263] [info]  [15:35:54] [main/WARN]: Force-disabling mixin 'features.render.entity.cull.EntityRendererMixin' as rule 'mixin.features.render.entity' (added by mods [iris]) disables it and children
[2024-06-22 15:35:54.265] [info]  [15:35:54] [main/WARN]: Force-disabling mixin 'features.render.entity.shadows.EntityRenderDispatcherMixin' as rule 'mixin.features.render.entity' (added by mods [iris]) disables it and children
[2024-06-22 15:35:54.267] [info]  [15:35:54] [main/WARN]: Force-disabling mixin 'features.render.gui.font.GlyphRendererMixin' as rule 'mixin.features.render.gui.font' (added by mods [iris]) disables it and children
[2024-06-22 15:35:54.288] [info]  [15:35:54] [main/WARN]: Force-disabling mixin 'features.render.world.sky.BackgroundRendererMixin' as rule 'mixin.features.render.world.sky' (added by mods [iris]) disables it and children
[2024-06-22 15:35:54.289] [info]  [15:35:54] [main/WARN]: Force-disabling mixin 'features.render.world.sky.ClientWorldMixin' as rule 'mixin.features.render.world.sky' (added by mods [iris]) disables it and children
[2024-06-22 15:35:54.290] [info]  [15:35:54] [main/WARN]: Force-disabling mixin 'features.render.world.sky.WorldRendererMixin' as rule 'mixin.features.render.world.sky' (added by mods [iris]) disables it and children
[2024-06-22 15:35:54.580] [info]  [15:35:54] [Ichor/mixin(MIXIN)/WARN] Catching java.lang.ClassNotFoundException: IchorClassLoader(MIXIN) couldn't find class bytes for me/jellysquid/mods/sodium/client/compatibility/workarounds/nvidia/NvidiaWorkarounds (checked [me.jellysquid.mods.sodium.client.compatibility.workarounds.nvidia.NvidiaWorkarounds]).
[2024-06-22 15:35:54.581] [info]  [15:35:54] [Ichor/mixin(MIXIN)/WARN] Error loading class: me/jellysquid/mods/sodium/client/compatibility/workarounds/nvidia/NvidiaWorkarounds (java.lang.ClassNotFoundException: IchorClassLoader(MIXIN) couldn't find class bytes for me/jellysquid/mods/sodium/client/compatibility/workarounds/nvidia/NvidiaWorkarounds (checked [me.jellysquid.mods.sodium.client.compatibility.workarounds.nvidia.NvidiaWorkarounds]).)
[2024-06-22 15:35:54.581] [info]  [15:35:54] [Ichor/mixin(MIXIN)/WARN] @Mixin target me.jellysquid.mods.sodium.client.compatibility.workarounds.nvidia.NvidiaWorkarounds was not found mixins.ichor.sodium.v1_20_1.json:IIIICORICOICIRRHCHIIHROIC from mod (unknown)
[2024-06-22 15:35:54.586] [info]  [15:35:54] [main/INFO]: [MemoryLeakFix] Will be applying 3 memory leak fixes!
[2024-06-22 15:35:54.587] [info]  [15:35:54] [main/INFO]: [MemoryLeakFix] Currently enabled memory leak fixes: [targetEntityLeak, biomeTemperatureLeak, hugeScreenshotLeak]
[2024-06-22 15:35:54.895] [info]  [15:35:54] [IchorPipeline/main/INFO] Mixin runtimes prepared in 11050ms
[2024-06-22 15:35:54.895] [info]  [15:35:54] [IchorPipeline/main/INFO] Initialized Mixin in 13580ms
[2024-06-22 15:35:54.899] [info]  [15:35:54] [Ichor/MixinExtras|Service(MIXIN)/INFO] Initializing MixinExtras via com.llamalad7.mixinextras.service.MixinExtrasServiceImpl(version=0.3.5).
[2024-06-22 15:35:55.833] [info]  [Bridge] Setting Bridge Implementation to com.moonsworth.lunar.IIIICORICOICIRRHCHIIHROIC.IOCOHCCRCOHRICRRHOOICHIHO
[2024-06-22 15:35:57.241] [info]  [Bridge] Found textures dir: C:\Users\Asus\.lunarclient\textures
[2024-06-22 15:35:57.263] [info]  Completely ignored arguments: [--workingDirectory, ., --webosrDir, C:\Users\Asus\.lunarclient\offline\multiver\natives, --classpathDir, ., --ichorExternalFiles, Fabric-API-v1_20_1-0.90.7.jar,FerriteCore-v1_20_1-6.0.0.jar,Lithium-v1_20_1-0.11.2.jar,Noxesium-v1_20_1-1.0.3.jar,Noxesium_API-v1_20_1-1.0.3.jar,ReplayMod-v1_20_1-2.6.14.jar,Sodium-v1_20_1-0.5.8.jar,Indium-v1_20_1-1.0.30.jar,Iris-v1_20_1-1.6.17.jar,hypixel-quickplay-data.json,hypixel-bedwars-data.json,hypixel-skyblock-dungeon-rooms.json, --ichorClassPath, common-0.1.0-SNAPSHOT-all.jar,lunar-fabric-mixins-0.1.0-SNAPSHOT-all.jar,genesis-0.1.0-SNAPSHOT-all.jar,lunar-lang.jar,lunar-emote.jar,lunar.jar,modern-0.1.0-SNAPSHOT-all.jar,lunar-ferrite-mixins-0.1.0-SNAPSHOT-all.jar,lunar-lithium-mixins-0.1.0-SNAPSHOT-all.jar,lunar-noxesium-mixins-0.1.0-SNAPSHOT-all.jar,lunar-replaymod-fabric-mixins-0.1.0-SNAPSHOT-all.jar,lunar-sodium-mixins-0.1.0-SNAPSHOT-all.jar, --uiDir, C:\Users\Asus\.lunarclient\ui]
[2024-06-22 15:36:03.497] [info]  [15:36:03] [Datafixer Bootstrap/INFO]: 188 Datafixer optimizations took 116 milliseconds
[2024-06-22 15:36:06.245] [info]  [15:36:06] [Ichor/mixin(MIXIN)/WARN] @Redirect conflict. Skipping mixins.modern_lunar_combined.json:HHRIIHHROCICOCHRCICRIOHRH.IOCOHCCRCOHRICRRHOOICHIHO.IOCOHCCRCOHRICRRHOOICHIHO.IOCOHCCRCOHRICRRHOOICHIHO.RHOCIORRHROCOHOOCRHHRRHCI from mod (unknown)->@Redirect::lunar$fireTooltipEvent(Lnet/minecraft/client/gui/GuiGraphics;Lnet/minecraft/client/gui/Font;Ljava/util/List;Ljava/util/Optional;II)V with priority 200, already redirected by shulkerboxtooltip-fabric.mixins.json:client.fabric.HandledScreenMixin from mod (unknown)->@Redirect::lockTooltipPosition(Lnet/minecraft/client/gui/GuiGraphics;Lnet/minecraft/client/gui/Font;Ljava/util/List;Ljava/util/Optional;II)V with priority 1000
[2024-06-22 15:36:06.246] [info]  [15:36:06] [IchorPipeline/Render thread/INFO] 
[2024-06-22 15:36:06.246] [info]  Restoring net.minecraft.client.gui.screens.inventory.AbstractContainerScreen to backup before Mixin application
[2024-06-22 15:36:06.247] [info]  [15:36:06] [Render thread/INFO]: [STDERR]: org.spongepowered.asm.mixin.transformer.throwables.MixinTransformerError: An unexpected critical error was encountered
[2024-06-22 15:36:06.247] [info]  [15:36:06] [Render thread/INFO]: [STDERR]: 	at IchorClassLoader(MIXIN)//org.spongepowered.asm.mixin.transformer.MixinProcessor.applyMixins(Unknown Source)
[2024-06-22 15:36:06.247] [info]  [15:36:06] [Render thread/INFO]: [STDERR]: 	at IchorClassLoader(MIXIN)//org.spongepowered.asm.mixin.transformer.MixinTransformer.transformClass(Unknown Source)
[2024-06-22 15:36:06.248] [info]  [15:36:06] [Render thread/INFO]: [STDERR]: 	at IchorClassLoader(MIXIN)//org.spongepowered.asm.mixin.transformer.MixinProxyImpl.transformClassNode(Unknown Source)
[2024-06-22 15:36:06.248] [info]  [15:36:06] [Render thread/INFO]: [STDERR]: 	at com.moonsworth.lunar.ichor.IHCRIIIICOROROOCCIHHHHCRI.RHOCIORRHROCOHOOCRHHRRHCI(Unknown Source)
[2024-06-22 15:36:06.248] [info]  [15:36:06] [Render thread/INFO]: [STDERR]: 	at com.moonsworth.lunar.ichor.IHCRIIIICOROROOCCIHHHHCRI.RHOCIORRHROCOHOOCRHHRRHCI(Unknown Source)
[2024-06-22 15:36:06.249] [info]  [15:36:06] [Render thread/INFO]: [STDERR]: 	at com.moonsworth.lunar.ichor.IRCIHCHCCHHOCORRHRCCORROC.RHOCIORRHROCOHOOCRHHRRHCI(Unknown Source)
[2024-06-22 15:36:06.249] [info]  [15:36:06] [Render thread/INFO]: [STDERR]: 	at com.moonsworth.lunar.genesis.CRCIRCHCIOCCIHRCHCHOHICRI.findClass(Unknown Source)
[2024-06-22 15:36:06.249] [info]  [15:36:06] [Render thread/INFO]: [STDERR]: 	at com.moonsworth.lunar.genesis.CRCIRCHCIOCCIHRCHCHOHICRI.loadClass(Unknown Source)
[2024-06-22 15:36:06.249] [info]  [15:36:06] [Render thread/INFO]: [STDERR]: 	at java.base/java.lang.ClassLoader.loadClass(Unknown Source)
[2024-06-22 15:36:06.250] [info]  [15:36:06] [Render thread/INFO]: [STDERR]: 	at java.base/java.lang.ClassLoader.defineClass1(Native Method)
[2024-06-22 15:36:06.250] [info]  [15:36:06] [Render thread/INFO]: [STDERR]: 	at java.base/java.lang.ClassLoader.defineClass(Unknown Source)
[2024-06-22 15:36:06.250] [info]  [15:36:06] [Render thread/INFO]: [STDERR]: 	at java.base/java.lang.ClassLoader.defineClass(Unknown Source)
[2024-06-22 15:36:06.250] [info]  [15:36:06] [Render thread/INFO]: [STDERR]: 	at com.moonsworth.lunar.genesis.CRCIRCHCIOCCIHRCHCHOHICRI.findClass(Unknown Source)
[2024-06-22 15:36:06.251] [info]  [15:36:06] [Render thread/INFO]: [STDERR]: 	at com.moonsworth.lunar.genesis.CRCIRCHCIOCCIHRCHCHOHICRI.loadClass(Unknown Source)
[2024-06-22 15:36:06.251] [info]  [15:36:06] [Render thread/INFO]: [STDERR]: 	at java.base/java.lang.ClassLoader.loadClass(Unknown Source)
[2024-06-22 15:36:06.251] [info]  [15:36:06] [Render thread/INFO]: [STDERR]: 	at java.base/java.lang.ClassLoader.defineClass1(Native Method)
[2024-06-22 15:36:06.251] [info]  [15:36:06] [Render thread/INFO]: [STDERR]: 	at java.base/java.lang.ClassLoader.defineClass(Unknown Source)
[2024-06-22 15:36:06.252] [info]  [15:36:06] [Render thread/INFO]: [STDERR]: 	at java.base/java.lang.ClassLoader.defineClass(Unknown Source)
[2024-06-22 15:36:06.252] [info]  [15:36:06] [Render thread/INFO]: [STDERR]: 	at com.moonsworth.lunar.genesis.CRCIRCHCIOCCIHRCHCHOHICRI.findClass(Unknown Source)
[2024-06-22 15:36:06.253] [info]  [15:36:06] [Render thread/INFO]: [STDERR]: 	at com.moonsworth.lunar.genesis.CRCIRCHCIOCCIHRCHCHOHICRI.loadClass(Unknown Source)
[2024-06-22 15:36:06.253] [info]  [15:36:06] [Render thread/INFO]: [STDERR]: 	at java.base/java.lang.ClassLoader.loadClass(Unknown Source)
[2024-06-22 15:36:06.253] [info]  [15:36:06] [Render thread/INFO]: [STDERR]: 	at Genesis//net.minecraft.client.main.Main.redirect$zbd000$impl$main$minecraft(SourceFile:656)
[2024-06-22 15:36:06.253] [info]  [15:36:06] [Render thread/INFO]: [STDERR]: 	at Genesis//net.minecraft.client.main.Main.main(SourceFile:211)
[2024-06-22 15:36:06.254] [info]  [15:36:06] [Render thread/INFO]: [STDERR]: 	at java.base/jdk.internal.reflect.DirectMethodHandleAccessor.invoke(Unknown Source)
[2024-06-22 15:36:06.254] [info]  [15:36:06] [Render thread/INFO]: [STDERR]: 	at java.base/java.lang.reflect.Method.invoke(Unknown Source)
[2024-06-22 15:36:06.254] [info]  [15:36:06] [Render thread/INFO]: [STDERR]: 	at com.moonsworth.lunar.genesis.ClientGameBootstrap.apply(Unknown Source)
[2024-06-22 15:36:06.254] [info]  [15:36:06] [Render thread/INFO]: [STDERR]: 	at java.base/jdk.internal.reflect.DirectMethodHandleAccessor.invoke(Unknown Source)
[2024-06-22 15:36:06.255] [info]  [15:36:06] [Render thread/INFO]: [STDERR]: 	at java.base/java.lang.reflect.Method.invoke(Unknown Source)
[2024-06-22 15:36:06.255] [info]  [15:36:06] [Render thread/INFO]: [STDERR]: 	at com.moonsworth.lunar.genesis.IOCOHCCRCOHRICRRHOOICHIHO.RHOCIORRHROCOHOOCRHHRRHCI(Unknown Source)
[2024-06-22 15:36:06.255] [info]  [15:36:06] [Render thread/INFO]: [STDERR]: 	at com.moonsworth.lunar.genesis.Genesis.run(Unknown Source)
[2024-06-22 15:36:06.255] [info]  [15:36:06] [Render thread/INFO]: [STDERR]: 	at com.moonsworth.lunar.genesis.Genesis.main(Unknown Source)
[2024-06-22 15:36:06.256] [info]  [15:36:06] [Render thread/INFO]: [STDERR]: Caused by: org.spongepowered.asm.mixin.injection.throwables.InjectionError: Critical injection failure: Redirector lunar$fireTooltipEvent(Lnet/minecraft/client/gui/GuiGraphics;Lnet/minecraft/client/gui/Font;Ljava/util/List;Ljava/util/Optional;II)V in mixins.modern_lunar_combined.json:HHRIIHHROCICOCHRCICRIOHRH.IOCOHCCRCOHRICRRHOOICHIHO.IOCOHCCRCOHRICRRHOOICHIHO.IOCOHCCRCOHRICRRHOOICHIHO.RHOCIORRHROCOHOOCRHHRRHCI from mod (unknown) failed injection check, (0/1) succeeded. Scanned 1 target(s). No refMap loaded.
[2024-06-22 15:36:06.256] [info]  [15:36:06] [Render thread/INFO]: [STDERR]: 	at IchorClassLoader(MIXIN)//org.spongepowered.asm.mixin.injection.struct.InjectionInfo.postInject(Unknown Source)
[2024-06-22 15:36:06.256] [info]  [15:36:06] [Render thread/INFO]: [STDERR]: 	at IchorClassLoader(MIXIN)//org.spongepowered.asm.mixin.transformer.MixinTargetContext.applyInjections(Unknown Source)
[2024-06-22 15:36:06.257] [info]  [15:36:06] [Render thread/INFO]: [STDERR]: 	at IchorClassLoader(MIXIN)//org.spongepowered.asm.mixin.transformer.MixinApplicatorStandard.applyInjections(Unknown Source)
[2024-06-22 15:36:06.257] [info]  [15:36:06] [Render thread/INFO]: [STDERR]: 	at IchorClassLoader(MIXIN)//org.spongepowered.asm.mixin.transformer.MixinApplicatorStandard.applyMixin(Unknown Source)
[2024-06-22 15:36:06.257] [info]  [15:36:06] [Render thread/INFO]: [STDERR]: 	at IchorClassLoader(MIXIN)//org.spongepowered.asm.mixin.transformer.MixinApplicatorStandard.apply(Unknown Source)
[2024-06-22 15:36:06.257] [info]  [15:36:06] [Render thread/INFO]: [STDERR]: 	at IchorClassLoader(MIXIN)//org.spongepowered.asm.mixin.transformer.TargetClassContext.apply(Unknown Source)
[2024-06-22 15:36:06.258] [info]  [15:36:06] [Render thread/INFO]: [STDERR]: 	at IchorClassLoader(MIXIN)//org.spongepowered.asm.mixin.transformer.TargetClassContext.applyMixins(Unknown Source)
[2024-06-22 15:36:06.258] [info]  [15:36:06] [Render thread/INFO]: [STDERR]: 	at IchorClassLoader(MIXIN)//org.spongepowered.asm.mixin.transformer.MixinProcessor.applyMixins(Unknown Source)
[2024-06-22 15:36:06.258] [info]  [15:36:06] [Render thread/INFO]: [STDERR]: 	... 30 more
[2024-06-22 15:36:07.191] [info]  [15:36:07] [Ichor/mixin(MIXIN)/WARN] @Redirect conflict. Skipping mixins.modern_lunar_combined.json:HHRIIHHROCICOCHRCICRIOHRH.IOCOHCCRCOHRICRRHOOICHIHO.IOCOHCCRCOHRICRRHOOICHIHO.IOCOHCCRCOHRICRRHOOICHIHO.RHOCIORRHROCOHOOCRHHRRHCI from mod (unknown)->@Redirect::lunar$fireTooltipEvent(Lnet/minecraft/client/gui/GuiGraphics;Lnet/minecraft/client/gui/Font;Ljava/util/List;Ljava/util/Optional;II)V with priority 200, already redirected by shulkerboxtooltip-fabric.mixins.json:client.fabric.HandledScreenMixin from mod (unknown)->@Redirect::lockTooltipPosition(Lnet/minecraft/client/gui/GuiGraphics;Lnet/minecraft/client/gui/Font;Ljava/util/List;Ljava/util/Optional;II)V with priority 1000
[2024-06-22 15:36:07.192] [info]  [15:36:07] [IchorPipeline/Render thread/INFO] Restoring net.minecraft.client.gui.screens.inventory.AbstractContainerScreen to backup before Mixin application
[2024-06-22 15:36:07.192] [info]  [15:36:07] [Render thread/INFO]: [STDERR]: org.spongepowered.asm.mixin.transformer.throwables.MixinTransformerError: An unexpected critical error was encountered
[2024-06-22 15:36:07.193] [info]  [15:36:07] [Render thread/INFO]: [STDERR]: 	at IchorClassLoader(MIXIN)//org.spongepowered.asm.mixin.transformer.MixinProcessor.applyMixins(Unknown Source)
[2024-06-22 15:36:07.193] [info]  [15:36:07] [Render thread/INFO]: [STDERR]: 	at IchorClassLoader(MIXIN)//org.spongepowered.asm.mixin.transformer.MixinTransformer.transformClass(Unknown Source)
[2024-06-22 15:36:07.193] [info]  [15:36:07] [Render thread/INFO]: [STDERR]: 	at IchorClassLoader(MIXIN)//org.spongepowered.asm.mixin.transformer.MixinProxyImpl.transformClassNode(Unknown Source)
[2024-06-22 15:36:07.194] [info]  [15:36:07] [Render thread/INFO]: [STDERR]: 	at com.moonsworth.lunar.ichor.IHCRIIIICOROROOCCIHHHHCRI.RHOCIORRHROCOHOOCRHHRRHCI(Unknown Source)
[2024-06-22 15:36:07.194] [info]  [15:36:07] [Render thread/INFO]: [STDERR]: 	at com.moonsworth.lunar.ichor.IHCRIIIICOROROOCCIHHHHCRI.RHOCIORRHROCOHOOCRHHRRHCI(Unknown Source)
[2024-06-22 15:36:07.194] [info]  [15:36:07] [Render thread/INFO]: [STDERR]: 	at com.moonsworth.lunar.ichor.IRCIHCHCCHHOCORRHRCCORROC.RHOCIORRHROCOHOOCRHHRRHCI(Unknown Source)
[2024-06-22 15:36:07.195] [info]  [15:36:07] [Render thread/INFO]: [STDERR]: 	at com.moonsworth.lunar.genesis.CRCIRCHCIOCCIHRCHCHOHICRI.findClass(Unknown Source)
[2024-06-22 15:36:07.195] [info]  [15:36:07] [Render thread/INFO]: [STDERR]: 	at com.moonsworth.lunar.genesis.CRCIRCHCIOCCIHRCHCHOHICRI.loadClass(Unknown Source)
[2024-06-22 15:36:07.195] [info]  [15:36:07] [Render thread/INFO]: [STDERR]: 	at java.base/java.lang.ClassLoader.loadClass(Unknown Source)
[2024-06-22 15:36:07.195] [info]  [15:36:07] [Render thread/INFO]: [STDERR]: 	at java.base/java.lang.ClassLoader.defineClass1(Native Method)
[2024-06-22 15:36:07.196] [info]  [15:36:07] [Render thread/INFO]: [STDERR]: 	at java.base/java.lang.ClassLoader.defineClass(Unknown Source)
[2024-06-22 15:36:07.196] [info]  [15:36:07] [Render thread/INFO]: [STDERR]: 	at java.base/java.lang.ClassLoader.defineClass(Unknown Source)
[2024-06-22 15:36:07.196] [info]  [15:36:07] [Render thread/INFO]: [STDERR]: 	at com.moonsworth.lunar.genesis.CRCIRCHCIOCCIHRCHCHOHICRI.findClass(Unknown Source)
[2024-06-22 15:36:07.196] [info]  [15:36:07] [Render thread/INFO]: [STDERR]: 	at com.moonsworth.lunar.genesis.CRCIRCHCIOCCIHRCHCHOHICRI.loadClass(Unknown Source)
[2024-06-22 15:36:07.196] [info]  [15:36:07] [Render thread/INFO]: [STDERR]: 	at java.base/java.lang.ClassLoader.loadClass(Unknown Source)
[2024-06-22 15:36:07.197] [info]  [15:36:07] [Render thread/INFO]: [STDERR]: 	at java.base/java.lang.ClassLoader.defineClass1(Native Method)
[2024-06-22 15:36:07.197] [info]  [15:36:07] [Render thread/INFO]: [STDERR]: 	at java.base/java.lang.ClassLoader.defineClass(Unknown Source)
[2024-06-22 15:36:07.197] [info]  [15:36:07] [Render thread/INFO]: [STDERR]: 	at java.base/java.lang.ClassLoader.defineClass(Unknown Source)
[2024-06-22 15:36:07.197] [info]  [15:36:07] [Render thread/INFO]: [STDERR]: 	at com.moonsworth.lunar.genesis.CRCIRCHCIOCCIHRCHCHOHICRI.findClass(Unknown Source)
[2024-06-22 15:36:07.197] [info]  [15:36:07] [Render thread/INFO]: [STDERR]: 	at com.moonsworth.lunar.genesis.CRCIRCHCIOCCIHRCHCHOHICRI.loadClass(Unknown Source)
[2024-06-22 15:36:07.198] [info]  [15:36:07] [Render thread/INFO]: [STDERR]: 	at java.base/java.lang.ClassLoader.loadClass(Unknown Source)
[2024-06-22 15:36:07.198] [info]  [15:36:07] [Render thread/INFO]: [STDERR]: 	at Genesis//net.minecraft.client.main.Main.main(SourceFile:220)
[2024-06-22 15:36:07.198] [info]  [15:36:07] [Render thread/INFO]: [STDERR]: 	at java.base/jdk.internal.reflect.DirectMethodHandleAccessor.invoke(Unknown Source)
[2024-06-22 15:36:07.198] [info]  [15:36:07] [Render thread/INFO]: [STDERR]: 	at java.base/java.lang.reflect.Method.invoke(Unknown Source)
[2024-06-22 15:36:07.198] [info]  [15:36:07] [Render thread/INFO]: [STDERR]: 	at com.moonsworth.lunar.genesis.ClientGameBootstrap.apply(Unknown Source)
[2024-06-22 15:36:07.199] [info]  [15:36:07] [Render thread/INFO]: [STDERR]: 	at java.base/jdk.internal.reflect.DirectMethodHandleAccessor.invoke(Unknown Source)
[2024-06-22 15:36:07.199] [info]  [15:36:07] [Render thread/INFO]: [STDERR]: 	at java.base/java.lang.reflect.Method.invoke(Unknown Source)
[2024-06-22 15:36:07.199] [info]  [15:36:07] [Render thread/INFO]: [STDERR]: 	at com.moonsworth.lunar.genesis.IOCOHCCRCOHRICRRHOOICHIHO.RHOCIORRHROCOHOOCRHHRRHCI(Unknown Source)
[2024-06-22 15:36:07.199] [info]  [15:36:07] [Render thread/INFO]: [STDERR]: 	at com.moonsworth.lunar.genesis.Genesis.run(Unknown Source)
[2024-06-22 15:36:07.199] [info]  [15:36:07] [Render thread/INFO]: [STDERR]: 	at com.moonsworth.lunar.genesis.Genesis.main(Unknown Source)
[2024-06-22 15:36:07.200] [info]  [15:36:07] [Render thread/INFO]: [STDERR]: Caused by: org.spongepowered.asm.mixin.injection.throwables.InjectionError: Critical injection failure: Redirector lunar$fireTooltipEvent(Lnet/minecraft/client/gui/GuiGraphics;Lnet/minecraft/client/gui/Font;Ljava/util/List;Ljava/util/Optional;II)V in mixins.modern_lunar_combined.json:HHRIIHHROCICOCHRCICRIOHRH.IOCOHCCRCOHRICRRHOOICHIHO.IOCOHCCRCOHRICRRHOOICHIHO.IOCOHCCRCOHRICRRHOOICHIHO.RHOCIORRHROCOHOOCRHHRRHCI from mod (unknown) failed injection check, (0/1) succeeded. Scanned 1 target(s). No refMap loaded.
[2024-06-22 15:36:07.200] [info]  [15:36:07] [Render thread/INFO]: [STDERR]: 	at IchorClassLoader(MIXIN)//org.spongepowered.asm.mixin.injection.struct.InjectionInfo.postInject(Unknown Source)
[2024-06-22 15:36:07.200] [info]  [15:36:07] [Render thread/INFO]: [STDERR]: 	at IchorClassLoader(MIXIN)//org.spongepowered.asm.mixin.transformer.MixinTargetContext.applyInjections(Unknown Source)
[2024-06-22 15:36:07.200] [info]  [15:36:07] [Render thread/INFO]: [STDERR]: 	at IchorClassLoader(MIXIN)//org.spongepowered.asm.mixin.transformer.MixinApplicatorStandard.applyInjections(Unknown Source)
[2024-06-22 15:36:07.200] [info]  [15:36:07] [Render thread/INFO]: [STDERR]: 	at IchorClassLoader(MIXIN)//org.spongepowered.asm.mixin.transformer.MixinApplicatorStandard.applyMixin(Unknown Source)
[2024-06-22 15:36:07.201] [info]  [15:36:07] [Render thread/INFO]: [STDERR]: 	at IchorClassLoader(MIXIN)//org.spongepowered.asm.mixin.transformer.MixinApplicatorStandard.apply(Unknown Source)
[2024-06-22 15:36:07.201] [info]  [15:36:07] [Render thread/INFO]: [STDERR]: 	at IchorClassLoader(MIXIN)//org.spongepowered.asm.mixin.transformer.TargetClassContext.apply(Unknown Source)
[2024-06-22 15:36:07.201] [info]  [15:36:07] [Render thread/INFO]: [STDERR]: 	at IchorClassLoader(MIXIN)//org.spongepowered.asm.mixin.transformer.TargetClassContext.applyMixins(Unknown Source)
[2024-06-22 15:36:07.201] [info]  [15:36:07] [Render thread/INFO]: [STDERR]: 	at IchorClassLoader(MIXIN)//org.spongepowered.asm.mixin.transformer.MixinProcessor.applyMixins(Unknown Source)
[2024-06-22 15:36:07.202] [info]  [15:36:07] [Render thread/INFO]: [STDERR]: 	... 29 more
[2024-06-22 15:36:07.202] [info]  [15:36:07] [Render thread/INFO]: [STDERR]: An error occurred while launching Lunar Client.
[2024-06-22 15:36:07.202] [info]  [15:36:07] [Render thread/INFO]: [STDERR]: java.lang.IllegalStateException: Failed to boot Minecraft
[2024-06-22 15:36:07.202] [info]  [15:36:07] [Render thread/INFO]: [STDERR]: 	at com.moonsworth.lunar.genesis.ClientGameBootstrap.apply(Unknown Source)
[2024-06-22 15:36:07.203] [info]  [15:36:07] [Render thread/INFO]: [STDERR]: 	at java.base/jdk.internal.reflect.DirectMethodHandleAccessor.invoke(Unknown Source)
[2024-06-22 15:36:07.203] [info]  [15:36:07] [Render thread/INFO]: [STDERR]: 	at java.base/java.lang.reflect.Method.invoke(Unknown Source)
[2024-06-22 15:36:07.203] [info]  [15:36:07] [Render thread/INFO]: [STDERR]: 	at com.moonsworth.lunar.genesis.IOCOHCCRCOHRICRRHOOICHIHO.RHOCIORRHROCOHOOCRHHRRHCI(Unknown Source)
[2024-06-22 15:36:07.203] [info]  [15:36:07] [Render thread/INFO]: [STDERR]: 	at com.moonsworth.lunar.genesis.Genesis.run(Unknown Source)
[2024-06-22 15:36:07.203] [info]  [15:36:07] [Render thread/INFO]: [STDERR]: 	at com.moonsworth.lunar.genesis.Genesis.main(Unknown Source)
[2024-06-22 15:36:07.204] [info]  [15:36:07] [Render thread/INFO]: [STDERR]: Caused by: java.lang.reflect.InvocationTargetException
[2024-06-22 15:36:07.204] [info]  [15:36:07] [Render thread/INFO]: [STDERR]: 	at java.base/jdk.internal.reflect.DirectMethodHandleAccessor.invoke(Unknown Source)
[2024-06-22 15:36:07.204] [info]  [15:36:07] [Render thread/INFO]: [STDERR]: 	at java.base/java.lang.reflect.Method.invoke(Unknown Source)
[2024-06-22 15:36:07.204] [info]  [15:36:07] [Render thread/INFO]: [STDERR]: 	at com.moonsworth.lunar.genesis.ClientGameBootstrap.apply(Unknown Source)
[2024-06-22 15:36:07.204] [info]  [15:36:07] [Render thread/INFO]: [STDERR]: 	... 5 more
[2024-06-22 15:36:07.205] [info]  [15:36:07] [Render thread/INFO]: [STDERR]: Caused by: com.moonsworth.lunar.ichor.util.FatalIchorError: [Genesis] Failed to apply MIXIN to net.minecraft.client.gui.screens.inventory.AbstractContainerScreen
[2024-06-22 15:36:07.205] [info]  [15:36:07] [Render thread/INFO]: [STDERR]: 	at com.moonsworth.lunar.ichor.IHCRIIIICOROROOCCIHHHHCRI.RHOCIORRHROCOHOOCRHHRRHCI(Unknown Source)
[2024-06-22 15:36:07.205] [info]  [15:36:07] [Render thread/INFO]: [STDERR]: 	at com.moonsworth.lunar.ichor.IHCRIIIICOROROOCCIHHHHCRI.RHOCIORRHROCOHOOCRHHRRHCI(Unknown Source)
[2024-06-22 15:36:07.205] [info]  [15:36:07] [Render thread/INFO]: [STDERR]: 	at com.moonsworth.lunar.ichor.IRCIHCHCCHHOCORRHRCCORROC.RHOCIORRHROCOHOOCRHHRRHCI(Unknown Source)
[2024-06-22 15:36:07.205] [info]  [15:36:07] [Render thread/INFO]: [STDERR]: 	at com.moonsworth.lunar.genesis.CRCIRCHCIOCCIHRCHCHOHICRI.findClass(Unknown Source)
[2024-06-22 15:36:07.206] [info]  [15:36:07] [Render thread/INFO]: [STDERR]: 	at com.moonsworth.lunar.genesis.CRCIRCHCIOCCIHRCHCHOHICRI.loadClass(Unknown Source)
[2024-06-22 15:36:07.206] [info]  [15:36:07] [Render thread/INFO]: [STDERR]: 	at java.base/java.lang.ClassLoader.loadClass(Unknown Source)
[2024-06-22 15:36:07.206] [info]  [15:36:07] [Render thread/INFO]: [STDERR]: 	at java.base/java.lang.ClassLoader.defineClass1(Native Method)
[2024-06-22 15:36:07.206] [info]  [15:36:07] [Render thread/INFO]: [STDERR]: 	at java.base/java.lang.ClassLoader.defineClass(Unknown Source)
[2024-06-22 15:36:07.207] [info]  [15:36:07] [Render thread/INFO]: [STDERR]: 	at java.base/java.lang.ClassLoader.defineClass(Unknown Source)
[2024-06-22 15:36:07.207] [info]  [15:36:07] [Render thread/INFO]: [STDERR]: 	at com.moonsworth.lunar.genesis.CRCIRCHCIOCCIHRCHCHOHICRI.findClass(Unknown Source)
[2024-06-22 15:36:07.207] [info]  [15:36:07] [Render thread/INFO]: [STDERR]: 	at com.moonsworth.lunar.genesis.CRCIRCHCIOCCIHRCHCHOHICRI.loadClass(Unknown Source)
[2024-06-22 15:36:07.207] [info]  [15:36:07] [Render thread/INFO]: [STDERR]: 	at java.base/java.lang.ClassLoader.loadClass(Unknown Source)
[2024-06-22 15:36:07.207] [info]  [15:36:07] [Render thread/INFO]: [STDERR]: 	at java.base/java.lang.ClassLoader.defineClass1(Native Method)
[2024-06-22 15:36:07.208] [info]  [15:36:07] [Render thread/INFO]: [STDERR]: 	at java.base/java.lang.ClassLoader.defineClass(Unknown Source)
[2024-06-22 15:36:07.208] [info]  [15:36:07] [Render thread/INFO]: [STDERR]: 	at java.base/java.lang.ClassLoader.defineClass(Unknown Source)
[2024-06-22 15:36:07.208] [info]  [15:36:07] [Render thread/INFO]: [STDERR]: 	at com.moonsworth.lunar.genesis.CRCIRCHCIOCCIHRCHCHOHICRI.findClass(Unknown Source)
[2024-06-22 15:36:07.208] [info]  [15:36:07] [Render thread/INFO]: [STDERR]: 	at com.moonsworth.lunar.genesis.CRCIRCHCIOCCIHRCHCHOHICRI.loadClass(Unknown Source)
[2024-06-22 15:36:07.209] [info]  [15:36:07] [Render thread/INFO]: [STDERR]: 	at java.base/java.lang.ClassLoader.loadClass(Unknown Source)
[2024-06-22 15:36:07.209] [info]  [15:36:07] [Render thread/INFO]: [STDERR]: 	at Genesis//net.minecraft.client.main.Main.main(SourceFile:220)
[2024-06-22 15:36:07.209] [info]  [15:36:07] [Render thread/INFO]: [STDERR]: 	... 8 more
[2024-06-22 15:36:07.209] [info]  [15:36:07] [Render thread/INFO]: [STDERR]: Caused by: com.moonsworth.lunar.ichor.COCICHIRHCIIORIIHRCOOROHH.RHOCIORRHROCOHOOCRHHRRHCI: Failed to apply Mixins to net.minecraft.client.gui.screens.inventory.AbstractContainerScreen.
[2024-06-22 15:36:07.209] [info]  [15:36:07] [Render thread/INFO]: [STDERR]: 	at IchorClassLoader(MIXIN)//org.spongepowered.asm.mixin.transformer.MixinProxyImpl.transformClassNode(Unknown Source)
[2024-06-22 15:36:07.210] [info]  [15:36:07] [Render thread/INFO]: [STDERR]: 	at com.moonsworth.lunar.ichor.IHCRIIIICOROROOCCIHHHHCRI.RHOCIORRHROCOHOOCRHHRRHCI(Unknown Source)
[2024-06-22 15:36:07.210] [info]  [15:36:07] [Render thread/INFO]: [STDERR]: 	... 26 more
[2024-06-22 15:36:07.210] [info]  [15:36:07] [Render thread/INFO]: [STDERR]: Caused by: org.spongepowered.asm.mixin.transformer.throwables.MixinTransformerError: An unexpected critical error was encountered
[2024-06-22 15:36:07.210] [info]  [15:36:07] [Render thread/INFO]: [STDERR]: 	at IchorClassLoader(MIXIN)//org.spongepowered.asm.mixin.transformer.MixinProcessor.applyMixins(Unknown Source)
[2024-06-22 15:36:07.210] [info]  [15:36:07] [Render thread/INFO]: [STDERR]: 	at IchorClassLoader(MIXIN)//org.spongepowered.asm.mixin.transformer.MixinTransformer.transformClass(Unknown Source)
[2024-06-22 15:36:07.211] [info]  [15:36:07] [Render thread/INFO]: [STDERR]: 	at IchorClassLoader(MIXIN)//org.spongepowered.asm.mixin.transformer.MixinProxyImpl.transformClassNode(Unknown Source)
[2024-06-22 15:36:07.211] [info]  [15:36:07] [Render thread/INFO]: [STDERR]: 	... 27 more
[2024-06-22 15:36:07.211] [info]  [15:36:07] [Render thread/INFO]: [STDERR]: Caused by: org.spongepowered.asm.mixin.injection.throwables.InjectionError: Critical injection failure: Redirector lunar$fireTooltipEvent(Lnet/minecraft/client/gui/GuiGraphics;Lnet/minecraft/client/gui/Font;Ljava/util/List;Ljava/util/Optional;II)V in mixins.modern_lunar_combined.json:HHRIIHHROCICOCHRCICRIOHRH.IOCOHCCRCOHRICRRHOOICHIHO.IOCOHCCRCOHRICRRHOOICHIHO.IOCOHCCRCOHRICRRHOOICHIHO.RHOCIORRHROCOHOOCRHHRRHCI from mod (unknown) failed injection check, (0/1) succeeded. Scanned 1 target(s). No refMap loaded.
[2024-06-22 15:36:07.211] [info]  [15:36:07] [Render thread/INFO]: [STDERR]: 	at IchorClassLoader(MIXIN)//org.spongepowered.asm.mixin.injection.struct.InjectionInfo.postInject(Unknown Source)
[2024-06-22 15:36:07.211] [info]  [15:36:07] [Render thread/INFO]: [STDERR]: 	at IchorClassLoader(MIXIN)//org.spongepowered.asm.mixin.transformer.MixinTargetContext.applyInjections(Unknown Source)
[2024-06-22 15:36:07.212] [info]  [15:36:07] [Render thread/INFO]: [STDERR]: 	at IchorClassLoader(MIXIN)//org.spongepowered.asm.mixin.transformer.MixinApplicatorStandard.applyInjections(Unknown Source)
[2024-06-22 15:36:07.212] [info]  [15:36:07] [Render thread/INFO]: [STDERR]: 	at IchorClassLoader(MIXIN)//org.spongepowered.asm.mixin.transformer.MixinApplicatorStandard.applyMixin(Unknown Source)
[2024-06-22 15:36:07.212] [info]  [15:36:07] [Render thread/INFO]: [STDERR]: 	at IchorClassLoader(MIXIN)//org.spongepowered.asm.mixin.transformer.MixinApplicatorStandard.apply(Unknown Source)
[2024-06-22 15:36:07.212] [info]  [15:36:07] [Render thread/INFO]: [STDERR]: 	at IchorClassLoader(MIXIN)//org.spongepowered.asm.mixin.transformer.TargetClassContext.apply(Unknown Source)
[2024-06-22 15:36:07.212] [info]  [15:36:07] [Render thread/INFO]: [STDERR]: 	at IchorClassLoader(MIXIN)//org.spongepowered.asm.mixin.transformer.TargetClassContext.applyMixins(Unknown Source)
[2024-06-22 15:36:07.213] [info]  [15:36:07] [Render thread/INFO]: [STDERR]: 	at IchorClassLoader(MIXIN)//org.spongepowered.asm.mixin.transformer.MixinProcessor.applyMixins(Unknown Source)
[2024-06-22 15:36:07.213] [info]  [15:36:07] [Render thread/INFO]: [STDERR]: 	... 29 more
[2024-06-22 15:36:07.213] [error] 
[2024-06-22 15:36:07.213] [error] Exception: java.lang.NoClassDefFoundError thrown from the UncaughtExceptionHandler in thread "Client Shutdown Thread"
[2024-06-22 15:36:07.214] [info]  [15:36:07] [Render thread/INFO]: [STDERR]: Sending Sentry with this report...
[2024-06-22 15:36:07.214] [info]  [15:36:07] [Render thread/INFO]: [STDERR]: Sending event to Sentry: d4550f23a30c4a549c55272747dd2111 (java.lang.IllegalStateException: Failed to boot Minecraft)
